<?xml version="1.0" encoding="UTF-8"?>
<robot generator="Rebot 7.0 (Python 3.12.2 on win32)" generated="2024-05-24T17:14:40.133406" rpa="false" schemaversion="5">
<suite id="s1" name="Main" source="C:\Users\r.a.ling\Documents\rckl-llt.github.io\Lelongtips\sherlock-dms\tests\restAPI\Main\Main.robot">
<test id="s1-t1" name="1 - Executes Main flow" line="6">
<kw name="When user runs main flow" owner="Main">
<msg time="2024-05-24T17:13:49.908025" level="TRACE">Arguments: [  ]</msg>
<msg time="2024-05-24T17:13:49.912776" level="DEBUG">Starting new HTTPS connection (1): www.lelongtips.com.my:443</msg>
<msg time="2024-05-24T17:13:52.237999" level="DEBUG">https://www.lelongtips.com.my:443 "GET /search?keyword=&amp;property_type%5B%5D=1&amp;property_type%5B%5D=4&amp;property_type%5B%5D=5&amp;property_type%5B%5D=3&amp;state=kl_sel&amp;min_price=150000&amp;max_price=1000000&amp;min_size=&amp;max_size=&amp;sort=price-asc&amp;page=11 HTTP/1.1" 200 None</msg>
<msg time="2024-05-24T17:13:52.241318" level="DEBUG">Starting new HTTPS connection (1): www.lelongtips.com.my:443</msg>
<msg time="2024-05-24T17:13:53.361330" level="DEBUG">https://www.lelongtips.com.my:443 "GET /search?keyword=&amp;property_type%5B%5D=1&amp;property_type%5B%5D=4&amp;property_type%5B%5D=5&amp;property_type%5B%5D=3&amp;state=kl_sel&amp;min_price=150000&amp;max_price=1000000&amp;min_size=&amp;max_size=&amp;sort=price-asc&amp;page=11 HTTP/1.1" 200 None</msg>
<msg time="2024-05-24T17:13:56.477044" level="DEBUG">Starting new HTTPS connection (1): www.lelongtips.com.my:443</msg>
<msg time="2024-05-24T17:13:57.459111" level="DEBUG">https://www.lelongtips.com.my:443 "GET /search?keyword=&amp;property_type%5B%5D=1&amp;property_type%5B%5D=4&amp;property_type%5B%5D=5&amp;property_type%5B%5D=3&amp;state=kl_sel&amp;min_price=150000&amp;max_price=1000000&amp;min_size=&amp;max_size=&amp;sort=price-asc&amp;page=12 HTTP/1.1" 200 None</msg>
<msg time="2024-05-24T17:14:00.524861" level="DEBUG">Starting new HTTPS connection (1): www.lelongtips.com.my:443</msg>
<msg time="2024-05-24T17:14:01.920939" level="DEBUG">https://www.lelongtips.com.my:443 "GET /search?keyword=&amp;property_type%5B%5D=1&amp;property_type%5B%5D=4&amp;property_type%5B%5D=5&amp;property_type%5B%5D=3&amp;state=kl_sel&amp;min_price=150000&amp;max_price=1000000&amp;min_size=&amp;max_size=&amp;sort=price-asc&amp;page=13 HTTP/1.1" 200 None</msg>
<msg time="2024-05-24T17:14:06.093935" level="DEBUG">Converted retries value: 2 -&gt; Retry(total=2, connect=None, read=None, redirect=None, status=None)</msg>
<msg time="2024-05-24T17:14:06.093935" level="DEBUG">Converted retries value: 2 -&gt; Retry(total=2, connect=None, read=None, redirect=None, status=None)</msg>
<msg time="2024-05-24T17:14:06.107871" level="DEBUG">Converted retries value: 2 -&gt; Retry(total=2, connect=None, read=None, redirect=None, status=None)</msg>
<msg time="2024-05-24T17:14:06.107871" level="DEBUG">Converted retries value: 2 -&gt; Retry(total=2, connect=None, read=None, redirect=None, status=None)</msg>
<msg time="2024-05-24T17:14:06.122997" level="DEBUG">Converted retries value: 2 -&gt; Retry(total=2, connect=None, read=None, redirect=None, status=None)</msg>
<msg time="2024-05-24T17:14:06.122997" level="DEBUG">Converted retries value: 2 -&gt; Retry(total=2, connect=None, read=None, redirect=None, status=None)</msg>
<msg time="2024-05-24T17:14:06.124287" level="DEBUG">Starting new HTTPS connection (1): www.lelongtips.com.my:443</msg>
<msg time="2024-05-24T17:14:07.280247" level="DEBUG">https://www.lelongtips.com.my:443 "GET /property/WUd0SEdMQlhrTFltOUNaYU5yaE1QUT09/Lelong-Auction-1-Storey-Terrace-House-in-Rawang-Selangor-for-RM200000 HTTP/1.1" 200 None</msg>
<msg time="2024-05-24T17:14:07.355678" level="DEBUG">Converted retries value: 2 -&gt; Retry(total=2, connect=None, read=None, redirect=None, status=None)</msg>
<msg time="2024-05-24T17:14:07.355678" level="DEBUG">Converted retries value: 2 -&gt; Retry(total=2, connect=None, read=None, redirect=None, status=None)</msg>
<msg time="2024-05-24T17:14:07.370985" level="DEBUG">Converted retries value: 2 -&gt; Retry(total=2, connect=None, read=None, redirect=None, status=None)</msg>
<msg time="2024-05-24T17:14:07.370985" level="DEBUG">Converted retries value: 2 -&gt; Retry(total=2, connect=None, read=None, redirect=None, status=None)</msg>
<msg time="2024-05-24T17:14:07.385145" level="DEBUG">Converted retries value: 2 -&gt; Retry(total=2, connect=None, read=None, redirect=None, status=None)</msg>
<msg time="2024-05-24T17:14:07.385145" level="DEBUG">Converted retries value: 2 -&gt; Retry(total=2, connect=None, read=None, redirect=None, status=None)</msg>
<msg time="2024-05-24T17:14:07.399707" level="DEBUG">Converted retries value: 2 -&gt; Retry(total=2, connect=None, read=None, redirect=None, status=None)</msg>
<msg time="2024-05-24T17:14:07.399707" level="DEBUG">Converted retries value: 2 -&gt; Retry(total=2, connect=None, read=None, redirect=None, status=None)</msg>
<msg time="2024-05-24T17:14:07.400847" level="DEBUG">Starting new HTTPS connection (1): www.lelongtips.com.my:443</msg>
<msg time="2024-05-24T17:14:08.106147" level="DEBUG">https://www.lelongtips.com.my:443 "GET /property/UUdOaE9GZ2ROMGRpMCs3WXNDdHVEdz09/Lelong-Auction-1-Storey-Terrace-House-in-Kapar-Selangor-for-RM200000 HTTP/1.1" 200 None</msg>
<msg time="2024-05-24T17:14:08.153470" level="DEBUG">Converted retries value: 2 -&gt; Retry(total=2, connect=None, read=None, redirect=None, status=None)</msg>
<msg time="2024-05-24T17:14:08.153470" level="DEBUG">Converted retries value: 2 -&gt; Retry(total=2, connect=None, read=None, redirect=None, status=None)</msg>
<msg time="2024-05-24T17:14:08.167655" level="DEBUG">Converted retries value: 2 -&gt; Retry(total=2, connect=None, read=None, redirect=None, status=None)</msg>
<msg time="2024-05-24T17:14:08.168777" level="DEBUG">Converted retries value: 2 -&gt; Retry(total=2, connect=None, read=None, redirect=None, status=None)</msg>
<msg time="2024-05-24T17:14:08.183119" level="DEBUG">Converted retries value: 2 -&gt; Retry(total=2, connect=None, read=None, redirect=None, status=None)</msg>
<msg time="2024-05-24T17:14:08.183119" level="DEBUG">Converted retries value: 2 -&gt; Retry(total=2, connect=None, read=None, redirect=None, status=None)</msg>
<msg time="2024-05-24T17:14:08.197324" level="DEBUG">Converted retries value: 2 -&gt; Retry(total=2, connect=None, read=None, redirect=None, status=None)</msg>
<msg time="2024-05-24T17:14:08.197324" level="DEBUG">Converted retries value: 2 -&gt; Retry(total=2, connect=None, read=None, redirect=None, status=None)</msg>
<msg time="2024-05-24T17:14:08.214181" level="DEBUG">Converted retries value: 2 -&gt; Retry(total=2, connect=None, read=None, redirect=None, status=None)</msg>
<msg time="2024-05-24T17:14:08.214181" level="DEBUG">Converted retries value: 2 -&gt; Retry(total=2, connect=None, read=None, redirect=None, status=None)</msg>
<msg time="2024-05-24T17:14:08.230782" level="DEBUG">Converted retries value: 2 -&gt; Retry(total=2, connect=None, read=None, redirect=None, status=None)</msg>
<msg time="2024-05-24T17:14:08.230782" level="DEBUG">Converted retries value: 2 -&gt; Retry(total=2, connect=None, read=None, redirect=None, status=None)</msg>
<msg time="2024-05-24T17:14:08.245236" level="DEBUG">Converted retries value: 2 -&gt; Retry(total=2, connect=None, read=None, redirect=None, status=None)</msg>
<msg time="2024-05-24T17:14:08.245236" level="DEBUG">Converted retries value: 2 -&gt; Retry(total=2, connect=None, read=None, redirect=None, status=None)</msg>
<msg time="2024-05-24T17:14:08.260462" level="DEBUG">Converted retries value: 2 -&gt; Retry(total=2, connect=None, read=None, redirect=None, status=None)</msg>
<msg time="2024-05-24T17:14:08.260462" level="DEBUG">Converted retries value: 2 -&gt; Retry(total=2, connect=None, read=None, redirect=None, status=None)</msg>
<msg time="2024-05-24T17:14:08.275078" level="DEBUG">Converted retries value: 2 -&gt; Retry(total=2, connect=None, read=None, redirect=None, status=None)</msg>
<msg time="2024-05-24T17:14:08.275078" level="DEBUG">Converted retries value: 2 -&gt; Retry(total=2, connect=None, read=None, redirect=None, status=None)</msg>
<msg time="2024-05-24T17:14:08.292112" level="DEBUG">Converted retries value: 2 -&gt; Retry(total=2, connect=None, read=None, redirect=None, status=None)</msg>
<msg time="2024-05-24T17:14:08.292112" level="DEBUG">Converted retries value: 2 -&gt; Retry(total=2, connect=None, read=None, redirect=None, status=None)</msg>
<msg time="2024-05-24T17:14:08.307227" level="DEBUG">Converted retries value: 2 -&gt; Retry(total=2, connect=None, read=None, redirect=None, status=None)</msg>
<msg time="2024-05-24T17:14:08.308345" level="DEBUG">Converted retries value: 2 -&gt; Retry(total=2, connect=None, read=None, redirect=None, status=None)</msg>
<msg time="2024-05-24T17:14:08.322317" level="DEBUG">Converted retries value: 2 -&gt; Retry(total=2, connect=None, read=None, redirect=None, status=None)</msg>
<msg time="2024-05-24T17:14:08.322317" level="DEBUG">Converted retries value: 2 -&gt; Retry(total=2, connect=None, read=None, redirect=None, status=None)</msg>
<msg time="2024-05-24T17:14:08.324596" level="DEBUG">Starting new HTTPS connection (1): www.lelongtips.com.my:443</msg>
<msg time="2024-05-24T17:14:09.007878" level="DEBUG">https://www.lelongtips.com.my:443 "GET /property/QkhhY0JRd3Fna2ZLdlNGaldhcHJ3dz09/Lelong-Auction-1-Storey-Terrace-House-in-Taman-Langat-Utama-3-Selangor-for-RM204120 HTTP/1.1" 200 None</msg>
<msg time="2024-05-24T17:14:09.051873" level="DEBUG">Converted retries value: 2 -&gt; Retry(total=2, connect=None, read=None, redirect=None, status=None)</msg>
<msg time="2024-05-24T17:14:09.051873" level="DEBUG">Converted retries value: 2 -&gt; Retry(total=2, connect=None, read=None, redirect=None, status=None)</msg>
<msg time="2024-05-24T17:14:09.066537" level="DEBUG">Converted retries value: 2 -&gt; Retry(total=2, connect=None, read=None, redirect=None, status=None)</msg>
<msg time="2024-05-24T17:14:09.066537" level="DEBUG">Converted retries value: 2 -&gt; Retry(total=2, connect=None, read=None, redirect=None, status=None)</msg>
<msg time="2024-05-24T17:14:09.080906" level="DEBUG">Converted retries value: 2 -&gt; Retry(total=2, connect=None, read=None, redirect=None, status=None)</msg>
<msg time="2024-05-24T17:14:09.080906" level="DEBUG">Converted retries value: 2 -&gt; Retry(total=2, connect=None, read=None, redirect=None, status=None)</msg>
<msg time="2024-05-24T17:14:09.095668" level="DEBUG">Converted retries value: 2 -&gt; Retry(total=2, connect=None, read=None, redirect=None, status=None)</msg>
<msg time="2024-05-24T17:14:09.095668" level="DEBUG">Converted retries value: 2 -&gt; Retry(total=2, connect=None, read=None, redirect=None, status=None)</msg>
<msg time="2024-05-24T17:14:09.110220" level="DEBUG">Converted retries value: 2 -&gt; Retry(total=2, connect=None, read=None, redirect=None, status=None)</msg>
<msg time="2024-05-24T17:14:09.110220" level="DEBUG">Converted retries value: 2 -&gt; Retry(total=2, connect=None, read=None, redirect=None, status=None)</msg>
<msg time="2024-05-24T17:14:09.112478" level="DEBUG">Starting new HTTPS connection (1): www.lelongtips.com.my:443</msg>
<msg time="2024-05-24T17:14:09.744985" level="DEBUG">https://www.lelongtips.com.my:443 "GET /property/VCtFYXh6L0tJUEluT1RZdEpmMW9pUT09/Lelong-Auction-1-Storey-Terrace-House-in-Banting-Selangor-for-RM207000 HTTP/1.1" 200 None</msg>
<msg time="2024-05-24T17:14:09.795455" level="DEBUG">Converted retries value: 2 -&gt; Retry(total=2, connect=None, read=None, redirect=None, status=None)</msg>
<msg time="2024-05-24T17:14:09.795455" level="DEBUG">Converted retries value: 2 -&gt; Retry(total=2, connect=None, read=None, redirect=None, status=None)</msg>
<msg time="2024-05-24T17:14:09.810072" level="DEBUG">Converted retries value: 2 -&gt; Retry(total=2, connect=None, read=None, redirect=None, status=None)</msg>
<msg time="2024-05-24T17:14:09.811094" level="DEBUG">Converted retries value: 2 -&gt; Retry(total=2, connect=None, read=None, redirect=None, status=None)</msg>
<msg time="2024-05-24T17:14:09.826249" level="DEBUG">Converted retries value: 2 -&gt; Retry(total=2, connect=None, read=None, redirect=None, status=None)</msg>
<msg time="2024-05-24T17:14:09.826249" level="DEBUG">Converted retries value: 2 -&gt; Retry(total=2, connect=None, read=None, redirect=None, status=None)</msg>
<msg time="2024-05-24T17:14:09.841043" level="DEBUG">Converted retries value: 2 -&gt; Retry(total=2, connect=None, read=None, redirect=None, status=None)</msg>
<msg time="2024-05-24T17:14:09.841043" level="DEBUG">Converted retries value: 2 -&gt; Retry(total=2, connect=None, read=None, redirect=None, status=None)</msg>
<msg time="2024-05-24T17:14:09.857096" level="DEBUG">Converted retries value: 2 -&gt; Retry(total=2, connect=None, read=None, redirect=None, status=None)</msg>
<msg time="2024-05-24T17:14:09.857096" level="DEBUG">Converted retries value: 2 -&gt; Retry(total=2, connect=None, read=None, redirect=None, status=None)</msg>
<msg time="2024-05-24T17:14:09.872073" level="DEBUG">Converted retries value: 2 -&gt; Retry(total=2, connect=None, read=None, redirect=None, status=None)</msg>
<msg time="2024-05-24T17:14:09.872073" level="DEBUG">Converted retries value: 2 -&gt; Retry(total=2, connect=None, read=None, redirect=None, status=None)</msg>
<msg time="2024-05-24T17:14:09.887668" level="DEBUG">Converted retries value: 2 -&gt; Retry(total=2, connect=None, read=None, redirect=None, status=None)</msg>
<msg time="2024-05-24T17:14:09.887668" level="DEBUG">Converted retries value: 2 -&gt; Retry(total=2, connect=None, read=None, redirect=None, status=None)</msg>
<msg time="2024-05-24T17:14:09.903582" level="DEBUG">Converted retries value: 2 -&gt; Retry(total=2, connect=None, read=None, redirect=None, status=None)</msg>
<msg time="2024-05-24T17:14:09.903582" level="DEBUG">Converted retries value: 2 -&gt; Retry(total=2, connect=None, read=None, redirect=None, status=None)</msg>
<msg time="2024-05-24T17:14:09.918891" level="DEBUG">Converted retries value: 2 -&gt; Retry(total=2, connect=None, read=None, redirect=None, status=None)</msg>
<msg time="2024-05-24T17:14:09.918891" level="DEBUG">Converted retries value: 2 -&gt; Retry(total=2, connect=None, read=None, redirect=None, status=None)</msg>
<msg time="2024-05-24T17:14:09.932480" level="DEBUG">Converted retries value: 2 -&gt; Retry(total=2, connect=None, read=None, redirect=None, status=None)</msg>
<msg time="2024-05-24T17:14:09.932480" level="DEBUG">Converted retries value: 2 -&gt; Retry(total=2, connect=None, read=None, redirect=None, status=None)</msg>
<msg time="2024-05-24T17:14:09.947248" level="DEBUG">Converted retries value: 2 -&gt; Retry(total=2, connect=None, read=None, redirect=None, status=None)</msg>
<msg time="2024-05-24T17:14:09.947248" level="DEBUG">Converted retries value: 2 -&gt; Retry(total=2, connect=None, read=None, redirect=None, status=None)</msg>
<msg time="2024-05-24T17:14:09.961479" level="DEBUG">Converted retries value: 2 -&gt; Retry(total=2, connect=None, read=None, redirect=None, status=None)</msg>
<msg time="2024-05-24T17:14:09.961479" level="DEBUG">Converted retries value: 2 -&gt; Retry(total=2, connect=None, read=None, redirect=None, status=None)</msg>
<msg time="2024-05-24T17:14:10.084495" level="DEBUG">Starting new HTTPS connection (1): www.bidnow.my:443</msg>
<msg time="2024-05-24T17:14:11.161491" level="DEBUG">https://www.bidnow.my:443 "GET /properties/auction?plaintiff_assignee=&amp;listing=active&amp;built_up_min=700&amp;price_max=100000&amp;page=1 HTTP/1.1" 200 None</msg>
<msg time="2024-05-24T17:14:11.469146" level="DEBUG">Starting new HTTPS connection (1): www.bidnow.my:443</msg>
<msg time="2024-05-24T17:14:12.083770" level="DEBUG">https://www.bidnow.my:443 "GET /properties/auction?plaintiff_assignee=&amp;listing=active&amp;built_up_min=700&amp;price_max=100000&amp;page=1 HTTP/1.1" 200 None</msg>
<msg time="2024-05-24T17:14:14.321335" level="DEBUG">Starting new HTTPS connection (1): www.bidnow.my:443</msg>
<msg time="2024-05-24T17:14:14.882492" level="DEBUG">https://www.bidnow.my:443 "GET /properties/auction?plaintiff_assignee=&amp;listing=active&amp;built_up_min=700&amp;price_max=100000&amp;page=2 HTTP/1.1" 200 None</msg>
<msg time="2024-05-24T17:14:19.106935" level="DEBUG">Starting new HTTPS connection (1): www.bidnow.my:443</msg>
<msg time="2024-05-24T17:14:20.148172" level="DEBUG">https://www.bidnow.my:443 "GET /properties/auction?plaintiff_assignee=&amp;listing=active&amp;built_up_min=700&amp;price_max=100000&amp;page=3 HTTP/1.1" 200 None</msg>
<msg time="2024-05-24T17:14:22.453607" level="DEBUG">Popen(['git', 'add', '--update'], cwd=C:\Users\r.a.ling\Documents\rckl-llt.github.io, stdin=None, shell=False, universal_newlines=False)</msg>
<msg time="2024-05-24T17:14:23.778499" level="DEBUG">Popen(['git', 'cat-file', '--batch-check'], cwd=C:\Users\r.a.ling\Documents\rckl-llt.github.io, stdin=&lt;valid stream&gt;, shell=False, universal_newlines=False)</msg>
<msg time="2024-05-24T17:14:24.469075" level="DEBUG">Popen(['git', 'cat-file', '--batch'], cwd=C:\Users\r.a.ling\Documents\rckl-llt.github.io, stdin=&lt;valid stream&gt;, shell=False, universal_newlines=False)</msg>
<msg time="2024-05-24T17:14:25.148913" level="DEBUG">Popen(['git', 'push', '--porcelain', '--', 'origin'], cwd=C:\Users\r.a.ling\Documents\rckl-llt.github.io, stdin=None, shell=False, universal_newlines=True)</msg>
<msg time="2024-05-24T17:14:39.659188" level="INFO">draft_content= 3
draft_content[0]= 12
text 2 : &lt;!DOCTYPE html&gt;
&lt;html lang="en"&gt;
&lt;head&gt;
    &lt;meta name="robots" content="index,follow" /&gt;
    &lt;meta name="revisit-after" content="1 days" /&gt;
    &lt;meta name="format-detection" content="telephone=no"&gt;
    &lt;meta name="viewport" content="width=device-width height=device-height initial-scale=1.0 maximum-scale=1.0 user-scalable=0"&gt;
    &lt;meta http-equiv="X-UA-Compatible" content="IE=edge"&gt;
    &lt;meta http-equiv="Content-Type" content="text/html; charset=UTF-8"&gt;
    &lt;link rel="icon" href="https://www.lelongtips.com.my/images/favicon.ico" type="image/x-icon"&gt;
    &lt;meta name="csrf-token" content="wTD46sMCXeIrVLnlsjgpQaEMDrFdCDmfczYnliJL"&gt;
    &lt;title&gt;1 Storey Terrace House&lt;/title&gt;
    &lt;meta name="title" content="1 Storey Terrace House"&gt;
    &lt;meta name="description" content="We have total 1570 properties upcoming for auction. Total listing of 367861 past auction properties with auction bank, auction venue, auction time, auctioneer, lawyer &amp;amp; assignor/ defendant."&gt;
    &lt;meta name="keywords" content="auction, auction malaysia, property auction, property auction malaysia, property malaysia, property, auction data, foreclosure, lelongan, lelong, lelongan bank, lelong awam, auction bidding, bidders, auction house, bank auction, auction selangor, auction Kuala Lumpur, auction seremban, auction johor"/&gt;

    &lt;link rel="preconnect" href="https://cdn.lelongtips.com.my/" crossorigin&gt;
    &lt;link rel="dns-prefetch" href="https://cdn.lelongtips.com.my/"&gt;
    &lt;link rel="preconnect" href="https://fonts.googleapis.com"&gt;
    &lt;link rel="preconnect" href="https://fonts.gstatic.com" crossorigin&gt;
    &lt;link href="https://fonts.googleapis.com/css2?family=Open+Sans:ital,wght@0,300;0,400;0,600;0,700;0,800;1,300;1,400;1,600;1,700;1,800&amp;display=swap" rel="stylesheet"&gt;
    &lt;link href="/css/bootstrap-5.1.1.min.css" rel="stylesheet"&gt;
    &lt;link href="/css/bootstrap-select.min.css" rel="stylesheet"&gt;
    &lt;link href="/css/fa-all.min.css" rel="stylesheet"&gt;
    &lt;link href="/css/bootstrap-datepicker.min.css" rel="stylesheet"&gt;
    &lt;link href="/css/slick.css" rel="stylesheet"&gt;
    &lt;link href="/css/styles.css?v=220427" rel="stylesheet"&gt;

    &lt;link rel="preconnect" href="https://www.googletagmanager.com/" crossorigin&gt;
    &lt;link rel="dns-prefetch" href="https://www.googletagmanager.com/"&gt;
    &lt;link rel="preconnect" href="https://www.google.com/recaptcha/api.js" crossorigin&gt;
    &lt;link rel="dns-prefetch" href="https://www.google.com/recaptcha/api.js"&gt;

    &lt;meta property="og:locale" content="en_US"/&gt;
    &lt;meta property="og:site_name" content="LelongTips.com.my" /&gt;
    &lt;meta property="og:url" content="https://www.lelongtips.com.my/property/WUd0SEdMQlhrTFltOUNaYU5yaE1QUT09/Lelong-Auction-1-Storey-Terrace-House-in-Rawang-Selangor-for-RM200000" /&gt;
    &lt;meta property="og:type" content="article" /&gt;
    &lt;meta property="og:title" content="1 Storey Terrace House" /&gt;
    &lt;meta property="og:description" content="We have total 1570 properties upcoming for auction. Total listing of 367861 past auction properties with auction bank, auction venue, auction time, auctioneer, lawyer &amp; assignor/ defendant." /&gt;
    &lt;meta property="og:image" content="https://cdn.lelongtips.com.my/images/listings/761490.jpg" /&gt;

    &lt;style id="antiClickjack"&gt;body{display:none !important;}&lt;/style&gt;
    &lt;style&gt;
        .grecaptcha-badge {visibility: hidden;}
                         .unselectable {
                     -webkit-user-select: none;
                     -webkit-touch-callout: none;
                     -moz-user-select: none;
                     -ms-user-select: none;
                     user-select: none;
                 }
        
        #offerModal .btn-outline-primary:hover { background-color: white; color: var(--bs-primary); }

        @media (min-width: 768px){
            #offerModal .modal-dialog { max-width: 600px; }
        }

        .bootstrap-select .dropdown-menu{
            position:relative;
        }
    &lt;/style&gt;
    &lt;style media="print"&gt;
        body { padding: 0 1rem; margin: 0 auto; }
        table tbody td {page-break-inside: avoid;}
        .p-4, .p-5, .p-6 { padding: 1rem; }
        .m-4, .m-5, .m-6 { margin: 1rem; }
        .px-4, .px-5, .px-6 { padding-left: 1rem; padding-right: 1rem; }
        .mx-4, .mx-5, .mx-6 { margin-left: 1rem; margin-right: 1rem; }
        .py-4, .py-5, .py-6 { padding-top: 1rem; padding-bottom: 1rem; }
        .my-4, .my-5, .my-6 { margin-top: 1rem; margin-bottom: 1rem; }
    &lt;/style&gt;
        &lt;link href='/css/fancybox.css' rel='stylesheet' type='text/css'&gt;
    &lt;style&gt;
        .img-section { height: 40vh; text-align: center; overflow: hidden; }
        .img-section .bmv-label { position: absolute; top: 1.5rem; left: 1.5rem; }
        .img-section .expand-btn { position: absolute; }
        .img-section img { height: 100%; width: auto; max-width: 500px; }
        .bg-info-50 { background-color: rgba(var(--bs-info-rgb), .3); }
        .bg-warning-50 { background-color: rgba(var(--bs-warning-rgb), .3); }
        .bg-speech { background-color: #e4eef2; color: #6c757d; }

        .speech { position: relative; }
        .speech::after {
            position: absolute;
            content: '';
            border-bottom: .625rem solid #e4eef2;
            border-left: .375rem solid transparent;
            border-right: .375rem solid transparent;
            bottom: 100%;
            left: 1rem;
        }

        .btn-whatsapp, .btn-whatsapp:focus {
            background-color: #128c7e;
            border-color: #128c7e;
            color: var(--bs-white);
        }

        .btn-whatsapp:active, .btn-whatsapp:hover {
            background-color: #075e54;
            border-color: #075e54;
            color: var(--bs-white);
        }

        .subscribe-info-rows { margin-top: -1rem; position: relative; }
                    .subscribe-info-rows &gt; .info-rows:first-child { margin-bottom: 380px!important; }
                .subscribe-cover { padding: 120pt 1.5rem 60pt; position: absolute; top: 0; left: 0; bottom: 0; display: block; height: 100%; width: 100%; background-image: linear-gradient(rgba(228, 238, 242, .1), rgba(228, 238, 242, .5), rgba(228, 238, 242, .8), rgb(228, 238, 242), rgb(228, 238, 242), rgb(228, 238, 242), rgb(228, 238, 242), rgb(228, 238, 242), rgb(228, 238, 242), rgb(228, 238, 242), rgb(228, 238, 242), rgb(228, 238, 242), rgba(228, 238, 242, .8), rgba(228, 238, 242, .5), rgba(228, 238, 242, .1)); }

        @media (min-width: 576px) {
                        .subscribe-info-rows &gt; .info-rows:first-child { margin-bottom: 350px!important; }
                }
        @media (min-width: 768px) {
            .map-ratio.ratio-4x3 { --bs-aspect-ratio: 56.25%!important; }
                        .subscribe-info-rows &gt; .info-rows:first-child { margin-bottom: 250px!important; }
                        .subscribe-cover { padding-top: 70pt; }
        }

        .noselectable {
            -webkit-touch-callout: none;
            -webkit-user-select: none;
            -khtml-user-select: none;
            -moz-user-select: none;
            -ms-user-select: none;
            user-select: none;
        }
    &lt;/style&gt;

    &lt;script async src="https://www.googletagmanager.com/gtag/js?id=G-WYT3H25XSY"&gt;&lt;/script&gt;
    &lt;script&gt;
        if (self === top) {
            var antiClickjack = document.getElementById("antiClickjack");
            antiClickjack.parentNode.removeChild(antiClickjack);
        } else {
            top.location = self.location;
        }

        window.dataLayer = window.dataLayer || [];
        function gtag(){dataLayer.push(arguments);}
        gtag('js', new Date());
        gtag('config', 'G-WYT3H25XSY');
    &lt;/script&gt;
    &lt;!-- Facebook Pixel Code --&gt;
    &lt;script&gt;
        !function(f,b,e,v,n,t,s)
        {if(f.fbq)return;n=f.fbq=function(){n.callMethod?
            n.callMethod.apply(n,arguments):n.queue.push(arguments)};
            if(!f._fbq)f._fbq=n;n.push=n;n.loaded=!0;n.version='2.0';
            n.queue=[];t=b.createElement(e);t.async=!0;
            t.src=v;s=b.getElementsByTagName(e)[0];
            s.parentNode.insertBefore(t,s)}(window,document,'script',
            'https://connect.facebook.net/en_US/fbevents.js');
        fbq('init', '115304595637041');
        fbq('track', 'PageView');
    &lt;/script&gt;
    &lt;noscript&gt;
        &lt;img height="1" width="1" src="https://www.facebook.com/tr?id=115304595637041&amp;ev=PageView&amp;noscript=1"/&gt;
    &lt;/noscript&gt;
    &lt;!-- End Facebook Pixel Code --&gt;

&lt;/head&gt;
&lt;body&gt;
&lt;div class="d-flex flex-column min-vh-100"&gt;
    &lt;div class="text-center border-bottom border-secondary d-none d-print-block mx-3"&gt;
    &lt;img src="https://cdn.lelongtips.com.my/images/lt-logo-2017.png" alt="LelongTips.com.my" class="img-fluid mb-3" style="max-height: 68px;"&gt;
&lt;/div&gt;
&lt;header class="main-header navbar-light header-sticky bg-white border-bottom d-print-none"&gt;
    &lt;div class="sticky-area"&gt;
        &lt;div class="container"&gt;
            &lt;nav class="navbar navbar-expand-lg px-0"&gt;
                                &lt;div class="d-flex d-lg-none"&gt;
                    &lt;button class="navbar-toggler border-0 px-0" type="button" data-bs-toggle="collapse" data-bs-target="#primaryMenu" aria-controls="primaryMenu" aria-expanded="false" aria-label="Toggle navigation"&gt;
                        &lt;span class=""&gt;&lt;i class="fas fa-bars"&gt;&lt;/i&gt;&lt;/span&gt;
                    &lt;/button&gt;
                &lt;/div&gt;
                                &lt;a class="navbar-brand mx-auto ms-lg-0 d-logo" href="/"&gt;
                    &lt;img src="https://cdn.lelongtips.com.my/images/lt-logo-2017.png" alt="LelongTips.com.my" style="max-height: 80px;" class="d-none d-lg-block"&gt;
                    &lt;img src="https://www.lelongtips.com.my/images/lt-logo-sm.png" alt="LelongTips.com.my" class="d-lg-none"&gt;
                &lt;/a&gt;
                                &lt;div class="d-flex d-lg-none"&gt;
                                    &lt;a class="btn btn-primary btn-sm" href="/login"&gt;
                        Sign In
                    &lt;/a&gt;
                                &lt;/div&gt;
                &lt;div class="collapse navbar-collapse p-4 p-lg-3 pe-lg-0 flex-lg-grow-0 d-print-none" id="primaryMenu"&gt;
                    &lt;button class="btn position-absolute mt-3 ms-3 top-0 left-0 d-lg-none" type="button" data-bs-toggle="collapse" data-bs-target="#primaryMenu" aria-controls="primaryMenu" aria-expanded="true" aria-label="Toggle navigation"&gt;
                        &lt;span class=""&gt;&lt;i class="fas fa-times"&gt;&lt;/i&gt;&lt;/span&gt;
                    &lt;/button&gt;
                    &lt;ul class="navbar-nav hover-menu main-menu align-items-lg-center"&gt;
                        &lt;li id="navbar-item-logo" class="d-lg-none pb-3 order-first"&gt;
                            &lt;a class="navbar-brand text-center d-block" href="/"&gt;
                                &lt;img src="https://cdn.lelongtips.com.my/images/lt-logo-2017.png" alt="LelongTips.com.my" style="max-height: 80px;"&gt;
                            &lt;/a&gt;
                        &lt;/li&gt;
                        &lt;li id="navbar-item-vip" class="d-lg-none order-first"&gt;
                            &lt;a class="navbar-brand text-center d-block fw-bold" href="/vip-package"&gt;
                                &lt;i class="fas fa-crown text-warning"&gt;&lt;/i&gt; VIP Access
                            &lt;/a&gt;
                        &lt;/li&gt;
                        &lt;li id="navbar-item-blog" class="nav-item me-lg-4 order-lg-5"&gt;
                            &lt;a class="nav-link p-0 text-decoration-underline" href="#" data-bs-toggle="modal" data-bs-target="#applyPanelshipModal"&gt;
                                &lt;span class="d-lg-none"&gt;Apply for &lt;/span&gt;Referrer Fee
                            &lt;/a&gt;
                        &lt;/li&gt;
                        &lt;li id="navbar-item-login" class="nav-item order-1 order-lg-last"&gt;
                                                        &lt;div class="d-flex flex-row justify-content-evenly align-items-center justify-content-lg-end mb-3 mb-lg-0"&gt;
                                &lt;a href="/login" class="btn btn-primary"&gt;
                                    Sign In
                                &lt;/a&gt;
                            &lt;/div&gt;
                                                        &lt;hr class="d-lg-none"&gt;
                        &lt;/li&gt;
                                                &lt;li id="navbar-item-property" class="nav-item me-lg-4 order-2"&gt;
                            &lt;a class="nav-link p-0" href="/"&gt;
                                Property&lt;span class="d-lg-none"&gt; Auction&lt;/span&gt;
                            &lt;/a&gt;
                        &lt;/li&gt;
                        &lt;li id="navbar-item-car" class="nav-item me-lg-4 order-3"&gt;
                            &lt;a class="nav-link p-0" href="/auto"&gt;
                                Car&lt;span class="d-lg-none"&gt; Auction&lt;/span&gt;
                            &lt;/a&gt;
                        &lt;/li&gt;
                        &lt;li id="navbar-item-blog" class="nav-item me-lg-4 order-4"&gt;
                            &lt;a class="nav-link p-0" href="https://www.lelongtips.com.my/news-articles"&gt;
                                News &amp;amp; Articles
                            &lt;/a&gt;
                        &lt;/li&gt;
                        &lt;li id="navbar-item-vip" class="nav-item me-lg-4 d-none d-lg-flex order-4"&gt;
                            &lt;a class="nav-link p-0" href="/vip-package"&gt;
                                &lt;i class="fas fa-crown text-warning"&gt;&lt;/i&gt; VIP Access
                            &lt;/a&gt;
                        &lt;/li&gt;
                                            &lt;/ul&gt;
                &lt;/div&gt;
                &lt;div class="collapse d-lg-none d-print-none" id="topSearch" style="background-image: url('https://cdn.lelongtips.com.my/images/homepage_background_20160627.jpg');"&gt;
                    &lt;div class="bg-overlay overflow-auto pb-4"&gt;
                        &lt;button class="btn position-absolute mt-3 ms-3 top-0 left-0 d-lg-none" type="button" data-bs-toggle="collapse" data-bs-target="#topSearch" aria-controls="topSearch" aria-expanded="true" aria-label="Toggle Search"&gt;
                            &lt;span&gt;&lt;i class="fas fa-times text-white"&gt;&lt;/i&gt;&lt;/span&gt;
                        &lt;/button&gt;
                        &lt;div class="container py-3"&gt;
                            &lt;div class="row g-3 justify-content-center"&gt;
                                &lt;div class="col-6 col-sm-4 col-md-3 mb-3"&gt;
                                    &lt;div class="d-block text-center"&gt;
                                        &lt;img src="https://www.lelongtips.com.my/images/LT-logo-white.png" alt="LelongTips.com.my" class="img-fluid"&gt;
                                    &lt;/div&gt;
                                &lt;/div&gt;
                                &lt;div class="col-12"&gt;
                                    &lt;h5 class="text-white text-center fw-bold lh-base pb-3"&gt;Find Property Auctions&lt;br class="d-sm-none" /&gt; in Malaysia&lt;/h5&gt;
                                    &lt;div class="bg-white-20 p-3 rounded"&gt;
                                        &lt;form method="GET" action="https://www.lelongtips.com.my/search" accept-charset="UTF-8" name="search" class="row g-3 align-items-stretch"&gt;
                                        &lt;input name="sort" type="hidden"&gt;
                                        &lt;div class="col-12"&gt;
                                            &lt;div class="form-floating"&gt;
                                                &lt;input class="form-control" id="top-keyword" placeholder="Search by Keyword" oninput="this.setCustomValidity(&amp;#039;&amp;#039;)" name="keyword" type="text"&gt;
                                                &lt;label for="top-keyword"&gt;Location / City / Building name&lt;/label&gt;
                                            &lt;/div&gt;
                                        &lt;/div&gt;
                                        &lt;div class="col-12 col-sm-6"&gt;
                                            &lt;div class="form-floating"&gt;
                                                &lt;select class="form-control selectpicker pb-0" data-style="btn-white pt-0" id="top-property_type" multiple="multiple" title="Select Property Type" data-actions-box="true" name="property_type[]"&gt;&lt;option value="1"&gt;Apartment/Condo/SOHO&lt;/option&gt;&lt;option value="7"&gt;Factory/Warehouse&lt;/option&gt;&lt;option value="2"&gt;Flat&lt;/option&gt;&lt;option value="6"&gt;Hotel/Resort/Clubhouse&lt;/option&gt;&lt;option value="8"&gt;Land&lt;/option&gt;&lt;option value="4"&gt;Semi D/Bungalow/Villa&lt;/option&gt;&lt;option value="5"&gt;Shop/Shop Office/Retail Space/Office&lt;/option&gt;&lt;option value="3"&gt;Terrace/Link/Townhouse&lt;/option&gt;&lt;/select&gt;
                                                &lt;label for="top-property_type"&gt;Property Type&lt;/label&gt;
                                            &lt;/div&gt;
                                        &lt;/div&gt;
                                        &lt;div class="col-12 col-sm-6"&gt;
                                            &lt;div class="form-floating"&gt;
                                                &lt;select class="form-select" id="top-state" name="state"&gt;&lt;option value="" selected="selected"&gt;All States&lt;/option&gt;&lt;option value="Johor"&gt;Johor&lt;/option&gt;&lt;option value="Kedah"&gt;Kedah&lt;/option&gt;&lt;option value="Kelantan"&gt;Kelantan&lt;/option&gt;&lt;option value="Kuala Lumpur"&gt;Kuala Lumpur&lt;/option&gt;&lt;option value="Labuan"&gt;Labuan&lt;/option&gt;&lt;option value="Melaka"&gt;Melaka&lt;/option&gt;&lt;option value="Negeri Sembilan"&gt;Negeri Sembilan&lt;/option&gt;&lt;option value="Pahang"&gt;Pahang&lt;/option&gt;&lt;option value="Penang"&gt;Penang&lt;/option&gt;&lt;option value="Perak"&gt;Perak&lt;/option&gt;&lt;option value="Perlis"&gt;Perlis&lt;/option&gt;&lt;option value="Putrajaya"&gt;Putrajaya&lt;/option&gt;&lt;option value="Sabah"&gt;Sabah&lt;/option&gt;&lt;option value="Sarawak"&gt;Sarawak&lt;/option&gt;&lt;option value="Selangor"&gt;Selangor&lt;/option&gt;&lt;option value="Terengganu"&gt;Terengganu&lt;/option&gt;&lt;option value="kl_sel"&gt;Kuala Lumpur + Selangor&lt;/option&gt;&lt;/select&gt;
                                                &lt;label for="top-state"&gt;State&lt;/label&gt;
                                            &lt;/div&gt;
                                        &lt;/div&gt;
                                                                                &lt;div class="col-12 collapse" id="advFilter"&gt;
                                            &lt;div class="row g-3 align-items-stretch"&gt;
                                                                                                &lt;div class="col-12 col-sm-6"&gt;
                                                    &lt;div class="input-group flex-nowrap"&gt;
                                                        &lt;span class="input-group-text bg-white border-end-0 pe-0 fw-bold"&gt;RM&lt;/span&gt;
                                                        &lt;div class="form-floating flex-grow-1"&gt;
                                                            &lt;input class="form-control border-start-0" id="top-min_price" placeholder="Min. Price" style="border-top-left-radius: 0;border-bottom-left-radius: 0;" name="min_price" type="number"&gt;
                                                            &lt;label for="top-min_price"&gt;Min. Price&lt;/label&gt;
                                                        &lt;/div&gt;
                                                    &lt;/div&gt;
                                                &lt;/div&gt;
                                                &lt;div class="col-12 col-sm-6"&gt;
                                                    &lt;div class="input-group flex-nowrap"&gt;
                                                        &lt;span class="input-group-text bg-white border-end-0 pe-0 fw-bold"&gt;RM&lt;/span&gt;
                                                        &lt;div class="form-floating flex-grow-1"&gt;
                                                            &lt;input class="form-control border-start-0" id="top-max_price" placeholder="Max. Price" style="border-top-left-radius: 0;border-bottom-left-radius: 0;" name="max_price" type="number"&gt;
                                                            &lt;label for="top-max_price"&gt;Max. Price&lt;/label&gt;
                                                        &lt;/div&gt;
                                                    &lt;/div&gt;
                                                &lt;/div&gt;
                                                &lt;div class="col-12 col-sm-6"&gt;
                                                    &lt;div class="input-group flex-nowrap"&gt;
                                                        &lt;div class="form-floating flex-grow-1"&gt;
                                                            &lt;input class="form-control border-end-0 pe-0" id="top-min_size" placeholder="Min. Size" style="border-top-right-radius: 0;border-bottom-right-radius: 0;" name="min_size" type="number"&gt;
                                                            &lt;label for="top-min_size"&gt;Min. Size&lt;/label&gt;
                                                        &lt;/div&gt;
                                                        &lt;span class="input-group-text bg-white border-start-0 fw-bold"&gt;sq.ft&lt;/span&gt;
                                                    &lt;/div&gt;
                                                &lt;/div&gt;
                                                &lt;div class="col-12 col-sm-6"&gt;
                                                    &lt;div class="input-group flex-nowrap"&gt;
                                                        &lt;div class="form-floating flex-grow-1"&gt;
                                                            &lt;input class="form-control border-end-0 pe-0" id="top-max_size" placeholder="Max. Size" style="border-top-right-radius: 0;border-bottom-right-radius: 0;" name="max_size" type="number"&gt;
                                                            &lt;label for="top-max_size"&gt;Max. Size&lt;/label&gt;
                                                        &lt;/div&gt;
                                                        &lt;span class="input-group-text bg-white border-start-0 fw-bold"&gt;sq.ft&lt;/span&gt;
                                                    &lt;/div&gt;
                                                &lt;/div&gt;
                                            &lt;/div&gt;
                                        &lt;/div&gt;
                                        &lt;div class="col-12 col-sm-6 d-grid"&gt;
                                            &lt;button type="button" class="btn bg-white text-primary border-primary fw-bold py-3 collapsed toggle-adv" data-bs-toggle="collapse" data-bs-target="#advFilter" aria-controls="advFilter" aria-expanded="false" aria-label="Toggle Advance Filter"&gt;Advanced Search &lt;i class="fas fa-caret-down fa-fw"&gt;&lt;/i&gt;&lt;i class="fas fa-caret-up fa-fw"&gt;&lt;/i&gt;&lt;/button&gt;
                                        &lt;/div&gt;
                                        &lt;div class="col-12 col-sm-6 d-grid"&gt;
                                            &lt;button class="btn btn-primary fw-bold py-3" type="submit"&gt;Search&lt;/button&gt;
                                        &lt;/div&gt;
                                        &lt;div class="col-12 text-center text-sm-end mt-1"&gt;&lt;button type="button" class="btn btn-link py-0 text-white-50 btn-reset" onclick="this.form.reset();"&gt;Reset&lt;/button&gt;&lt;/div&gt;
                                        &lt;/form&gt;
                                    &lt;/div&gt;
                                &lt;/div&gt;
                            &lt;/div&gt;
                        &lt;/div&gt;
                    &lt;/div&gt;
                &lt;/div&gt;
                            &lt;/nav&gt;
        &lt;/div&gt;
    &lt;/div&gt;
&lt;/header&gt;
    &lt;div class="flex-grow-1"&gt;
        &lt;div class="bg-gray-700 py-4 d-none d-lg-block  d-print-none"&gt;
    &lt;div class="container"&gt;
        &lt;div class="row mx-0"&gt;
            &lt;div class="bg-white rounded px-4 pt-4"&gt;
                &lt;form method="GET" action="https://www.lelongtips.com.my/search" accept-charset="UTF-8" name="hr-search" class="row g-4 align-items-center justify-content-center position-relative"&gt;
                &lt;div class="col-lg-8 col-xl-3" style="z-index: 2"&gt;
                    &lt;label for="keyword" class="text-uppercase fw-bold"&gt;Enter Keyword&lt;/label&gt;
                    &lt;input class="form-control border-0 border-bottom rounded-0" placeholder="Location / City / Building name" oninput="this.setCustomValidity(&amp;#039;&amp;#039;)" name="keyword" type="text" id="keyword"&gt;
                &lt;/div&gt;
                &lt;div class="col-lg-4 col-xl-3" style="z-index: 3"&gt;
                    &lt;label for="property_type" class="text-uppercase fw-bold"&gt;Property Type&lt;/label&gt;
                    &lt;select class="form-control selectpicker pb-0" data-style="btn-white pt-1 border-bottom rounded-0" multiple="multiple" title="Select Property Type" data-actions-box="true" name="property_type[]"&gt;&lt;option value="1"&gt;Apartment/Condo/SOHO&lt;/option&gt;&lt;option value="7"&gt;Factory/Warehouse&lt;/option&gt;&lt;option value="2"&gt;Flat&lt;/option&gt;&lt;option value="6"&gt;Hotel/Resort/Clubhouse&lt;/option&gt;&lt;option value="8"&gt;Land&lt;/option&gt;&lt;option value="4"&gt;Semi D/Bungalow/Villa&lt;/option&gt;&lt;option value="5"&gt;Shop/Shop Office/Retail Space/Office&lt;/option&gt;&lt;option value="3"&gt;Terrace/Link/Townhouse&lt;/option&gt;&lt;/select&gt;
                &lt;/div&gt;
                &lt;div class="col-lg-4 col-xl-2" style="z-index: 2"&gt;
                    &lt;label for="state" class="text-uppercase fw-bold"&gt;State&lt;/label&gt;
                    &lt;select class="form-select border-0 border-bottom rounded-0" id="state" name="state"&gt;&lt;option value="" selected="selected"&gt;All States&lt;/option&gt;&lt;option value="Johor"&gt;Johor&lt;/option&gt;&lt;option value="Kedah"&gt;Kedah&lt;/option&gt;&lt;option value="Kelantan"&gt;Kelantan&lt;/option&gt;&lt;option value="Kuala Lumpur"&gt;Kuala Lumpur&lt;/option&gt;&lt;option value="Labuan"&gt;Labuan&lt;/option&gt;&lt;option value="Melaka"&gt;Melaka&lt;/option&gt;&lt;option value="Negeri Sembilan"&gt;Negeri Sembilan&lt;/option&gt;&lt;option value="Pahang"&gt;Pahang&lt;/option&gt;&lt;option value="Penang"&gt;Penang&lt;/option&gt;&lt;option value="Perak"&gt;Perak&lt;/option&gt;&lt;option value="Perlis"&gt;Perlis&lt;/option&gt;&lt;option value="Putrajaya"&gt;Putrajaya&lt;/option&gt;&lt;option value="Sabah"&gt;Sabah&lt;/option&gt;&lt;option value="Sarawak"&gt;Sarawak&lt;/option&gt;&lt;option value="Selangor"&gt;Selangor&lt;/option&gt;&lt;option value="Terengganu"&gt;Terengganu&lt;/option&gt;&lt;option value="kl_sel"&gt;Kuala Lumpur + Selangor&lt;/option&gt;&lt;/select&gt;
                &lt;/div&gt;
                &lt;div class="col-lg-4 col-xl-2 d-grid" style="z-index: 2"&gt;
                    &lt;button type="button" class="btn btn-outline-primary fw-bold py-3 py-xl-1" data-bs-toggle="collapse" data-bs-target="#adv-hr-filter" aria-controls="adv-hr-filter" aria-expanded="false" aria-label="Toggle Advance Filter"&gt;Advanced &lt;br class="d-none d-xl-inline-flex" /&gt;Search &lt;i class="fas fa-caret-down fa-fw"&gt;&lt;/i&gt;&lt;/button&gt;
                &lt;/div&gt;
                &lt;div class="col-lg-4 col-xl-2 d-grid" style="z-index: 2;"&gt;
                    &lt;button type="submit" class="btn btn-primary fw-bold py-3"&gt;Search&lt;/button&gt;
                &lt;/div&gt;
                &lt;div class="col-12 text-end pb-lg-4 mt-2"&gt;
                    &lt;button type="button" class="btn btn-link py-0 text-secondary btn-reset" onclick="this.form.reset();"&gt;Reset&lt;/button&gt;
                &lt;/div&gt;
                &lt;div class="col-12 p-0 mt-0 position-relative" style="z-index: 1;"&gt;
                    &lt;div class="collapse position-absolute px-4 bg-white rounded-bottom shadow no-top-shadow" id="adv-hr-filter" style="z-index: 999;left: -.75rem;right: -.75rem; top: -3.5rem;"&gt;
                        &lt;div class="row pb-4 pt-3 g-4 justify-content-center align-content-center"&gt;
                            &lt;div class="col-lg-3"&gt;
                                &lt;label for="bank" class="text-uppercase fw-bold"&gt;Bank&lt;/label&gt;
                                &lt;select class="form-control selectpicker pb-0" data-style="btn-white pt-1 border-bottom rounded-0" data-live-search="1" data-dropdown-align-right="auto" data-container="string" id="bank" name="bank"&gt;&lt;option value="" selected="selected"&gt;All Banks&lt;/option&gt;&lt;option value="AFFIN"&gt;Affin Bank&lt;/option&gt;&lt;option value="AGRO"&gt;Agrobank / Bank Pertanian Malaysia&lt;/option&gt;&lt;option value="AIA"&gt;AIA (American International Assurance Berhad)&lt;/option&gt;&lt;option value="ABMB"&gt;Alliance Bank&lt;/option&gt;&lt;option value="AMB"&gt;AmBank&lt;/option&gt;&lt;option value="ARAB"&gt;Arab Malaysia Bank&lt;/option&gt;&lt;option value="BIMB"&gt;Bank Islam&lt;/option&gt;&lt;option value="BKRM"&gt;Bank Kerjasama Rakyat Malaysia Berhad&lt;/option&gt;&lt;option value="BMMB"&gt;Bank Muamalat&lt;/option&gt;&lt;option value="BNM"&gt;Bank Negara&lt;/option&gt;&lt;option value="BOC"&gt;Bank of China&lt;/option&gt;&lt;option value="BSN"&gt;Bank Simpanan Nasional&lt;/option&gt;&lt;option value="CIMB"&gt;CIMB Bank&lt;/option&gt;&lt;option value="CITI"&gt;Citibank&lt;/option&gt;&lt;option value="EMSB"&gt;Eucalypt Mortgages Sdn Bhd&lt;/option&gt;&lt;option value="HLBB"&gt;Hong Leong Bank&lt;/option&gt;&lt;option value="HSBC"&gt;HSBC Bank&lt;/option&gt;&lt;option value="KMSIA"&gt;Kerajaan Malaysia&lt;/option&gt;&lt;option value="LPPSA"&gt;LPPSA (Lembaga Pembiayaan Perumahan Sektor Awam)&lt;/option&gt;&lt;option value="MBB"&gt;Maybank&lt;/option&gt;&lt;option value="MBSB"&gt;MBSB Bank&lt;/option&gt;&lt;option value="MTBAY"&gt;Mystique Bay Sdn Bhd&lt;/option&gt;&lt;option value="NOVA"&gt;Nova Scotia Bank&lt;/option&gt;&lt;option value="OCBC"&gt;OCBC Bank&lt;/option&gt;&lt;option value="PBB"&gt;Public Bank&lt;/option&gt;&lt;option value="RASB"&gt;Resolution Alliance&lt;/option&gt;&lt;option value="RHB"&gt;RHB Bank&lt;/option&gt;&lt;option value="SMEB"&gt;SME Bank&lt;/option&gt;&lt;option value="SCB"&gt;Standard Chartered Bank&lt;/option&gt;&lt;option value="UOB"&gt;United Overseas Bank&lt;/option&gt;&lt;/select&gt;
                            &lt;/div&gt;
                            &lt;div class="col-lg-3"&gt;
                                &lt;label for="listing_status" class="text-uppercase fw-bold"&gt;Listing Status&lt;/label&gt;
                                &lt;select class="form-select border-0 border-bottom rounded-0" id="listing_status" name="listing_status"&gt;&lt;option value="" selected="selected"&gt;All Listings&lt;/option&gt;&lt;option value="upcoming"&gt;Upcoming Listings&lt;/option&gt;&lt;option value="past"&gt;Past Listings&lt;/option&gt;&lt;/select&gt;
                            &lt;/div&gt;
                            &lt;div class="col-lg-3"&gt;
                                &lt;label for="input-date" class="text-uppercase fw-bold"&gt;Input Date&lt;/label&gt;
                                &lt;div class="input-group"&gt;
                                    &lt;input class="form-control border-0 border-bottom rounded-0 input-datepicker" placeholder="Input Date" name="input-date" type="text" id="input-date"&gt;
                                    &lt;button class="btn btn-light bg-white border-0 border-bottom rounded-0" type="button"&gt;&lt;i class="fas fa-calendar-alt"&gt;&lt;/i&gt;&lt;/button&gt;
                                &lt;/div&gt;
                            &lt;/div&gt;
                            &lt;div class="col-lg-3"&gt;
                                &lt;label for="auction-date" class="text-uppercase fw-bold"&gt;Auction Date&lt;/label&gt;
                                &lt;div class="input-group"&gt;
                                    &lt;input class="form-control border-0 border-bottom rounded-0 auction-datepicker" placeholder="Auction Date" name="auction-date" type="text" id="auction-date"&gt;
                                    &lt;button class="btn btn-light bg-white border-0 border-bottom rounded-0" type="button"&gt;&lt;i class="fas fa-calendar-alt"&gt;&lt;/i&gt;&lt;/button&gt;
                                &lt;/div&gt;
                            &lt;/div&gt;
                            &lt;div class="col-lg-3"&gt;
                                &lt;label for="case" class="text-uppercase fw-bold"&gt;Auction Type&lt;/label&gt;
                                &lt;select class="form-select border-0 border-bottom rounded-0" id="case" name="case"&gt;&lt;option selected="selected" value=""&gt;All Auction Types&lt;/option&gt;&lt;option value="T"&gt;Title&lt;/option&gt;&lt;option value="L"&gt;LACA&lt;/option&gt;&lt;/select&gt;
                            &lt;/div&gt;
                            &lt;div class="col-lg-3"&gt;
                                &lt;label for="listing_type" class="text-uppercase fw-bold"&gt;Listing Type&lt;/label&gt;
                                &lt;select class="form-select border-0 border-bottom rounded-0" id="listing_type" name="listing_type"&gt;&lt;option selected="selected" value=""&gt;All Listing Types&lt;/option&gt;&lt;option value="1"&gt;Auction&lt;/option&gt;&lt;option value="3"&gt;Tender&lt;/option&gt;&lt;option value="2"&gt;Private Treaty by Bank&lt;/option&gt;&lt;option value="4"&gt;Private Treaty by Owner&lt;/option&gt;&lt;/select&gt;
                            &lt;/div&gt;
                            &lt;div class="col-lg-3 position-relative d-grid"&gt;
                                &lt;label for="price_range" class="text-uppercase fw-bold"&gt;Price Range&lt;/label&gt;
                                &lt;button type="button" class="btn btn-block border-0 text-start border-bottom rounded-0 bg-white" data-bs-toggle="collapse" data-bs-target="#price-range" aria-controls="price-range" aria-expanded="false" aria-label="Toggle Price Range" id="price_range"&gt;All Price&lt;/button&gt;
                                &lt;div class="collapse position-absolute bg-white border rounded mt-2 mx-2 left-0 right-0" id="price-range" style="z-index: 999; top: 100%;"&gt;
                                    &lt;div class="row g-3 p-3"&gt;
                                        &lt;div class="col-12"&gt;
                                            &lt;label for="min_price" class="text-uppercase fw-bold"&gt;Min. Price&lt;/label&gt;
                                            &lt;div class="input-group"&gt;
                                                &lt;span class="input-group-text bg-white border-end-0 pe-0 fw-bold"&gt;RM&lt;/span&gt;
                                                &lt;input class="form-control border-start-0 number" placeholder="Min. Price" min="1" name="min_price" type="text" id="min_price"&gt;
                                            &lt;/div&gt;
                                        &lt;/div&gt;
                                        &lt;div class="col-12"&gt;
                                            &lt;label for="max_price" class="text-uppercase fw-bold"&gt;Max. Price&lt;/label&gt;
                                            &lt;div class="input-group"&gt;
                                                &lt;span class="input-group-text bg-white border-end-0 pe-0 fw-bold"&gt;RM&lt;/span&gt;
                                                &lt;input class="form-control border-start-0 number" placeholder="Max. Price" name="max_price" type="text" id="max_price"&gt;
                                            &lt;/div&gt;
                                        &lt;/div&gt;
                                    &lt;/div&gt;
                                &lt;/div&gt;
                            &lt;/div&gt;
                            &lt;div class="col-lg-3 position-relative d-grid"&gt;
                                &lt;label for="size_range" class="text-uppercase fw-bold"&gt;Size Range&lt;/label&gt;
                                &lt;button type="button" class="btn btn-block border-0 text-start border-bottom rounded-0 bg-white" data-bs-toggle="collapse" data-bs-target="#size-range" aria-controls="size-range" aria-expanded="false" aria-label="Toggle Size Range" id="size_range"&gt;All Size&lt;/button&gt;
                                &lt;div class="collapse position-absolute bg-white border rounded mt-2 mx-2 left-0 right-0" id="size-range" style="z-index: 999; top: 100%;"&gt;
                                    &lt;div class="row g-3 p-3"&gt;
                                        &lt;div class="col-12"&gt;
                                            &lt;label for="min_size" class="text-uppercase fw-bold"&gt;Min. Size&lt;/label&gt;
                                            &lt;div class="input-group"&gt;
                                                &lt;input class="form-control border-end-0 number" placeholder="Min. Size" name="min_size" type="text" id="min_size"&gt;
                                                &lt;span class="input-group-text bg-white border-start-0 ps-0 fw-bold"&gt;sq.ft&lt;/span&gt;
                                            &lt;/div&gt;
                                        &lt;/div&gt;
                                        &lt;div class="col-12"&gt;
                                            &lt;label for="max_size" class="text-uppercase fw-bold"&gt;Max. Size&lt;/label&gt;
                                            &lt;div class="input-group"&gt;
                                                &lt;input class="form-control border-end-0 number" placeholder="Max. Size" name="max_size" type="text" id="max_size"&gt;
                                                &lt;span class="input-group-text bg-white border-start-0 ps-0 fw-bold"&gt;sq.ft&lt;/span&gt;
                                            &lt;/div&gt;
                                        &lt;/div&gt;
                                    &lt;/div&gt;
                                &lt;/div&gt;
                            &lt;/div&gt;
                            &lt;div class="col-12 text-end mt-1"&gt;
                                &lt;button type="button" class="btn btn-link py-0 text-secondary btn-reset"&gt;Reset&lt;/button&gt;
                            &lt;/div&gt;
                        &lt;/div&gt;
                    &lt;/div&gt;
                &lt;/div&gt;
                &lt;/form&gt;
            &lt;/div&gt;
        &lt;/div&gt;
    &lt;/div&gt;
&lt;/div&gt;    &lt;div class="d-block mb-4 d-print-none"&gt;
    &lt;div class="container"&gt;
        &lt;div class="breadcrumb d-flex flex-row align-items-center mb-0 py-3 border-bottom border-secondary"&gt;
            &lt;span&gt;&lt;a href="/" class="text-gray-700 hover-primary"&gt;Home&lt;/a&gt;&lt;/span&gt;
                                            &lt;i class="fas fa-chevron-right text-gray-500 px-3 pt-1 small"&gt;&lt;/i&gt;
                &lt;span&gt;&lt;a href="/" class="text-gray-700 hover-primary"&gt;Property&lt;/a&gt;&lt;/span&gt;
                                &lt;i class="fas fa-chevron-right text-gray-500 px-3 pt-1 small"&gt;&lt;/i&gt;
                &lt;span&gt;&lt;a href="https://www.lelongtips.com.my/search?state=Selangor" class="text-gray-700 hover-primary"&gt;Selangor&lt;/a&gt;&lt;/span&gt;
                                    &lt;/div&gt;
    &lt;/div&gt;
&lt;/div&gt;
    &lt;section class="p-2"&gt;
        &lt;div class="container"&gt;
            &lt;div class="row justify-content-center"&gt;
                &lt;div class="col-12"&gt;
                    &lt;div class="row g-4 g-xl-5 justify-content-center align-content-center"&gt;
                        &lt;div class="col-lg-8 col-xl-9 prop-details"&gt;

                            &lt;div class="d-flex flex-row d-print-none align-items-center"&gt;
                                &lt;div class="text-secondary flex-grow-1 d-print-none m-0 d-flex align-items-center"&gt;&lt;i class="fas fa-eye me-2"&gt;&lt;/i&gt; 48&lt;/div&gt;
                                                                    &lt;a class="ms-auto me-4 px-0 btn border-0 add-watch-list" title="Add to Watchlist" data-listing-id="761490"&gt;&lt;i class="fas fa-heart fa-2x"&gt;&lt;/i&gt;&lt;/a&gt;
                                                                &lt;button type="button" class="btn btn-primary print-btn" onclick="window.print();return false;"&gt;&lt;i class="fas fa-print"&gt;&lt;/i&gt;&lt;span class="d-none d-sm-inline"&gt; Print&lt;/span&gt;&lt;/button&gt;
                                &lt;button type="button" class="btn btn-primary share-btn ms-2" title="Share" data-bs-toggle="modal" data-bs-target="#shareSocialModal"&gt;&lt;i class="fas fa-share"&gt;&lt;/i&gt;&lt;span class="d-none d-sm-inline"&gt; Share&lt;/span&gt;&lt;/button&gt;
                            &lt;/div&gt;

                            &lt;div class="mw-100 my-3"&gt;
                                &lt;div class="position-relative img-section bg-gray-400"&gt;
                                    &lt;img src="https://cdn.lelongtips.com.my/images/listings/761490.jpg" class="position-absolute top-50 start-50 translate-middle" alt="1 Storey Terrace House"&gt;
                                                                        &lt;a href="https://cdn.lelongtips.com.my/images/listings/761490.jpg" class="stretched-link" data-fancybox="gallery" data-caption="1 Storey Terrace House"&gt;&lt;/a&gt;
                                    &lt;button type="button" class="btn bg-white text-secondary expand-btn shadow" style="bottom: 1.5rem; right: 1.5rem;"&gt;&lt;i class="fas fa-expand-arrows-alt"&gt;&lt;/i&gt;&lt;/button&gt;
                                                                            &lt;button type="button" class="btn bg-white text-secondary expand-btn shadow" style="bottom: 1.5rem; right: 4.5rem;"&gt;&lt;i class="fas fa-images"&gt;&lt;/i&gt; 1&lt;/button&gt;
                                                                                                                                                                                                                                                                                        &lt;/div&gt;
                                                            &lt;/div&gt;

                            &lt;h3 class="fw-bold mb-1"&gt;Jalan Kembojasari 3, Perumahan Jalan Kembojasari, Bandar Sungai Buaya, 48010, Selangor&lt;/h3&gt;
                            &lt;p class="text-primary"&gt;1 Storey Terrace House&lt;/p&gt;

                            &lt;div class="mt-1 mb-2 d-flex flex-row flex-wrap"&gt;
                                                                                                    &lt;div class="fs-5 mb-1 me-2 me-md-1 me-lg-2"&gt;&lt;span class="badge p-2 small fw-bold  text-info bg-info-50"&gt;LACA&lt;/span&gt;&lt;/div&gt;
                                                                    &lt;div class="fs-5 mb-1 me-2 me-md-1 me-lg-2"&gt;&lt;span class="badge p-2 small fw-bold  text-info bg-info-50"&gt;3 &lt;i class="fas fa-bed"&gt;&lt;/i&gt;&lt;/span&gt;&lt;/div&gt;
                                                                    &lt;div class="fs-5 mb-1 me-2 me-md-1 me-lg-2"&gt;&lt;span class="badge p-2 small fw-bold  text-info bg-info-50"&gt;Online &lt;i class="fas fa-fw fa-wifi"&gt;&lt;/i&gt;&lt;/span&gt;&lt;/div&gt;
                                                                    &lt;div class="fs-5 mb-1 me-2 me-md-1 me-lg-2"&gt;&lt;span class="badge p-2 small fw-bold  text-info bg-info-50"&gt;Intermediate&lt;/span&gt;&lt;/div&gt;
                                                                    &lt;div class="fs-5 mb-1 me-2 me-md-1 me-lg-2"&gt;&lt;span class="badge p-2 small fw-bold  text-info bg-info-50"&gt;RM233 per sf&lt;/span&gt;&lt;/div&gt;
                                                            &lt;/div&gt;

                            &lt;div class="row g-3 my-3 info-rows"&gt;
                                &lt;div class="col-md-6 mt-0 order-md-last"&gt;
                                    &lt;span class="text-secondary border-bottom d-block pb-1 mb-2"&gt;Auction Date&lt;/span&gt;
                                    &lt;h4 class="fw-bold h3"&gt;
                                        1st Jun 2024 (Sat)
                                    &lt;/h4&gt;
                                &lt;/div&gt;
                                &lt;div class="col-md-6 mt-md-0"&gt;
                                    &lt;span class="text-secondary border-bottom d-block pb-1 mb-2"&gt;Auction Price&lt;/span&gt;
                                    &lt;h4 class="fw-bold h3"&gt;
                                        RM200,000.00
                                    &lt;/h4&gt;
                                                                    &lt;/div&gt;
                                                            &lt;/div&gt;
                            &lt;div class="row g-3 my-3 info-rows"&gt;
                                                                                                &lt;div class="col-md-6"&gt;
                                    &lt;span class="text-secondary border-bottom d-block pb-1 mb-2"&gt;Built Up / Land Area&lt;/span&gt;
                                    &lt;h5 class="fw-bold"&gt;
                                        860 sq.ft / 1,300 sq.ft
                                    &lt;/h5&gt;
                                &lt;/div&gt;
                                                                &lt;div class="col-md-6"&gt;
                                    &lt;span class="text-secondary border-bottom d-block pb-1 mb-2"&gt;Tenure&lt;/span&gt;
                                    &lt;h5 class="fw-bold"&gt;
                                        Leasehold &lt;a href="#" class="text-body" data-bs-toggle="tooltip" title="For 99 Years, Expiring on 2095-01-04"&gt;&lt;i class="fas fa-question-circle"&gt;&lt;/i&gt;&lt;/a&gt;
                                    &lt;/h5&gt;
                                &lt;/div&gt;
                                                                &lt;div class="col-md-6"&gt;
                                    &lt;span class="text-secondary border-bottom d-block pb-1 mb-2"&gt;Deposit&lt;/span&gt;
                                    &lt;h5 class="fw-bold noselectable"&gt;
                                        5%
                                    &lt;/h5&gt;
                                &lt;/div&gt;
                                                            &lt;/div&gt;
                                                                                                                                        &lt;div class="row justify-content-center align-content-center align-items-center d-print-none"&gt;
                                            &lt;div class="col-12"&gt;
                                                                                                    &lt;a class="btn btn-primary fw-bold mb-3 px-3" href="https://www.lelongtips.com.my/register-to-bid/761490"&gt;Register to Bid&lt;/a&gt;
                                                                                                &lt;button class="btn btn-whatsapp fw-bold mb-3 px-3" type="button" data-bs-toggle="modal" data-bs-target="#liveChatModal"&gt;I'm interested at this property&lt;/button&gt;
                                            &lt;/div&gt;
                                        &lt;/div&gt;
                                                                    
                            &lt;div class="subscribe-info-rows"&gt;
                                &lt;div class="row g-3 my-3 info-rows"&gt;
                                                                            &lt;div class="col-md-6"&gt;
                                            &lt;span class="text-secondary border-bottom d-block pb-1 mb-2"&gt;Plaintiff / Assignee&lt;/span&gt;
                                            &lt;h5 class="fw-bold noselectable"&gt;
                                                Premium VIP Only
                                            &lt;/h5&gt;
                                        &lt;/div&gt;
                                                                            &lt;div class="col-md-6"&gt;
                                            &lt;span class="text-secondary border-bottom d-block pb-1 mb-2"&gt;Auctioneer&lt;/span&gt;
                                            &lt;h5 class="fw-bold noselectable"&gt;
                                                Premium VIP Only
                                            &lt;/h5&gt;
                                        &lt;/div&gt;
                                                                            &lt;div class="col-md-6"&gt;
                                            &lt;span class="text-secondary border-bottom d-block pb-1 mb-2"&gt;Auction Venue&lt;/span&gt;
                                            &lt;h5 class="fw-bold noselectable"&gt;
                                                Premium VIP Only
                                            &lt;/h5&gt;
                                        &lt;/div&gt;
                                                                            &lt;div class="col-md-6"&gt;
                                            &lt;span class="text-secondary border-bottom d-block pb-1 mb-2"&gt;Solicitor&lt;/span&gt;
                                            &lt;h5 class="fw-bold noselectable"&gt;
                                                Premium VIP Only
                                            &lt;/h5&gt;
                                        &lt;/div&gt;
                                                                            &lt;div class="col-md-6"&gt;
                                            &lt;span class="text-secondary border-bottom d-block pb-1 mb-2"&gt;Defendant / Assignor&lt;/span&gt;
                                            &lt;h5 class="fw-bold noselectable"&gt;
                                                Premium VIP Only
                                            &lt;/h5&gt;
                                        &lt;/div&gt;
                                                                            &lt;div class="col-md-6"&gt;
                                            &lt;span class="text-secondary border-bottom d-block pb-1 mb-2"&gt;Referral Fee&lt;/span&gt;
                                            &lt;h5 class="fw-bold noselectable"&gt;
                                                Premium VIP Only
                                            &lt;/h5&gt;
                                        &lt;/div&gt;
                                                                            &lt;div class="col-md-6"&gt;
                                            &lt;span class="text-secondary border-bottom d-block pb-1 mb-2"&gt;Bank Payout Rate&lt;/span&gt;
                                            &lt;h5 class="fw-bold noselectable"&gt;
                                                Premium VIP Only
                                            &lt;/h5&gt;
                                        &lt;/div&gt;
                                                                    &lt;/div&gt;
                                                        
                                                                                        &lt;div class="row justify-content-center g-0 pt-3 pb-2 align-content-center align-items-center d-print-none"&gt;
                                    &lt;div class="col-12"&gt;
                                        &lt;div class="bg-light m-0 p-4 rounded lh-1"&gt;
                                            &lt;h5 class="fw-bold border-bottom border-dark pb-2 mb-2 d-block"&gt;&lt;i class="far fa-file-alt me-2"&gt;&lt;/i&gt; Download Auction Documents&lt;/h5&gt;
                                            &lt;div class="row g-3 g-lg-4"&gt;
                                                &lt;div class="col-md-6 col-lg-4 pt-3 fs-5 fw-bold"&gt;
                                                    &lt;a href="javascript:void(0)" class="d-block small req-pos"&gt;&lt;i class="fas fa-file-contract text-primary me-2"&gt;&lt;/i&gt; Request POS&lt;/a&gt;
                                                &lt;/div&gt;
                                            &lt;/div&gt;
                                        &lt;/div&gt;
                                    &lt;/div&gt;
                                &lt;/div&gt;
                            
                                                            &lt;div class="subscribe-cover"&gt;
                                    &lt;h3 class="text-center fw-bold"&gt;Subscribe Premium&amp;nbsp;VIP now&lt;/h3&gt;
&lt;p class="text-center mb-2"&gt;Join our Premium VIP member to get completed auction details and exclusive&amp;nbsp;features&lt;/p&gt;

&lt;div class="row g-3 justify-content-center align-items-baseline"&gt;
    &lt;div class="col-md-6 pt-4"&gt;
        &lt;div class="d-flex flex-column flex-nowrap position-relative border border-warning border-2 rounded"&gt;
            &lt;div class="position-absolute top-0 start-50 translate-middle px-2 fw-bold bg-warning rounded-pill text-uppercase"&gt;Recommended&lt;/div&gt;
            &lt;h5 class="text-center mt-4 fw-bold"&gt;1-Year Package&lt;/h5&gt;
            &lt;p class="text-center"&gt;RM&amp;nbsp;&lt;strong class="h2 fw-bold"&gt;2.45&lt;/strong&gt;/day&lt;br /&gt;&lt;small&gt;(RM&amp;nbsp;890 / 365 days)&lt;/small&gt;&lt;/p&gt;
            &lt;div class="text-center mb-3"&gt;
                &lt;a href="/vip-package" class="btn btn-warning text-uppercase"&gt;Subscribe&lt;/a&gt;
            &lt;/div&gt;
        &lt;/div&gt;
    &lt;/div&gt;
    &lt;div class="col-md-6 pt-md-4"&gt;
        &lt;div class="d-flex flex-column flex-nowrap position-relative border border-gray-500 border-2 rounded"&gt;
            &lt;h5 class="text-center mt-4 fw-bold"&gt;3-Months Package&lt;/h5&gt;
            &lt;p class="text-center"&gt;RM&amp;nbsp;&lt;strong class="h2 fw-bold"&gt;4.20&lt;/strong&gt;/day&lt;br /&gt;&lt;small&gt;(RM&amp;nbsp;380 / 90 days)&lt;/small&gt;&lt;/p&gt;
            &lt;div class="text-center mb-3"&gt;
                &lt;a href="/vip-package" class="btn btn-primary text-uppercase"&gt;Subscribe&lt;/a&gt;
            &lt;/div&gt;
        &lt;/div&gt;
    &lt;/div&gt;
    &lt;div class="col-12 small"&gt;
        &lt;div class="d-table"&gt;
            &lt;div class="d-table-row align-items-start"&gt;
                &lt;div class="d-table-cell pb-1 pe-3"&gt;&lt;i class="fas fa-check"&gt;&lt;/i&gt;&lt;/div&gt;
                &lt;div class="d-table-cell pb-1 flex-grow-1"&gt;Search &amp; view Premium information on upcoming &amp; past auction listings&lt;/div&gt;
            &lt;/div&gt;
            &lt;div class="d-table-row align-items-start"&gt;
                &lt;div class="d-table-cell pb-1 pe-3"&gt;&lt;i class="fas fa-check"&gt;&lt;/i&gt;&lt;/div&gt;
                &lt;div class="d-table-cell pb-1 flex-grow-1"&gt;Advanced Search allows searching by bank, by auction date and input date, and calendar&lt;/div&gt;
            &lt;/div&gt;
            &lt;div class="d-table-row align-items-start"&gt;
                &lt;div class="d-table-cell pb-1 pe-3"&gt;&lt;i class="fas fa-check"&gt;&lt;/i&gt;&lt;/div&gt;
                &lt;div class="d-table-cell pb-1 flex-grow-1"&gt;View in-depth information ie. auction count, transaction records, and market values&lt;/div&gt;
            &lt;/div&gt;
            &lt;div class="d-table-row align-items-start"&gt;
                &lt;div class="d-table-cell pb-1 pe-3"&gt;&lt;i class="fas fa-check"&gt;&lt;/i&gt;&lt;/div&gt;
                &lt;div class="d-table-cell pb-1 flex-grow-1"&gt;Download E-Notice (Auction Notice / POS)&lt;/div&gt;
            &lt;/div&gt;
            &lt;div class="d-table-row align-items-start"&gt;
                &lt;div class="d-table-cell pb-1 pe-3"&gt;&lt;i class="fas fa-check"&gt;&lt;/i&gt;&lt;/div&gt;
                &lt;div class="d-table-cell pb-1 flex-grow-1"&gt;Reminder on Next Auction Date&lt;/div&gt;
            &lt;/div&gt;
        &lt;/div&gt;
    &lt;/div&gt;
    &lt;div class="col-12"&gt;
        &lt;p class="text-center m-0"&gt;&lt;a href="https://wa.me/60123613988?text=Hi%20LelongTips.com.my%2C%20I%20would%20like%20to%20know%20more%20about%20Premium%20VIP%20features.%0APlease%20contact%20me.%20Thank%20you." target="_blank" class="text-info text-uppercase"&gt;Check more features here&lt;/a&gt;&lt;/p&gt;
                &lt;p class="text-center mt-2"&gt;Already a Premium VIP Member? &lt;a href="/login" class="text-decoration-underline"&gt;LOG IN&lt;/a&gt;&lt;/p&gt;
            &lt;/div&gt;
&lt;/div&gt;                                &lt;/div&gt;
                            &lt;/div&gt;
                            
                            
                                                        &lt;div class="pt-4 pb-2"&gt;
                                &lt;h5 class="fw-bold pb-2 mb-2 d-block"&gt;&lt;i class="fas fa-map-marked-alt me-2"&gt;&lt;/i&gt; Location of this property&lt;/h5&gt;
                                &lt;div class="position-relative map-ratio ratio ratio-4x3 border mb-2"&gt;
                                    &lt;div id="map-canvas"&gt;&lt;/div&gt;
                                &lt;/div&gt;
                                &lt;div class="row row-cols-2 row-cols-md-3 row-cols-lg-4 gx-3"&gt;
                                    &lt;div class="col d-grid"&gt;
                                        &lt;a href="https://www.google.com.my/maps/search/3.379192,101.534961" target="_blank" class="btn btn-primary"&gt;Google Map&lt;/a&gt;
                                    &lt;/div&gt;
                                    &lt;div class="col d-grid"&gt;
                                        &lt;a href="https://www.waze.com/ul?ll=3.379192%2C101.534961" target="_blank" class="btn btn-primary"&gt;Waze&lt;/a&gt;
                                    &lt;/div&gt;
                                &lt;/div&gt;
                            &lt;/div&gt;
                            
                            &lt;div class="pt-4 pb-2 d-print-none"&gt;
        &lt;a class="d-block" href="https://api.whatsapp.com/send/?phone=60102880576&amp;text=Hi+LelongTips.com.my%2C+I+would+like+to+know+more+about+Premium+VIP+Business+Package.%0APlease+contact+me.+Thank+you.&amp;type=phone_number&amp;app_absent=0" target="_blank"&gt;
            &lt;img src="https://cdn.lelongtips.com.my/images/banners/1822.jpg" alt="Promote Business package" class="img-fluid"&gt;
        &lt;/a&gt;
    &lt;/div&gt;

                                                        &lt;div class="pt-4 pb-2"&gt;
                                &lt;h5 class="fw-bold pb-2 mb-2 d-block"&gt;&lt;i class="fas fa-calculator me-2"&gt;&lt;/i&gt; Loan Calculator&lt;/h5&gt;
                                &lt;div class="border rounded-2 p-4"&gt;
                                    &lt;form method="POST" action="https://www.lelongtips.com.my/property/WUd0SEdMQlhrTFltOUNaYU5yaE1QUT09/Lelong-Auction-1-Storey-Terrace-House-in-Rawang-Selangor-for-RM200000" accept-charset="UTF-8" name="loan-calc" class="row g-3"&gt;&lt;input name="_token" type="hidden" value="wTD46sMCXeIrVLnlsjgpQaEMDrFdCDmfczYnliJL"&gt;
                                        &lt;div class="col-12 order-first text-center"&gt;
                                            &lt;label class="form-label text-muted small mb-1"&gt;Estimated Monthly Payment&lt;/label&gt;
                                            &lt;div class="d-block text-nowrap fs-5 fw-bold pb-3 border-bottom"&gt;RM &lt;span class="monthly-payment"&gt;&lt;/span&gt;&lt;/div&gt;
                                        &lt;/div&gt;
                                        &lt;div class="col-md-6 order-2"&gt;
                                            &lt;label for="amount" class="form-label text-muted small mb-1"&gt;Property Value&lt;/label&gt;
                                            &lt;div class="input-group"&gt;
                                                &lt;div class="input-group-text"&gt;RM&lt;/div&gt;
                                                &lt;input class="form-control number" step="0.01" placeholder="Property Value" oninput="loanCalculator()" name="amount" type="text" value="200,000" id="amount"&gt;
                                            &lt;/div&gt;
                                        &lt;/div&gt;
                                        &lt;div class="col-md-4 order-2 order-sm-3 order-md-last"&gt;
                                            &lt;label for="downpayment" class="form-label text-muted small mb-1"&gt;Down Payment&lt;/label&gt;
[...]
            }
        }
    }).on('change', 'form[name=hr-search] input[name=input-date], form[name=search] input[name=input-date], form[name=hr-search] select[name=state], form[name=search] select[name=state], form[name=hr-search] select[name=bank], form[name=search] select[name=bank], form[name=hr-search] select[name=\'property_type[]\'], form[name=search] select[name=\'property_type[]\']', function(){
        $(this).parents('form').find('input[name=keyword]')[0].setCustomValidity('');
    }).on('change', 'select[name=maker]', function(){
        let maker = $(this), form = $(this).parents('form');
        $.ajax({
            url: 'https://www.lelongtips.com.my/auto/get-model-lists',
            type: 'POST',
            data: {auto_maker_id: $(this).val()},
            dataType: 'JSON',
            success: function (res) {
                if(res.hasOwnProperty('lists')) {
                    Object.keys(res.lists).forEach(function(i){
                        console.log(res.lists[i]);
                        $(form).find('select[name=model]').append('&lt;option value="'+i+'"&gt;'+res.lists[i]+'&lt;/option&gt;');
                    })
                    $(form).find('select[name=model]').prop('disabled', false).selectpicker('refresh');
                }
            },
            error: function () {
                responseModal.find(".modal-body").html('Invalid Request').end().modal('show');
            }
        });
    });

    $(document).mouseup(function(e){
        let priceRangeContainer = $('#price-range'), sizeRangeContainer = $('#size-range');
        if(!priceRangeContainer.is(e.target) &amp;&amp; priceRangeContainer.has(e.target).length===0){
            priceRangeContainer.collapse('hide');
        }
        if(!sizeRangeContainer.is(e.target) &amp;&amp; sizeRangeContainer.has(e.target).length===0){
            sizeRangeContainer.collapse('hide');
        }
    });

    function displayPriceRange(){
        let priceInput = $('#price_range'), minPrice = $('#price-range input[name=min_price]').val(), maxPrice = $('#price-range input[name=max_price]').val(), priceDisplay;
        if(minPrice.replace(/,/g, '')&gt;0 &amp;&amp; maxPrice.replace(/,/g, '')&gt;0){
            priceDisplay = 'RM'+minPrice+' - RM'+maxPrice;
        }else if(minPrice.replace(/,/g, '')&gt;0){
            priceDisplay ='Min. RM'+minPrice;
        }else if(maxPrice.replace(/,/g, '')&gt;0){
            priceDisplay = 'Max. RM'+maxPrice;
        }else{
            priceDisplay = 'All Price';
        }
        priceInput.text(priceDisplay);
    }

    function displaySizeRange(){
        let sizeInput = $('#size_range'), minSize = $('#size-range input[name=min_size]').val(), maxSize = $('#size-range input[name=max_size]').val(), sizeDisplay;
        if(minSize.replace(/,/g, '')&gt;0 &amp;&amp; maxSize.replace(/,/g, '')&gt;0){
            sizeDisplay = minSize+'sq.ft - '+maxSize+'sq.ft';
        }else if(minSize.replace(/,/g, '')&gt;0){
            sizeDisplay ='Min. '+minSize+'sq.ft';
        }else if(maxSize.replace(/,/g, '')&gt;0){
            sizeDisplay = 'Max. '+maxSize+'sq.ft';
        }else{
            sizeDisplay = 'All Size';
        }
        sizeInput.text(sizeDisplay);
    }

    $('.input-datepicker').datepicker({
        autoclose: true,
        format: 'yyyy-mm-dd',
        daysOfWeekDisabled: [0],
        startDate: '2024-05-20',
        endDate: '0d',
    });

    $('.auction-datepicker').datepicker({
        autoclose: true,
        format: 'yyyy-mm-dd',
        startDate: '2024-05-24'
    });
    
    $('form').submit(function(e){
        if($(this).data('form-action')!=undefined &amp;&amp; !gCaptcha) {
            e.preventDefault();
            updateRegCaptcha(e.currentTarget);
        }

        $(this).find('button[type=submit]').prop('disabled', true);
        if($(this).find('input.number').length){
            $(this).find('input.number').each(function(){
                let numVal = $(this).val();
                if(numVal) {
                    $(this).val(numVal.replace(/,/g, ''));
                }
            });
        }
        return true;
    });

    $('#subscribe-state').selectpicker({
        countSelectedText: function (numSelected, numTotal) {
            if (numSelected == 1) {
                return "{0} State selected";
            } else if (numSelected === numTotal) {
                return "All State selected";
            } else {
                return "{0} State selected";
            }
        }
    });

    function comma(val){
        return val
            .replace(/\D/g, "")
            .replace(/\B(?=(\d{3})+(?!\d))/g, ",")
            ;
    }

    function focusElement(elem){
        $(elem).focus();
    }

    function setCookie(key, value, hours) {
        var expires = new Date();
        if(hours&gt;0){
            expires.setTime(expires.getTime() + (hours * 60 * 60 * 1000));
        }else {
            expires.setDate(expires.getDate() + 1);
        }
        document.cookie = key + '=' + value + ';expires=' + expires.toUTCString()+';path=/';
    }

    function getCookie(key) {
        var keyValue = document.cookie.match('(^|;) ?' + key + '=([^;]*)(;|$)');
        return keyValue ? keyValue[2] : null;
    }

    let responseModal = $("#responseModal");
    responseModal.on('hidden.bs.modal', function(){
        responseModal.find(".modal-body").html("");
    }).on('show.bs.modal', function(){
        $('.modal').modal('hide');
    });
&lt;/script&gt;

    &lt;script src="/js/fancybox.umd.js"&gt;&lt;/script&gt;
        &lt;script&gt;
        $(document).ready(function(){
            $('.similar-slider').slick({
                slidesToShow: 3,
                slidesToScroll: 3,
                responsive: [
                    {
                        breakpoint: 1200,
                        settings: {
                            slidesToShow: 3,
                            slidesToScroll: 3,
                            adaptiveHeight: true
                        }
                    },
                    {
                        breakpoint: 992,
                        settings: {
                            slidesToShow: 2,
                            slidesToScroll: 2,
                            adaptiveHeight: true
                        }
                    },
                    {
                        breakpoint: 768,
                        settings: {
                            slidesToShow: 1,
                            slidesToScroll: 1,
                            adaptiveHeight: false
                        }
                    }
                ],
                adaptiveHeight: true,
                autoplay: false,
                autoplaySpeed: 5000,
                appendArrows: $('.similar-slider-controls'),
                prevArrow: '&lt;a class="slider-control slick-prev"&gt;&lt;i class="fas fa-arrow-left"&gt;&lt;/i&gt;&lt;/a&gt;',
                nextArrow: '&lt;a class="slider-control slick-next"&gt;&lt;i class="fas fa-arrow-right"&gt;&lt;/i&gt;&lt;/a&gt;',
                dots: true,
                appendDots: $('.similar-slider-dots')
            });

            setTimeout(function (){
                $('.similar-slider').removeClass('d-none');
                $('.similar-slider')[0].slick.refresh();
            }, 200);

                        loanCalculator();
                            }).on('click', 'a.req-doc', function(){
            let doc = $(this).data('document'), docName = $(this).data('doc-name');
            $.ajax({
                url: 'https://www.lelongtips.com.my/property/request-doc',
                type: 'POST',
                data: {listing_id: '760218', doc: doc},
                dataType: 'JSON',
                success: function (res) {
                    if(res.hasOwnProperty('action')){
                        aucDocAction(res, doc, docName);
                    }else{
                        responseModal.find(".modal-body").html('Invalid Request').end().modal('show');
                    }
                },
                error: function () {
                    responseModal.find(".modal-body").html('Invalid Request').end().modal('show');
                }
            });
                }).on('click', 'a.req-pos', function(){
            let doc = 'e-pos', docName = 'E-POS';
            $.ajax({
                url: 'https://www.lelongtips.com.my/property/request-pos',
                type: 'POST',
                data: {listing_id: '760218', doc: doc},
                dataType: 'JSON',
                success: function (res) {
                    if(res.hasOwnProperty('action')){
                        reqPOSAction(res, doc, docName);
                    }else{
                        responseModal.find(".modal-body").html('Invalid Request').end().modal('show');
                    }
                },
                error: function () {
                    responseModal.find(".modal-body").html('Invalid Request').end().modal('show');
                }
            });
        });

        function aucDocAction(res, doc, docName){
            switch(res.action){
                case "topup":
                    responseModal.find(".modal-body").html('&lt;h4 class="text-center"&gt;Insufficient Credit&lt;/h4&gt;&lt;p&gt;Credits Required: '+res.credit+'&lt;br /&gt;&lt;br /&gt;You have insufficient credit to submit your request. Please click here to &lt;a href="/topup" target="_blank"&gt;Top Up&lt;/a&gt;.&lt;/p&gt;').end().modal('show');
                    break;
                case "confirm":
                    $("#confirmModal").find(".modal-body").html('&lt;h4 class="text-center"&gt;Credit Required&lt;/h4&gt;&lt;p&gt;Download '+docName+' for this property will be charged at '+res.credit+' credit. Confirm to proceed?&lt;/p&gt;').end().modal('show');
                    $('.confirm-credit').on('click', function(){
                        $("#confirmModal").modal('hide');
                        $.ajax({
                            url: 'https://www.lelongtips.com.my/property/request-doc',
                            type: 'POST',
                            data: {listing_id: '760218', doc: doc, confirm: 1},
                            dataType: 'JSON',
                            success: function (res) {
                                if(res.hasOwnProperty('action')){
                                    aucDocAction(res, doc, docName);
                                }else{
                                    responseModal.find(".modal-body").html('Invalid Request').end().modal('show');
                                }
                            },
                            error: function () {
                                responseModal.find(".modal-body").html('Invalid Request').end().modal('show');
                            }
                        });
                    });
                    break;
                case "fancybox":
                    $.ajax({
                        url: 'https://www.lelongtips.com.my/property/download-doc',
                        type: 'POST',
                        data: {listing_id: '760218', doc: doc},
                        dataType: 'JSON',
                        success: function (res) {
                            if(res.hasOwnProperty('doc')){
                                Fancybox.show(res.doc);
                            }
                        },
                        error: function () {
                            responseModal.find(".modal-body").html('Invalid Request').end().modal('show');
                        }
                    });
                    break;
                default:
                    responseModal.find(".modal-body").html('Invalid Request').end().modal('show');
                    break;
            }
        }

        function reqPOSAction(res, doc, docName){
            switch(res.action){
                case "topup":
                    responseModal.find(".modal-body").html('&lt;h4 class="text-center"&gt;Insufficient Credit&lt;/h4&gt;&lt;p&gt;Credits Required: '+res.credit+'&lt;br /&gt;&lt;br /&gt;You have insufficient credit to submit your request. Please click here to &lt;a href="/topup" target="_blank"&gt;Top Up&lt;/a&gt;.&lt;/p&gt;').end().modal('show');
                    break;
                case "request":
                    $("#requestPOSModal").modal('show');
                    break;
                default:
                    responseModal.find(".modal-body").html('Invalid Request').end().modal('show');
                    break;
            }
        }

        
        $(window).on('load', function(){
            $('.similar-slider')[0].slick.refresh();
        }).on('resize', function(){
            $('.similar-slider')[0].slick.refresh();
        });

                function loanCalculator(){
            var amount = $("form[name=loan-calc] input[name=amount]").val().replace(/,/g, '');
            var downpayment = $("form[name=loan-calc] input[name=downpayment]").val();
            var interest = $("form[name=loan-calc] input[name=interest]").val();
            var years = $("form[name=loan-calc] input[name=years]").val();

            if(amount &amp;&amp; interest &amp;&amp; years){
                var first = (100-downpayment)/100;
                var rate=interest/1200;
                var months=years*12;
                var payment=((amount*rate*first)/(1-Math.pow((1+rate),-months)));
                var loanamount = ((amount*first));
                var monthly_payment = parseFloat(payment.toFixed(2)).toLocaleString().replace(/\.([0-9])$/, ".$10");
                $("form[name=loan-calc] input[name=monthly-payment]").val(monthly_payment);
                $("form[name=loan-calc] input[name=loan-amount]").val(parseFloat(loanamount.toFixed(2)).toLocaleString().replace(/\.([0-9])$/, ".$10"));
            }else{
                $("form[name=loan-calc] input[name=monthly-payment]").val(0);
                $("form[name=loan-calc] input[name=loan-amount]").val(0);
            }

            if($('span.monthly-payment').length){
                $('span.monthly-payment').text(monthly_payment);
            }
        }
        
        
        var popupSize = {
            width: 780,
            height: 550
        };

        $(document).on('click', '.social-button', function (e) {
            var verticalPos = Math.floor(($(window).width() - popupSize.width) / 2),
                horisontalPos = Math.floor(($(window).height() - popupSize.height) / 2);

            var popup = window.open($(this).prop('href'), 'social',
                'width=' + popupSize.width + ',height=' + popupSize.height +
                ',left=' + verticalPos + ',top=' + horisontalPos +
                ',location=0,menubar=0,toolbar=0,status=0,scrollbars=1,resizable=1');

            if (popup) {
                popup.focus();
                e.preventDefault();
            }

        });

        function copyURL(elem){
            let url = document.getElementById($(elem).attr('data-copy-from')), range = document.createRange();

            if (window.clipboardData &amp;&amp; window.clipboardData.setData) {
                return clipboardData.setData("Text", url);
            } else if (document.queryCommandSupported &amp;&amp; document.queryCommandSupported("copy")) {
                range.selectNode(url);
                window.getSelection().addRange(range);
                try {
                    return document.execCommand("copy");
                } catch (ex) {
                    console.warn("Copy to clipboard failed.", ex);
                    return false;
                } finally {
                    $(elem).parents('.row').find($(elem).attr('data-respond')).first().text('Link copied');
                    window.getSelection().removeAllRanges();
                }
            }
        }
    &lt;/script&gt;
&lt;/body&gt;
&lt;/html&gt;
text special : Auction Date &amp; Time

                                        19th Jun 2024 (Wed), 9.00AM
                                    


Auction Price

                                        RM207,000.00
                                    




Past Auction Price:

RM230,000 (Jan 2024)




Reduced By:

-10% (RM23,000)




Reduced By:

-10% (RM23,000)
text special : Built Up / Land Area

                                        720 sq.ft / 1,098 sq.ft
                                    


Tenure

                                        Freehold
                                    


Deposit

                                        10%
text special : Plaintiff / Assignee

                                                Premium VIP Only
                                            


Auctioneer

                                                Premium VIP Only
                                            


Auction Venue

                                                Premium VIP Only
                                            


Solicitor

                                                Premium VIP Only
                                            


Defendant / Assignor

                                                Premium VIP Only
                                            


Referral Fee

                                                Premium VIP Only
                                            


Bank Payout Rate

                                                Premium VIP Only
total old =36
total new =0</msg>
<msg time="2024-05-24T17:14:39.669754" level="INFO">C:\Users\r.a.ling\Documents\rckl-llt.github.io\Lelongtips\sherlock-dms\resources\restAPI\Main\Main.py:1160: GuessedAtParserWarning: No parser was explicitly specified, so I'm using the best available HTML parser for this system ("lxml"). This usually isn't a problem, but if you run this code on another system, or in a different virtual environment, it may use a different parser and behave differently.

The code that caused this warning is on line 1160 of the file C:\Users\r.a.ling\Documents\rckl-llt.github.io\Lelongtips\sherlock-dms\resources\restAPI\Main\Main.py. To get rid of this warning, pass the additional argument 'features="lxml"' to the BeautifulSoup constructor.

  parsed_html = BeautifulSoup(body_text)
C:\Users\r.a.ling\Documents\rckl-llt.github.io\Lelongtips\sherlock-dms\resources\restAPI\Main\Main.py:1122: GuessedAtParserWarning: No parser was explicitly specified, so I'm using the best available HTML parser for this system ("lxml"). This usually isn't a problem, but if you run this code on another system, or in a different virtual environment, it may use a different parser and behave differently.

The code that caused this warning is on line 1122 of the file C:\Users\r.a.ling\Documents\rckl-llt.github.io\Lelongtips\sherlock-dms\resources\restAPI\Main\Main.py. To get rid of this warning, pass the additional argument 'features="lxml"' to the BeautifulSoup constructor.

  parsed_html = BeautifulSoup(body_result)</msg>
<msg time="2024-05-24T17:14:39.669754" level="TRACE">Return: None</msg>
<status status="PASS" start="2024-05-24T17:13:49.908025" elapsed="49.762776"/>
</kw>
<doc>Executes main flow</doc>
<tag>flow</tag>
<status status="PASS" start="2024-05-24T17:13:49.908025" elapsed="49.762903"/>
</test>
<doc>[https://pabot.org/?ref=log|Pabot] result from 1 executions.</doc>
<status status="PASS" start="2024-05-24T17:13:44.922000" elapsed="54.748440"/>
</suite>
<statistics>
<total>
<stat pass="1" fail="0" skip="0">All Tests</stat>
</total>
<tag>
<stat pass="1" fail="0" skip="0">flow</stat>
</tag>
<suite>
<stat pass="1" fail="0" skip="0" id="s1" name="Main">Main</stat>
</suite>
</statistics>
<errors>
<msg time="2024-05-24T17:13:45.584722" level="WARN">Imported library 'C:\Users\r.a.ling\Documents\rckl-llt.github.io\Lelongtips\sherlock-dms\resources\TransactionFormula.py' contains no keywords.</msg>
</errors>
</robot>
