<?xml version="1.0" encoding="UTF-8"?>
<robot generator="Rebot 6.0.1 (Python 3.10.4 on win32)" generated="20230612 14:51:27.969" rpa="false" schemaversion="3">
<suite id="s1" name="Main" source="G:\My Drive\Python\Scraper\Lelongtips\sherlock-dms\tests\restAPI\Main\Main.robot">
<test id="s1-t1" name="1 - Executes Main flow" line="6">
<kw name="When user runs main flow" library="Main">
<msg timestamp="20230612 14:50:58.870" level="TRACE">Arguments: [  ]</msg>
<msg timestamp="20230612 14:50:58.873" level="DEBUG">Starting new HTTPS connection (1): www.lelongtips.com.my:443</msg>
<msg timestamp="20230612 14:50:59.755" level="DEBUG">https://www.lelongtips.com.my:443 "GET /search?keyword=&amp;property_type%5B%5D=1&amp;property_type%5B%5D=4&amp;property_type%5B%5D=5&amp;property_type%5B%5D=3&amp;min_price=150000&amp;max_price=1000000&amp;min_size=&amp;max_size=&amp;sort=price-asc&amp;listing_status=upcoming&amp;page=1 HTTP/1.1" 200 None</msg>
<msg timestamp="20230612 14:50:59.759" level="DEBUG">Starting new HTTPS connection (1): www.lelongtips.com.my:443</msg>
<msg timestamp="20230612 14:51:00.255" level="DEBUG">https://www.lelongtips.com.my:443 "GET /search?keyword=&amp;property_type%5B%5D=1&amp;property_type%5B%5D=4&amp;property_type%5B%5D=5&amp;property_type%5B%5D=3&amp;min_price=150000&amp;max_price=1000000&amp;min_size=&amp;max_size=&amp;sort=price-asc&amp;listing_status=upcoming&amp;page=1 HTTP/1.1" 200 None</msg>
<msg timestamp="20230612 14:51:02.417" level="DEBUG">Starting new HTTPS connection (1): www.lelongtips.com.my:443</msg>
<msg timestamp="20230612 14:51:02.980" level="DEBUG">https://www.lelongtips.com.my:443 "GET /search?keyword=&amp;property_type%5B%5D=1&amp;property_type%5B%5D=4&amp;property_type%5B%5D=5&amp;property_type%5B%5D=3&amp;min_price=150000&amp;max_price=1000000&amp;min_size=&amp;max_size=&amp;sort=price-asc&amp;listing_status=upcoming&amp;page=2 HTTP/1.1" 200 None</msg>
<msg timestamp="20230612 14:51:06.438" level="DEBUG">Converted retries value: 2 -&gt; Retry(total=2, connect=None, read=None, redirect=None, status=None)</msg>
<msg timestamp="20230612 14:51:06.439" level="DEBUG">Converted retries value: 2 -&gt; Retry(total=2, connect=None, read=None, redirect=None, status=None)</msg>
<msg timestamp="20230612 14:51:06.449" level="DEBUG">Starting new HTTPS connection (1): maps.googleapis.com:443</msg>
<msg timestamp="20230612 14:51:06.621" level="DEBUG">https://maps.googleapis.com:443 "GET /maps/api/geocode/json?address=Jalan+SB+15%2C+Taman+Seri+Bertam%2C+75250+Tanjung+Minyak%2C+Melaka&amp;key=AIzaSyCFnR_9wkfFiy0Xui-qf4tXXe3T5aQ0yZk HTTP/1.1" 200 None</msg>
<msg timestamp="20230612 14:51:06.629" level="DEBUG">Converted retries value: 2 -&gt; Retry(total=2, connect=None, read=None, redirect=None, status=None)</msg>
<msg timestamp="20230612 14:51:06.630" level="DEBUG">Converted retries value: 2 -&gt; Retry(total=2, connect=None, read=None, redirect=None, status=None)</msg>
<msg timestamp="20230612 14:51:06.717" level="DEBUG">https://maps.googleapis.com:443 "GET /maps/api/geocode/json?address=Lorong+Semarak+Api+1%2C+Bandar+Baru+Air+Itam%2C+11500+Ayer+Itam%2C+Penang&amp;key=AIzaSyCFnR_9wkfFiy0Xui-qf4tXXe3T5aQ0yZk HTTP/1.1" 200 None</msg>
<msg timestamp="20230612 14:51:06.720" level="DEBUG">Converted retries value: 2 -&gt; Retry(total=2, connect=None, read=None, redirect=None, status=None)</msg>
<msg timestamp="20230612 14:51:06.720" level="DEBUG">Converted retries value: 2 -&gt; Retry(total=2, connect=None, read=None, redirect=None, status=None)</msg>
<msg timestamp="20230612 14:51:06.805" level="DEBUG">https://maps.googleapis.com:443 "GET /maps/api/geocode/json?address=Jalan+Pondok+Lama%2C+Kampung+Bechah+Peleting%2C+17500+Tanah+Merah%2C+Kelantan&amp;key=AIzaSyCFnR_9wkfFiy0Xui-qf4tXXe3T5aQ0yZk HTTP/1.1" 200 None</msg>
<msg timestamp="20230612 14:51:06.807" level="DEBUG">Converted retries value: 2 -&gt; Retry(total=2, connect=None, read=None, redirect=None, status=None)</msg>
<msg timestamp="20230612 14:51:06.808" level="DEBUG">Converted retries value: 2 -&gt; Retry(total=2, connect=None, read=None, redirect=None, status=None)</msg>
<msg timestamp="20230612 14:51:06.886" level="DEBUG">https://maps.googleapis.com:443 "GET /maps/api/geocode/json?address=Taman+Seri+Batik+Teluk+Muruh%2C+32200%2C+Lumut%2C+Perak&amp;key=AIzaSyCFnR_9wkfFiy0Xui-qf4tXXe3T5aQ0yZk HTTP/1.1" 200 None</msg>
<msg timestamp="20230612 14:51:06.888" level="DEBUG">Converted retries value: 2 -&gt; Retry(total=2, connect=None, read=None, redirect=None, status=None)</msg>
<msg timestamp="20230612 14:51:06.888" level="DEBUG">Converted retries value: 2 -&gt; Retry(total=2, connect=None, read=None, redirect=None, status=None)</msg>
<msg timestamp="20230612 14:51:06.963" level="DEBUG">https://maps.googleapis.com:443 "GET /maps/api/geocode/json?address=Jalan+RJ+2%2F18%2C+Taman+Rasah+Jaya%2C+70300+Seremban%2C+Negeri+Sembilan&amp;key=AIzaSyCFnR_9wkfFiy0Xui-qf4tXXe3T5aQ0yZk HTTP/1.1" 200 None</msg>
<msg timestamp="20230612 14:51:06.965" level="DEBUG">Converted retries value: 2 -&gt; Retry(total=2, connect=None, read=None, redirect=None, status=None)</msg>
<msg timestamp="20230612 14:51:06.965" level="DEBUG">Converted retries value: 2 -&gt; Retry(total=2, connect=None, read=None, redirect=None, status=None)</msg>
<msg timestamp="20230612 14:51:07.020" level="DEBUG">https://maps.googleapis.com:443 "GET /maps/api/geocode/json?address=Jalan+Mesra%2C+Taman+Mesra+Rakyat%2C+31900+Kampar%2C+Perak&amp;key=AIzaSyCFnR_9wkfFiy0Xui-qf4tXXe3T5aQ0yZk HTTP/1.1" 200 None</msg>
<msg timestamp="20230612 14:51:07.023" level="DEBUG">Converted retries value: 2 -&gt; Retry(total=2, connect=None, read=None, redirect=None, status=None)</msg>
<msg timestamp="20230612 14:51:07.024" level="DEBUG">Converted retries value: 2 -&gt; Retry(total=2, connect=None, read=None, redirect=None, status=None)</msg>
<msg timestamp="20230612 14:51:07.102" level="DEBUG">https://maps.googleapis.com:443 "GET /maps/api/geocode/json?address=Laluan+Wawasan+6%2C+Taman+Wawasan+Tronoh%2C+31750+Tronoh%2C+Perak&amp;key=AIzaSyCFnR_9wkfFiy0Xui-qf4tXXe3T5aQ0yZk HTTP/1.1" 200 None</msg>
<msg timestamp="20230612 14:51:07.105" level="DEBUG">Converted retries value: 2 -&gt; Retry(total=2, connect=None, read=None, redirect=None, status=None)</msg>
<msg timestamp="20230612 14:51:07.106" level="DEBUG">Converted retries value: 2 -&gt; Retry(total=2, connect=None, read=None, redirect=None, status=None)</msg>
<msg timestamp="20230612 14:51:07.181" level="DEBUG">https://maps.googleapis.com:443 "GET /maps/api/geocode/json?address=Tingkat+Kledang+17%2C+Taman+Kledang+Sentosa%2C+31450+Menglembu%2C+Perak&amp;key=AIzaSyCFnR_9wkfFiy0Xui-qf4tXXe3T5aQ0yZk HTTP/1.1" 200 None</msg>
<msg timestamp="20230612 14:51:07.183" level="DEBUG">Converted retries value: 2 -&gt; Retry(total=2, connect=None, read=None, redirect=None, status=None)</msg>
<msg timestamp="20230612 14:51:07.183" level="DEBUG">Converted retries value: 2 -&gt; Retry(total=2, connect=None, read=None, redirect=None, status=None)</msg>
<msg timestamp="20230612 14:51:07.227" level="DEBUG">https://maps.googleapis.com:443 "GET /maps/api/geocode/json?address=Jalan+Diawan+7%2C+Taman+Permai%2C+31950+Mambang+Diawan%2C+Perak&amp;key=AIzaSyCFnR_9wkfFiy0Xui-qf4tXXe3T5aQ0yZk HTTP/1.1" 200 None</msg>
<msg timestamp="20230612 14:51:07.230" level="DEBUG">Converted retries value: 2 -&gt; Retry(total=2, connect=None, read=None, redirect=None, status=None)</msg>
<msg timestamp="20230612 14:51:07.230" level="DEBUG">Converted retries value: 2 -&gt; Retry(total=2, connect=None, read=None, redirect=None, status=None)</msg>
<msg timestamp="20230612 14:51:07.267" level="DEBUG">https://maps.googleapis.com:443 "GET /maps/api/geocode/json?address=Jalan+Chemor+Mesra+4%2C+Taman+Chemor+Mesra%2C+31200+Chemor%2C+Perak&amp;key=AIzaSyCFnR_9wkfFiy0Xui-qf4tXXe3T5aQ0yZk HTTP/1.1" 200 None</msg>
<msg timestamp="20230612 14:51:07.269" level="DEBUG">Converted retries value: 2 -&gt; Retry(total=2, connect=None, read=None, redirect=None, status=None)</msg>
<msg timestamp="20230612 14:51:07.270" level="DEBUG">Converted retries value: 2 -&gt; Retry(total=2, connect=None, read=None, redirect=None, status=None)</msg>
<msg timestamp="20230612 14:51:07.309" level="DEBUG">https://maps.googleapis.com:443 "GET /maps/api/geocode/json?address=Taman+SL+Permata%2C+Hutan+Pasir%2C+16450+Ketereh%2C+Kelantan&amp;key=AIzaSyCFnR_9wkfFiy0Xui-qf4tXXe3T5aQ0yZk HTTP/1.1" 200 None</msg>
<msg timestamp="20230612 14:51:07.310" level="DEBUG">Converted retries value: 2 -&gt; Retry(total=2, connect=None, read=None, redirect=None, status=None)</msg>
<msg timestamp="20230612 14:51:07.311" level="DEBUG">Converted retries value: 2 -&gt; Retry(total=2, connect=None, read=None, redirect=None, status=None)</msg>
<msg timestamp="20230612 14:51:07.345" level="DEBUG">https://maps.googleapis.com:443 "GET /maps/api/geocode/json?address=Jalan+Sm+3%2C+Taman+Seri+Manggis%2C+78000+Alor+Gajah%2C+Melaka&amp;key=AIzaSyCFnR_9wkfFiy0Xui-qf4tXXe3T5aQ0yZk HTTP/1.1" 200 None</msg>
<msg timestamp="20230612 14:51:07.347" level="DEBUG">Converted retries value: 2 -&gt; Retry(total=2, connect=None, read=None, redirect=None, status=None)</msg>
<msg timestamp="20230612 14:51:07.348" level="DEBUG">Converted retries value: 2 -&gt; Retry(total=2, connect=None, read=None, redirect=None, status=None)</msg>
<msg timestamp="20230612 14:51:07.440" level="DEBUG">https://maps.googleapis.com:443 "GET /maps/api/geocode/json?address=Pangsapuri+Rosana+Villa%2C+Jalan+Putra+Perdana+9%2C+Taman+Putra+Perdana%2C+47130+Puchong%2C+Selangor&amp;key=AIzaSyCFnR_9wkfFiy0Xui-qf4tXXe3T5aQ0yZk HTTP/1.1" 200 None</msg>
<msg timestamp="20230612 14:51:07.442" level="DEBUG">Converted retries value: 2 -&gt; Retry(total=2, connect=None, read=None, redirect=None, status=None)</msg>
<msg timestamp="20230612 14:51:07.442" level="DEBUG">Converted retries value: 2 -&gt; Retry(total=2, connect=None, read=None, redirect=None, status=None)</msg>
<msg timestamp="20230612 14:51:07.505" level="DEBUG">https://maps.googleapis.com:443 "GET /maps/api/geocode/json?address=Taman+Mas+Kg+Koh%2C+32000+Sitiawan%2C+Perak&amp;key=AIzaSyCFnR_9wkfFiy0Xui-qf4tXXe3T5aQ0yZk HTTP/1.1" 200 None</msg>
<msg timestamp="20230612 14:51:07.511" level="DEBUG">Converted retries value: 2 -&gt; Retry(total=2, connect=None, read=None, redirect=None, status=None)</msg>
<msg timestamp="20230612 14:51:07.511" level="DEBUG">Converted retries value: 2 -&gt; Retry(total=2, connect=None, read=None, redirect=None, status=None)</msg>
<msg timestamp="20230612 14:51:07.603" level="DEBUG">https://maps.googleapis.com:443 "GET /maps/api/geocode/json?address=Jalan+Dewi%2C+Taman+Mambang%2C+31950+Mambang+Di+Awan%2C+Perak&amp;key=AIzaSyCFnR_9wkfFiy0Xui-qf4tXXe3T5aQ0yZk HTTP/1.1" 200 None</msg>
<msg timestamp="20230612 14:51:07.607" level="DEBUG">Converted retries value: 2 -&gt; Retry(total=2, connect=None, read=None, redirect=None, status=None)</msg>
<msg timestamp="20230612 14:51:07.608" level="DEBUG">Converted retries value: 2 -&gt; Retry(total=2, connect=None, read=None, redirect=None, status=None)</msg>
<msg timestamp="20230612 14:51:07.700" level="DEBUG">https://maps.googleapis.com:443 "GET /maps/api/geocode/json?address=Jalan+Mutiara+5%2F6%2C+Taman+Mutiara+%281001-1500%29%2C+09700+Karangan%2C+Kedah&amp;key=AIzaSyCFnR_9wkfFiy0Xui-qf4tXXe3T5aQ0yZk HTTP/1.1" 200 None</msg>
<msg timestamp="20230612 14:51:07.702" level="DEBUG">Converted retries value: 2 -&gt; Retry(total=2, connect=None, read=None, redirect=None, status=None)</msg>
<msg timestamp="20230612 14:51:07.702" level="DEBUG">Converted retries value: 2 -&gt; Retry(total=2, connect=None, read=None, redirect=None, status=None)</msg>
<msg timestamp="20230612 14:51:07.787" level="DEBUG">https://maps.googleapis.com:443 "GET /maps/api/geocode/json?address=Block+11%2C+No.+22%2C+Jalan+PJS+2S%2F1%2C+Desa+Mentari+3%2C+46000+Petaling+Jaya%2C+Selangor&amp;key=AIzaSyCFnR_9wkfFiy0Xui-qf4tXXe3T5aQ0yZk HTTP/1.1" 200 None</msg>
<msg timestamp="20230612 14:51:07.792" level="DEBUG">Converted retries value: 2 -&gt; Retry(total=2, connect=None, read=None, redirect=None, status=None)</msg>
<msg timestamp="20230612 14:51:07.793" level="DEBUG">Converted retries value: 2 -&gt; Retry(total=2, connect=None, read=None, redirect=None, status=None)</msg>
<msg timestamp="20230612 14:51:07.905" level="DEBUG">https://maps.googleapis.com:443 "GET /maps/api/geocode/json?address=Lorong+Penor+Aman+10%2C+26060+Kuantan%2C+Pahang&amp;key=AIzaSyCFnR_9wkfFiy0Xui-qf4tXXe3T5aQ0yZk HTTP/1.1" 200 None</msg>
<msg timestamp="20230612 14:51:07.907" level="DEBUG">Converted retries value: 2 -&gt; Retry(total=2, connect=None, read=None, redirect=None, status=None)</msg>
<msg timestamp="20230612 14:51:07.907" level="DEBUG">Converted retries value: 2 -&gt; Retry(total=2, connect=None, read=None, redirect=None, status=None)</msg>
<msg timestamp="20230612 14:51:08.003" level="DEBUG">https://maps.googleapis.com:443 "GET /maps/api/geocode/json?address=Lorong+Penor+Aman+7%2C+26060+Kuantan%2C+Pahang&amp;key=AIzaSyCFnR_9wkfFiy0Xui-qf4tXXe3T5aQ0yZk HTTP/1.1" 200 None</msg>
<msg timestamp="20230612 14:51:08.005" level="DEBUG">Converted retries value: 2 -&gt; Retry(total=2, connect=None, read=None, redirect=None, status=None)</msg>
<msg timestamp="20230612 14:51:08.005" level="DEBUG">Converted retries value: 2 -&gt; Retry(total=2, connect=None, read=None, redirect=None, status=None)</msg>
<msg timestamp="20230612 14:51:08.035" level="DEBUG">https://maps.googleapis.com:443 "GET /maps/api/geocode/json?address=Lorong+Penor+Aman+9%2C+26060+Kuantan%2C+Pahang&amp;key=AIzaSyCFnR_9wkfFiy0Xui-qf4tXXe3T5aQ0yZk HTTP/1.1" 200 None</msg>
<msg timestamp="20230612 14:51:08.036" level="DEBUG">Converted retries value: 2 -&gt; Retry(total=2, connect=None, read=None, redirect=None, status=None)</msg>
<msg timestamp="20230612 14:51:08.037" level="DEBUG">Converted retries value: 2 -&gt; Retry(total=2, connect=None, read=None, redirect=None, status=None)</msg>
<msg timestamp="20230612 14:51:08.171" level="DEBUG">https://maps.googleapis.com:443 "GET /maps/api/geocode/json?address=Jalan+Anggerik+7%2C+Taman+PD+Utama%2C+71000+Port+Dickson%2C+Negeri+Sembilan&amp;key=AIzaSyCFnR_9wkfFiy0Xui-qf4tXXe3T5aQ0yZk HTTP/1.1" 200 None</msg>
<msg timestamp="20230612 14:51:08.176" level="DEBUG">Converted retries value: 2 -&gt; Retry(total=2, connect=None, read=None, redirect=None, status=None)</msg>
<msg timestamp="20230612 14:51:08.296" level="DEBUG">Converted retries value: 2 -&gt; Retry(total=2, connect=None, read=None, redirect=None, status=None)</msg>
<msg timestamp="20230612 14:51:08.336" level="DEBUG">https://maps.googleapis.com:443 "GET /maps/api/geocode/json?address=Taman+SL+Lemal%2C+Kampung+Kekabu%2C+17000+Pasir+Mas%2C+Kelantan&amp;key=AIzaSyCFnR_9wkfFiy0Xui-qf4tXXe3T5aQ0yZk HTTP/1.1" 200 None</msg>
<msg timestamp="20230612 14:51:08.344" level="DEBUG">Converted retries value: 2 -&gt; Retry(total=2, connect=None, read=None, redirect=None, status=None)</msg>
<msg timestamp="20230612 14:51:08.348" level="DEBUG">Converted retries value: 2 -&gt; Retry(total=2, connect=None, read=None, redirect=None, status=None)</msg>
<msg timestamp="20230612 14:51:08.469" level="DEBUG">https://maps.googleapis.com:443 "GET /maps/api/geocode/json?address=Jalan+Kampung+Besut%2C+24000+Cukai%2C+Terengganu&amp;key=AIzaSyCFnR_9wkfFiy0Xui-qf4tXXe3T5aQ0yZk HTTP/1.1" 200 None</msg>
<msg timestamp="20230612 14:51:08.472" level="DEBUG">Converted retries value: 2 -&gt; Retry(total=2, connect=None, read=None, redirect=None, status=None)</msg>
<msg timestamp="20230612 14:51:08.473" level="DEBUG">Converted retries value: 2 -&gt; Retry(total=2, connect=None, read=None, redirect=None, status=None)</msg>
<msg timestamp="20230612 14:51:08.549" level="DEBUG">https://maps.googleapis.com:443 "GET /maps/api/geocode/json?address=Lorong+Tun+Ismail+6%2C+Sri+Dagangan+Kuantan%2C+25000+Kuantan%2C+Pahang&amp;key=AIzaSyCFnR_9wkfFiy0Xui-qf4tXXe3T5aQ0yZk HTTP/1.1" 200 None</msg>
<msg timestamp="20230612 14:51:08.698" level="DEBUG">Popen(['git', 'add', '--update'], cwd=G:\My Drive\Python\Scraper, universal_newlines=False, shell=None, istream=None)</msg>
<msg timestamp="20230612 14:51:11.153" level="DEBUG">Popen(['git', 'cat-file', '--batch-check'], cwd=G:\My Drive\Python\Scraper, universal_newlines=False, shell=None, istream=&lt;valid stream&gt;)</msg>
<msg timestamp="20230612 14:51:11.830" level="DEBUG">Popen(['git', 'cat-file', '--batch'], cwd=G:\My Drive\Python\Scraper, universal_newlines=False, shell=None, istream=&lt;valid stream&gt;)</msg>
<msg timestamp="20230612 14:51:12.331" level="DEBUG">Popen(['git', 'push', '--porcelain', '--', 'origin'], cwd=G:\My Drive\Python\Scraper, universal_newlines=True, shell=None, istream=None)</msg>
<msg timestamp="20230612 14:51:27.137" level="DEBUG">Starting new HTTPS connection (1): graph.facebook.com:443</msg>
<msg timestamp="20230612 14:51:27.448" level="DEBUG">https://graph.facebook.com:443 "POST /v13.0/%3Cwhatsapp-phone-id%3E/messages HTTP/1.1" 401 152</msg>
<msg timestamp="20230612 14:51:27.451" level="INFO">now i am at page 1
now i am at page 2
draft_content= 2
draft_content[0]= 12
prior to storm 150000 1302
i am in okay price 
                    &lt;p&gt; 14 Jun 2023 (Wed) &lt;/p&gt;
                    &lt;p&gt; RM 150000 &lt;/p&gt;
                    &lt;h2&gt; 1 Storey Terrace House &lt;/h2&gt;
                    &lt;h1&gt; Taman Seri Bertam (Taman Desa Tanjung Minyak), Melaka &lt;/h1&gt;
                    &lt;p&gt;Details:- &lt;/p&gt;
                    &lt;ul&gt;
                        &lt;li&gt;buildup= 1302&lt;/li&gt;
                        &lt;li&gt;others= Title, 1st Auction, 1,302 sq.ft, LH, KOD A, Intermediate,  online bidding, RM115 per sf &lt;/li&gt;
                        &lt;li&gt; status= None &lt;/li&gt;
                        &lt;li&gt;FormattedAddress= Jalan SB 15, 76450 Alor Gajah, Melaka, Malaysia &lt;/li&gt;                    
                    &lt;/ul&gt;
                    &lt;/p&gt;
                    &lt;p&gt;More details  &lt;a href="https://www.lelongtips.com.my/property/WHdGdHJjeTBLbjJNRTM0RE9uenRQQT09/Lelong-Auction-1-Storey-Terrace-House-in-Taman-Seri-Bertam-Melaka-for-RM150000" target=window.name&gt; click here &lt;/a&gt;&lt;/p&gt;
                    
prior to storm 150000 611
i am in okay price 
                    &lt;p&gt; 13 Jul 2023 (Thu) &lt;/p&gt;
                    &lt;p&gt; RM 150000 &lt;/p&gt;
                    &lt;h2&gt; Apartment &lt;/h2&gt;
                    &lt;h1&gt; Asia Heights (Seri Semarak), Penang &lt;/h1&gt;
                    &lt;p&gt;Details:- &lt;/p&gt;
                    &lt;ul&gt;
                        &lt;li&gt;buildup= 611&lt;/li&gt;
                        &lt;li&gt;others= Title, 1st Auction, 611 sq.ft, FH, 3  bedroom,  online bidding, RM246 per sf &lt;/li&gt;
                        &lt;li&gt; status= None &lt;/li&gt;
                        &lt;li&gt;FormattedAddress= Lorong Semarak Api 1, Bandar Baru Air Itam, 11500 Ayer Itam, Pulau Pinang, Malaysia &lt;/li&gt;                    
                    &lt;/ul&gt;
                    &lt;/p&gt;
                    &lt;p&gt;More details  &lt;a href="https://www.lelongtips.com.my/property/K1dIZHJEYlZLc0cwVVZTbnhlTFdPUT09/Lelong-Auction-Apartment-in-Ayer-Itam-Penang-for-RM150000" target=window.name&gt; click here &lt;/a&gt;&lt;/p&gt;
                    
prior to storm 150000 1679
i am in okay price 
                    &lt;p&gt; 15 Jun 2023 (Thu) &lt;/p&gt;
                    &lt;p&gt; RM 150000 &lt;/p&gt;
                    &lt;h2&gt; 1 Storey Terrace House &lt;/h2&gt;
                    &lt;h1&gt; Kampung Bechah Peleting, Kelantan &lt;/h1&gt;
                    &lt;p&gt;Details:- &lt;/p&gt;
                    &lt;ul&gt;
                        &lt;li&gt;buildup= 1679&lt;/li&gt;
                        &lt;li&gt;others= Title, 1st Auction, 1,679 sq.ft, FH, Intermediate,  online bidding, RM89 per sf &lt;/li&gt;
                        &lt;li&gt; status= None &lt;/li&gt;
                        &lt;li&gt;FormattedAddress= Jalan Pondok Lama, Tanah Merah, 17500 Tanah Merah, Kelantan, Malaysia &lt;/li&gt;                    
                    &lt;/ul&gt;
                    &lt;/p&gt;
                    &lt;p&gt;More details  &lt;a href="https://www.lelongtips.com.my/property/RE81OWNpeDBVU1RKLzJzdUVYYWlVQT09/Lelong-Auction-1-Storey-Terrace-House-in-Kampung-Bechah-Peleting-Kelantan-for-RM150000" target=window.name&gt; click here &lt;/a&gt;&lt;/p&gt;
                    
prior to storm 150000 1485
i am in okay price 
                    &lt;p&gt; 13 Jun 2023 (Tue) &lt;/p&gt;
                    &lt;p&gt; RM 150000 &lt;/p&gt;
                    &lt;h2&gt; 1 Storey Terrace House &lt;/h2&gt;
                    &lt;h1&gt; Taman Sri Batik, Perak &lt;/h1&gt;
                    &lt;p&gt;Details:- &lt;/p&gt;
                    &lt;ul&gt;
                        &lt;li&gt;buildup= 1485&lt;/li&gt;
                        &lt;li&gt;others= Title, 1st Auction, 1,485 sq.ft, Malay Reserve,  online bidding, RM101 per sf &lt;/li&gt;
                        &lt;li&gt; status= None &lt;/li&gt;
                        &lt;li&gt;FormattedAddress= Jln Teluk Muruh, 32200 Lumut, Perak, Malaysia &lt;/li&gt;                    
                    &lt;/ul&gt;
                    &lt;/p&gt;
                    &lt;p&gt;More details  &lt;a href="https://www.lelongtips.com.my/property/UHN2YTkxSkRkMk5qcmluc05kS012UT09/Lelong-Auction-1-Storey-Terrace-House-in-Taman-Seri-Batik-Teluk-Muruh-Perak-for-RM150000" target=window.name&gt; click here &lt;/a&gt;&lt;/p&gt;
                    
prior to storm 150000 1396
i am in okay price 
                    &lt;p&gt; 14 Jun 2023 (Wed) &lt;/p&gt;
                    &lt;p&gt; RM 150000 &lt;/p&gt;
                    &lt;h2&gt; 2 Storey Terrace House &lt;/h2&gt;
                    &lt;h1&gt; Taman Rasah Jaya, Negeri Sembilan &lt;/h1&gt;
                    &lt;p&gt;Details:- &lt;/p&gt;
                    &lt;ul&gt;
                        &lt;li&gt;buildup= 1396&lt;/li&gt;
                        &lt;li&gt;others= Title, 1st Auction, 1,396 sq.ft, FH, Intermediate,  online bidding, RM107 per sf &lt;/li&gt;
                        &lt;li&gt; status= None &lt;/li&gt;
                        &lt;li&gt;FormattedAddress= Jalan RJ 2/18, Taman Rasah Jaya, 70300 Seremban, Negeri Sembilan, Malaysia &lt;/li&gt;                    
                    &lt;/ul&gt;
                    &lt;/p&gt;
                    &lt;p&gt;More details  &lt;a href="https://www.lelongtips.com.my/property/NjZUSG9ObjVIL255UnF2L0ErRDIzQT09/Lelong-Auction-2-Storey-Terrace-House-in-Taman-Rasah-Jaya-Negeri-Sembilan-for-RM150000" target=window.name&gt; click here &lt;/a&gt;&lt;/p&gt;
                    
prior to storm 150000 1701
i am in okay price 
                    &lt;p&gt; 19 Jun 2023 (Mon) &lt;/p&gt;
                    &lt;p&gt; RM 150000 &lt;/p&gt;
                    &lt;h2&gt; 1 Storey Semi Detached House &lt;/h2&gt;
                    &lt;h1&gt; Taman Mesra Rakyat, Perak &lt;/h1&gt;
                    &lt;p&gt;Details:- &lt;/p&gt;
                    &lt;ul&gt;
                        &lt;li&gt;buildup= 1701&lt;/li&gt;
                        &lt;li&gt;others= Title, 1st Auction, 1,701 sq.ft, LH,  online bidding, RM88 per sf &lt;/li&gt;
                        &lt;li&gt; status= None &lt;/li&gt;
                        &lt;li&gt;FormattedAddress= 2, Jalan Mesra, 31910 Kampar, Perak, Malaysia &lt;/li&gt;                    
                    &lt;/ul&gt;
                    &lt;/p&gt;
                    &lt;p&gt;More details  &lt;a href="https://www.lelongtips.com.my/property/SmdrWVR2dFFRMzlkSDAzbEQ4S2cwdz09/Lelong-Auction-1-Storey-Semi-Detached-House-in-Taman-Mesra-Rakyat-Perak-for-RM150000" target=window.name&gt; click here &lt;/a&gt;&lt;/p&gt;
                    
prior to storm 150000 1798
i am in okay price 
                    &lt;p&gt; 14 Jun 2023 (Wed) &lt;/p&gt;
                    &lt;p&gt; RM 150000 &lt;/p&gt;
                    &lt;h2&gt; 1 Storey Terrace House &lt;/h2&gt;
                    &lt;h1&gt; Taman Tronoh Wawasan, Perak &lt;/h1&gt;
                    &lt;p&gt;Details:- &lt;/p&gt;
                    &lt;ul&gt;
                        &lt;li&gt;buildup= 1798&lt;/li&gt;
                        &lt;li&gt;others= Title, 1st Auction, 1,798 sq.ft, LH, Intermediate,  online bidding, RM83 per sf &lt;/li&gt;
                        &lt;li&gt; status= None &lt;/li&gt;
                        &lt;li&gt;FormattedAddress= Laluan Wawasan 6, 31750 Teronoh, Perak, Malaysia &lt;/li&gt;                    
                    &lt;/ul&gt;
                    &lt;/p&gt;
                    &lt;p&gt;More details  &lt;a href="https://www.lelongtips.com.my/property/U0FpSG8zeE0wSXNtelFOWVdET2trdz09/Lelong-Auction-1-Storey-Terrace-House-in-Taman-Wawasan-Tronoh-Perak-for-RM150000" target=window.name&gt; click here &lt;/a&gt;&lt;/p&gt;
                    
prior to storm 150000 1496
i am in okay price 
                    &lt;p&gt; 13 Jun 2023 (Tue) &lt;/p&gt;
                    &lt;p&gt; RM 150000 &lt;/p&gt;
                    &lt;h2&gt; 1 Storey Terrace House &lt;/h2&gt;
                    &lt;h1&gt; Taman Kledang Sentosa, Perak &lt;/h1&gt;
                    &lt;p&gt;Details:- &lt;/p&gt;
                    &lt;ul&gt;
                        &lt;li&gt;buildup= 1496&lt;/li&gt;
                        &lt;li&gt;others= Title, 1st Auction, 1,496 sq.ft, Intermediate,  online bidding, RM100 per sf &lt;/li&gt;
                        &lt;li&gt; status= None &lt;/li&gt;
                        &lt;li&gt;FormattedAddress= Tingkat Kledang 17, Taman Kledang Sentosa, 31450 Menglembu, Perak, Malaysia &lt;/li&gt;                    
                    &lt;/ul&gt;
                    &lt;/p&gt;
                    &lt;p&gt;More details  &lt;a href="https://www.lelongtips.com.my/property/WVFEdWd0VnVtQWthc0hiUUk2dnVQQT09/Lelong-Auction-1-Storey-Terrace-House-in-Taman-Kledang-Sentosa-Perak-for-RM150000" target=window.name&gt; click here &lt;/a&gt;&lt;/p&gt;
                    
prior to storm 150000 1399
i am in okay price 
                    &lt;p&gt; 20 Jun 2023 (Tue) &lt;/p&gt;
                    &lt;p&gt; RM 150000 &lt;/p&gt;
                    &lt;h2&gt; 1 Storey Terrace House &lt;/h2&gt;
                    &lt;h1&gt; Taman Diawan (Taman Permai / Taman Di Awan), Perak &lt;/h1&gt;
                    &lt;p&gt;Details:- &lt;/p&gt;
                    &lt;ul&gt;
                        &lt;li&gt;buildup= 1399&lt;/li&gt;
                        &lt;li&gt;others= Title, 1st Auction, 1,399 sq.ft, LH,  online bidding, RM107 per sf &lt;/li&gt;
                        &lt;li&gt; status= None &lt;/li&gt;
                        &lt;li&gt;FormattedAddress= Jalan Diawan 7, 31950 Mambang Di Awan, Perak, Malaysia &lt;/li&gt;                    
                    &lt;/ul&gt;
                    &lt;/p&gt;
                    &lt;p&gt;More details  &lt;a href="https://www.lelongtips.com.my/property/OFUvVU5NRS9Md0FwcUhMWndGTEwxQT09/Lelong-Auction-1-Storey-Terrace-House-in-Taman-Permai-Perak-for-RM150000" target=window.name&gt; click here &lt;/a&gt;&lt;/p&gt;
                    
prior to storm 150000 1324
i am in okay price 
                    &lt;p&gt; 5 Jul 2023 (Wed) &lt;/p&gt;
                    &lt;p&gt; RM 150000 &lt;/p&gt;
                    &lt;h2&gt; Terrace House &lt;/h2&gt;
                    &lt;h1&gt; Taman Chemor Mesra, Perak &lt;/h1&gt;
                    &lt;p&gt;Details:- &lt;/p&gt;
                    &lt;ul&gt;
                        &lt;li&gt;buildup= 1324&lt;/li&gt;
                        &lt;li&gt;others= Title, 1st Auction, 1,324 sq.ft, LH, Intermediate,  online bidding, RM113 per sf &lt;/li&gt;
                        &lt;li&gt; status= None &lt;/li&gt;
                        &lt;li&gt;FormattedAddress= Jalan Chemor Mesra 4, 31200 Chemor, Perak, Malaysia &lt;/li&gt;                    
                    &lt;/ul&gt;
                    &lt;/p&gt;
                    &lt;p&gt;More details  &lt;a href="https://www.lelongtips.com.my/property/RDl0WGRjVGpmQVluU3Y1OXQrVk5JQT09/Lelong-Auction-Terrace-House-in-Taman-Chemor-Mesra-Perak-for-RM150000" target=window.name&gt; click here &lt;/a&gt;&lt;/p&gt;
                    
prior to storm 150000 1098
i am in okay price 
                    &lt;p&gt; 10 Jul 2023 (Mon) &lt;/p&gt;
                    &lt;p&gt; RM 150000 &lt;/p&gt;
                    &lt;h2&gt; 1 Storey Terrace House &lt;/h2&gt;
                    &lt;h1&gt; Taman SL Permata, Kelantan &lt;/h1&gt;
                    &lt;p&gt;Details:- &lt;/p&gt;
                    &lt;ul&gt;
                        &lt;li&gt;buildup= 1098&lt;/li&gt;
                        &lt;li&gt;others= Title, 1st Auction, 1,098 sq.ft, FH,  online bidding, RM137 per sf &lt;/li&gt;
                        &lt;li&gt; status= None &lt;/li&gt;
                        &lt;li&gt;FormattedAddress= Taman SL Permata, 773, Jalan Zamrud, Kampung Jelatok, 17500 Tanah Merah, Kelantan, Malaysia &lt;/li&gt;                    
                    &lt;/ul&gt;
                    &lt;/p&gt;
                    &lt;p&gt;More details  &lt;a href="https://www.lelongtips.com.my/property/bWhkQnZEdVF3ZUkzdGxiRWdPMkdJUT09/Lelong-Auction-1-Storey-Terrace-House-in-Taman-SL-Permata-Kelantan-for-RM150000" target=window.name&gt; click here &lt;/a&gt;&lt;/p&gt;
                    
prior to storm 150000 1313
i am in okay price 
                    &lt;p&gt; 12 Jul 2023 (Wed) &lt;/p&gt;
                    &lt;p&gt; RM 150000 &lt;/p&gt;
                    &lt;h2&gt; 1 Storey Terrace House &lt;/h2&gt;
                    &lt;h1&gt; Taman Seri Manggis (Taman Gadek Perdana), Melaka &lt;/h1&gt;
                    &lt;p&gt;Details:- &lt;/p&gt;
                    &lt;ul&gt;
                        &lt;li&gt;buildup= 1313&lt;/li&gt;
                        &lt;li&gt;others= Title, 1st Auction, 1,313 sq.ft, LH, KOD B, Intermediate,  online bidding, RM114 per sf &lt;/li&gt;
                        &lt;li&gt; status= None &lt;/li&gt;
                        &lt;li&gt;FormattedAddress= Jalan Sm, Pekan Selandar, 77500 Selandar, Melaka, Malaysia &lt;/li&gt;                    
                    &lt;/ul&gt;
                    &lt;/p&gt;
                    &lt;p&gt;More details  &lt;a href="https://www.lelongtips.com.my/property/WnZCZHh6RzF3ZjdUSS9EQzlNZnM4Zz09/Lelong-Auction-1-Storey-Terrace-House-in-Taman-Seri-Manggis-Melaka-for-RM150000" target=window.name&gt; click here &lt;/a&gt;&lt;/p&gt;
                    
prior to storm 150000 703
i am in okay price 
                    &lt;p&gt; 26 Jul 2023 (Wed) &lt;/p&gt;
                    &lt;p&gt; RM 150000 &lt;/p&gt;
                    &lt;h2&gt; Rosana Villa Apartment &lt;/h2&gt;
                    &lt;h1&gt; Rosana Villa Apartment, Selangor &lt;/h1&gt;
                    &lt;p&gt;Details:- &lt;/p&gt;
                    &lt;ul&gt;
                        &lt;li&gt;buildup= 703&lt;/li&gt;
                        &lt;li&gt;others= LACA, 1st Auction, 703 sq.ft, LH, Corner Lot,  online bidding, RM213 per sf &lt;/li&gt;
                        &lt;li&gt; status= None &lt;/li&gt;
                        &lt;li&gt;FormattedAddress= Rosana Villa 2A Blok 10, 11, 12, Jalan Putra Perdana 9, Taman Putra Perdana, 47100 Puchong, Selangor, Malaysia &lt;/li&gt;                    
                    &lt;/ul&gt;
                    &lt;/p&gt;
                    &lt;p&gt;More details  &lt;a href="https://www.lelongtips.com.my/property/TXpTM283bUFmQjk4MnZmZVRBdFgzZz09/Lelong-Auction-Rosana-Villa-Apartment-in-Taman-Putra-Perdana-Selangor-for-RM150000" target=window.name&gt; click here &lt;/a&gt;&lt;/p&gt;
                    
prior to storm 150000 1399
i am in okay price 
                    &lt;p&gt; 10 Jul 2023 (Mon) &lt;/p&gt;
                    &lt;p&gt; RM 150000 &lt;/p&gt;
                    &lt;h2&gt; 1 Storey Terrace House &lt;/h2&gt;
                    &lt;h1&gt; Taman Mas, Perak &lt;/h1&gt;
                    &lt;p&gt;Details:- &lt;/p&gt;
                    &lt;ul&gt;
                        &lt;li&gt;buildup= 1399&lt;/li&gt;
                        &lt;li&gt;others= Title, 1st Auction, 1,399 sq.ft,  online bidding, RM107 per sf &lt;/li&gt;
                        &lt;li&gt; status= None &lt;/li&gt;
                        &lt;li&gt;FormattedAddress= Kampung Koh, 32000 Sitiawan, Perak, Malaysia &lt;/li&gt;                    
                    &lt;/ul&gt;
                    &lt;/p&gt;
                    &lt;p&gt;More details  &lt;a href="https://www.lelongtips.com.my/property/YkZWOWdlck9SbGswRkQ4QTNQUXlLdz09/Lelong-Auction-1-Storey-Terrace-House-in-Taman-Mas-Kg-Koh-Perak-for-RM150000" target=window.name&gt; click here &lt;/a&gt;&lt;/p&gt;
                    
prior to storm 150000 1798
i am in okay price 
                    &lt;p&gt; 6 Jul 2023 (Thu) &lt;/p&gt;
                    &lt;p&gt; RM 150000 &lt;/p&gt;
                    &lt;h2&gt; 1 Storey Semi Detached House &lt;/h2&gt;
                    &lt;h1&gt; Taman Mambang, Perak &lt;/h1&gt;
                    &lt;p&gt;Details:- &lt;/p&gt;
                    &lt;ul&gt;
                        &lt;li&gt;buildup= 1798&lt;/li&gt;
                        &lt;li&gt;others= Title, 1st Auction, 1,798 sq.ft, LH,  online bidding, RM83 per sf &lt;/li&gt;
                        &lt;li&gt; status= None &lt;/li&gt;
                        &lt;li&gt;FormattedAddress= Taman Sejahtera Utama, 31950 Kampar, Perak, Malaysia &lt;/li&gt;                    
                    &lt;/ul&gt;
                    &lt;/p&gt;
                    &lt;p&gt;More details  &lt;a href="https://www.lelongtips.com.my/property/UVFXdFlqd0hyUXNTUi9tZEFmZFRjdz09/Lelong-Auction-1-Storey-Semi-Detached-House-in-Taman-Mambang-Perak-for-RM150000" target=window.name&gt; click here &lt;/a&gt;&lt;/p&gt;
                    
prior to storm 150000 1195
i am in okay price 
                    &lt;p&gt; 18 Jul 2023 (Tue) &lt;/p&gt;
                    &lt;p&gt; RM 150000 &lt;/p&gt;
                    &lt;h2&gt; 1 Storey Terrace House &lt;/h2&gt;
                    &lt;h1&gt; Taman Mutiara, Kedah &lt;/h1&gt;
                    &lt;p&gt;Details:- &lt;/p&gt;
                    &lt;ul&gt;
                        &lt;li&gt;buildup= 1195&lt;/li&gt;
                        &lt;li&gt;others= Title, 1st Auction, 1,195 sq.ft, FH,  online bidding, RM126 per sf &lt;/li&gt;
                        &lt;li&gt; status= None &lt;/li&gt;
                        &lt;li&gt;FormattedAddress= Jalan Mutiara 5, Kampung Jangkang, 09600 Karangan, Kedah, Malaysia &lt;/li&gt;                    
                    &lt;/ul&gt;
                    &lt;/p&gt;
                    &lt;p&gt;More details  &lt;a href="https://www.lelongtips.com.my/property/TDdGWVhSZ0RsTGVPSUlpTTlKM0syUT09/Lelong-Auction-1-Storey-Terrace-House-in-Taman-Mutiara-1001-1500-Kedah-for-RM150000" target=window.name&gt; click here &lt;/a&gt;&lt;/p&gt;
                    
prior to storm 150000 657
i am in okay price 
                    &lt;p&gt; 27 Jun 2023 (Tue) &lt;/p&gt;
                    &lt;p&gt; RM 150000 &lt;/p&gt;
                    &lt;h2&gt; Apartment &lt;/h2&gt;
                    &lt;h1&gt; Desa Mentari 3, Selangor &lt;/h1&gt;
                    &lt;p&gt;Details:- &lt;/p&gt;
                    &lt;ul&gt;
                        &lt;li&gt;buildup= 657&lt;/li&gt;
                        &lt;li&gt;others= Title, 1st Auction, 657 sq.ft, LH, 3  bedroom,  online bidding, RM228 per sf &lt;/li&gt;
                        &lt;li&gt; status= None &lt;/li&gt;
                        &lt;li&gt;FormattedAddress= Jln PJS 2d/1, Desa Mentari 3, 46000 Petaling Jaya, Selangor, Malaysia &lt;/li&gt;                    
                    &lt;/ul&gt;
                    &lt;/p&gt;
                    &lt;p&gt;More details  &lt;a href="https://www.lelongtips.com.my/property/bEtDREpGbTVMazVRaHJnRENmSTZ3dz09/Lelong-Auction-Apartment-in-Desa-Mentari-3-Selangor-for-RM150000" target=window.name&gt; click here &lt;/a&gt;&lt;/p&gt;
                    
prior to storm 150000 1195
i am in okay price 
                    &lt;p&gt; 24 Jun 2023 (Sat) &lt;/p&gt;
                    &lt;p&gt; RM 150000 &lt;/p&gt;
                    &lt;h2&gt; 1 Storey Terrace House &lt;/h2&gt;
                    &lt;h1&gt; Kuantan, Pahang &lt;/h1&gt;
                    &lt;p&gt;Details:- &lt;/p&gt;
                    &lt;ul&gt;
                        &lt;li&gt;buildup= 1195&lt;/li&gt;
                        &lt;li&gt;others= LACA, 1st Auction, 1,195 sq.ft, Intermediate,  online bidding, RM126 per sf &lt;/li&gt;
                        &lt;li&gt; status= None &lt;/li&gt;
                        &lt;li&gt;FormattedAddress= 34, Jln K.S 2/4, 26060 Kuantan, Pahang, Malaysia &lt;/li&gt;                    
                    &lt;/ul&gt;
                    &lt;/p&gt;
                    &lt;p&gt;More details  &lt;a href="https://www.lelongtips.com.my/property/YTBlVjVMdnlHaHdzQ2FNTy8yTGNMZz09/Lelong-Auction-1-Storey-Terrace-House-in-Kuantan-Pahang-for-RM150000" target=window.name&gt; click here &lt;/a&gt;&lt;/p&gt;
                    
prior to storm 150000 1195
i am in okay price 
                    &lt;p&gt; 24 Jun 2023 (Sat) &lt;/p&gt;
                    &lt;p&gt; RM 150000 &lt;/p&gt;
                    &lt;h2&gt; 1 Storey Terrace House &lt;/h2&gt;
                    &lt;h1&gt; Kuantan, Pahang &lt;/h1&gt;
                    &lt;p&gt;Details:- &lt;/p&gt;
                    &lt;ul&gt;
                        &lt;li&gt;buildup= 1195&lt;/li&gt;
                        &lt;li&gt;others= LACA, 1st Auction, 1,195 sq.ft, Intermediate,  online bidding, RM126 per sf &lt;/li&gt;
                        &lt;li&gt; status= None &lt;/li&gt;
                        &lt;li&gt;FormattedAddress= 34, Jln K.S 2/4, 26060 Kuantan, Pahang, Malaysia &lt;/li&gt;                    
                    &lt;/ul&gt;
                    &lt;/p&gt;
                    &lt;p&gt;More details  &lt;a href="https://www.lelongtips.com.my/property/eDgrOXFuM2taMThiYkNjVUNVTCtKdz09/Lelong-Auction-1-Storey-Terrace-House-in-Kuantan-Pahang-for-RM150000" target=window.name&gt; click here &lt;/a&gt;&lt;/p&gt;
                    
prior to storm 150000 1195
i am in okay price 
                    &lt;p&gt; 24 Jun 2023 (Sat) &lt;/p&gt;
                    &lt;p&gt; RM 150000 &lt;/p&gt;
                    &lt;h2&gt; 1 Storey Terrace House &lt;/h2&gt;
                    &lt;h1&gt; Kuantan, Pahang &lt;/h1&gt;
                    &lt;p&gt;Details:- &lt;/p&gt;
                    &lt;ul&gt;
                        &lt;li&gt;buildup= 1195&lt;/li&gt;
                        &lt;li&gt;others= LACA, 1st Auction, 1,195 sq.ft, Intermediate,  online bidding, RM126 per sf &lt;/li&gt;
                        &lt;li&gt; status= None &lt;/li&gt;
                        &lt;li&gt;FormattedAddress= 34, Jln K.S 2/4, 26060 Kuantan, Pahang, Malaysia &lt;/li&gt;                    
                    &lt;/ul&gt;
                    &lt;/p&gt;
                    &lt;p&gt;More details  &lt;a href="https://www.lelongtips.com.my/property/eldranFlc3FXRDNPTWJQT2l6K2NoQT09/Lelong-Auction-1-Storey-Terrace-House-in-Kuantan-Pahang-for-RM150000" target=window.name&gt; click here &lt;/a&gt;&lt;/p&gt;
                    
prior to storm 150000 842
i am in okay price 
                    &lt;p&gt; 11 Jul 2023 (Tue) &lt;/p&gt;
                    &lt;p&gt; RM 150000 &lt;/p&gt;
                    &lt;h2&gt; 1 Storey Terrace House &lt;/h2&gt;
                    &lt;h1&gt; Taman PD Utama (Taman Port Dickson Utama), Negeri Sembilan &lt;/h1&gt;
                    &lt;p&gt;Details:- &lt;/p&gt;
                    &lt;ul&gt;
                        &lt;li&gt;buildup= 842&lt;/li&gt;
                        &lt;li&gt;others= Title, 842 sq.ft, FH, Intermediate,  online bidding, RM178 per sf &lt;/li&gt;
                        &lt;li&gt; status= None &lt;/li&gt;
                        &lt;li&gt;FormattedAddress= Jalan Anggerik 7, Taman Port Dickson Utama, 71000 Port Dickson, Negeri Sembilan, Malaysia &lt;/li&gt;                    
                    &lt;/ul&gt;
                    &lt;/p&gt;
                    &lt;p&gt;More details  &lt;a href="https://www.lelongtips.com.my/property/OENOUmE5WkF2cHh6SVFrVzQzVGZYdz09/Lelong-Auction-1-Storey-Terrace-House-in-Taman-PD-Utama-Negeri-Sembilan-for-RM150000" target=window.name&gt; click here &lt;/a&gt;&lt;/p&gt;
                    
prior to storm 150000 820
i am in okay price 
                    &lt;p&gt; 25 Jul 2023 (Tue) &lt;/p&gt;
                    &lt;p&gt; RM 150000 &lt;/p&gt;
                    &lt;h2&gt; Terrace House &lt;/h2&gt;
                    &lt;h1&gt; Taman SL Lemal, Kelantan &lt;/h1&gt;
                    &lt;p&gt;Details:- &lt;/p&gt;
                    &lt;ul&gt;
                        &lt;li&gt;buildup= 820&lt;/li&gt;
                        &lt;li&gt;others= Title, 1st Auction, 820 sq.ft, Malay Reserve,  online bidding, RM183 per sf &lt;/li&gt;
                        &lt;li&gt; status= None &lt;/li&gt;
                        &lt;li&gt;FormattedAddress= Jalan Kg Kekabu, 17000 Pasir Mas, Kelantan, Malaysia &lt;/li&gt;                    
                    &lt;/ul&gt;
                    &lt;/p&gt;
                    &lt;p&gt;More details  &lt;a href="https://www.lelongtips.com.my/property/QXhqK0ZHZXVXMmw1MXRZZjEvQzlIQT09/Lelong-Auction-Terrace-House-in-Taman-SL-Lemal-Kelantan-for-RM150000" target=window.name&gt; click here &lt;/a&gt;&lt;/p&gt;
                    
prior to storm 150000 2280
i am in okay price 
                    &lt;p&gt; 5 Jul 2023 (Wed) &lt;/p&gt;
                    &lt;p&gt; RM 150000 &lt;/p&gt;
                    &lt;h2&gt; Semi Detached House &lt;/h2&gt;
                    &lt;h1&gt; Cukai, Terengganu &lt;/h1&gt;
                    &lt;p&gt;Details:- &lt;/p&gt;
                    &lt;ul&gt;
                        &lt;li&gt;buildup= 2280&lt;/li&gt;
                        &lt;li&gt;others= Title, 1st Auction, 2,280 sq.ft, LH, Malay Reserve,  online bidding, RM66 per sf &lt;/li&gt;
                        &lt;li&gt; status= None &lt;/li&gt;
                        &lt;li&gt;FormattedAddress= Lorong Kampung Besut 12, Kampung Besut, 24000 Chukai, Terengganu, Malaysia &lt;/li&gt;                    
                    &lt;/ul&gt;
                    &lt;/p&gt;
                    &lt;p&gt;More details  &lt;a href="https://www.lelongtips.com.my/property/Y0paQ0JJcTcvMzJSeFdwbjFSZ005UT09/Lelong-Auction-Semi-Detached-House-in-Cukai-Terengganu-for-RM150000" target=window.name&gt; click here &lt;/a&gt;&lt;/p&gt;
                    
prior to storm 150000 670
i am in okay price 
                    &lt;p&gt; 24 Jun 2023 (Sat) &lt;/p&gt;
                    &lt;p&gt; RM 150000 &lt;/p&gt;
                    &lt;h2&gt; Apartment &lt;/h2&gt;
                    &lt;h1&gt; Kuantan, Pahang &lt;/h1&gt;
                    &lt;p&gt;Details:- &lt;/p&gt;
                    &lt;ul&gt;
                        &lt;li&gt;buildup= 670&lt;/li&gt;
                        &lt;li&gt;others= LACA, 1st Auction, 670 sq.ft, FH,  online bidding, RM224 per sf &lt;/li&gt;
                        &lt;li&gt; status= None &lt;/li&gt;
                        &lt;li&gt;FormattedAddress= Lorong Tun Ismail 6, 25000 Kuantan, Pahang, Malaysia &lt;/li&gt;                    
                    &lt;/ul&gt;
                    &lt;/p&gt;
                    &lt;p&gt;More details  &lt;a href="https://www.lelongtips.com.my/property/RmJYRnJ5VGpkYVJjZXRlajJkampDQT09/Lelong-Auction-Apartment-in-Kuantan-Pahang-for-RM150000" target=window.name&gt; click here &lt;/a&gt;&lt;/p&gt;
                    
32
32
32
32
ultimate boss1 OrderedDict([('name', 'Map'), ('id', '4fdd0cd427a2ce8e390b7634eb15ae9f'), ('children', OrderedDict([('openstreetmap', OrderedDict([('name', 'TileLayer'), ('id', '2231bf86db948bbe4dfc6f7377fcb51f'), ('children', OrderedDict())])), ('feature_group_117ca49e53411942a3cd12ddf8bba335', OrderedDict([('name', 'FeatureGroup'), ('id', '117ca49e53411942a3cd12ddf8bba335'), ('children', OrderedDict([('marker_cluster_114001fec1bc5e6dfaa783a3dbb14e4a', OrderedDict([('name', 'MarkerCluster'), ('id', '114001fec1bc5e6dfaa783a3dbb14e4a'), ('children', OrderedDict([('marker_8215de3ca05d48e1bfb6f40c13e6d019', OrderedDict([('name', 'Marker'), ('id', '8215de3ca05d48e1bfb6f40c13e6d019'), ('children', OrderedDict([('custom_icon_16f94e8e0d2960e73c8fe047d3446ddf', OrderedDict([('name', 'CustomIcon'), ('id', '16f94e8e0d2960e73c8fe047d3446ddf'), ('children', OrderedDict())])), ('popup_90394f78a91152ca111318126ab5c360', OrderedDict([('name', 'Popup'), ('id', '90394f78a91152ca111318126ab5c360'), ('children', OrderedDict())]))]))])), ('marker_bc533f9d2d1f3a863c17ce8b840cada9', OrderedDict([('name', 'Marker'), ('id', 'bc533f9d2d1f3a863c17ce8b840cada9'), ('children', OrderedDict([('custom_icon_a68802d25c9d7c815a1232621e8f15db', OrderedDict([('name', 'CustomIcon'), ('id', 'a68802d25c9d7c815a1232621e8f15db'), ('children', OrderedDict())])), ('popup_79fa6306ac4ccf1b857f62068c51b191', OrderedDict([('name', 'Popup'), ('id', '79fa6306ac4ccf1b857f62068c51b191'), ('children', OrderedDict())]))]))])), ('marker_c6c6ca4405ac60fd201973fab356b9ec', OrderedDict([('name', 'Marker'), ('id', 'c6c6ca4405ac60fd201973fab356b9ec'), ('children', OrderedDict([('custom_icon_ff246b94026e5c967ad913175ad07911', OrderedDict([('name', 'CustomIcon'), ('id', 'ff246b94026e5c967ad913175ad07911'), ('children', OrderedDict())])), ('popup_49ae2be72b5f91c25a72669bbf5f6431', OrderedDict([('name', 'Popup'), ('id', '49ae2be72b5f91c25a72669bbf5f6431'), ('children', OrderedDict())]))]))])), ('marker_600a8f1106dea1dcd37ba1bac3a642ee', OrderedDict([('name', 'Marker'), ('id', '600a8f1106dea1dcd37ba1bac3a642ee'), ('children', OrderedDict([('custom_icon_398324f26e126b28a725b87f91fa6573', OrderedDict([('name', 'CustomIcon'), ('id', '398324f26e126b28a725b87f91fa6573'), ('children', OrderedDict())])), ('popup_b97d4b3439d8721b34545fab5ded5563', OrderedDict([('name', 'Popup'), ('id', 'b97d4b3439d8721b34545fab5ded5563'), ('children', OrderedDict())]))]))])), ('marker_c265dd889216652b092da2e7ad90d9f5', OrderedDict([('name', 'Marker'), ('id', 'c265dd889216652b092da2e7ad90d9f5'), ('children', OrderedDict([('custom_icon_4e18eff05a6cf3eb9cea04babf464b15', OrderedDict([('name', 'CustomIcon'), ('id', '4e18eff05a6cf3eb9cea04babf464b15'), ('children', OrderedDict())])), ('popup_f7402f734950c86fa97564135c4265de', OrderedDict([('name', 'Popup'), ('id', 'f7402f734950c86fa97564135c4265de'), ('children', OrderedDict())]))]))])), ('marker_d92a60dc357099e2c4cb17b548aa5068', OrderedDict([('name', 'Marker'), ('id', 'd92a60dc357099e2c4cb17b548aa5068'), ('children', OrderedDict([('custom_icon_538670a497d175cae4baa99cb6489c6d', OrderedDict([('name', 'CustomIcon'), ('id', '538670a497d175cae4baa99cb6489c6d'), ('children', OrderedDict())])), ('popup_eaecbd6d96d17b759532d0c184295128', OrderedDict([('name', 'Popup'), ('id', 'eaecbd6d96d17b759532d0c184295128'), ('children', OrderedDict())]))]))])), ('marker_58c0d1d79a168682545c115c4a3e0fce', OrderedDict([('name', 'Marker'), ('id', '58c0d1d79a168682545c115c4a3e0fce'), ('children', OrderedDict([('custom_icon_8ff9bf37c503f1f7e288eeba3d48bab7', OrderedDict([('name', 'CustomIcon'), ('id', '8ff9bf37c503f1f7e288eeba3d48bab7'), ('children', OrderedDict())])), ('popup_29751dfd50a0301c16763a8ef536c031', OrderedDict([('name', 'Popup'), ('id', '29751dfd50a0301c16763a8ef536c031'), ('children', OrderedDict())]))]))])), ('marker_3f087a6cb081cd3977bab88631c90d50', OrderedDict([('name', 'Marker'), ('id', '3f087a6cb081cd3977bab88631c90d50'), ('children', OrderedDict([('custom_icon_7ae7e1d38bfa403110cc38a5e78fa241', OrderedDict([('name', 'CustomIcon'), ('id', '7ae7e1d38bfa403110cc38a5e78fa241'), ('children', OrderedDict())])), ('popup_2382784c30b48dd951c0dfb54526d399', OrderedDict([('name', 'Popup'), ('id', '2382784c30b48dd951c0dfb54526d399'), ('children', OrderedDict())]))]))])), ('marker_e07aa436898bd9671e85bacd8305948c', OrderedDict([('name', 'Marker'), ('id', 'e07aa436898bd9671e85bacd8305948c'), ('children', OrderedDict([('custom_icon_64edb008d699b2b5397a937016761b5e', OrderedDict([('name', 'CustomIcon'), ('id', '64edb008d699b2b5397a937016761b5e'), ('children', OrderedDict())])), ('popup_cb8fa27548d9e3c14668f525a29b1615', OrderedDict([('name', 'Popup'), ('id', 'cb8fa27548d9e3c14668f525a29b1615'), ('children', OrderedDict())]))]))])), ('marker_6ce8245b1d8dcf66e9a6dc7f8d0d2bb7', OrderedDict([('name', 'Marker'), ('id', '6ce8245b1d8dcf66e9a6dc7f8d0d2bb7'), ('children', OrderedDict([('custom_icon_33458981ec59f01eefd6079008169d22', OrderedDict([('name', 'CustomIcon'), ('id', '33458981ec59f01eefd6079008169d22'), ('children', OrderedDict())])), ('popup_fe24fea0f2475b85a25ad6109a1b9600', OrderedDict([('name', 'Popup'), ('id', 'fe24fea0f2475b85a25ad6109a1b9600'), ('children', OrderedDict())]))]))])), ('marker_aacb82ba9c6185a2b3a15cebe04e2f62', OrderedDict([('name', 'Marker'), ('id', 'aacb82ba9c6185a2b3a15cebe04e2f62'), ('children', OrderedDict([('custom_icon_7cfd7b0fc899527ef8cf8d4a16526a23', OrderedDict([('name', 'CustomIcon'), ('id', '7cfd7b0fc899527ef8cf8d4a16526a23'), ('children', OrderedDict())])), ('popup_3695b74d7a36b632fd0db45a93c882f6', OrderedDict([('name', 'Popup'), ('id', '3695b74d7a36b632fd0db45a93c882f6'), ('children', OrderedDict())]))]))])), ('marker_7fae19eb021646276494dabb45081a4c', OrderedDict([('name', 'Marker'), ('id', '7fae19eb021646276494dabb45081a4c'), ('children', OrderedDict([('custom_icon_1afa494f6f88d22b01df89a5bb8793a9', OrderedDict([('name', 'CustomIcon'), ('id', '1afa494f6f88d22b01df89a5bb8793a9'), ('children', OrderedDict())])), ('popup_48608f622932fed341d717efc765ae89', OrderedDict([('name', 'Popup'), ('id', '48608f622932fed341d717efc765ae89'), ('children', OrderedDict())]))]))])), ('marker_b0c29b7d63424a34c7bbafff6a144619', OrderedDict([('name', 'Marker'), ('id', 'b0c29b7d63424a34c7bbafff6a144619'), ('children', OrderedDict([('custom_icon_a5e556489f64126ab90c43dd2e0e93f8', OrderedDict([('name', 'CustomIcon'), ('id', 'a5e556489f64126ab90c43dd2e0e93f8'), ('children', OrderedDict())])), ('popup_99ed4da44da3577e3ba5829bf5bec6e1', OrderedDict([('name', 'Popup'), ('id', '99ed4da44da3577e3ba5829bf5bec6e1'), ('children', OrderedDict())]))]))])), ('marker_461caae13d0a618023ca3e9e0f117c31', OrderedDict([('name', 'Marker'), ('id', '461caae13d0a618023ca3e9e0f117c31'), ('children', OrderedDict([('custom_icon_780845156dfaa52e0715d9e30d2c4693', OrderedDict([('name', 'CustomIcon'), ('id', '780845156dfaa52e0715d9e30d2c4693'), ('children', OrderedDict())])), ('popup_68c9c96333c657abc07d551a65297cc3', OrderedDict([('name', 'Popup'), ('id', '68c9c96333c657abc07d551a65297cc3'), ('children', OrderedDict())]))]))])), ('marker_d8946a5a9417e5a77d663c16c181785b', OrderedDict([('name', 'Marker'), ('id', 'd8946a5a9417e5a77d663c16c181785b'), ('children', OrderedDict([('custom_icon_ae1de06f3fdd4efdc056d5ab70bc5996', OrderedDict([('name', 'CustomIcon'), ('id', 'ae1de06f3fdd4efdc056d5ab70bc5996'), ('children', OrderedDict())])), ('popup_585b353933d26244f510daa233ae5405', OrderedDict([('name', 'Popup'), ('id', '585b353933d26244f510daa233ae5405'), ('children', OrderedDict())]))]))])), ('marker_f57cd7c90ded3487594cbd8908ccb30f', OrderedDict([('name', 'Marker'), ('id', 'f57cd7c90ded3487594cbd8908ccb30f'), ('children', OrderedDict([('custom_icon_21f1bf574be40e3b91e07f3505b3cb18', OrderedDict([('name', 'CustomIcon'), ('id', '21f1bf574be40e3b91e07f3505b3cb18'), ('children', OrderedDict())])), ('popup_3489ca25356d768f75f131a00d6f7611', OrderedDict([('name', 'Popup'), ('id', '3489ca25356d768f75f131a00d6f7611'), ('children', OrderedDict())]))]))])), ('marker_cd87d554e203075b39abe4afe6cd9b11', OrderedDict([('name', 'Marker'), ('id', 'cd87d554e203075b39abe4afe6cd9b11'), ('children', OrderedDict([('custom_icon_79417189db8ccf97fe0d6494ebfd8356', OrderedDict([('name', 'CustomIcon'), ('id', '79417189db8ccf97fe0d6494ebfd8356'), ('children', OrderedDict())])), ('popup_f06bf80e6b0c3099726bfe377fcf6dc5', OrderedDict([('name', 'Popup'), ('id', 'f06bf80e6b0c3099726bfe377fcf6dc5'), ('children', OrderedDict())]))]))]))]))]))]))])), ('feature_group_4e7f0f7ce95550c7d33fdc3d61ceb3bc', OrderedDict([('name', 'FeatureGroup'), ('id', '4e7f0f7ce95550c7d33fdc3d61ceb3bc'), ('children', OrderedDict([('marker_cluster_b156245323d91d502b566d307f10e5e7', OrderedDict([('name', 'MarkerCluster'), ('id', 'b156245323d91d502b566d307f10e5e7'), ('children', OrderedDict([('marker_4f6ed376dbd4893361d996f7f441e064', OrderedDict([('name', 'Marker'), ('id', '4f6ed376dbd4893361d996f7f441e064'), ('children', OrderedDict([('custom_icon_1dba3cc4e46f55adb495004a4c476f2e', OrderedDict([('name', 'CustomIcon'), ('id', '1dba3cc4e46f55adb495004a4c476f2e'), ('children', OrderedDict())])), ('popup_90394f78a91152ca111318126ab5c360', OrderedDict([('name', 'Popup'), ('id', '90394f78a91152ca111318126ab5c360'), ('children', OrderedDict())]))]))])), ('marker_ceede9a90ab33b4dfeae8605e127a8d6', OrderedDict([('name', 'Marker'), ('id', 'ceede9a90ab33b4dfeae8605e127a8d6'), ('children', OrderedDict([('custom_icon_aae0e10bd0f35ab08191916cf866a8e6', OrderedDict([('name', 'CustomIcon'), ('id', 'aae0e10bd0f35ab08191916cf866a8e6'), ('children', OrderedDict())])), ('popup_1ac4d55b495e5a7b5827e9a34b45d636', OrderedDict([('name', 'Popup'), ('id', '1ac4d55b495e5a7b5827e9a34b45d636'), ('children', OrderedDict())]))]))])), ('marker_943cef749da42f1a6487bd5e3e782b86', OrderedDict([('name', 'Marker'), ('id', '943cef749da42f1a6487bd5e3e782b86'), ('children', OrderedDict([('custom_icon_fdaec1b964f6ca96036bffcb4fe5faf4', OrderedDict([('name', 'CustomIcon'), ('id', 'fdaec1b964f6ca96036bffcb4fe5faf4'), ('children', OrderedDict())])), ('popup_79fa6306ac4ccf1b857f62068c51b191', OrderedDict([('name', 'Popup'), ('id', '79fa6306ac4ccf1b857f62068c51b191'), ('children', OrderedDict())]))]))])), ('marker_e16aba97bfec4a1cc558a347721a9e23', OrderedDict([('name', 'Marker'), ('id', 'e16aba97bfec4a1cc558a347721a9e23'), ('children', OrderedDict([('custom_icon_6fe6a2a165e0029c60486fc7500f333f', OrderedDict([('name', 'CustomIcon'), ('id', '6fe6a2a165e0029c60486fc7500f333f'), ('children', OrderedDict())])), ('popup_49ae2be72b5f91c25a72669bbf5f6431', OrderedDict([('name', 'Popup'), ('id', '49ae2be72b5f91c25a72669bbf5f6431'), ('children', OrderedDict())]))]))])), ('marker_6a483a55cdeae6b446cb6226c44ad950', OrderedDict([('name', 'Marker'), ('id', '6a483a55cdeae6b446cb6226c44ad950'), ('children', OrderedDict([('custom_icon_1680dbe7a440f6900bf19e5d55c70884', OrderedDict([('name', 'CustomIcon'), ('id', '1680dbe7a440f6900bf19e5d55c70884'), ('children', OrderedDict())])), ('popup_b97d4b3439d8721b34545fab5ded5563', OrderedDict([('name', 'Popup'), ('id', 'b97d4b3439d8721b34545fab5ded5563'), ('children', OrderedDict())]))]))])), ('marker_784b8da6fc5631d6b1e19c5ebcbbbf2d', OrderedDict([('name', 'Marker'), ('id', '784b8da6fc5631d6b1e19c5ebcbbbf2d'), ('children', OrderedDict([('custom_icon_0a9615ad79ccfe0a8cbac5b27d44f885', OrderedDict([('name', 'CustomIcon'), ('id', '0a9615ad79ccfe0a8cbac5b27d44f885'), ('children', OrderedDict())])), ('popup_f7402f734950c86fa97564135c4265de', OrderedDict([('name', 'Popup'), ('id', 'f7402f734950c86fa97564135c4265de'), ('children', OrderedDict())]))]))])), ('marker_75bc33d0d1c3d18f9f248b1e4191fb37', OrderedDict([('name', 'Marker'), ('id', '75bc33d0d1c3d18f9f248b1e4191fb37'), ('children', OrderedDict([('custom_icon_d68b9544ce0710558a777e403d8ad640', OrderedDict([('name', 'CustomIcon'), ('id', 'd68b9544ce0710558a777e403d8ad640'), ('children', OrderedDict())])), ('popup_eaecbd6d96d17b759532d0c184295128', OrderedDict([('name', 'Popup'), ('id', 'eaecbd6d96d17b759532d0c184295128'), ('children', OrderedDict())]))]))])), ('marker_ed4700fc041260f4986cca6900dbd6e1', OrderedDict([('name', 'Marker'), ('id', 'ed4700fc041260f4986cca6900dbd6e1'), ('children', OrderedDict([('custom_icon_ac65b1c515450a9ab4dfc901718694c5', OrderedDict([('name', 'CustomIcon'), ('id', 'ac65b1c515450a9ab4dfc901718694c5'), ('children', OrderedDict())])), ('popup_29751dfd50a0301c16763a8ef536c031', OrderedDict([('name', 'Popup'), ('id', '29751dfd50a0301c16763a8ef536c031'), ('children', OrderedDict())]))]))])), ('marker_624ab0d3900487670804ef63777d84a2', OrderedDict([('name', 'Marker'), ('id', '624ab0d3900487670804ef63777d84a2'), ('children', OrderedDict([('custom_icon_d4e71d642527d34229aafa9c9db9c99d', OrderedDict([('name', 'CustomIcon'), ('id', 'd4e71d642527d34229aafa9c9db9c99d'), ('children', OrderedDict())])), ('popup_2382784c30b48dd951c0dfb54526d399', OrderedDict([('name', 'Popup'), ('id', '2382784c30b48dd951c0dfb54526d399'), ('children', OrderedDict())]))]))])), ('marker_ef585a58976bc787234a659d306b67eb', OrderedDict([('name', 'Marker'), ('id', 'ef585a58976bc787234a659d306b67eb'), ('children', OrderedDict([('custom_icon_7a34c5c7010f23fdcc658d10315d0087', OrderedDict([('name', 'CustomIcon'), ('id', '7a34c5c7010f23fdcc658d10315d0087'), ('children', OrderedDict())])), ('popup_58ebc919fa3b8cee7e02adbcbcc7d3a6', OrderedDict([('name', 'Popup'), ('id', '58ebc919fa3b8cee7e02adbcbcc7d3a6'), ('children', OrderedDict())]))]))])), ('marker_c39faaf3217c9d4b3ec562601e6ec0cb', OrderedDict([('name', 'Marker'), ('id', 'c39faaf3217c9d4b3ec562601e6ec0cb'), ('children', OrderedDict([('custom_icon_7a23c5acc8735c152d84225ec3ec1cc2', OrderedDict([('name', 'CustomIcon'), ('id', '7a23c5acc8735c152d84225ec3ec1cc2'), ('children', OrderedDict())])), ('popup_cb8fa27548d9e3c14668f525a29b1615', OrderedDict([('name', 'Popup'), ('id', 'cb8fa27548d9e3c14668f525a29b1615'), ('children', OrderedDict())]))]))])), ('marker_956e26712c2b4f97a4c8fde846b2a3cc', OrderedDict([('name', 'Marker'), ('id', '956e26712c2b4f97a4c8fde846b2a3cc'), ('children', OrderedDict([('custom_icon_c6cd6babd1ff89663dc2082979427889', OrderedDict([('name', 'CustomIcon'), ('id', 'c6cd6babd1ff89663dc2082979427889'), ('children', OrderedDict())])), ('popup_fe24fea0f2475b85a25ad6109a1b9600', OrderedDict([('name', 'Popup'), ('id', 'fe24fea0f2475b85a25ad6109a1b9600'), ('children', OrderedDict())]))]))])), ('marker_d69cf0841dc9744ba9e1184bd0afca5f', OrderedDict([('name', 'Marker'), ('id', 'd69cf0841dc9744ba9e1184bd0afca5f'), ('children', OrderedDict([('custom_icon_c11de0fba73091f5463892bde4ba970b', OrderedDict([('name', 'CustomIcon'), ('id', 'c11de0fba73091f5463892bde4ba970b'), ('children', OrderedDict())])), ('popup_4dee0b8b9c8d004a8b64f4eaf7133a99', OrderedDict([('name', 'Popup'), ('id', '4dee0b8b9c8d004a8b64f4eaf7133a99'), ('children', OrderedDict())]))]))])), ('marker_dbe7383b725dfba748430a46ce24e4b7', OrderedDict([('name', 'Marker'), ('id', 'dbe7383b725dfba748430a46ce24e4b7'), ('children', OrderedDict([('custom_icon_fa94932714aa3783217ba1dc48a399be', OrderedDict([('name', 'CustomIcon'), ('id', 'fa94932714aa3783217ba1dc48a399be'), ('children', OrderedDict())])), ('popup_3695b74d7a36b632fd0db45a93c882f6', OrderedDict([('name', 'Popup'), ('id', '3695b74d7a36b632fd0db45a93c882f6'), ('children', OrderedDict())]))]))])), ('marker_fba2b81240d68f8ba4a0ab635e9e26d6', OrderedDict([('name', 'Marker'), ('id', 'fba2b81240d68f8ba4a0ab635e9e26d6'), ('children', OrderedDict([('custom_icon_a0d8dff4ec7b98a126f794a85566b8be', OrderedDict([('name', 'CustomIcon'), ('id', 'a0d8dff4ec7b98a126f794a85566b8be'), ('children', OrderedDict())])), ('popup_48608f622932fed341d717efc765ae89', OrderedDict([('name', 'Popup'), ('id', '48608f622932fed341d717efc765ae89'), ('children', OrderedDict())]))]))])), ('marker_0b641843f5f0855aa9482d9c060114c0', OrderedDict([('name', 'Marker'), ('id', '0b641843f5f0855aa9482d9c060114c0'), ('children', OrderedDict([('custom_icon_f77d7c637ac22cb853499a99b3692e1f', OrderedDict([('name', 'CustomIcon'), ('id', 'f77d7c637ac22cb853499a99b3692e1f'), ('children', OrderedDict())])), ('popup_99ed4da44da3577e3ba5829bf5bec6e1', OrderedDict([('name', 'Popup'), ('id', '99ed4da44da3577e3ba5829bf5bec6e1'), ('children', OrderedDict())]))]))])), ('marker_a89816c75e4c1a0964e3cfc0bf6cd69d', OrderedDict([('name', 'Marker'), ('id', 'a89816c75e4c1a0964e3cfc0bf6cd69d'), ('children', OrderedDict([('custom_icon_51018ffb70d8c1a96cd9986c229cc5e3', OrderedDict([('name', 'CustomIcon'), ('id', '51018ffb70d8c1a96cd9986c229cc5e3'), ('children', OrderedDict())])), ('popup_1e886bdb7ae0a4a7ec70d6a75c5dbb62', OrderedDict([('name', 'Popup'), ('id', '1e886bdb7ae0a4a7ec70d6a75c5dbb62'), ('children', OrderedDict())]))]))])), ('marker_5ee316919260f0cff145e52386c9f8b5', OrderedDict([('name', 'Marker'), ('id', '5ee316919260f0cff145e52386c9f8b5'), ('children', OrderedDict([('custom_icon_256eb0215eb5dbf94721810cb182ba25', OrderedDict([('name', 'CustomIcon'), ('id', '256eb0215eb5dbf94721810cb182ba25'), ('children', OrderedDict())])), ('popup_68c9c96333c657abc07d551a65297cc3', OrderedDict([('name', 'Popup'), ('id', '68c9c96333c657abc07d551a65297cc3'), ('children', OrderedDict())]))]))])), ('marker_9dbf08067e5f102e6275118ed8257c17', OrderedDict([('name', 'Marker'), ('id', '9dbf08067e5f102e6275118ed8257c17'), ('children', OrderedDict([('custom_icon_3000375ddb5f4842b64f6e476f0bd4ca', OrderedDict([('name', 'CustomIcon'), ('id', '3000375ddb5f4842b64f6e476f0bd4ca'), ('children', OrderedDict())])), ('popup_585b353933d26244f510daa233ae5405', OrderedDict([('name', 'Popup'), ('id', '585b353933d26244f510daa233ae5405'), ('children', OrderedDict())]))]))])), ('marker_982f74ca9adfb0de580492319440d1fe', OrderedDict([('name', 'Marker'), ('id', '982f74ca9adfb0de580492319440d1fe'), ('children', OrderedDict([('custom_icon_b38b51f40f2452a8fd805ae0b15186d4', OrderedDict([('name', 'CustomIcon'), ('id', 'b38b51f40f2452a8fd805ae0b15186d4'), ('children', OrderedDict())])), ('popup_3489ca25356d768f75f131a00d6f7611', OrderedDict([('name', 'Popup'), ('id', '3489ca25356d768f75f131a00d6f7611'), ('children', OrderedDict())]))]))])), ('marker_e4896b2512ed7b8478c98496ba2a1e0b', OrderedDict([('name', 'Marker'), ('id', 'e4896b2512ed7b8478c98496ba2a1e0b'), ('children', OrderedDict([('custom_icon_ba015ad65d7982cfbf0750bc24dbfefa', OrderedDict([('name', 'CustomIcon'), ('id', 'ba015ad65d7982cfbf0750bc24dbfefa'), ('children', OrderedDict())])), ('popup_f06bf80e6b0c3099726bfe377fcf6dc5', OrderedDict([('name', 'Popup'), ('id', 'f06bf80e6b0c3099726bfe377fcf6dc5'), ('children', OrderedDict())]))]))])), ('marker_162470ffe1244358994a48adc442c752', OrderedDict([('name', 'Marker'), ('id', '162470ffe1244358994a48adc442c752'), ('children', OrderedDict([('custom_icon_bac720ac9d4421040726be39e9a0746c', OrderedDict([('name', 'CustomIcon'), ('id', 'bac720ac9d4421040726be39e9a0746c'), ('children', OrderedDict())])), ('popup_30c01415b72ebc927d0f0d3d9035102d', OrderedDict([('name', 'Popup'), ('id', '30c01415b72ebc927d0f0d3d9035102d'), ('children', OrderedDict())]))]))])), ('marker_115cda688000476a632a00959559459d', OrderedDict([('name', 'Marker'), ('id', '115cda688000476a632a00959559459d'), ('children', OrderedDict([('custom_icon_5c924981cf2aeba568bdcaa768d8e67d', OrderedDict([('name', 'CustomIcon'), ('id', '5c924981cf2aeba568bdcaa768d8e67d'), ('children', OrderedDict())])), ('popup_2fd3aa126ce5740985541d9217f88c18', OrderedDict([('name', 'Popup'), ('id', '2fd3aa126ce5740985541d9217f88c18'), ('children', OrderedDict())]))]))])), ('marker_7d14127aef74d2c323c0653c40b1af8b', OrderedDict([('name', 'Marker'), ('id', '7d14127aef74d2c323c0653c40b1af8b'), ('children', OrderedDict([('custom_icon_55f066e53f3610622c6c9ce99e6f76df', OrderedDict([('name', 'CustomIcon'), ('id', '55f066e53f3610622c6c9ce99e6f76df'), ('children', OrderedDict())])), ('popup_d4b02796124962958fb556c44cf8cbc2', OrderedDict([('name', 'Popup'), ('id', 'd4b02796124962958fb556c44cf8cbc2'), ('children', OrderedDict())]))]))]))]))]))]))])), ('feature_group_ae816f03225009f187c3f91eb603f1ab', OrderedDict([('name', 'FeatureGroup'), ('id', 'ae816f03225009f187c3f91eb603f1ab'), ('children', OrderedDict([('marker_cluster_73794a8aa794a24f7ac82d9fd0f00a42', OrderedDict([('name', 'MarkerCluster'), ('id', '73794a8aa794a24f7ac82d9fd0f00a42'), ('children', OrderedDict())]))]))])), ('feature_group_3c2cf985d14742f757be1a2aade2e0ac', OrderedDict([('name', 'FeatureGroup'), ('id', '3c2cf985d14742f757be1a2aade2e0ac'), ('children', OrderedDict([('marker_cluster_5a7f7668ff9b6e34d4f6eecab824a974', OrderedDict([('name', 'MarkerCluster'), ('id', '5a7f7668ff9b6e34d4f6eecab824a974'), ('children', OrderedDict([('marker_b7e055c5feebbcf14301ebcbfcfcdcd3', OrderedDict([('name', 'Marker'), ('id', 'b7e055c5feebbcf14301ebcbfcfcdcd3'), ('children', OrderedDict([('custom_icon_2c1988da72e2b6d557dcccfdeaf0a6f0', OrderedDict([('name', 'CustomIcon'), ('id', '2c1988da72e2b6d557dcccfdeaf0a6f0'), ('children', OrderedDict())])), ('popup_90394f78a91152ca111318126ab5c360', OrderedDict([('name', 'Popup'), ('id', '90394f78a91152ca111318126ab5c360'), ('children', OrderedDict())]))]))])), ('marker_4a1b4137b6675ec73833a487da866492', OrderedDict([('name', 'Marker'), ('id', '4a1b4137b6675ec73833a487da866492'), ('children', OrderedDict([('custom_icon_1c6c5237db33890f2567c47a4597e83b', OrderedDict([('name', 'CustomIcon'), ('id', '1c6c5237db33890f2567c47a4597e83b'), ('children', OrderedDict())])), ('popup_1ac4d55b495e5a7b5827e9a34b45d636', OrderedDict([('name', 'Popup'), ('id', '1ac4d55b495e5a7b5827e9a34b45d636'), ('children', OrderedDict())]))]))])), ('marker_b95d39730ffebedccbaaae6bfc8a291f', OrderedDict([('name', 'Marker'), ('id', 'b95d39730ffebedccbaaae6bfc8a291f'), ('children', OrderedDict([('custom_icon_f40b968f3be480ce3372eef669a40096', OrderedDict([('name', 'CustomIcon'), ('id', 'f40b968f3be480ce3372eef669a40096'), ('children', OrderedDict())])), ('popup_79fa6306ac4ccf1b857f62068c51b191', OrderedDict([('name', 'Popup'), ('id', '79fa6306ac4ccf1b857f62068c51b191'), ('children', OrderedDict())]))]))])), ('marker_9c2cf8664d07bc77629a8efd9feb18a0', OrderedDict([('name', 'Marker'), ('id', '9c2cf8664d07bc77629a8efd9feb18a0'), ('children', OrderedDict([('custom_icon_4f40538b4ea330184e29369bb3355230', OrderedDict([('name', 'CustomIcon'), ('id', '4f40538b4ea330184e29369bb3355230'), ('children', OrderedDict())])), ('popup_49ae2be72b5f91c25a72669bbf5f6431', OrderedDict([('name', 'Popup'), ('id', '49ae2be72b5f91c25a72669bbf5f6431'), ('children', OrderedDict())]))]))])), ('marker_217730be5073df1ab4978706e5c02830', OrderedDict([('name', 'Marker'), ('id', '217730be5073df1ab4978706e5c02830'), ('children', OrderedDict([('custom_icon_5725ac80ec87f9bc3502b600ed016548', OrderedDict([('name', 'CustomIcon'), ('id', '5725ac80ec87f9bc3502b600ed016548'), ('children', OrderedDict())])), ('popup_b97d4b3439d8721b34545fab5ded5563', OrderedDict([('name', 'Popup'), ('id', 'b97d4b3439d8721b34545fab5ded5563'), ('children', OrderedDict())]))]))])), ('marker_531e725fc70d4dd13592c1090a9170c8', OrderedDict([('name', 'Marker'), ('id', '531e725fc70d4dd13592c1090a9170c8'), ('children', OrderedDict([('custom_icon_39ba055419a091054d5cc78fc4aef884', OrderedDict([('name', 'CustomIcon'), ('id', '39ba055419a091054d5cc78fc4aef884'), ('children', OrderedDict())])), ('popup_f7402f734950c86fa97564135c4265de', OrderedDict([('name', 'Popup'), ('id', 'f7402f734950c86fa97564135c4265de'), ('children', OrderedDict())]))]))])), ('marker_4ea051c3b174e5feca0f9af2d67b6cc1', OrderedDict([('name', 'Marker'), ('id', '4ea051c3b174e5feca0f9af2d67b6cc1'), ('children', OrderedDict([('custom_icon_e1522e2fbd6b062e2092837624900ba2', OrderedDict([('name', 'CustomIcon'), ('id', 'e1522e2fbd6b062e2092837624900ba2'), ('children', OrderedDict())])), ('popup_eaecbd6d96d17b759532d0c184295128', OrderedDict([('name', 'Popup'), ('id', 'eaecbd6d96d17b759532d0c184295128'), ('children', OrderedDict())]))]))])), ('marker_cf5acc6fad71b206c29f0d0e760bc05a', OrderedDict([('name', 'Marker'), ('id', 'cf5acc6fad71b206c29f0d0e760bc05a'), ('children', OrderedDict([('custom_icon_d501bdffd015dc435627652a66914897', OrderedDict([('name', 'CustomIcon'), ('id', 'd501bdffd015dc435627652a66914897'), ('children', OrderedDict())])), ('popup_29751dfd50a0301c16763a8ef536c031', OrderedDict([('name', 'Popup'), ('id', '29751dfd50a0301c16763a8ef536c031'), ('children', OrderedDict())]))]))])), ('marker_3dd9ecd772b2d537ec3b938cc1107047', OrderedDict([('name', 'Marker'), ('id', '3dd9ecd772b2d537ec3b938cc1107047'), ('children', OrderedDict([('custom_icon_deb10517a7aacf50b2cfc064b1f0960f', OrderedDict([('name', 'CustomIcon'), ('id', 'deb10517a7aacf50b2cfc064b1f0960f'), ('children', OrderedDict())])), ('popup_2382784c30b48dd951c0dfb54526d399', OrderedDict([('name', 'Popup'), ('id', '2382784c30b48dd951c0dfb54526d399'), ('children', OrderedDict())]))]))])), ('marker_ff17a510e764e0931ad9c26a59483ad8', OrderedDict([('name', 'Marker'), ('id', 'ff17a510e764e0931ad9c26a59483ad8'), ('children', OrderedDict([('custom_icon_af9ce5bae9c7caad761b1c31c85e5d04', OrderedDict([('name', 'CustomIcon'), ('id', 'af9ce5bae9c7caad761b1c31c85e5d04'), ('children', OrderedDict())])), ('popup_58ebc919fa3b8cee7e02adbcbcc7d3a6', OrderedDict([('name', 'Popup'), ('id', '58ebc919fa3b8cee7e02adbcbcc7d3a6'), ('children', OrderedDict())]))]))])), ('marker_77d7d935b354e3a3430802fd4ad32cc9', OrderedDict([('name', 'Marker'), ('id', '77d7d935b354e3a3430802fd4ad32cc9'), ('children', OrderedDict([('custom_icon_855520f540368ac8e2347736ee4fde83', OrderedDict([('name', 'CustomIcon'), ('id', '855520f540368ac8e2347736ee4fde83'), ('children', OrderedDict())])), ('popup_cb8fa27548d9e3c14668f525a29b1615', OrderedDict([('name', 'Popup'), ('id', 'cb8fa27548d9e3c14668f525a29b1615'), ('children', OrderedDict())]))]))])), ('marker_3eab73cff3b5683f125f67aee6b8dd54', OrderedDict([('name', 'Marker'), ('id', '3eab73cff3b5683f125f67aee6b8dd54'), ('children', OrderedDict([('custom_icon_c1e35148f104df4809aa0396fdaa5558', OrderedDict([('name', 'CustomIcon'), ('id', 'c1e35148f104df4809aa0396fdaa5558'), ('children', OrderedDict())])), ('popup_fe24fea0f2475b85a25ad6109a1b9600', OrderedDict([('name', 'Popup'), ('id', 'fe24fea0f2475b85a25ad6109a1b9600'), ('children', OrderedDict())]))]))])), ('marker_ea9988fca639866f239f02cc3567cc9b', OrderedDict([('name', 'Marker'), ('id', 'ea9988fca639866f239f02cc3567cc9b'), ('children', OrderedDict([('custom_icon_3b349229c3d035d22f4ba8fb5e87c175', OrderedDict([('name', 'CustomIcon'), ('id', '3b349229c3d035d22f4ba8fb5e87c175'), ('children', OrderedDict())])), ('popup_4dee0b8b9c8d004a8b64f4eaf7133a99', OrderedDict([('name', 'Popup'), ('id', '4dee0b8b9c8d004a8b64f4eaf7133a99'), ('children', OrderedDict())]))]))])), ('marker_d5984923308bfd84053a510e26ee4334', OrderedDict([('name', 'Marker'), ('id', 'd5984923308bfd84053a510e26ee4334'), ('children', OrderedDict([('custom_icon_6b069d3b4c6c024a30306448832e0e9e', OrderedDict([('name', 'CustomIcon'), ('id', '6b069d3b4c6c024a30306448832e0e9e'), ('children', OrderedDict())])), ('popup_3695b74d7a36b632fd0db45a93c882f6', OrderedDict([('name', 'Popup'), ('id', '3695b74d7a36b632fd0db45a93c882f6'), ('children', OrderedDict())]))]))])), ('marker_d0f4201d1d8ca2cd51a88c0e4a47ebf3', OrderedDict([('name', 'Marker'), ('id', 'd0f4201d1d8ca2cd51a88c0e4a47ebf3'), ('children', OrderedDict([('custom_icon_8d603f62909b2e47704d216778ae22e3', OrderedDict([('name', 'CustomIcon'), ('id', '8d603f62909b2e47704d216778ae22e3'), ('children', OrderedDict())])), ('popup_48608f622932fed341d717efc765ae89', OrderedDict([('name', 'Popup'), ('id', '48608f622932fed341d717efc765ae89'), ('children', OrderedDict())]))]))])), ('marker_506c570004e75a9329ea15688e8c5817', OrderedDict([('name', 'Marker'), ('id', '506c570004e75a9329ea15688e8c5817'), ('children', OrderedDict([('custom_icon_18000fe1ea12f76241ad687cad91b31f', OrderedDict([('name', 'CustomIcon'), ('id', '18000fe1ea12f76241ad687cad91b31f'), ('children', OrderedDict())])), ('popup_99ed4da44da3577e3ba5829bf5bec6e1', OrderedDict([('name', 'Popup'), ('id', '99ed4da44da3577e3ba5829bf5bec6e1'), ('children', OrderedDict())]))]))])), ('marker_2f8774381bf9c39e99331dcbf2c6dfcc', OrderedDict([('name', 'Marker'), ('id', '2f8774381bf9c39e99331dcbf2c6dfcc'), ('children', OrderedDict([('custom_icon_efb10ae146868730910359ca1d13fc45', OrderedDict([('name', 'CustomIcon'), ('id', 'efb10ae146868730910359ca1d13fc45'), ('children', OrderedDict())])), ('popup_1e886bdb7ae0a4a7ec70d6a75c5dbb62', OrderedDict([('name', 'Popup'), ('id', '1e886bdb7ae0a4a7ec70d6a75c5dbb62'), ('children', OrderedDict())]))]))])), ('marker_49ad1fa924f1e77681f1493c50a46510', OrderedDict([('name', 'Marker'), ('id', '49ad1fa924f1e77681f1493c50a46510'), ('children', OrderedDict([('custom_icon_737a1ce8393921420e04c58c72006179', OrderedDict([('name', 'CustomIcon'), ('id', '737a1ce8393921420e04c58c72006179'), ('children', OrderedDict())])), ('popup_68c9c96333c657abc07d551a65297cc3', OrderedDict([('name', 'Popup'), ('id', '68c9c96333c657abc07d551a65297cc3'), ('children', OrderedDict())]))]))])), ('marker_0390397aff716e36ee0c31ad1011e744', OrderedDict([('name', 'Marker'), ('id', '0390397aff716e36ee0c31ad1011e744'), ('children', OrderedDict([('custom_icon_86393e820417176ff5d650cca517aed4', OrderedDict([('name', 'CustomIcon'), ('id', '86393e820417176ff5d650cca517aed4'), ('children', OrderedDict())])), ('popup_585b353933d26244f510daa233ae5405', OrderedDict([('name', 'Popup'), ('id', '585b353933d26244f510daa233ae5405'), ('children', OrderedDict())]))]))])), ('marker_5c8598295429cea82c4b61ead6618872', OrderedDict([('name', 'Marker'), ('id', '5c8598295429cea82c4b61ead6618872'), ('children', OrderedDict([('custom_icon_73bf8542e5739f76e811b512314aa8b8', OrderedDict([('name', 'CustomIcon'), ('id', '73bf8542e5739f76e811b512314aa8b8'), ('children', OrderedDict())])), ('popup_3489ca25356d768f75f131a00d6f7611', OrderedDict([('name', 'Popup'), ('id', '3489ca25356d768f75f131a00d6f7611'), ('children', OrderedDict())]))]))])), ('marker_acfdbc1c44ccd6b70b07198a2c2dbe43', OrderedDict([('name', 'Marker'), ('id', 'acfdbc1c44ccd6b70b07198a2c2dbe43'), ('children', OrderedDict([('custom_icon_6aa18507a5ce11ce5566f0f7d8db968e', OrderedDict([('name', 'CustomIcon'), ('id', '6aa18507a5ce11ce5566f0f7d8db968e'), ('children', OrderedDict())])), ('popup_f06bf80e6b0c3099726bfe377fcf6dc5', OrderedDict([('name', 'Popup'), ('id', 'f06bf80e6b0c3099726bfe377fcf6dc5'), ('children', OrderedDict())]))]))])), ('marker_bc258aac70f8c084d3244ada6bd583d7', OrderedDict([('name', 'Marker'), ('id', 'bc258aac70f8c084d3244ada6bd583d7'), ('children', OrderedDict([('custom_icon_d6b634c3e98b67645e927a85d3be3449', OrderedDict([('name', 'CustomIcon'), ('id', 'd6b634c3e98b67645e927a85d3be3449'), ('children', OrderedDict())])), ('popup_30c01415b72ebc927d0f0d3d9035102d', OrderedDict([('name', 'Popup'), ('id', '30c01415b72ebc927d0f0d3d9035102d'), ('children', OrderedDict())]))]))])), ('marker_96dbef3560a25d2cea4e01a4ae99ac00', OrderedDict([('name', 'Marker'), ('id', '96dbef3560a25d2cea4e01a4ae99ac00'), ('children', OrderedDict([('custom_icon_7dc0d9d4ea6edd02c05c9cfe920d318c', OrderedDict([('name', 'CustomIcon'), ('id', '7dc0d9d4ea6edd02c05c9cfe920d318c'), ('children', OrderedDict())])), ('popup_2fd3aa126ce5740985541d9217f88c18', OrderedDict([('name', 'Popup'), ('id', '2fd3aa126ce5740985541d9217f88c18'), ('children', OrderedDict())]))]))])), ('marker_86fdf2dd76376a364bd8d6fbb0e9f3d3', OrderedDict([('name', 'Marker'), ('id', '86fdf2dd76376a364bd8d6fbb0e9f3d3'), ('children', OrderedDict([('custom_icon_6ba07ddd89ce145aaadd6c9f8ff5d179', OrderedDict([('name', 'CustomIcon'), ('id', '6ba07ddd89ce145aaadd6c9f8ff5d179'), ('children', OrderedDict())])), ('popup_d4b02796124962958fb556c44cf8cbc2', OrderedDict([('name', 'Popup'), ('id', 'd4b02796124962958fb556c44cf8cbc2'), ('children', OrderedDict())]))]))]))]))]))]))])), ('layer_control_f90159a4a5cc39f4fc47ff51ab8b4e2a', OrderedDict([('name', 'LayerControl'), ('id', 'f90159a4a5cc39f4fc47ff51ab8b4e2a'), ('children', OrderedDict())]))]))])
ultimate boss2 {"name": "Map", "id": "4fdd0cd427a2ce8e390b7634eb15ae9f", "children": {"openstreetmap": {"name": "TileLayer", "id": "2231bf86db948bbe4dfc6f7377fcb51f", "children": {}}, "feature_group_117ca49e53411942a3cd12ddf8bba335": {"name": "FeatureGroup", "id": "117ca49e53411942a3cd12ddf8bba335", "children": {"marker_cluster_114001fec1bc5e6dfaa783a3dbb14e4a": {"name": "MarkerCluster", "id": "114001fec1bc5e6dfaa783a3dbb14e4a", "children": {"marker_8215de3ca05d48e1bfb6f40c13e6d019": {"name": "Marker", "id": "8215de3ca05d48e1bfb6f40c13e6d019", "children": {"custom_icon_16f94e8e0d2960e73c8fe047d3446ddf": {"name": "CustomIcon", "id": "16f94e8e0d2960e73c8fe047d3446ddf", "children": {}}, "popup_90394f78a91152ca111318126ab5c360": {"name": "Popup", "id": "90394f78a91152ca111318126ab5c360", "children": {}}}}, "marker_bc533f9d2d1f3a863c17ce8b840cada9": {"name": "Marker", "id": "bc533f9d2d1f3a863c17ce8b840cada9", "children": {"custom_icon_a68802d25c9d7c815a1232621e8f15db": {"name": "CustomIcon", "id": "a68802d25c9d7c815a1232621e8f15db", "children": {}}, "popup_79fa6306ac4ccf1b857f62068c51b191": {"name": "Popup", "id": "79fa6306ac4ccf1b857f62068c51b191", "children": {}}}}, "marker_c6c6ca4405ac60fd201973fab356b9ec": {"name": "Marker", "id": "c6c6ca4405ac60fd201973fab356b9ec", "children": {"custom_icon_ff246b94026e5c967ad913175ad07911": {"name": "CustomIcon", "id": "ff246b94026e5c967ad913175ad07911", "children": {}}, "popup_49ae2be72b5f91c25a72669bbf5f6431": {"name": "Popup", "id": "49ae2be72b5f91c25a72669bbf5f6431", "children": {}}}}, "marker_600a8f1106dea1dcd37ba1bac3a642ee": {"name": "Marker", "id": "600a8f1106dea1dcd37ba1bac3a642ee", "children": {"custom_icon_398324f26e126b28a725b87f91fa6573": {"name": "CustomIcon", "id": "398324f26e126b28a725b87f91fa6573", "children": {}}, "popup_b97d4b3439d8721b34545fab5ded5563": {"name": "Popup", "id": "b97d4b3439d8721b34545fab5ded5563", "children": {}}}}, "marker_c265dd889216652b092da2e7ad90d9f5": {"name": "Marker", "id": "c265dd889216652b092da2e7ad90d9f5", "children": {"custom_icon_4e18eff05a6cf3eb9cea04babf464b15": {"name": "CustomIcon", "id": "4e18eff05a6cf3eb9cea04babf464b15", "children": {}}, "popup_f7402f734950c86fa97564135c4265de": {"name": "Popup", "id": "f7402f734950c86fa97564135c4265de", "children": {}}}}, "marker_d92a60dc357099e2c4cb17b548aa5068": {"name": "Marker", "id": "d92a60dc357099e2c4cb17b548aa5068", "children": {"custom_icon_538670a497d175cae4baa99cb6489c6d": {"name": "CustomIcon", "id": "538670a497d175cae4baa99cb6489c6d", "children": {}}, "popup_eaecbd6d96d17b759532d0c184295128": {"name": "Popup", "id": "eaecbd6d96d17b759532d0c184295128", "children": {}}}}, "marker_58c0d1d79a168682545c115c4a3e0fce": {"name": "Marker", "id": "58c0d1d79a168682545c115c4a3e0fce", "children": {"custom_icon_8ff9bf37c503f1f7e288eeba3d48bab7": {"name": "CustomIcon", "id": "8ff9bf37c503f1f7e288eeba3d48bab7", "children": {}}, "popup_29751dfd50a0301c16763a8ef536c031": {"name": "Popup", "id": "29751dfd50a0301c16763a8ef536c031", "children": {}}}}, "marker_3f087a6cb081cd3977bab88631c90d50": {"name": "Marker", "id": "3f087a6cb081cd3977bab88631c90d50", "children": {"custom_icon_7ae7e1d38bfa403110cc38a5e78fa241": {"name": "CustomIcon", "id": "7ae7e1d38bfa403110cc38a5e78fa241", "children": {}}, "popup_2382784c30b48dd951c0dfb54526d399": {"name": "Popup", "id": "2382784c30b48dd951c0dfb54526d399", "children": {}}}}, "marker_e07aa436898bd9671e85bacd8305948c": {"name": "Marker", "id": "e07aa436898bd9671e85bacd8305948c", "children": {"custom_icon_64edb008d699b2b5397a937016761b5e": {"name": "CustomIcon", "id": "64edb008d699b2b5397a937016761b5e", "children": {}}, "popup_cb8fa27548d9e3c14668f525a29b1615": {"name": "Popup", "id": "cb8fa27548d9e3c14668f525a29b1615", "children": {}}}}, "marker_6ce8245b1d8dcf66e9a6dc7f8d0d2bb7": {"name": "Marker", "id": "6ce8245b1d8dcf66e9a6dc7f8d0d2bb7", "children": {"custom_icon_33458981ec59f01eefd6079008169d22": {"name": "CustomIcon", "id": "33458981ec59f01eefd6079008169d22", "children": {}}, "popup_fe24fea0f2475b85a25ad6109a1b9600": {"name": "Popup", "id": "fe24fea0f2475b85a25ad6109a1b9600", "children": {}}}}, "marker_aacb82
[...]
": {}}, "popup_90394f78a91152ca111318126ab5c360": {"name": "Popup", "id": "90394f78a91152ca111318126ab5c360", "children": {}}}}, "marker_ceede9a90ab33b4dfeae8605e127a8d6": {"name": "Marker", "id": "ceede9a90ab33b4dfeae8605e127a8d6", "children": {"custom_icon_aae0e10bd0f35ab08191916cf866a8e6": {"name": "CustomIcon", "id": "aae0e10bd0f35ab08191916cf866a8e6", "children": {}}, "popup_1ac4d55b495e5a7b5827e9a34b45d636": {"name": "Popup", "id": "1ac4d55b495e5a7b5827e9a34b45d636", "children": {}}}}, "marker_943cef749da42f1a6487bd5e3e782b86": {"name": "Marker", "id": "943cef749da42f1a6487bd5e3e782b86", "children": {"custom_icon_fdaec1b964f6ca96036bffcb4fe5faf4": {"name": "CustomIcon", "id": "fdaec1b964f6ca96036bffcb4fe5faf4", "children": {}}, "popup_79fa6306ac4ccf1b857f62068c51b191": {"name": "Popup", "id": "79fa6306ac4ccf1b857f62068c51b191", "children": {}}}}, "marker_e16aba97bfec4a1cc558a347721a9e23": {"name": "Marker", "id": "e16aba97bfec4a1cc558a347721a9e23", "children": {"custom_icon_6fe6a2a165e0029c60486fc7500f333f": {"name": "CustomIcon", "id": "6fe6a2a165e0029c60486fc7500f333f", "children": {}}, "popup_49ae2be72b5f91c25a72669bbf5f6431": {"name": "Popup", "id": "49ae2be72b5f91c25a72669bbf5f6431", "children": {}}}}, "marker_6a483a55cdeae6b446cb6226c44ad950": {"name": "Marker", "id": "6a483a55cdeae6b446cb6226c44ad950", "children": {"custom_icon_1680dbe7a440f6900bf19e5d55c70884": {"name": "CustomIcon", "id": "1680dbe7a440f6900bf19e5d55c70884", "children": {}}, "popup_b97d4b3439d8721b34545fab5ded5563": {"name": "Popup", "id": "b97d4b3439d8721b34545fab5ded5563", "children": {}}}}, "marker_784b8da6fc5631d6b1e19c5ebcbbbf2d": {"name": "Marker", "id": "784b8da6fc5631d6b1e19c5ebcbbbf2d", "children": {"custom_icon_0a9615ad79ccfe0a8cbac5b27d44f885": {"name": "CustomIcon", "id": "0a9615ad79ccfe0a8cbac5b27d44f885", "children": {}}, "popup_f7402f734950c86fa97564135c4265de": {"name": "Popup", "id": "f7402f734950c86fa97564135c4265de", "children": {}}}}, "marker_75bc33d0d1c3d18f9f248b1e4191fb37": {"name": "Marker", "id": "75bc33d0d1c3d18f9f248b1e4191fb37", "children": {"custom_icon_d68b9544ce0710558a777e403d8ad640": {"name": "CustomIcon", "id": "d68b9544ce0710558a777e403d8ad640", "children": {}}, "popup_eaecbd6d96d17b759532d0c184295128": {"name": "Popup", "id": "eaecbd6d96d17b759532d0c184295128", "children": {}}}}, "marker_ed4700fc041260f4986cca6900dbd6e1": {"name": "Marker", "id": "ed4700fc041260f4986cca6900dbd6e1", "children": {"custom_icon_ac65b1c515450a9ab4dfc901718694c5": {"name": "CustomIcon", "id": "ac65b1c515450a9ab4dfc901718694c5", "children": {}}, "popup_29751dfd50a0301c16763a8ef536c031": {"name": "Popup", "id": "29751dfd50a0301c16763a8ef536c031", "children": {}}}}, "marker_624ab0d3900487670804ef63777d84a2": {"name": "Marker", "id": "624ab0d3900487670804ef63777d84a2", "children": {"custom_icon_d4e71d642527d34229aafa9c9db9c99d": {"name": "CustomIcon", "id": "d4e71d642527d34229aafa9c9db9c99d", "children": {}}, "popup_2382784c30b48dd951c0dfb54526d399": {"name": "Popup", "id": "2382784c30b48dd951c0dfb54526d399", "children": {}}}}, "marker_ef585a58976bc787234a659d306b67eb": {"name": "Marker", "id": "ef585a58976bc787234a659d306b67eb", "children": {"custom_icon_7a34c5c7010f23fdcc658d10315d0087": {"name": "CustomIcon", "id": "7a34c5c7010f23fdcc658d10315d0087", "children": {}}, "popup_58ebc919fa3b8cee7e02adbcbcc7d3a6": {"name": "Popup", "id": "58ebc919fa3b8cee7e02adbcbcc7d3a6", "children": {}}}}, "marker_c39faaf3217c9d4b3ec562601e6ec0cb": {"name": "Marker", "id": "c39faaf3217c9d4b3ec562601e6ec0cb", "children": {"custom_icon_7a23c5acc8735c152d84225ec3ec1cc2": {"name": "CustomIcon", "id": "7a23c5acc8735c152d84225ec3ec1cc2", "children": {}}, "popup_cb8fa27548d9e3c14668f525a29b1615": {"name": "Popup", "id": "cb8fa27548d9e3c14668f525a29b1615", "children": {}}}}, "marker_956e26712c2b4f97a4c8fde846b2a3cc": {"name": "Marker", "id": "956e26712c2b4f97a4c8fde846b2a3cc", "children": {"custom_icon_c6cd6babd1ff89663dc2082979427889": {"name": "CustomIcon", "id": "c6cd6babd1ff89663dc2082979427889", "children": {}}, "popup_fe24fea0f2475b85a25ad6109a1b9600": {"name": "Popup", "id": "fe24fea0f2475b85a25ad6109a1b9600", "children": {}}}}, "marker_d69cf0841dc9744ba9e1184bd0afca5f": {"name": "Marker", "id": "d69cf0841dc9744ba9e1184bd0afca5f", "children": {"custom_icon_c11de0fba73091f5463892bde4ba970b": {"name": "CustomIcon", "id": "c11de0fba73091f5463892bde4ba970b", "children": {}}, "popup_4dee0b8b9c8d004a8b64f4eaf7133a99": {"name": "Popup", "id": "4dee0b8b9c8d004a8b64f4eaf7133a99", "children": {}}}}, "marker_dbe7383b725dfba748430a46ce24e4b7": {"name": "Marker", "id": "dbe7383b725dfba748430a46ce24e4b7", "children": {"custom_icon_fa94932714aa3783217ba1dc48a399be": {"name": "CustomIcon", "id": "fa94932714aa3783217ba1dc48a399be", "children": {}}, "popup_3695b74d7a36b632fd0db45a93c882f6": {"name": "Popup", "id": "3695b74d7a36b632fd0db45a93c882f6", "children": {}}}}, "marker_fba2b81240d68f8ba4a0ab635e9e26d6": {"name": "Marker", "id": "fba2b81240d68f8ba4a0ab635e9e26d6", "children": {"custom_icon_a0d8dff4ec7b98a126f794a85566b8be": {"name": "CustomIcon", "id": "a0d8dff4ec7b98a126f794a85566b8be", "children": {}}, "popup_48608f622932fed341d717efc765ae89": {"name": "Popup", "id": "48608f622932fed341d717efc765ae89", "children": {}}}}, "marker_0b641843f5f0855aa9482d9c060114c0": {"name": "Marker", "id": "0b641843f5f0855aa9482d9c060114c0", "children": {"custom_icon_f77d7c637ac22cb853499a99b3692e1f": {"name": "CustomIcon", "id": "f77d7c637ac22cb853499a99b3692e1f", "children": {}}, "popup_99ed4da44da3577e3ba5829bf5bec6e1": {"name": "Popup", "id": "99ed4da44da3577e3ba5829bf5bec6e1", "children": {}}}}, "marker_a89816c75e4c1a0964e3cfc0bf6cd69d": {"name": "Marker", "id": "a89816c75e4c1a0964e3cfc0bf6cd69d", "children": {"custom_icon_51018ffb70d8c1a96cd9986c229cc5e3": {"name": "CustomIcon", "id": "51018ffb70d8c1a96cd9986c229cc5e3", "children": {}}, "popup_1e886bdb7ae0a4a7ec70d6a75c5dbb62": {"name": "Popup", "id": "1e886bdb7ae0a4a7ec70d6a75c5dbb62", "children": {}}}}, "marker_5ee316919260f0cff145e52386c9f8b5": {"name": "Marker", "id": "5ee316919260f0cff145e52386c9f8b5", "children": {"custom_icon_256eb0215eb5dbf94721810cb182ba25": {"name": "CustomIcon", "id": "256eb0215eb5dbf94721810cb182ba25", "children": {}}, "popup_68c9c96333c657abc07d551a65297cc3": {"name": "Popup", "id": "68c9c96333c657abc07d551a65297cc3", "children": {}}}}, "marker_9dbf08067e5f102e6275118ed8257c17": {"name": "Marker", "id": "9dbf08067e5f102e6275118ed8257c17", "children": {"custom_icon_3000375ddb5f4842b64f6e476f0bd4ca": {"name": "CustomIcon", "id": "3000375ddb5f4842b64f6e476f0bd4ca", "children": {}}, "popup_585b353933d26244f510daa233ae5405": {"name": "Popup", "id": "585b353933d26244f510daa233ae5405", "children": {}}}}, "marker_982f74ca9adfb0de580492319440d1fe": {"name": "Marker", "id": "982f74ca9adfb0de580492319440d1fe", "children": {"custom_icon_b38b51f40f2452a8fd805ae0b15186d4": {"name": "CustomIcon", "id": "b38b51f40f2452a8fd805ae0b15186d4", "children": {}}, "popup_3489ca25356d768f75f131a00d6f7611": {"name": "Popup", "id": "3489ca25356d768f75f131a00d6f7611", "children": {}}}}, "marker_e4896b2512ed7b8478c98496ba2a1e0b": {"name": "Marker", "id": "e4896b2512ed7b8478c98496ba2a1e0b", "children": {"custom_icon_ba015ad65d7982cfbf0750bc24dbfefa": {"name": "CustomIcon", "id": "ba015ad65d7982cfbf0750bc24dbfefa", "children": {}}, "popup_f06bf80e6b0c3099726bfe377fcf6dc5": {"name": "Popup", "id": "f06bf80e6b0c3099726bfe377fcf6dc5", "children": {}}}}, "marker_162470ffe1244358994a48adc442c752": {"name": "Marker", "id": "162470ffe1244358994a48adc442c752", "children": {"custom_icon_bac720ac9d4421040726be39e9a0746c": {"name": "CustomIcon", "id": "bac720ac9d4421040726be39e9a0746c", "children": {}}, "popup_30c01415b72ebc927d0f0d3d9035102d": {"name": "Popup", "id": "30c01415b72ebc927d0f0d3d9035102d", "children": {}}}}, "marker_115cda688000476a632a00959559459d": {"name": "Marker", "id": "115cda688000476a632a00959559459d", "children": {"custom_icon_5c924981cf2aeba568bdcaa768d8e67d": {"name": "CustomIcon", "id": "5c924981cf2aeba568bdcaa768d8e67d", "children": {}}, "popup_2fd3aa126ce5740985541d9217f88c18": {"name": "Popup", "id": "2fd3aa126ce5740985541d9217f88c18", "children": {}}}}, "marker_7d14127aef74d2c323c0653c40b1af8b": {"name": "Marker", "id": "7d14127aef74d2c323c0653c40b1af8b", "children": {"custom_icon_55f066e53f3610622c6c9ce99e6f76df": {"name": "CustomIcon", "id": "55f066e53f3610622c6c9ce99e6f76df", "children": {}}, "popup_d4b02796124962958fb556c44cf8cbc2": {"name": "Popup", "id": "d4b02796124962958fb556c44cf8cbc2", "children": {}}}}}}}}, "feature_group_ae816f03225009f187c3f91eb603f1ab": {"name": "FeatureGroup", "id": "ae816f03225009f187c3f91eb603f1ab", "children": {"marker_cluster_73794a8aa794a24f7ac82d9fd0f00a42": {"name": "MarkerCluster", "id": "73794a8aa794a24f7ac82d9fd0f00a42", "children": {}}}}, "feature_group_3c2cf985d14742f757be1a2aade2e0ac": {"name": "FeatureGroup", "id": "3c2cf985d14742f757be1a2aade2e0ac", "children": {"marker_cluster_5a7f7668ff9b6e34d4f6eecab824a974": {"name": "MarkerCluster", "id": "5a7f7668ff9b6e34d4f6eecab824a974", "children": {"marker_b7e055c5feebbcf14301ebcbfcfcdcd3": {"name": "Marker", "id": "b7e055c5feebbcf14301ebcbfcfcdcd3", "children": {"custom_icon_2c1988da72e2b6d557dcccfdeaf0a6f0": {"name": "CustomIcon", "id": "2c1988da72e2b6d557dcccfdeaf0a6f0", "children": {}}, "popup_90394f78a91152ca111318126ab5c360": {"name": "Popup", "id": "90394f78a91152ca111318126ab5c360", "children": {}}}}, "marker_4a1b4137b6675ec73833a487da866492": {"name": "Marker", "id": "4a1b4137b6675ec73833a487da866492", "children": {"custom_icon_1c6c5237db33890f2567c47a4597e83b": {"name": "CustomIcon", "id": "1c6c5237db33890f2567c47a4597e83b", "children": {}}, "popup_1ac4d55b495e5a7b5827e9a34b45d636": {"name": "Popup", "id": "1ac4d55b495e5a7b5827e9a34b45d636", "children": {}}}}, "marker_b95d39730ffebedccbaaae6bfc8a291f": {"name": "Marker", "id": "b95d39730ffebedccbaaae6bfc8a291f", "children": {"custom_icon_f40b968f3be480ce3372eef669a40096": {"name": "CustomIcon", "id": "f40b968f3be480ce3372eef669a40096", "children": {}}, "popup_79fa6306ac4ccf1b857f62068c51b191": {"name": "Popup", "id": "79fa6306ac4ccf1b857f62068c51b191", "children": {}}}}, "marker_9c2cf8664d07bc77629a8efd9feb18a0": {"name": "Marker", "id": "9c2cf8664d07bc77629a8efd9feb18a0", "children": {"custom_icon_4f40538b4ea330184e29369bb3355230": {"name": "CustomIcon", "id": "4f40538b4ea330184e29369bb3355230", "children": {}}, "popup_49ae2be72b5f91c25a72669bbf5f6431": {"name": "Popup", "id": "49ae2be72b5f91c25a72669bbf5f6431", "children": {}}}}, "marker_217730be5073df1ab4978706e5c02830": {"name": "Marker", "id": "217730be5073df1ab4978706e5c02830", "children": {"custom_icon_5725ac80ec87f9bc3502b600ed016548": {"name": "CustomIcon", "id": "5725ac80ec87f9bc3502b600ed016548", "children": {}}, "popup_b97d4b3439d8721b34545fab5ded5563": {"name": "Popup", "id": "b97d4b3439d8721b34545fab5ded5563", "children": {}}}}, "marker_531e725fc70d4dd13592c1090a9170c8": {"name": "Marker", "id": "531e725fc70d4dd13592c1090a9170c8", "children": {"custom_icon_39ba055419a091054d5cc78fc4aef884": {"name": "CustomIcon", "id": "39ba055419a091054d5cc78fc4aef884", "children": {}}, "popup_f7402f734950c86fa97564135c4265de": {"name": "Popup", "id": "f7402f734950c86fa97564135c4265de", "children": {}}}}, "marker_4ea051c3b174e5feca0f9af2d67b6cc1": {"name": "Marker", "id": "4ea051c3b174e5feca0f9af2d67b6cc1", "children": {"custom_icon_e1522e2fbd6b062e2092837624900ba2": {"name": "CustomIcon", "id": "e1522e2fbd6b062e2092837624900ba2", "children": {}}, "popup_eaecbd6d96d17b759532d0c184295128": {"name": "Popup", "id": "eaecbd6d96d17b759532d0c184295128", "children": {}}}}, "marker_cf5acc6fad71b206c29f0d0e760bc05a": {"name": "Marker", "id": "cf5acc6fad71b206c29f0d0e760bc05a", "children": {"custom_icon_d501bdffd015dc435627652a66914897": {"name": "CustomIcon", "id": "d501bdffd015dc435627652a66914897", "children": {}}, "popup_29751dfd50a0301c16763a8ef536c031": {"name": "Popup", "id": "29751dfd50a0301c16763a8ef536c031", "children": {}}}}, "marker_3dd9ecd772b2d537ec3b938cc1107047": {"name": "Marker", "id": "3dd9ecd772b2d537ec3b938cc1107047", "children": {"custom_icon_deb10517a7aacf50b2cfc064b1f0960f": {"name": "CustomIcon", "id": "deb10517a7aacf50b2cfc064b1f0960f", "children": {}}, "popup_2382784c30b48dd951c0dfb54526d399": {"name": "Popup", "id": "2382784c30b48dd951c0dfb54526d399", "children": {}}}}, "marker_ff17a510e764e0931ad9c26a59483ad8": {"name": "Marker", "id": "ff17a510e764e0931ad9c26a59483ad8", "children": {"custom_icon_af9ce5bae9c7caad761b1c31c85e5d04": {"name": "CustomIcon", "id": "af9ce5bae9c7caad761b1c31c85e5d04", "children": {}}, "popup_58ebc919fa3b8cee7e02adbcbcc7d3a6": {"name": "Popup", "id": "58ebc919fa3b8cee7e02adbcbcc7d3a6", "children": {}}}}, "marker_77d7d935b354e3a3430802fd4ad32cc9": {"name": "Marker", "id": "77d7d935b354e3a3430802fd4ad32cc9", "children": {"custom_icon_855520f540368ac8e2347736ee4fde83": {"name": "CustomIcon", "id": "855520f540368ac8e2347736ee4fde83", "children": {}}, "popup_cb8fa27548d9e3c14668f525a29b1615": {"name": "Popup", "id": "cb8fa27548d9e3c14668f525a29b1615", "children": {}}}}, "marker_3eab73cff3b5683f125f67aee6b8dd54": {"name": "Marker", "id": "3eab73cff3b5683f125f67aee6b8dd54", "children": {"custom_icon_c1e35148f104df4809aa0396fdaa5558": {"name": "CustomIcon", "id": "c1e35148f104df4809aa0396fdaa5558", "children": {}}, "popup_fe24fea0f2475b85a25ad6109a1b9600": {"name": "Popup", "id": "fe24fea0f2475b85a25ad6109a1b9600", "children": {}}}}, "marker_ea9988fca639866f239f02cc3567cc9b": {"name": "Marker", "id": "ea9988fca639866f239f02cc3567cc9b", "children": {"custom_icon_3b349229c3d035d22f4ba8fb5e87c175": {"name": "CustomIcon", "id": "3b349229c3d035d22f4ba8fb5e87c175", "children": {}}, "popup_4dee0b8b9c8d004a8b64f4eaf7133a99": {"name": "Popup", "id": "4dee0b8b9c8d004a8b64f4eaf7133a99", "children": {}}}}, "marker_d5984923308bfd84053a510e26ee4334": {"name": "Marker", "id": "d5984923308bfd84053a510e26ee4334", "children": {"custom_icon_6b069d3b4c6c024a30306448832e0e9e": {"name": "CustomIcon", "id": "6b069d3b4c6c024a30306448832e0e9e", "children": {}}, "popup_3695b74d7a36b632fd0db45a93c882f6": {"name": "Popup", "id": "3695b74d7a36b632fd0db45a93c882f6", "children": {}}}}, "marker_d0f4201d1d8ca2cd51a88c0e4a47ebf3": {"name": "Marker", "id": "d0f4201d1d8ca2cd51a88c0e4a47ebf3", "children": {"custom_icon_8d603f62909b2e47704d216778ae22e3": {"name": "CustomIcon", "id": "8d603f62909b2e47704d216778ae22e3", "children": {}}, "popup_48608f622932fed341d717efc765ae89": {"name": "Popup", "id": "48608f622932fed341d717efc765ae89", "children": {}}}}, "marker_506c570004e75a9329ea15688e8c5817": {"name": "Marker", "id": "506c570004e75a9329ea15688e8c5817", "children": {"custom_icon_18000fe1ea12f76241ad687cad91b31f": {"name": "CustomIcon", "id": "18000fe1ea12f76241ad687cad91b31f", "children": {}}, "popup_99ed4da44da3577e3ba5829bf5bec6e1": {"name": "Popup", "id": "99ed4da44da3577e3ba5829bf5bec6e1", "children": {}}}}, "marker_2f8774381bf9c39e99331dcbf2c6dfcc": {"name": "Marker", "id": "2f8774381bf9c39e99331dcbf2c6dfcc", "children": {"custom_icon_efb10ae146868730910359ca1d13fc45": {"name": "CustomIcon", "id": "efb10ae146868730910359ca1d13fc45", "children": {}}, "popup_1e886bdb7ae0a4a7ec70d6a75c5dbb62": {"name": "Popup", "id": "1e886bdb7ae0a4a7ec70d6a75c5dbb62", "children": {}}}}, "marker_49ad1fa924f1e77681f1493c50a46510": {"name": "Marker", "id": "49ad1fa924f1e77681f1493c50a46510", "children": {"custom_icon_737a1ce8393921420e04c58c72006179": {"name": "CustomIcon", "id": "737a1ce8393921420e04c58c72006179", "children": {}}, "popup_68c9c96333c657abc07d551a65297cc3": {"name": "Popup", "id": "68c9c96333c657abc07d551a65297cc3", "children": {}}}}, "marker_0390397aff716e36ee0c31ad1011e744": {"name": "Marker", "id": "0390397aff716e36ee0c31ad1011e744", "children": {"custom_icon_86393e820417176ff5d650cca517aed4": {"name": "CustomIcon", "id": "86393e820417176ff5d650cca517aed4", "children": {}}, "popup_585b353933d26244f510daa233ae5405": {"name": "Popup", "id": "585b353933d26244f510daa233ae5405", "children": {}}}}, "marker_5c8598295429cea82c4b61ead6618872": {"name": "Marker", "id": "5c8598295429cea82c4b61ead6618872", "children": {"custom_icon_73bf8542e5739f76e811b512314aa8b8": {"name": "CustomIcon", "id": "73bf8542e5739f76e811b512314aa8b8", "children": {}}, "popup_3489ca25356d768f75f131a00d6f7611": {"name": "Popup", "id": "3489ca25356d768f75f131a00d6f7611", "children": {}}}}, "marker_acfdbc1c44ccd6b70b07198a2c2dbe43": {"name": "Marker", "id": "acfdbc1c44ccd6b70b07198a2c2dbe43", "children": {"custom_icon_6aa18507a5ce11ce5566f0f7d8db968e": {"name": "CustomIcon", "id": "6aa18507a5ce11ce5566f0f7d8db968e", "children": {}}, "popup_f06bf80e6b0c3099726bfe377fcf6dc5": {"name": "Popup", "id": "f06bf80e6b0c3099726bfe377fcf6dc5", "children": {}}}}, "marker_bc258aac70f8c084d3244ada6bd583d7": {"name": "Marker", "id": "bc258aac70f8c084d3244ada6bd583d7", "children": {"custom_icon_d6b634c3e98b67645e927a85d3be3449": {"name": "CustomIcon", "id": "d6b634c3e98b67645e927a85d3be3449", "children": {}}, "popup_30c01415b72ebc927d0f0d3d9035102d": {"name": "Popup", "id": "30c01415b72ebc927d0f0d3d9035102d", "children": {}}}}, "marker_96dbef3560a25d2cea4e01a4ae99ac00": {"name": "Marker", "id": "96dbef3560a25d2cea4e01a4ae99ac00", "children": {"custom_icon_7dc0d9d4ea6edd02c05c9cfe920d318c": {"name": "CustomIcon", "id": "7dc0d9d4ea6edd02c05c9cfe920d318c", "children": {}}, "popup_2fd3aa126ce5740985541d9217f88c18": {"name": "Popup", "id": "2fd3aa126ce5740985541d9217f88c18", "children": {}}}}, "marker_86fdf2dd76376a364bd8d6fbb0e9f3d3": {"name": "Marker", "id": "86fdf2dd76376a364bd8d6fbb0e9f3d3", "children": {"custom_icon_6ba07ddd89ce145aaadd6c9f8ff5d179": {"name": "CustomIcon", "id": "6ba07ddd89ce145aaadd6c9f8ff5d179", "children": {}}, "popup_d4b02796124962958fb556c44cf8cbc2": {"name": "Popup", "id": "d4b02796124962958fb556c44cf8cbc2", "children": {}}}}}}}}, "layer_control_f90159a4a5cc39f4fc47ff51ab8b4e2a": {"name": "LayerControl", "id": "f90159a4a5cc39f4fc47ff51ab8b4e2a", "children": {}}}}
ultimate boss4 &lt;folium.folium.Map object at 0x000002694227AEC0&gt;
{'error': {'message': 'Invalid OAuth access token - Cannot parse access token', 'type': 'OAuthException', 'code': 190, 'fbtrace_id': 'AQ8eNvfnN0RfCREb_x7aUJU'}}</msg>
<msg timestamp="20230612 14:51:27.454" level="INFO">G:\My Drive\Python\Scraper\Lelongtips\sherlock-dms\resources\restAPI\Main\Main.py:754: GuessedAtParserWarning: No parser was explicitly specified, so I'm using the best available HTML parser for this system ("lxml"). This usually isn't a problem, but if you run this code on another system, or in a different virtual environment, it may use a different parser and behave differently.

The code that caused this warning is on line 754 of the file G:\My Drive\Python\Scraper\Lelongtips\sherlock-dms\resources\restAPI\Main\Main.py. To get rid of this warning, pass the additional argument 'features="lxml"' to the BeautifulSoup constructor.

  parsed_html = BeautifulSoup(body_text)</msg>
<msg timestamp="20230612 14:51:27.454" level="TRACE">Return: None</msg>
<status status="PASS" starttime="20230612 14:50:58.868" endtime="20230612 14:51:27.454"/>
</kw>
<doc>Executes main flow</doc>
<tag>flow</tag>
<status status="PASS" starttime="20230612 14:50:58.866" endtime="20230612 14:51:27.455"/>
</test>
<doc>[https://pabot.org/?ref=log|Pabot] result from 1 executions.</doc>
<status status="PASS" starttime="20230612 14:50:55.344" endtime="20230612 14:51:27.457"/>
</suite>
<statistics>
<total>
<stat pass="1" fail="0" skip="0">All Tests</stat>
</total>
<tag>
<stat pass="1" fail="0" skip="0">flow</stat>
</tag>
<suite>
<stat pass="1" fail="0" skip="0" id="s1" name="Main">Main</stat>
</suite>
</statistics>
<errors>
<msg timestamp="20230612 14:50:55.859" level="WARN">Imported library 'G:\My Drive\Python\Scraper\Lelongtips\sherlock-dms\resources\TransactionFormula.py' contains no keywords.</msg>
</errors>
</robot>
