<?xml version="1.0" encoding="UTF-8"?>
<robot generator="Robot 6.0.1 (Python 3.10.4 on win32)" generated="20230523 14:35:23.252" rpa="false" schemaversion="3">
<suite id="s1" name="Main" source="G:\My Drive\Python\Scraper\Lelongtips\sherlock-dms\tests\restAPI\Main\Main.robot">
<test id="s1-t1" name="1 - Executes Main flow" line="6">
<kw name="When user runs main flow" library="Main">
<msg timestamp="20230523 14:35:28.571" level="TRACE">Arguments: [  ]</msg>
<msg timestamp="20230523 14:35:28.575" level="DEBUG">Starting new HTTPS connection (1): www.lelongtips.com.my:443</msg>
<msg timestamp="20230523 14:35:29.681" level="DEBUG">https://www.lelongtips.com.my:443 "GET /search?keyword=&amp;property_type%5B%5D=1&amp;property_type%5B%5D=4&amp;property_type%5B%5D=5&amp;property_type%5B%5D=3&amp;state=kl_sel&amp;min_price=150000&amp;max_price=1000000&amp;min_size=&amp;max_size=&amp;sort=price-asc&amp;listing_status=upcoming&amp;page=1 HTTP/1.1" 200 None</msg>
<msg timestamp="20230523 14:35:29.693" level="DEBUG">Starting new HTTPS connection (1): www.lelongtips.com.my:443</msg>
<msg timestamp="20230523 14:35:30.632" level="DEBUG">https://www.lelongtips.com.my:443 "GET /search?keyword=&amp;property_type%5B%5D=1&amp;property_type%5B%5D=4&amp;property_type%5B%5D=5&amp;property_type%5B%5D=3&amp;state=kl_sel&amp;min_price=150000&amp;max_price=1000000&amp;min_size=&amp;max_size=&amp;sort=price-asc&amp;listing_status=upcoming&amp;page=1 HTTP/1.1" 200 None</msg>
<msg timestamp="20230523 14:35:32.840" level="DEBUG">Starting new HTTPS connection (1): www.lelongtips.com.my:443</msg>
<msg timestamp="20230523 14:35:33.671" level="DEBUG">https://www.lelongtips.com.my:443 "GET /search?keyword=&amp;property_type%5B%5D=1&amp;property_type%5B%5D=4&amp;property_type%5B%5D=5&amp;property_type%5B%5D=3&amp;state=kl_sel&amp;min_price=150000&amp;max_price=1000000&amp;min_size=&amp;max_size=&amp;sort=price-asc&amp;listing_status=upcoming&amp;page=2 HTTP/1.1" 200 None</msg>
<msg timestamp="20230523 14:35:36.881" level="DEBUG">Starting new HTTPS connection (1): www.lelongtips.com.my:443</msg>
<msg timestamp="20230523 14:35:37.711" level="DEBUG">https://www.lelongtips.com.my:443 "GET /search?keyword=&amp;property_type%5B%5D=1&amp;property_type%5B%5D=4&amp;property_type%5B%5D=5&amp;property_type%5B%5D=3&amp;state=kl_sel&amp;min_price=150000&amp;max_price=1000000&amp;min_size=&amp;max_size=&amp;sort=price-asc&amp;listing_status=upcoming&amp;page=3 HTTP/1.1" 200 None</msg>
<msg timestamp="20230523 14:35:41.117" level="DEBUG">Starting new HTTPS connection (1): www.lelongtips.com.my:443</msg>
<msg timestamp="20230523 14:35:41.762" level="DEBUG">https://www.lelongtips.com.my:443 "GET /search?keyword=&amp;property_type%5B%5D=1&amp;property_type%5B%5D=4&amp;property_type%5B%5D=5&amp;property_type%5B%5D=3&amp;state=kl_sel&amp;min_price=150000&amp;max_price=1000000&amp;min_size=&amp;max_size=&amp;sort=price-asc&amp;listing_status=upcoming&amp;page=4 HTTP/1.1" 200 None</msg>
<msg timestamp="20230523 14:35:45.943" level="DEBUG">Starting new HTTPS connection (1): www.lelongtips.com.my:443</msg>
<msg timestamp="20230523 14:35:48.079" level="DEBUG">https://www.lelongtips.com.my:443 "GET /search?keyword=&amp;property_type%5B%5D=1&amp;property_type%5B%5D=4&amp;property_type%5B%5D=5&amp;property_type%5B%5D=3&amp;state=kl_sel&amp;min_price=150000&amp;max_price=1000000&amp;min_size=&amp;max_size=&amp;sort=price-asc&amp;listing_status=upcoming&amp;page=5 HTTP/1.1" 200 None</msg>
<msg timestamp="20230523 14:35:51.277" level="DEBUG">Starting new HTTPS connection (1): www.lelongtips.com.my:443</msg>
<msg timestamp="20230523 14:35:52.115" level="DEBUG">https://www.lelongtips.com.my:443 "GET /search?keyword=&amp;property_type%5B%5D=1&amp;property_type%5B%5D=4&amp;property_type%5B%5D=5&amp;property_type%5B%5D=3&amp;state=kl_sel&amp;min_price=150000&amp;max_price=1000000&amp;min_size=&amp;max_size=&amp;sort=price-asc&amp;listing_status=upcoming&amp;page=6 HTTP/1.1" 200 None</msg>
<msg timestamp="20230523 14:35:55.252" level="DEBUG">Starting new HTTPS connection (1): www.lelongtips.com.my:443</msg>
<msg timestamp="20230523 14:35:55.892" level="DEBUG">https://www.lelongtips.com.my:443 "GET /search?keyword=&amp;property_type%5B%5D=1&amp;property_type%5B%5D=4&amp;property_type%5B%5D=5&amp;property_type%5B%5D=3&amp;state=kl_sel&amp;min_price=150000&amp;max_price=1000000&amp;min_size=&amp;max_size=&amp;sort=price-asc&amp;listing_status=upcoming&amp;page=7 HTTP/1.1" 200 None</msg>
<msg timestamp="20230523 14:35:59.272" level="DEBUG">Starting new HTTPS connection (1): www.lelongtips.com.my:443</msg>
<msg timestamp="20230523 14:36:00.905" level="DEBUG">https://www.lelongtips.com.my:443 "GET /search?keyword=&amp;property_type%5B%5D=1&amp;property_type%5B%5D=4&amp;property_type%5B%5D=5&amp;property_type%5B%5D=3&amp;state=kl_sel&amp;min_price=150000&amp;max_price=1000000&amp;min_size=&amp;max_size=&amp;sort=price-asc&amp;listing_status=upcoming&amp;page=8 HTTP/1.1" 200 None</msg>
<msg timestamp="20230523 14:36:03.056" level="DEBUG">Starting new HTTPS connection (1): www.lelongtips.com.my:443</msg>
<msg timestamp="20230523 14:36:03.736" level="DEBUG">https://www.lelongtips.com.my:443 "GET /search?keyword=&amp;property_type%5B%5D=1&amp;property_type%5B%5D=4&amp;property_type%5B%5D=5&amp;property_type%5B%5D=3&amp;state=kl_sel&amp;min_price=150000&amp;max_price=1000000&amp;min_size=&amp;max_size=&amp;sort=price-asc&amp;listing_status=upcoming&amp;page=9 HTTP/1.1" 200 None</msg>
<msg timestamp="20230523 14:36:05.862" level="DEBUG">Starting new HTTPS connection (1): www.lelongtips.com.my:443</msg>
<msg timestamp="20230523 14:36:06.658" level="DEBUG">https://www.lelongtips.com.my:443 "GET /search?keyword=&amp;property_type%5B%5D=1&amp;property_type%5B%5D=4&amp;property_type%5B%5D=5&amp;property_type%5B%5D=3&amp;state=kl_sel&amp;min_price=150000&amp;max_price=1000000&amp;min_size=&amp;max_size=&amp;sort=price-asc&amp;listing_status=upcoming&amp;page=10 HTTP/1.1" 200 None</msg>
<msg timestamp="20230523 14:36:10.869" level="DEBUG">Starting new HTTPS connection (1): www.lelongtips.com.my:443</msg>
<msg timestamp="20230523 14:36:12.796" level="DEBUG">https://www.lelongtips.com.my:443 "GET /search?keyword=&amp;property_type%5B%5D=1&amp;property_type%5B%5D=4&amp;property_type%5B%5D=5&amp;property_type%5B%5D=3&amp;state=kl_sel&amp;min_price=150000&amp;max_price=1000000&amp;min_size=&amp;max_size=&amp;sort=price-asc&amp;listing_status=upcoming&amp;page=11 HTTP/1.1" 200 None</msg>
<msg timestamp="20230523 14:36:14.936" level="DEBUG">Converted retries value: 2 -&gt; Retry(total=2, connect=None, read=None, redirect=None, status=None)</msg>
<msg timestamp="20230523 14:36:14.937" level="DEBUG">Converted retries value: 2 -&gt; Retry(total=2, connect=None, read=None, redirect=None, status=None)</msg>
<msg timestamp="20230523 14:36:14.938" level="DEBUG">Starting new HTTPS connection (1): maps.googleapis.com:443</msg>
<msg timestamp="20230523 14:36:15.015" level="DEBUG">https://maps.googleapis.com:443 "GET /maps/api/geocode/json?address=Block+10%2C+Jalan+1%2F144A%2C+Taman+Bukit+Cheras%2C+56000%2C+Kuala+Lumpur&amp;key=AIzaSyCFnR_9wkfFiy0Xui-qf4tXXe3T5aQ0yZk HTTP/1.1" 200 None</msg>
<msg timestamp="20230523 14:36:15.017" level="DEBUG">Converted retries value: 2 -&gt; Retry(total=2, connect=None, read=None, redirect=None, status=None)</msg>
<msg timestamp="20230523 14:36:15.017" level="DEBUG">Converted retries value: 2 -&gt; Retry(total=2, connect=None, read=None, redirect=None, status=None)</msg>
<msg timestamp="20230523 14:36:15.147" level="DEBUG">https://maps.googleapis.com:443 "GET /maps/api/geocode/json?address=Block+M2%2C+Jalan+Persiaran+Desa+Serdang+3%2C+Taman+Desa+Serdang%2C+43300+Seri+Kembangan%2C+Selangor&amp;key=AIzaSyCFnR_9wkfFiy0Xui-qf4tXXe3T5aQ0yZk HTTP/1.1" 200 None</msg>
<msg timestamp="20230523 14:36:15.149" level="DEBUG">Converted retries value: 2 -&gt; Retry(total=2, connect=None, read=None, redirect=None, status=None)</msg>
<msg timestamp="20230523 14:36:15.149" level="DEBUG">Converted retries value: 2 -&gt; Retry(total=2, connect=None, read=None, redirect=None, status=None)</msg>
<msg timestamp="20230523 14:36:15.233" level="DEBUG">https://maps.googleapis.com:443 "GET /maps/api/geocode/json?address=Pangsapuri+Subang+Hijauan%2C+Jalan+Bintang+U5%2F33%2C+Seksyen+U5+40150+Shah+Alam%2C+Selangor&amp;key=AIzaSyCFnR_9wkfFiy0Xui-qf4tXXe3T5aQ0yZk HTTP/1.1" 200 None</msg>
<msg timestamp="20230523 14:36:15.235" level="DEBUG">Converted retries value: 2 -&gt; Retry(total=2, connect=None, read=None, redirect=None, status=None)</msg>
<msg timestamp="20230523 14:36:15.236" level="DEBUG">Converted retries value: 2 -&gt; Retry(total=2, connect=None, read=None, redirect=None, status=None)</msg>
<msg timestamp="20230523 14:36:15.258" level="DEBUG">https://maps.googleapis.com:443 "GET /maps/api/geocode/json?address=Block+53%2C+Abadi+Indah+Apartment%2C+Jalan+3%2F109C%2C+Taman+Abadi+Indah%2C+Off+Jalan+Kelang+Lama%2C+58100%2C+Kuala+Lumpur&amp;key=AIzaSyCFnR_9wkfFiy0Xui-qf4tXXe3T5aQ0yZk HTTP/1.1" 200 None</msg>
<msg timestamp="20230523 14:36:15.260" level="DEBUG">Converted retries value: 2 -&gt; Retry(total=2, connect=None, read=None, redirect=None, status=None)</msg>
<msg timestamp="20230523 14:36:15.260" level="DEBUG">Converted retries value: 2 -&gt; Retry(total=2, connect=None, read=None, redirect=None, status=None)</msg>
<msg timestamp="20230523 14:36:15.330" level="DEBUG">https://maps.googleapis.com:443 "GET /maps/api/geocode/json?address=Jalan+Orkid+1%2C+Taman+Orkid%2C+43200+Cheras%2C+Selangor&amp;key=AIzaSyCFnR_9wkfFiy0Xui-qf4tXXe3T5aQ0yZk HTTP/1.1" 200 None</msg>
<msg timestamp="20230523 14:36:15.332" level="DEBUG">Converted retries value: 2 -&gt; Retry(total=2, connect=None, read=None, redirect=None, status=None)</msg>
<msg timestamp="20230523 14:36:15.333" level="DEBUG">Converted retries value: 2 -&gt; Retry(total=2, connect=None, read=None, redirect=None, status=None)</msg>
<msg timestamp="20230523 14:36:15.409" level="DEBUG">https://maps.googleapis.com:443 "GET /maps/api/geocode/json?address=Pangsapuri+Sri+Angkasa%2C+Jalan+Batu+Unjur+10%2C+Taman+Bayu+Perdana%2C+41200+Klang%2C+Selangor&amp;key=AIzaSyCFnR_9wkfFiy0Xui-qf4tXXe3T5aQ0yZk HTTP/1.1" 200 None</msg>
<msg timestamp="20230523 14:36:15.411" level="DEBUG">Converted retries value: 2 -&gt; Retry(total=2, connect=None, read=None, redirect=None, status=None)</msg>
<msg timestamp="20230523 14:36:15.411" level="DEBUG">Converted retries value: 2 -&gt; Retry(total=2, connect=None, read=None, redirect=None, status=None)</msg>
<msg timestamp="20230523 14:36:15.447" level="DEBUG">https://maps.googleapis.com:443 "GET /maps/api/geocode/json?address=Pangsapuri+Rosana+Villa%2C+Jalan+Putra+Perdana+9%2C+Taman+Putra+Perdana%2C+47130+Puchong%2C+Selangor&amp;key=AIzaSyCFnR_9wkfFiy0Xui-qf4tXXe3T5aQ0yZk HTTP/1.1" 200 None</msg>
<msg timestamp="20230523 14:36:15.452" level="DEBUG">Converted retries value: 2 -&gt; Retry(total=2, connect=None, read=None, redirect=None, status=None)</msg>
<msg timestamp="20230523 14:36:15.453" level="DEBUG">Converted retries value: 2 -&gt; Retry(total=2, connect=None, read=None, redirect=None, status=None)</msg>
<msg timestamp="20230523 14:36:15.480" level="DEBUG">https://maps.googleapis.com:443 "GET /maps/api/geocode/json?address=Mesra+Ria%2C+Jalan+Ikan+Emas%2C+Taman+Pandan+Mesra%2C+68000+Ampang%2C+Selangor&amp;key=AIzaSyCFnR_9wkfFiy0Xui-qf4tXXe3T5aQ0yZk HTTP/1.1" 200 None</msg>
<msg timestamp="20230523 14:36:15.483" level="DEBUG">Converted retries value: 2 -&gt; Retry(total=2, connect=None, read=None, redirect=None, status=None)</msg>
<msg timestamp="20230523 14:36:15.484" level="DEBUG">Converted retries value: 2 -&gt; Retry(total=2, connect=None, read=None, redirect=None, status=None)</msg>
<msg timestamp="20230523 14:36:15.545" level="DEBUG">https://maps.googleapis.com:443 "GET /maps/api/geocode/json?address=Apartment+Lestari%2C+Jalan+PJU+10%2F1B%2C+Damansara+Damai%2C+47830+Petaling+Jaya%2C+Selangor&amp;key=AIzaSyCFnR_9wkfFiy0Xui-qf4tXXe3T5aQ0yZk HTTP/1.1" 200 None</msg>
<msg timestamp="20230523 14:36:15.546" level="DEBUG">Converted retries value: 2 -&gt; Retry(total=2, connect=None, read=None, redirect=None, status=None)</msg>
<msg timestamp="20230523 14:36:15.547" level="DEBUG">Converted retries value: 2 -&gt; Retry(total=2, connect=None, read=None, redirect=None, status=None)</msg>
<msg timestamp="20230523 14:36:15.634" level="DEBUG">https://maps.googleapis.com:443 "GET /maps/api/geocode/json?address=Pangsapuri+Desa+Lembah+Permai%2C+Jalan+Permai+4%2C+Desa+Lembah+Permai%2C+Lemabah+Jaya+Utara%2C+68000+Ampang%2C+Selangor&amp;key=AIzaSyCFnR_9wkfFiy0Xui-qf4tXXe3T5aQ0yZk HTTP/1.1" 200 None</msg>
<msg timestamp="20230523 14:36:15.635" level="DEBUG">Converted retries value: 2 -&gt; Retry(total=2, connect=None, read=None, redirect=None, status=None)</msg>
<msg timestamp="20230523 14:36:15.635" level="DEBUG">Converted retries value: 2 -&gt; Retry(total=2, connect=None, read=None, redirect=None, status=None)</msg>
<msg timestamp="20230523 14:36:15.730" level="DEBUG">https://maps.googleapis.com:443 "GET /maps/api/geocode/json?address=4th+Floor%2C+Block+B14%2C+Pangsapuri+Mutiara%2C+Jalan+Balakong+Jaya+1%2C+Taman+Balakong+Jaya%2C+43300+Seri+Kembangan%2C+Selangor&amp;key=AIzaSyCFnR_9wkfFiy0Xui-qf4tXXe3T5aQ0yZk HTTP/1.1" 200 None</msg>
<msg timestamp="20230523 14:36:15.732" level="DEBUG">Converted retries value: 2 -&gt; Retry(total=2, connect=None, read=None, redirect=None, status=None)</msg>
<msg timestamp="20230523 14:36:15.732" level="DEBUG">Converted retries value: 2 -&gt; Retry(total=2, connect=None, read=None, redirect=None, status=None)</msg>
<msg timestamp="20230523 14:36:15.758" level="DEBUG">https://maps.googleapis.com:443 "GET /maps/api/geocode/json?address=Idaman+Sentosa%2C+Jalan+Bendahara+47A%2C+Taman+Sentosa%2C+41200+Klang%2C+Selangor&amp;key=AIzaSyCFnR_9wkfFiy0Xui-qf4tXXe3T5aQ0yZk HTTP/1.1" 200 None</msg>
<msg timestamp="20230523 14:36:15.760" level="DEBUG">Converted retries value: 2 -&gt; Retry(total=2, connect=None, read=None, redirect=None, status=None)</msg>
<msg timestamp="20230523 14:36:15.761" level="DEBUG">Converted retries value: 2 -&gt; Retry(total=2, connect=None, read=None, redirect=None, status=None)</msg>
<msg timestamp="20230523 14:36:15.784" level="DEBUG">https://maps.googleapis.com:443 "GET /maps/api/geocode/json?address=Tingkat+3%2C+Jalan+10%2F2%2C+Taman+Perkasa%2C+43100+Hulu+Langat%2C+Selangor&amp;key=AIzaSyCFnR_9wkfFiy0Xui-qf4tXXe3T5aQ0yZk HTTP/1.1" 200 None</msg>
<msg timestamp="20230523 14:36:15.786" level="DEBUG">Converted retries value: 2 -&gt; Retry(total=2, connect=None, read=None, redirect=None, status=None)</msg>
<msg timestamp="20230523 14:36:15.786" level="DEBUG">Converted retries value: 2 -&gt; Retry(total=2, connect=None, read=None, redirect=None, status=None)</msg>
<msg timestamp="20230523 14:36:15.810" level="DEBUG">https://maps.googleapis.com:443 "GET /maps/api/geocode/json?address=Level+6%2C+Block+B3%2C+Pusat+Dagang+Setia+Jaya%2C+No.+9%2C+Jalan+PJS+8%2F9%2C+46150+Petaling+Jaya%2C+Selangor&amp;key=AIzaSyCFnR_9wkfFiy0Xui-qf4tXXe3T5aQ0yZk HTTP/1.1" 200 None</msg>
<msg timestamp="20230523 14:36:15.812" level="DEBUG">Converted retries value: 2 -&gt; Retry(total=2, connect=None, read=None, redirect=None, status=None)</msg>
<msg timestamp="20230523 14:36:15.813" level="DEBUG">Converted retries value: 2 -&gt; Retry(total=2, connect=None, read=None, redirect=None, status=None)</msg>
<msg timestamp="20230523 14:36:15.836" level="DEBUG">https://maps.googleapis.com:443 "GET /maps/api/geocode/json?address=Level+6%2C+Block+B3%2C+Pusat+Dagang+Setia+Jaya%2C+No.+9%2C+Jalan+PJS+8%2F9%2C+46150+Petaling+Jaya%2C+Selangor&amp;key=AIzaSyCFnR_9wkfFiy0Xui-qf4tXXe3T5aQ0yZk HTTP/1.1" 200 None</msg>
<msg timestamp="20230523 14:36:15.841" level="DEBUG">Converted retries value: 2 -&gt; Retry(total=2, connect=None, read=None, redirect=None, status=None)</msg>
<msg timestamp="20230523 14:36:15.841" level="DEBUG">Converted retries value: 2 -&gt; Retry(total=2, connect=None, read=None, redirect=None, status=None)</msg>
<msg timestamp="20230523 14:36:15.864" level="DEBUG">https://maps.googleapis.com:443 "GET /maps/api/geocode/json?address=Bayu+Apartment%2C+Jalan+PJU+10%2F4%2C+Damansara+Damai%2C+47830+Petaling+Jaya%2C+Selangor&amp;key=AIzaSyCFnR_9wkfFiy0Xui-qf4tXXe3T5aQ0yZk HTTP/1.1" 200 None</msg>
<msg timestamp="20230523 14:36:15.868" level="DEBUG">Converted retries value: 2 -&gt; Retry(total=2, connect=None, read=None, redirect=None, status=None)</msg>
<msg timestamp="20230523 14:36:15.868" level="DEBUG">Converted retries value: 2 -&gt; Retry(total=2, connect=None, read=None, redirect=None, status=None)</msg>
<msg timestamp="20230523 14:36:15.933" level="DEBUG">https://maps.googleapis.com:443 "GET /maps/api/geocode/json?address=Vega+Residensi+1%2C+Persiaran+Sepang%2C+Seksyen+6%2C+63300+Cyberjaya%2C+Selangor&amp;key=AIzaSyCFnR_9wkfFiy0Xui-qf4tXXe3T5aQ0yZk HTTP/1.1" 200 None</msg>
<msg timestamp="20230523 14:36:15.936" level="DEBUG">Converted retries value: 2 -&gt; Retry(total=2, connect=None, read=None, redirect=None, status=None)</msg>
<msg timestamp="20230523 14:36:15.937" level="DEBUG">Converted retries value: 2 -&gt; Retry(total=2, connect=None, read=None, redirect=None, status=None)</msg>
<msg timestamp="20230523 14:36:15.962" level="DEBUG">https://maps.googleapis.com:443 "GET /maps/api/geocode/json?address=Saville+%40+D%27Lake%2C+Jalan+Saville%2C+47130+Puchong%2C+Selangor&amp;key=AIzaSyCFnR_9wkfFiy0Xui-qf4tXXe3T5aQ0yZk HTTP/1.1" 200 None</msg>
<msg timestamp="20230523 14:36:15.964" level="DEBUG">Converted retries value: 2 -&gt; Retry(total=2, connect=None, read=None, redirect=None, status=None)</msg>
<msg timestamp="20230523 14:36:15.965" level="DEBUG">Converted retries value: 2 -&gt; Retry(total=2, connect=None, read=None, redirect=None, status=None)</msg>
<msg timestamp="20230523 14:36:15.996" level="DEBUG">https://maps.googleapis.com:443 "GET /maps/api/geocode/json?address=Block+A%2C+Villa+Sentosa%2C+Jalan+Dato+Yusof+Shahbudin+3%2C+Taman+Sentosa%2C+41200+Klang%2C+Selangor&amp;key=AIzaSyCFnR_9wkfFiy0Xui-qf4tXXe3T5aQ0yZk HTTP/1.1" 200 None</msg>
<msg timestamp="20230523 14:36:15.998" level="DEBUG">Converted retries value: 2 -&gt; Retry(total=2, connect=None, read=None, redirect=None, status=None)</msg>
<msg timestamp="20230523 14:36:15.998" level="DEBUG">Converted retries value: 2 -&gt; Retry(total=2, connect=None, read=None, redirect=None, status=None)</msg>
<msg timestamp="20230523 14:36:16.022" level="DEBUG">https://maps.googleapis.com:443 "GET /maps/api/geocode/json?address=Gugusan+Dedap%2C+Block+9%2C+Jalan+Kenyalang+11%2F1%2C+Kota+Damansara%2C+47810+Petaling+Jaya%2C+Selangor&amp;key=AIzaSyCFnR_9wkfFiy0Xui-qf4tXXe3T5aQ0yZk HTTP/1.1" 200 None</msg>
<msg timestamp="20230523 14:36:16.024" level="DEBUG">Converted retries value: 2 -&gt; Retry(total=2, connect=None, read=None, redirect=None, status=None)</msg>
<msg timestamp="20230523 14:36:16.025" level="DEBUG">Converted retries value: 2 -&gt; Retry(total=2, connect=None, read=None, redirect=None, status=None)</msg>
<msg timestamp="20230523 14:36:16.116" level="DEBUG">https://maps.googleapis.com:443 "GET /maps/api/geocode/json?address=Ground+Floor%2C+Block+17%2C+Jalan+SP+4%2F3%2C+Rumah+Pangsa+Impian%2C+Bandar+Saujana+Putra%2C+42610+Jenjarom%2C+Selangor&amp;key=AIzaSyCFnR_9wkfFiy0Xui-qf4tXXe3T5aQ0yZk HTTP/1.1" 200 None</msg>
<msg timestamp="20230523 14:36:16.117" level="DEBUG">Converted retries value: 2 -&gt; Retry(total=2, connect=None, read=None, redirect=None, status=None)</msg>
<msg timestamp="20230523 14:36:16.117" level="DEBUG">Converted retries value: 2 -&gt; Retry(total=2, connect=None, read=None, redirect=None, status=None)</msg>
<msg timestamp="20230523 14:36:16.195" level="DEBUG">https://maps.googleapis.com:443 "GET /maps/api/geocode/json?address=Jalan+Orkid+3%2C+Taman+Orkid%2C+43200+Cheras%2C+Selangor&amp;key=AIzaSyCFnR_9wkfFiy0Xui-qf4tXXe3T5aQ0yZk HTTP/1.1" 200 None</msg>
<msg timestamp="20230523 14:36:16.197" level="DEBUG">Converted retries value: 2 -&gt; Retry(total=2, connect=None, read=None, redirect=None, status=None)</msg>
<msg timestamp="20230523 14:36:16.197" level="DEBUG">Converted retries value: 2 -&gt; Retry(total=2, connect=None, read=None, redirect=None, status=None)</msg>
<msg timestamp="20230523 14:36:16.219" level="DEBUG">https://maps.googleapis.com:443 "GET /maps/api/geocode/json?address=Rosana+Villa+Apartment%2C+Jalan+Putra+Perdana+9%2C+Taman+Putra+Perdana%2C+47130+Puchong%2C+Selangor&amp;key=AIzaSyCFnR_9wkfFiy0Xui-qf4tXXe3T5aQ0yZk HTTP/1.1" 200 None</msg>
<msg timestamp="20230523 14:36:16.221" level="DEBUG">Converted retries value: 2 -&gt; Retry(total=2, connect=None, read=None, redirect=None, status=None)</msg>
<msg timestamp="20230523 14:36:16.221" level="DEBUG">Converted retries value: 2 -&gt; Retry(total=2, connect=None, read=None, redirect=None, status=None)</msg>
<msg timestamp="20230523 14:36:16.315" level="DEBUG">https://maps.googleapis.com:443 "GET /maps/api/geocode/json?address=Block+D%2C+Apartment+Indah+1%2C+Jalan+PJU+10%2F9%2C+Prima+Damansara%2C+47830+Petaling+Jaya%2C+Selangor&amp;key=AIzaSyCFnR_9wkfFiy0Xui-qf4tXXe3T5aQ0yZk HTTP/1.1" 200 None</msg>
<msg timestamp="20230523 14:36:16.317" level="DEBUG">Converted retries value: 2 -&gt; Retry(total=2, connect=None, read=None, redirect=None, status=None)</msg>
<msg timestamp="20230523 14:36:16.318" level="DEBUG">Converted retries value: 2 -&gt; Retry(total=2, connect=None, read=None, redirect=None, status=None)</msg>
<msg timestamp="20230523 14:36:16.338" level="DEBUG">https://maps.googleapis.com:443 "GET /maps/api/geocode/json?address=Pangsapuri+Mayang%2C+Jalan+Puncak+Jalil+8%2C+Taman+Puncak+Jalil%2C+Bandar+Putra+Permai%2C+43300+Seri+Kembangan%2C+Selangor&amp;key=AIzaSyCFnR_9wkfFiy0Xui-qf4tXXe3T5aQ0yZk HTTP/1.1" 200 None</msg>
<msg timestamp="20230523 14:36:16.340" level="DEBUG">Converted retries value: 2 -&gt; Retry(total=2, connect=None, read=None, redirect=None, status=None)</msg>
<msg timestamp="20230523 14:36:16.341" level="DEBUG">Converted retries value: 2 -&gt; Retry(total=2, connect=None, read=None, redirect=None, status=None)</msg>
<msg timestamp="20230523 14:36:16.364" level="DEBUG">https://maps.googleapis.com:443 "GET /maps/api/geocode/json?address=Block+52%2C+Apartment+Sri+Angkasa%2C+Jalan+Kanchung+Darat+28%2F7%2C+Taman+Alam+Megah%2C+Seksyen+28%2C+40400+Shah+Alam%2C+Selangor&amp;key=AIzaSyCFnR_9wkfFiy0Xui-qf4tXXe3T5aQ0yZk HTTP/1.1" 200 None</msg>
<msg timestamp="20230523 14:36:16.366" level="DEBUG">Converted retries value: 2 -&gt; Retry(total=2, connect=None, read=None, redirect=None, status=None)</msg>
<msg timestamp="20230523 14:36:16.366" level="DEBUG">Converted retries value: 2 -&gt; Retry(total=2, connect=None, read=None, redirect=None, status=None)</msg>
<msg timestamp="20230523 14:36:16.387" level="DEBUG">https://maps.googleapis.com:443 "GET /maps/api/geocode/json?address=Pangsapuri+Gagah%2C+Jalan+Tun+Perak%2C+Taman+Tun+Perak%2C+43200+Cheras%2C+Selangor&amp;key=AIzaSyCFnR_9wkfFiy0Xui-qf4tXXe3T5aQ0yZk HTTP/1.1" 200 None</msg>
<msg timestamp="20230523 14:36:16.389" level="DEBUG">Converted retries value: 2 -&gt; Retry(total=2, connect=None, read=None, redirect=None, status=None)</msg>
<msg timestamp="20230523 14:36:16.389" level="DEBUG">Converted retries value: 2 -&gt; Retry(total=2, connect=None, read=None, redirect=None, status=None)</msg>
<msg timestamp="20230523 14:36:16.452" level="DEBUG">https://maps.googleapis.com:443 "GET /maps/api/geocode/json?address=Pangsapuri+Permai+Villa%2C+Persiaran+Puchong+Permai%2C+Taman+Puchong+Permai%2C+Batu+13%2C+47150+Puchong%2C+Selangor&amp;key=AIzaSyCFnR_9wkfFiy0Xui-qf4tXXe3T5aQ0yZk HTTP/1.1" 200 None</msg>
<msg timestamp="20230523 14:36:16.454" level="DEBUG">Converted retries value: 2 -&gt; Retry(total=2, connect=None, read=None, redirect=None, status=None)</msg>
<msg timestamp="20230523 14:36:16.454" level="DEBUG">Converted retries value: 2 -&gt; Retry(total=2, connect=None, read=None, redirect=None, status=None)</msg>
<msg timestamp="20230523 14:36:16.483" level="DEBUG">https://maps.googleapis.com:443 "GET /maps/api/geocode/json?address=I-SOVO%2C+No.+5%2C+Persiaran+Multimedia%2C+Seksyen+7%2C+40000+Shah+Alam%2C+Selangor&amp;key=AIzaSyCFnR_9wkfFiy0Xui-qf4tXXe3T5aQ0yZk HTTP/1.1" 200 None</msg>
<msg timestamp="20230523 14:36:16.485" level="DEBUG">Converted retries value: 2 -&gt; Retry(total=2, connect=None, read=None, redirect=None, status=None)</msg>
<msg timestamp="20230523 14:36:16.486" level="DEBUG">Converted retries value: 2 -&gt; Retry(total=2, connect=None, read=None, redirect=None, status=None)</msg>
<msg timestamp="20230523 14:36:16.507" level="DEBUG">https://maps.googleapis.com:443 "GET /maps/api/geocode/json?address=Pangsapuri+Berembang+Indah%2C+Jalan+Nipah%2C+Off+Jalan+Ampang%2C+55000+Ampang%2C+Selangor&amp;key=AIzaSyCFnR_9wkfFiy0Xui-qf4tXXe3T5aQ0yZk HTTP/1.1" 200 None</msg>
<msg timestamp="20230523 14:36:16.509" level="DEBUG">Converted retries value: 2 -&gt; Retry(total=2, connect=None, read=None, redirect=None, status=None)</msg>
<msg timestamp="20230523 14:36:16.509" level="DEBUG">Converted retries value: 2 -&gt; Retry(total=2, connect=None, read=None, redirect=None, status=None)</msg>
<msg timestamp="20230523 14:36:16.535" level="DEBUG">https://maps.googleapis.com:443 "GET /maps/api/geocode/json?address=Pudu+Impian+1%2C+Jalan+Pudu+Ulu%2C+56100%2C+Kuala+Lumpur&amp;key=AIzaSyCFnR_9wkfFiy0Xui-qf4tXXe3T5aQ0yZk HTTP/1.1" 200 None</msg>
<msg timestamp="20230523 14:36:16.537" level="DEBUG">Converted retries value: 2 -&gt; Retry(total=2, connect=None, read=None, redirect=None, status=None)</msg>
<msg timestamp="20230523 14:36:16.537" level="DEBUG">Converted retries value: 2 -&gt; Retry(total=2, connect=None, read=None, redirect=None, status=None)</msg>
<msg timestamp="20230523 14:36:16.572" level="DEBUG">https://maps.googleapis.com:443 "GET /maps/api/geocode/json?address=2nd+Floor+%28R%29%2C+Jalan+Kosas+1%2F2%2C+Taman+Kosas%2C+68000+Ampang%2C+Selangor&amp;key=AIzaSyCFnR_9wkfFiy0Xui-qf4tXXe3T5aQ0yZk HTTP/1.1" 200 None</msg>
<msg timestamp="20230523 14:36:16.580" level="DEBUG">Converted retries value: 2 -&gt; Retry(total=2, connect=None, read=None, redirect=None, status=None)</msg>
<msg timestamp="20230523 14:36:16.581" level="DEBUG">Converted retries value: 2 -&gt; Retry(total=2, connect=None, read=None, redirect=None, status=None)</msg>
<msg timestamp="20230523 14:36:16.610" level="DEBUG">https://maps.googleapis.com:443 "GET /maps/api/geocode/json?address=Jalan+Pandan+Indah+26%2C+Pandan+Indah%2C+55100%2C+Kuala+Lumpur&amp;key=AIzaSyCFnR_9wkfFiy0Xui-qf4tXXe3T5aQ0yZk HTTP/1.1" 200 None</msg>
<msg timestamp="20230523 14:36:16.613" level="DEBUG">Converted retries value: 2 -&gt; Retry(total=2, connect=None, read=None, redirect=None, status=None)</msg>
<msg timestamp="20230523 14:36:16.613" level="DEBUG">Converted retries value: 2 -&gt; Retry(total=2, connect=None, read=None, redirect=None, status=None)</msg>
<msg timestamp="20230523 14:36:16.634" level="DEBUG">https://maps.googleapis.com:443 "GET /maps/api/geocode/json?address=Harvard+Tower%2C+Garden+Plaza%2C+Persiaran+Harmoni%2C+Cyber+3%2C+63000+Cyberjaya%2C+Selangor&amp;key=AIzaSyCFnR_9wkfFiy0Xui-qf4tXXe3T5aQ0yZk HTTP/1.1" 200 None</msg>
<msg timestamp="20230523 14:36:16.636" level="DEBUG">Converted retries value: 2 -&gt; Retry(total=2, connect=None, read=None, redirect=None, status=None)</msg>
<msg timestamp="20230523 14:36:16.636" level="DEBUG">Converted retries value: 2 -&gt; Retry(total=2, connect=None, read=None, redirect=None, status=None)</msg>
<msg timestamp="20230523 14:36:16.656" level="DEBUG">https://maps.googleapis.com:443 "GET /maps/api/geocode/json?address=Sri+Langkawi+1%2C+Block+8%2C+Off+Jalan+Gombak%2C+53000%2C+Kuala+Lumpur&amp;key=AIzaSyCFnR_9wkfFiy0Xui-qf4tXXe3T5aQ0yZk HTTP/1.1" 200 None</msg>
<msg timestamp="20230523 14:36:16.657" level="DEBUG">Converted retries value: 2 -&gt; Retry(total=2, connect=None, read=None, redirect=None, status=None)</msg>
<msg timestamp="20230523 14:36:16.657" level="DEBUG">Converted retries value: 2 -&gt; Retry(total=2, connect=None, read=None, redirect=None, status=None)</msg>
<msg timestamp="20230523 14:36:16.745" level="DEBUG">https://maps.googleapis.com:443 "GET /maps/api/geocode/json?address=Block+1%2C+Jalan+2%2F144A%2C+Taman+Bukit+Cheras%2C+56000%2C+Kuala+Lumpur&amp;key=AIzaSyCFnR_9wkfFiy0Xui-qf4tXXe3T5aQ0yZk HTTP/1.1" 200 None</msg>
<msg timestamp="20230523 14:36:16.747" level="DEBUG">Converted retries value: 2 -&gt; Retry(total=2, connect=None, read=None, redirect=None, status=None)</msg>
<msg timestamp="20230523 14:36:16.747" level="DEBUG">Converted retries value: 2 -&gt; Retry(total=2, connect=None, read=None, redirect=None, status=None)</msg>
<msg timestamp="20230523 14:36:16.804" level="DEBUG">https://maps.googleapis.com:443 "GET /maps/api/geocode/json?address=Blok+4%2C+Jalan+Senangin+17%2F2%2C+Seksyen+17%2C+40200+Shah+Alam%2C+Selangor&amp;key=AIzaSyCFnR_9wkfFiy0Xui-qf4tXXe3T5aQ0yZk HTTP/1.1" 200 None</msg>
<msg timestamp="20230523 14:36:16.806" level="DEBUG">Converted retries value: 2 -&gt; Retry(total=2, connect=None, read=None, redirect=None, status=None)</msg>
<msg timestamp="20230523 14:36:16.806" level="DEBUG">Converted retries value: 2 -&gt; Retry(total=2, connect=None, read=None, redirect=None, status=None)</msg>
<msg timestamp="20230523 14:36:16.829" level="DEBUG">https://maps.googleapis.com:443 "GET /maps/api/geocode/json?address=Block+F%2C+Jalan+30%2F146%2C+Bandar+Tasik+Selatan%2C+57100%2C+Kuala+Lumpur&amp;key=AIzaSyCFnR_9wkfFiy0Xui-qf4tXXe3T5aQ0yZk HTTP/1.1" 200 None</msg>
<msg timestamp="20230523 14:36:16.835" level="DEBUG">Converted retries value: 2 -&gt; Retry(total=2, connect=None, read=None, redirect=None, status=None)</msg>
<msg timestamp="20230523 14:36:16.836" level="DEBUG">Converted retries value: 2 -&gt; Retry(total=2, connect=None, read=None, redirect=None, status=None)</msg>
<msg timestamp="20230523 14:36:16.920" level="DEBUG">https://maps.googleapis.com:443 "GET /maps/api/geocode/json?address=Block+C+%28Cempaka%29%2C+Pelangi+Damansara%2C+Persiaran+Surian%2C+Pju+6%2C+46200+Petaling+Jaya%2C+Selangor&amp;key=AIzaSyCFnR_9wkfFiy0Xui-qf4tXXe3T5aQ0yZk HTTP/1.1" 200 None</msg>
<msg timestamp="20230523 14:36:16.924" level="DEBUG">Converted retries value: 2 -&gt; Retry(total=2, connect=None, read=None, redirect=None, status=None)</msg>
<msg timestamp="20230523 14:36:16.925" level="DEBUG">Converted retries value: 2 -&gt; Retry(total=2, connect=None, read=None, redirect=None, status=None)</msg>
<msg timestamp="20230523 14:36:16.991" level="DEBUG">https://maps.googleapis.com:443 "GET /maps/api/geocode/json?address=Jalan+6%2C+Taman+Muhibbah%2C+45200+Sabak+Bernam%2C+Selangor&amp;key=AIzaSyCFnR_9wkfFiy0Xui-qf4tXXe3T5aQ0yZk HTTP/1.1" 200 None</msg>
<msg timestamp="20230523 14:36:16.993" level="DEBUG">Converted retries value: 2 -&gt; Retry(total=2, connect=None, read=None, redirect=None, status=None)</msg>
<msg timestamp="20230523 14:36:16.993" level="DEBUG">Converted retries value: 2 -&gt; Retry(total=2, connect=None, read=None, redirect=None, status=None)</msg>
<msg timestamp="20230523 14:36:17.021" level="DEBUG">https://maps.googleapis.com:443 "GET /maps/api/geocode/json?address=The+3+Towers%2C+No.+296%2C+Jalan+Ampang%2C+50450%2C+Kuala+Lumpur&amp;key=AIzaSyCFnR_9wkfFiy0Xui-qf4tXXe3T5aQ0yZk HTTP/1.1" 200 None</msg>
<msg timestamp="20230523 14:36:17.023" level="DEBUG">Converted retries value: 2 -&gt; Retry(total=2, connect=None, read=None, redirect=None, status=None)</msg>
<msg timestamp="20230523 14:36:17.024" level="DEBUG">Converted retries value: 2 -&gt; Retry(total=2, connect=None, read=None, redirect=None, status=None)</msg>
<msg timestamp="20230523 14:36:17.046" level="DEBUG">https://maps.googleapis.com:443 "GET /maps/api/geocode/json?address=Jalan+Hamzah+Alang+30%2C+Taman+Intan+Jaya%2C+42200+Kapar%2C+Selangor&amp;key=AIzaSyCFnR_9wkfFiy0Xui-qf4tXXe3T5aQ0yZk HTTP/1.1" 200 None</msg>
<msg timestamp="20230523 14:36:17.047" level="DEBUG">Converted retries value: 2 -&gt; Retry(total=2, connect=None, read=None, redirect=None, status=None)</msg>
<msg timestamp="20230523 14:36:17.048" level="DEBUG">Converted retries value: 2 -&gt; Retry(total=2, connect=None, read=None, redirect=None, status=None)</msg>
<msg timestamp="20230523 14:36:17.125" level="DEBUG">https://maps.googleapis.com:443 "GET /maps/api/geocode/json?address=Block+G%2C+Pangsapuri+Puchong+Permata%2C+Jalan+Permata+1%2C+Taman+Puchong+Permai%2C+47100+Puchong%2C+Selangor&amp;key=AIzaSyCFnR_9wkfFiy0Xui-qf4tXXe3T5aQ0yZk HTTP/1.1" 200 None</msg>
<msg timestamp="20230523 14:36:17.126" level="DEBUG">Converted retries value: 2 -&gt; Retry(total=2, connect=None, read=None, redirect=None, status=None)</msg>
<msg timestamp="20230523 14:36:17.126" level="DEBUG">Converted retries value: 2 -&gt; Retry(total=2, connect=None, read=None, redirect=None, status=None)</msg>
<msg timestamp="20230523 14:36:17.150" level="DEBUG">https://maps.googleapis.com:443 "GET /maps/api/geocode/json?address=Casa+Ria+Apartment%2C+Jalan+Desa+10%2F2%2C+Bandar+Country+Homes%2C+48000+Rawang%2C+Selangor&amp;key=AIzaSyCFnR_9wkfFiy0Xui-qf4tXXe3T5aQ0yZk HTTP/1.1" 200 None</msg>
<msg timestamp="20230523 14:36:17.152" level="DEBUG">Converted retries value: 2 -&gt; Retry(total=2, connect=None, read=None, redirect=None, status=None)</msg>
<msg timestamp="20230523 14:36:17.152" level="DEBUG">Converted retries value: 2 -&gt; Retry(total=2, connect=None, read=None, redirect=None, status=None)</msg>
<msg timestamp="20230523 14:36:17.219" level="DEBUG">https://maps.googleapis.com:443 "GET /maps/api/geocode/json?address=3rd+Floor%2C+Block+E%2C+Sri+Ehsan+Apartment%2C+Jalan+7%2C+Taman+Sri+Ehsan%2C+Kepong+52100%2C+Kuala+Lumpur&amp;key=AIzaSyCFnR_9wkfFiy0Xui-qf4tXXe3T5aQ0yZk HTTP/1.1" 200 None</msg>
<msg timestamp="20230523 14:36:17.224" level="DEBUG">Converted retries value: 2 -&gt; Retry(total=2, connect=None, read=None, redirect=None, status=None)</msg>
<msg timestamp="20230523 14:36:17.225" level="DEBUG">Converted retries value: 2 -&gt; Retry(total=2, connect=None, read=None, redirect=None, status=None)</msg>
<msg timestamp="20230523 14:36:17.304" level="DEBUG">https://maps.googleapis.com:443 "GET /maps/api/geocode/json?address=Block+G%2C+Desa+Perangsang+Block+F+%26+G%2C+Jalan+PJS+3%2F56%2C+Taman+Desa+Perangsang%2C+46150+Petaling+Jaya%2C+Selangor&amp;key=AIzaSyCFnR_9wkfFiy0Xui-qf4tXXe3T5aQ0yZk HTTP/1.1" 200 None</msg>
<msg timestamp="20230523 14:36:17.310" level="DEBUG">Converted retries value: 2 -&gt; Retry(total=2, connect=None, read=None, redirect=None, status=None)</msg>
<msg timestamp="20230523 14:36:17.311" level="DEBUG">Converted retries value: 2 -&gt; Retry(total=2, connect=None, read=None, redirect=None, status=None)</msg>
<msg timestamp="20230523 14:36:17.370" level="DEBUG">https://maps.googleapis.com:443 "GET /maps/api/geocode/json?address=Block+3%2C+Pangsapuri+Puteri%2C+Seksyen+17%2C+Jalan+Mat+Raji%2C+40200+Shah+Alam%2C+Selangor&amp;key=AIzaSyCFnR_9wkfFiy0Xui-qf4tXXe3T5aQ0yZk HTTP/1.1" 200 None</msg>
<msg timestamp="20230523 14:36:17.373" level="DEBUG">Converted retries value: 2 -&gt; Retry(total=2, connect=None, read=None, redirect=None, status=None)</msg>
<msg timestamp="20230523 14:36:17.374" level="DEBUG">Converted retries value: 2 -&gt; Retry(total=2, connect=None, read=None, redirect=None, status=None)</msg>
<msg timestamp="20230523 14:36:17.460" level="DEBUG">https://maps.googleapis.com:443 "GET /maps/api/geocode/json?address=Jalan+7%2F40%2C+Taman+Pusat+Kepong%2C+52100%2C+Kuala+Lumpur&amp;key=AIzaSyCFnR_9wkfFiy0Xui-qf4tXXe3T5aQ0yZk HTTP/1.1" 200 None</msg>
<msg timestamp="20230523 14:36:17.463" level="DEBUG">Converted retries value: 2 -&gt; Retry(total=2, connect=None, read=None, redirect=None, status=None)</msg>
<msg timestamp="20230523 14:36:17.463" level="DEBUG">Converted retries value: 2 -&gt; Retry(total=2, connect=None, read=None, redirect=None, status=None)</msg>
<msg timestamp="20230523 14:36:17.484" level="DEBUG">https://maps.googleapis.com:443 "GET /maps/api/geocode/json?address=Sri+Gotong+Apartment%2C+Jalan+Batu+7%2C+Medan+Batu+Caves%2C+68100+Batu+Caves%2C+Selangor&amp;key=AIzaSyCFnR_9wkfFiy0Xui-qf4tXXe3T5aQ0yZk HTTP/1.1" 200 None</msg>
<msg timestamp="20230523 14:36:17.485" level="DEBUG">Converted retries value: 2 -&gt; Retry(total=2, connect=None, read=None, redirect=None, status=None)</msg>
<msg timestamp="20230523 14:36:17.486" level="DEBUG">Converted retries value: 2 -&gt; Retry(total=2, connect=None, read=None, redirect=None, status=None)</msg>
<msg timestamp="20230523 14:36:17.508" level="DEBUG">https://maps.googleapis.com:443 "GET /maps/api/geocode/json?address=Pangsapuri+Selangorku+Tiara+South%2C+Jalan+Tiara+South+6%2C+Tiara+South%2C+43500+Semenyih%2C+Selangor&amp;key=AIzaSyCFnR_9wkfFiy0Xui-qf4tXXe3T5aQ0yZk HTTP/1.1" 200 None</msg>
<msg timestamp="20230523 14:36:17.509" level="DEBUG">Converted retries value: 2 -&gt; Retry(total=2, connect=None, read=None, redirect=None, status=None)</msg>
<msg timestamp="20230523 14:36:17.509" level="DEBUG">Converted retries value: 2 -&gt; Retry(total=2, connect=None, read=None, redirect=None, status=None)</msg>
<msg timestamp="20230523 14:36:17.561" level="DEBUG">https://maps.googleapis.com:443 "GET /maps/api/geocode/json?address=Taman+Setia+Balakong%2C+43300+Seri+Kembangan%2C+Selangor&amp;key=AIzaSyCFnR_9wkfFiy0Xui-qf4tXXe3T5aQ0yZk HTTP/1.1" 200 None</msg>
<msg timestamp="20230523 14:36:17.563" level="DEBUG">Converted retries value: 2 -&gt; Retry(total=2, connect=None, read=None, redirect=None, status=None)</msg>
<msg timestamp="20230523 14:36:17.563" level="DEBUG">Converted retries value: 2 -&gt; Retry(total=2, connect=None, read=None, redirect=None, status=None)</msg>
<msg timestamp="20230523 14:36:17.586" level="DEBUG">https://maps.googleapis.com:443 "GET /maps/api/geocode/json?address=Block+A%2C+Jalan+Tasik+Selatan+30%2C+Bandar+Tasik+Selatan%2C+57000%2C+Kuala+Lumpur&amp;key=AIzaSyCFnR_9wkfFiy0Xui-qf4tXXe3T5aQ0yZk HTTP/1.1" 200 None</msg>
<msg timestamp="20230523 14:36:17.587" level="DEBUG">Converted retries value: 2 -&gt; Retry(total=2, connect=None, read=None, redirect=None, status=None)</msg>
<msg timestamp="20230523 14:36:17.588" level="DEBUG">Converted retries value: 2 -&gt; Retry(total=2, connect=None, read=None, redirect=None, status=None)</msg>
<msg timestamp="20230523 14:36:17.647" level="DEBUG">https://maps.googleapis.com:443 "GET /maps/api/geocode/json?address=Blok+E1%2C+Jalan+Taman+Melati%2C+Taman+Melati+53100%2C+Kuala+Lumpur&amp;key=AIzaSyCFnR_9wkfFiy0Xui-qf4tXXe3T5aQ0yZk HTTP/1.1" 200 None</msg>
<msg timestamp="20230523 14:36:17.649" level="DEBUG">Converted retries value: 2 -&gt; Retry(total=2, connect=None, read=None, redirect=None, status=None)</msg>
<msg timestamp="20230523 14:36:17.649" level="DEBUG">Converted retries value: 2 -&gt; Retry(total=2, connect=None, read=None, redirect=None, status=None)</msg>
<msg timestamp="20230523 14:36:17.706" level="DEBUG">https://maps.googleapis.com:443 "GET /maps/api/geocode/json?address=Block+B%2C+Pangsapuri+Sri+Cempaka%2C+47100+Bandar+Puchong+Jaya%2C+Selangor&amp;key=AIzaSyCFnR_9wkfFiy0Xui-qf4tXXe3T5aQ0yZk HTTP/1.1" 200 None</msg>
<msg timestamp="20230523 14:36:17.708" level="DEBUG">Converted retries value: 2 -&gt; Retry(total=2, connect=None, read=None, redirect=None, status=None)</msg>
<msg timestamp="20230523 14:36:17.708" level="DEBUG">Converted retries value: 2 -&gt; Retry(total=2, connect=None, read=None, redirect=None, status=None)</msg>
<msg timestamp="20230523 14:36:17.767" level="DEBUG">https://maps.googleapis.com:443 "GET /maps/api/geocode/json?address=Jalan+Muhibbah+2%2C+Taman+Muhibbah%2C+Kelanang%2C+42700+Banting%2C+Selangor&amp;key=AIzaSyCFnR_9wkfFiy0Xui-qf4tXXe3T5aQ0yZk HTTP/1.1" 200 None</msg>
<msg timestamp="20230523 14:36:17.768" level="DEBUG">Converted retries value: 2 -&gt; Retry(total=2, connect=None, read=None, redirect=None, status=None)</msg>
<msg timestamp="20230523 14:36:17.769" level="DEBUG">Converted retries value: 2 -&gt; Retry(total=2, connect=None, read=None, redirect=None, status=None)</msg>
<msg timestamp="20230523 14:36:17.794" level="DEBUG">https://maps.googleapis.com:443 "GET /maps/api/geocode/json?address=Menara+Suria%2C+Jalan+Subang+Mas%2C+Taman+Subang+Mas%2C+47620+Subang+Jaya%2C+Selangor&amp;key=AIzaSyCFnR_9wkfFiy0Xui-qf4tXXe3T5aQ0yZk HTTP/1.1" 200 None</msg>
<msg timestamp="20230523 14:36:17.796" level="DEBUG">Converted retries value: 2 -&gt; Retry(total=2, connect=None, read=None, redirect=None, status=None)</msg>
<msg timestamp="20230523 14:36:17.797" level="DEBUG">Converted retries value: 2 -&gt; Retry(total=2, connect=None, read=None, redirect=None, status=None)</msg>
<msg timestamp="20230523 14:36:17.883" level="DEBUG">https://maps.googleapis.com:443 "GET /maps/api/geocode/json?address=Level+7%2C+Block+2%2C+Pangsapuri+Subang+Suria%2C+Jalan+Bintang+U5%2F33%2C+Seksyen+U5%2C+40150+Shah+Alam%2C+Selangor&amp;key=AIzaSyCFnR_9wkfFiy0Xui-qf4tXXe3T5aQ0yZk HTTP/1.1" 200 None</msg>
<msg timestamp="20230523 14:36:17.888" level="DEBUG">Converted retries value: 2 -&gt; Retry(total=2, connect=None, read=None, redirect=None, status=None)</msg>
<msg timestamp="20230523 14:36:17.889" level="DEBUG">Converted retries value: 2 -&gt; Retry(total=2, connect=None, read=None, redirect=None, status=None)</msg>
<msg timestamp="20230523 14:36:17.913" level="DEBUG">https://maps.googleapis.com:443 "GET /maps/api/geocode/json?address=Block+16%2C+Apartment+Desa+Tasik+Fasa+6B%2C+Jalan+2A%2F146%2C+Sungai+Besi+57000%2C+Kuala+Lumpur&amp;key=AIzaSyCFnR_9wkfFiy0Xui-qf4tXXe3T5aQ0yZk HTTP/1.1" 200 None</msg>
<msg timestamp="20230523 14:36:17.919" level="DEBUG">Converted retries value: 2 -&gt; Retry(total=2, connect=None, read=None, redirect=None, status=None)</msg>
<msg timestamp="20230523 14:36:17.920" level="DEBUG">Converted retries value: 2 -&gt; Retry(total=2, connect=None, read=None, redirect=None, status=None)</msg>
<msg timestamp="20230523 14:36:17.948" level="DEBUG">https://maps.googleapis.com:443 "GET /maps/api/geocode/json?address=PPR+Kerinchi%2C+Jalan+Pantai+Permai%2C+Pantai+Dalam%2C+59200%2C+Kuala+Lumpur&amp;key=AIzaSyCFnR_9wkfFiy0Xui-qf4tXXe3T5aQ0yZk HTTP/1.1" 200 None</msg>
<msg timestamp="20230523 14:36:17.950" level="DEBUG">Converted retries value: 2 -&gt; Retry(total=2, connect=None, read=None, redirect=None, status=None)</msg>
<msg timestamp="20230523 14:36:17.950" level="DEBUG">Converted retries value: 2 -&gt; Retry(total=2, connect=None, read=None, redirect=None, status=None)</msg>
<msg timestamp="20230523 14:36:17.972" level="DEBUG">https://maps.googleapis.com:443 "GET /maps/api/geocode/json?address=Menara+Geno%2C+Jalan+Subang+Mas%2C+Taman+Subang+Mas%2C+47620+Subang+Jaya%2C+Selangor&amp;key=AIzaSyCFnR_9wkfFiy0Xui-qf4tXXe3T5aQ0yZk HTTP/1.1" 200 None</msg>
<msg timestamp="20230523 14:36:17.974" level="DEBUG">Converted retries value: 2 -&gt; Retry(total=2, connect=None, read=None, redirect=None, status=None)</msg>
<msg timestamp="20230523 14:36:17.974" level="DEBUG">Converted retries value: 2 -&gt; Retry(total=2, connect=None, read=None, redirect=None, status=None)</msg>
<msg timestamp="20230523 14:36:17.995" level="DEBUG">https://maps.googleapis.com:443 "GET /maps/api/geocode/json?address=Block+C3%2C+Seksyen+2%2C+53300+Bandar+Baru+Wangsa+Maju%2C+Kuala+Lumpur&amp;key=AIzaSyCFnR_9wkfFiy0Xui-qf4tXXe3T5aQ0yZk HTTP/1.1" 200 None</msg>
<msg timestamp="20230523 14:36:17.997" level="DEBUG">Converted retries value: 2 -&gt; Retry(total=2, connect=None, read=None, redirect=None, status=None)</msg>
<msg timestamp="20230523 14:36:17.997" level="DEBUG">Converted retries value: 2 -&gt; Retry(total=2, connect=None, read=None, redirect=None, status=None)</msg>
<msg timestamp="20230523 14:36:18.085" level="DEBUG">https://maps.googleapis.com:443 "GET /maps/api/geocode/json?address=First+Floor%2C+SU+Mall%2C+Jalan+Bidara+8%2C+Taman+Saujana+Utama%2C+47000+Sungai+Buloh%2C+Selangor&amp;key=AIzaSyCFnR_9wkfFiy0Xui-qf4tXXe3T5aQ0yZk HTTP/1.1" 200 None</msg>
<msg timestamp="20230523 14:36:18.099" level="DEBUG">Converted retries value: 2 -&gt; Retry(total=2, connect=None, read=None, redirect=None, status=None)</msg>
<msg timestamp="20230523 14:36:18.101" level="DEBUG">Converted retries value: 2 -&gt; Retry(total=2, connect=None, read=None, redirect=None, status=None)</msg>
<msg timestamp="20230523 14:36:18.185" level="DEBUG">https://maps.googleapis.com:443 "GET /maps/api/geocode/json?address=Jalan+Kekwa+3%2C+Taman+Serendah+Makmur%2C+48200+Serendah%2C+Selangor&amp;key=AIzaSyCFnR_9wkfFiy0Xui-qf4tXXe3T5aQ0yZk HTTP/1.1" 200 None</msg>
<msg timestamp="20230523 14:36:18.187" level="DEBUG">Converted retries value: 2 -&gt; Retry(total=2, connect=None, read=None, redirect=None, status=None)</msg>
<msg timestamp="20230523 14:36:18.188" level="DEBUG">Converted retries value: 2 -&gt; Retry(total=2, connect=None, read=None, redirect=None, status=None)</msg>
<msg timestamp="20230523 14:36:18.210" level="DEBUG">https://maps.googleapis.com:443 "GET /maps/api/geocode/json?address=Kondominium+Sri+Angsana+Hilir%2C+Taman+Sri+Angsana+Hilir%2C+68000+Ampang%2C+Selangor&amp;key=AIzaSyCFnR_9wkfFiy0Xui-qf4tXXe3T5aQ0yZk HTTP/1.1" 200 None</msg>
<msg timestamp="20230523 14:36:18.217" level="DEBUG">Converted retries value: 2 -&gt; Retry(total=2, connect=None, read=None, redirect=None, status=None)</msg>
<msg timestamp="20230523 14:36:18.218" level="DEBUG">Converted retries value: 2 -&gt; Retry(total=2, connect=None, read=None, redirect=None, status=None)</msg>
<msg timestamp="20230523 14:36:18.245" level="DEBUG">https://maps.googleapis.com:443 "GET /maps/api/geocode/json?address=Pertama+Complex%2C+Jalan+Tuanku+Abdul+Rahman%2C+50100%2C+Kuala+Lumpur&amp;key=AIzaSyCFnR_9wkfFiy0Xui-qf4tXXe3T5aQ0yZk HTTP/1.1" 200 None</msg>
<msg timestamp="20230523 14:36:18.247" level="DEBUG">Converted retries value: 2 -&gt; Retry(total=2, connect=None, read=None, redirect=None, status=None)</msg>
<msg timestamp="20230523 14:36:18.248" level="DEBUG">Converted retries value: 2 -&gt; Retry(total=2, connect=None, read=None, redirect=None, status=None)</msg>
<msg timestamp="20230523 14:36:18.272" level="DEBUG">https://maps.googleapis.com:443 "GET /maps/api/geocode/json?address=Pertama+Complex%2C+Jalan+Tuanku+Abdul+Rahman%2C+50100%2C+Kuala+Lumpur&amp;key=AIzaSyCFnR_9wkfFiy0Xui-qf4tXXe3T5aQ0yZk HTTP/1.1" 200 None</msg>
<msg timestamp="20230523 14:36:18.278" level="DEBUG">Converted retries value: 2 -&gt; Retry(total=2, connect=None, read=None, redirect=None, status=None)</msg>
<msg timestamp="20230523 14:36:18.280" level="DEBUG">Converted retries value: 2 -&gt; Retry(total=2, connect=None, read=None, redirect=None, status=None)</msg>
<msg timestamp="20230523 14:36:18.303" level="DEBUG">https://maps.googleapis.com:443 "GET /maps/api/geocode/json?address=Iris+Apartment%2C+Jalan+2%2F109C%2C+Taman+Abadi+Indah%2C+58100%2C+Kuala+Lumpur&amp;key=AIzaSyCFnR_9wkfFiy0Xui-qf4tXXe3T5aQ0yZk HTTP/1.1" 200 None</msg>
<msg timestamp="20230523 14:36:18.304" level="DEBUG">Converted retries value: 2 -&gt; Retry(total=2, connect=None, read=None, redirect=None, status=None)</msg>
<msg timestamp="20230523 14:36:18.305" level="DEBUG">Converted retries value: 2 -&gt; Retry(total=2, connect=None, read=None, redirect=None, status=None)</msg>
<msg timestamp="20230523 14:36:18.329" level="DEBUG">https://maps.googleapis.com:443 "GET /maps/api/geocode/json?address=Block+B10%2C+Seksyen+2%2C+Bandar+Baru+Wangsa+Maju%2C+53300+Setapak%2C+Kuala+Lumpur&amp;key=AIzaSyCFnR_9wkfFiy0Xui-qf4tXXe3T5aQ0yZk HTTP/1.1" 200 None</msg>
<msg timestamp="20230523 14:36:18.331" level="DEBUG">Converted retries value: 2 -&gt; Retry(total=2, connect=None, read=None, redirect=None, status=None)</msg>
<msg timestamp="20230523 14:36:18.332" level="DEBUG">Converted retries value: 2 -&gt; Retry(total=2, connect=None, read=None, redirect=None, status=None)</msg>
<msg timestamp="20230523 14:36:18.351" level="DEBUG">https://maps.googleapis.com:443 "GET /maps/api/geocode/json?address=Jalan+Keruing+6%2C+Taman+Keruing%2C+44200+Rasa%2C+Selangor&amp;key=AIzaSyCFnR_9wkfFiy0Xui-qf4tXXe3T5aQ0yZk HTTP/1.1" 200 None</msg>
<msg timestamp="20230523 14:36:18.354" level="DEBUG">Converted retries value: 2 -&gt; Retry(total=2, connect=None, read=None, redirect=None, status=None)</msg>
<msg timestamp="20230523 14:36:18.354" level="DEBUG">Converted retries value: 2 -&gt; Retry(total=2, connect=None, read=None, redirect=None, status=None)</msg>
<msg timestamp="20230523 14:36:18.443" level="DEBUG">https://maps.googleapis.com:443 "GET /maps/api/geocode/json?address=7th+Floor%2C+Pangsapuri+Putra+Ria%2C+Jalan+Pinggiran+Putra+31%2C+Seksyen+2%2C+Taman+Pinggiran+Putra%2C+43300+Seri+Kembangan%2C+Selangor&amp;key=AIzaSyCFnR_9wkfFiy0Xui-qf4tXXe3T5aQ0yZk HTTP/1.1" 200 None</msg>
<msg timestamp="20230523 14:36:18.447" level="DEBUG">Converted retries value: 2 -&gt; Retry(total=2, connect=None, read=None, redirect=None, status=None)</msg>
<msg timestamp="20230523 14:36:18.447" level="DEBUG">Converted retries value: 2 -&gt; Retry(total=2, connect=None, read=None, redirect=None, status=None)</msg>
<msg timestamp="20230523 14:36:18.515" level="DEBUG">https://maps.googleapis.com:443 "GET /maps/api/geocode/json?address=Kenangan+View+Apartment%2C+Jalan+Bukit+Kenangan%2C+Taman+Bukit+Kenangan%2C+43000+Kajang%2C+Selangor&amp;key=AIzaSyCFnR_9wkfFiy0Xui-qf4tXXe3T5aQ0yZk HTTP/1.1" 200 None</msg>
<msg timestamp="20230523 14:36:18.516" level="DEBUG">Converted retries value: 2 -&gt; Retry(total=2, connect=None, read=None, redirect=None, status=None)</msg>
<msg timestamp="20230523 14:36:18.516" level="DEBUG">Converted retries value: 2 -&gt; Retry(total=2, connect=None, read=None, redirect=None, status=None)</msg>
<msg timestamp="20230523 14:36:18.537" level="DEBUG">https://maps.googleapis.com:443 "GET /maps/api/geocode/json?address=Rose+Apartment%2C+Persiaran+Saujana+1%2C+Taman+Saujana+Utama%2C+47000+Sungai+Buloh%2C+Selangor&amp;key=AIzaSyCFnR_9wkfFiy0Xui-qf4tXXe3T5aQ0yZk HTTP/1.1" 200 None</msg>
<msg timestamp="20230523 14:36:18.539" level="DEBUG">Converted retries value: 2 -&gt; Retry(total=2, connect=None, read=None, redirect=None, status=None)</msg>
<msg timestamp="20230523 14:36:18.540" level="DEBUG">Converted retries value: 2 -&gt; Retry(total=2, connect=None, read=None, redirect=None, status=None)</msg>
<msg timestamp="20230523 14:36:18.560" level="DEBUG">https://maps.googleapis.com:443 "GET /maps/api/geocode/json?address=Pangsapuri+Puchong+Permata%2C+Jalan+Permai+4%2C+Taman+Puchong+Permai%2C+47100+Puchong%2C+Selangor&amp;key=AIzaSyCFnR_9wkfFiy0Xui-qf4tXXe3T5aQ0yZk HTTP/1.1" 200 None</msg>
<msg timestamp="20230523 14:36:18.562" level="DEBUG">Converted retries value: 2 -&gt; Retry(total=2, connect=None, read=None, redirect=None, status=None)</msg>
<msg timestamp="20230523 14:36:18.563" level="DEBUG">Converted retries value: 2 -&gt; Retry(total=2, connect=None, read=None, redirect=None, status=None)</msg>
<msg timestamp="20230523 14:36:18.631" level="DEBUG">https://maps.googleapis.com:443 "GET /maps/api/geocode/json?address=6th+Floor%2C+Block+5%2C+Greenview+Apartment%2C+Jalan+2%2F40%2C+Taman+Pusat+Kepong%2C+52000%2C+Kuala+Lumpur&amp;key=AIzaSyCFnR_9wkfFiy0Xui-qf4tXXe3T5aQ0yZk HTTP/1.1" 200 None</msg>
<msg timestamp="20230523 14:36:18.632" level="DEBUG">Converted retries value: 2 -&gt; Retry(total=2, connect=None, read=None, redirect=None, status=None)</msg>
<msg timestamp="20230523 14:36:18.633" level="DEBUG">Converted retries value: 2 -&gt; Retry(total=2, connect=None, read=None, redirect=None, status=None)</msg>
<msg timestamp="20230523 14:36:18.667" level="DEBUG">https://maps.googleapis.com:443 "GET /maps/api/geocode/json?address=Jalan+Wira+7%2C+Taman+Perwira%2C+42500+Telok+Panglima+Garang%2C+Selangor&amp;key=AIzaSyCFnR_9wkfFiy0Xui-qf4tXXe3T5aQ0yZk HTTP/1.1" 200 None</msg>
<msg timestamp="20230523 14:36:18.668" level="DEBUG">Converted retries value: 2 -&gt; Retry(total=2, connect=None, read=None, redirect=None, status=None)</msg>
<msg timestamp="20230523 14:36:18.669" level="DEBUG">Converted retries value: 2 -&gt; Retry(total=2, connect=None, read=None, redirect=None, status=None)</msg>
<msg timestamp="20230523 14:36:18.726" level="DEBUG">https://maps.googleapis.com:443 "GET /maps/api/geocode/json?address=Pangsapuri+Perdana%2C+Jalan+Lompat+Pagar+13%2F37%2C+Section+13%2C+40100+Shah+Alam%2C+Selangor&amp;key=AIzaSyCFnR_9wkfFiy0Xui-qf4tXXe3T5aQ0yZk HTTP/1.1" 200 None</msg>
<msg timestamp="20230523 14:36:18.728" level="DEBUG">Converted retries value: 2 -&gt; Retry(total=2, connect=None, read=None, redirect=None, status=None)</msg>
<msg timestamp="20230523 14:36:18.728" level="DEBUG">Converted retries value: 2 -&gt; Retry(total=2, connect=None, read=None, redirect=None, status=None)</msg>
<msg timestamp="20230523 14:36:18.785" level="DEBUG">https://maps.googleapis.com:443 "GET /maps/api/geocode/json?address=Apartment+Impian+Kota%2C+Jalan+1%2F78A%2C+Off+Jalan+Kampung+Attap%2C+50450%2C+Kuala+Lumpur&amp;key=AIzaSyCFnR_9wkfFiy0Xui-qf4tXXe3T5aQ0yZk HTTP/1.1" 200 None</msg>
<msg timestamp="20230523 14:36:18.787" level="DEBUG">Converted retries value: 2 -&gt; Retry(total=2, connect=None, read=None, redirect=None, status=None)</msg>
<msg timestamp="20230523 14:36:18.788" level="DEBUG">Converted retries value: 2 -&gt; Retry(total=2, connect=None, read=None, redirect=None, status=None)</msg>
<msg timestamp="20230523 14:36:18.862" level="DEBUG">https://maps.googleapis.com:443 "GET /maps/api/geocode/json?address=Flexis+One+South%2C+Jalan+OS+2%2C+Taman+Serdang+Perdana%2C+Seksyen+6%2C+43300+Seri+Kembangan%2C+Selangor&amp;key=AIzaSyCFnR_9wkfFiy0Xui-qf4tXXe3T5aQ0yZk HTTP/1.1" 200 None</msg>
<msg timestamp="20230523 14:36:18.864" level="DEBUG">Converted retries value: 2 -&gt; Retry(total=2, connect=None, read=None, redirect=None, status=None)</msg>
<msg timestamp="20230523 14:36:18.865" level="DEBUG">Converted retries value: 2 -&gt; Retry(total=2, connect=None, read=None, redirect=None, status=None)</msg>
<msg timestamp="20230523 14:36:18.885" level="DEBUG">https://maps.googleapis.com:443 "GET /maps/api/geocode/json?address=Block+F2%2C+Tamarind+Suites%2C+Persiaran+Multimedia%2C+Cyber+10%2C+63000+Cyberjaya%2C+Selangor&amp;key=AIzaSyCFnR_9wkfFiy0Xui-qf4tXXe3T5aQ0yZk HTTP/1.1" 200 None</msg>
<msg timestamp="20230523 14:36:18.887" level="DEBUG">Converted retries value: 2 -&gt; Retry(total=2, connect=None, read=None, redirect=None, status=None)</msg>
<msg timestamp="20230523 14:36:18.887" level="DEBUG">Converted retries value: 2 -&gt; Retry(total=2, connect=None, read=None, redirect=None, status=None)</msg>
<msg timestamp="20230523 14:36:19.002" level="DEBUG">https://maps.googleapis.com:443 "GET /maps/api/geocode/json?address=8th+Floor%2C+Block+21%2C+Jalan+6%2F112A%2C+Off+Jalan+Pantai+Dalam%2C+Taman+Bukit+Angkasa%2C+59200%2C+Kuala+Lumpur&amp;key=AIzaSyCFnR_9wkfFiy0Xui-qf4tXXe3T5aQ0yZk HTTP/1.1" 200 None</msg>
<msg timestamp="20230523 14:36:19.004" level="DEBUG">Converted retries value: 2 -&gt; Retry(total=2, connect=None, read=None, redirect=None, status=None)</msg>
<msg timestamp="20230523 14:36:19.004" level="DEBUG">Converted retries value: 2 -&gt; Retry(total=2, connect=None, read=None, redirect=None, status=None)</msg>
<msg timestamp="20230523 14:36:19.028" level="DEBUG">https://maps.googleapis.com:443 "GET /maps/api/geocode/json?address=Menara+Solstice+1%2C+Persiaran+Bestari%2C+Cyber+11%2C+63000+Cyberjaya%2C+Selangor&amp;key=AIzaSyCFnR_9wkfFiy0Xui-qf4tXXe3T5aQ0yZk HTTP/1.1" 200 None</msg>
<msg timestamp="20230523 14:36:19.030" level="DEBUG">Converted retries value: 2 -&gt; Retry(total=2, connect=None, read=None, redirect=None, status=None)</msg>
<msg timestamp="20230523 14:36:19.030" level="DEBUG">Converted retries value: 2 -&gt; Retry(total=2, connect=None, read=None, redirect=None, status=None)</msg>
<msg timestamp="20230523 14:36:19.051" level="DEBUG">https://maps.googleapis.com:443 "GET /maps/api/geocode/json?address=Block+C%2C+Residensi+Amara%2C+Jalan+Raintree+Utama%2C+Taman+Raintree%2C+68100+Batu+Caves%2C+Selangor&amp;key=AIzaSyCFnR_9wkfFiy0Xui-qf4tXXe3T5aQ0yZk HTTP/1.1" 200 None</msg>
<msg timestamp="20230523 14:36:19.053" level="DEBUG">Converted retries value: 2 -&gt; Retry(total=2, connect=None, read=None, redirect=None, status=None)</msg>
<msg timestamp="20230523 14:36:19.054" level="DEBUG">Converted retries value: 2 -&gt; Retry(total=2, connect=None, read=None, redirect=None, status=None)</msg>
<msg timestamp="20230523 14:36:19.078" level="DEBUG">https://maps.googleapis.com:443 "GET /maps/api/geocode/json?address=Block+M01%2C+Pangsapuri+Camellia+%28D%27Camellia%29%2C+Jalan+Ecohill+1%2F2%2C+Setia+Ecohill%2C+43500+Semenyih%2C+Selangor&amp;key=AIzaSyCFnR_9wkfFiy0Xui-qf4tXXe3T5aQ0yZk HTTP/1.1" 200 None</msg>
<msg timestamp="20230523 14:36:19.080" level="DEBUG">Converted retries value: 2 -&gt; Retry(total=2, connect=None, read=None, redirect=None, status=None)</msg>
<msg timestamp="20230523 14:36:19.080" level="DEBUG">Converted retries value: 2 -&gt; Retry(total=2, connect=None, read=None, redirect=None, status=None)</msg>
<msg timestamp="20230523 14:36:19.106" level="DEBUG">https://maps.googleapis.com:443 "GET /maps/api/geocode/json?address=Jalan+3%2F101C%2C+Cheras+Business+Centre%2C+Jalan+Cheras%2C+56100+Cheras%2C+Kuala+Lumpur&amp;key=AIzaSyCFnR_9wkfFiy0Xui-qf4tXXe3T5aQ0yZk HTTP/1.1" 200 None</msg>
<msg timestamp="20230523 14:36:19.113" level="DEBUG">Converted retries value: 2 -&gt; Retry(total=2, connect=None, read=None, redirect=None, status=None)</msg>
<msg timestamp="20230523 14:36:19.114" level="DEBUG">Converted retries value: 2 -&gt; Retry(total=2, connect=None, read=None, redirect=None, status=None)</msg>
<msg timestamp="20230523 14:36:19.135" level="DEBUG">https://maps.googleapis.com:443 "GET /maps/api/geocode/json?address=Casa+Ria+Apartment%2C+Jalan+Desa+10%2F2%2C+Bandar+Country+Homes%2C+48000+Rawang%2C+Selangor&amp;key=AIzaSyCFnR_9wkfFiy0Xui-qf4tXXe3T5aQ0yZk HTTP/1.1" 200 None</msg>
<msg timestamp="20230523 14:36:19.136" level="DEBUG">Converted retries value: 2 -&gt; Retry(total=2, connect=None, read=None, redirect=None, status=None)</msg>
<msg timestamp="20230523 14:36:19.136" level="DEBUG">Converted retries value: 2 -&gt; Retry(total=2, connect=None, read=None, redirect=None, status=None)</msg>
<msg timestamp="20230523 14:36:19.157" level="DEBUG">https://maps.googleapis.com:443 "GET /maps/api/geocode/json?address=Pangsapuri+Seroja%2C+Jalan+Setia+Murni+U13%2F50%2C+Setia+Alam%2C+40170+Shah+Alam%2C+Selangor&amp;key=AIzaSyCFnR_9wkfFiy0Xui-qf4tXXe3T5aQ0yZk HTTP/1.1" 200 None</msg>
<msg timestamp="20230523 14:36:19.160" level="DEBUG">Converted retries value: 2 -&gt; Retry(total=2, connect=None, read=None, redirect=None, status=None)</msg>
<msg timestamp="20230523 14:36:19.160" level="DEBUG">Converted retries value: 2 -&gt; Retry(total=2, connect=None, read=None, redirect=None, status=None)</msg>
<msg timestamp="20230523 14:36:19.212" level="DEBUG">https://maps.googleapis.com:443 "GET /maps/api/geocode/json?address=Block+A%2C+Kompleks+Suria+Kinrara%2C+Persiaran+Kinrara+Seksyen+3%2C+47100+Puchong%2C+Selangor&amp;key=AIzaSyCFnR_9wkfFiy0Xui-qf4tXXe3T5aQ0yZk HTTP/1.1" 200 None</msg>
<msg timestamp="20230523 14:36:19.214" level="DEBUG">Converted retries value: 2 -&gt; Retry(total=2, connect=None, read=None, redirect=None, status=None)</msg>
<msg timestamp="20230523 14:36:19.214" level="DEBUG">Converted retries value: 2 -&gt; Retry(total=2, connect=None, read=None, redirect=None, status=None)</msg>
<msg timestamp="20230523 14:36:19.234" level="DEBUG">https://maps.googleapis.com:443 "GET /maps/api/geocode/json?address=10th+Floor%2C+Block+A%2C+Pangsapuri+Kemuning+Idaman%2C+Persiaran+Kemuning+Damai%2C+Seksyen+32%2C+40460+Shah+Alam%2C+Selangor&amp;key=AIzaSyCFnR_9wkfFiy0Xui-qf4tXXe3T5aQ0yZk HTTP/1.1" 200 None</msg>
<msg timestamp="20230523 14:36:19.236" level="DEBUG">Converted retries value: 2 -&gt; Retry(total=2, connect=None, read=None, redirect=None, status=None)</msg>
<msg timestamp="20230523 14:36:19.237" level="DEBUG">Converted retries value: 2 -&gt; Retry(total=2, connect=None, read=None, redirect=None, status=None)</msg>
<msg timestamp="20230523 14:36:19.258" level="DEBUG">https://maps.googleapis.com:443 "GET /maps/api/geocode/json?address=Block+60%2C+Pangsaria+Petaling+Condominium%2C+Jalan+1%2F125E%2C+57000+Desa+Petaling%2C+Kuala+Lumpur&amp;key=AIzaSyCFnR_9wkfFiy0Xui-qf4tXXe3T5aQ0yZk HTTP/1.1" 200 None</msg>
<msg timestamp="20230523 14:36:19.259" level="DEBUG">Converted retries value: 2 -&gt; Retry(total=2, connect=None, read=None, redirect=None, status=None)</msg>
<msg timestamp="20230523 14:36:19.259" level="DEBUG">Converted retries value: 2 -&gt; Retry(total=2, connect=None, read=None, redirect=None, status=None)</msg>
<msg timestamp="20230523 14:36:19.280" level="DEBUG">https://maps.googleapis.com:443 "GET /maps/api/geocode/json?address=Block+B%2C+Pangsapuri+Penaga+Mas%2C+Taman+Mas%2C+47130+Puchong%2C+Selangor&amp;key=AIzaSyCFnR_9wkfFiy0Xui-qf4tXXe3T5aQ0yZk HTTP/1.1" 200 None</msg>
<msg timestamp="20230523 14:36:19.283" level="DEBUG">Converted retries value: 2 -&gt; Retry(total=2, connect=None, read=None, redirect=None, status=None)</msg>
<msg timestamp="20230523 14:36:19.283" level="DEBUG">Converted retries value: 2 -&gt; Retry(total=2, connect=None, read=None, redirect=None, status=None)</msg>
<msg timestamp="20230523 14:36:19.311" level="DEBUG">https://maps.googleapis.com:443 "GET /maps/api/geocode/json?address=Jalan+Sri+Rawang+1%2C+Taman+Sri+Rawang%2C+48000+Rawang%2C+Selangor&amp;key=AIzaSyCFnR_9wkfFiy0Xui-qf4tXXe3T5aQ0yZk HTTP/1.1" 200 None</msg>
<msg timestamp="20230523 14:36:19.313" level="DEBUG">Converted retries value: 2 -&gt; Retry(total=2, connect=None, read=None, redirect=None, status=None)</msg>
<msg timestamp="20230523 14:36:19.314" level="DEBUG">Converted retries value: 2 -&gt; Retry(total=2, connect=None, read=None, redirect=None, status=None)</msg>
<msg timestamp="20230523 14:36:19.331" level="DEBUG">https://maps.googleapis.com:443 "GET /maps/api/geocode/json?address=Tingkat+Bawah%2C+Block+68%2C+Rumah+Pangsa+%28Kos+Sederhana%29%2C+Seksyen+24%2C+40300+Shah+Alam%2C+Selangor&amp;key=AIzaSyCFnR_9wkfFiy0Xui-qf4tXXe3T5aQ0yZk HTTP/1.1" 200 None</msg>
<msg timestamp="20230523 14:36:19.332" level="DEBUG">Converted retries value: 2 -&gt; Retry(total=2, connect=None, read=None, redirect=None, status=None)</msg>
<msg timestamp="20230523 14:36:19.333" level="DEBUG">Converted retries value: 2 -&gt; Retry(total=2, connect=None, read=None, redirect=None, status=None)</msg>
<msg timestamp="20230523 14:36:19.502" level="DEBUG">https://maps.googleapis.com:443 "GET /maps/api/geocode/json?address=Jalan+Suria+Indah+7%2C+Taman+Suria+Indah%2C+45500+Tanjung+Karang%2C+Selangor&amp;key=AIzaSyCFnR_9wkfFiy0Xui-qf4tXXe3T5aQ0yZk HTTP/1.1" 200 None</msg>
<msg timestamp="20230523 14:36:19.503" level="DEBUG">Converted retries value: 2 -&gt; Retry(total=2, connect=None, read=None, redirect=None, status=None)</msg>
<msg timestamp="20230523 14:36:19.504" level="DEBUG">Converted retries value: 2 -&gt; Retry(total=2, connect=None, read=None, redirect=None, status=None)</msg>
<msg timestamp="20230523 14:36:19.525" level="DEBUG">https://maps.googleapis.com:443 "GET /maps/api/geocode/json?address=11th+Floor%2C+Block+A%2C+Tiara+Imperio%2C+Jalan+Ilmiah+1%2C+43000+Kajang%2C+Selangor&amp;key=AIzaSyCFnR_9wkfFiy0Xui-qf4tXXe3T5aQ0yZk HTTP/1.1" 200 None</msg>
<msg timestamp="20230523 14:36:19.526" level="DEBUG">Converted retries value: 2 -&gt; Retry(total=2, connect=None, read=None, redirect=None, status=None)</msg>
<msg timestamp="20230523 14:36:19.527" level="DEBUG">Converted retries value: 2 -&gt; Retry(total=2, connect=None, read=None, redirect=None, status=None)</msg>
<msg timestamp="20230523 14:36:19.556" level="DEBUG">https://maps.googleapis.com:443 "GET /maps/api/geocode/json?address=Koi+Legian%2C+Taman+Kinrara%2C+Seksyen+5%2C+Batu+8%2C+Jalan+Puchong%2C+47100+Puchong%2C+Selangor&amp;key=AIzaSyCFnR_9wkfFiy0Xui-qf4tXXe3T5aQ0yZk HTTP/1.1" 200 None</msg>
<msg timestamp="20230523 14:36:19.558" level="DEBUG">Converted retries value: 2 -&gt; Retry(total=2, connect=None, read=None, redirect=None, status=None)</msg>
<msg timestamp="20230523 14:36:19.558" level="DEBUG">Converted retries value: 2 -&gt; Retry(total=2, connect=None, read=None, redirect=None, status=None)</msg>
<msg timestamp="20230523 14:36:19.581" level="DEBUG">https://maps.googleapis.com:443 "GET /maps/api/geocode/json?address=Block+B%2C+Pangsapuri+Vista+Pinggiran%2C+Jalan+Pinggiran+Putra+1%2C+Seksyen+2%2C+Taman+Pinggiran+Putra%2C+43300+Seri+Kembangan%2C+Selangor&amp;key=AIzaSyCFnR_9wkfFiy0Xui-qf4tXXe3T5aQ0yZk HTTP/1.1" 200 None</msg>
<msg timestamp="20230523 14:36:19.584" level="DEBUG">Converted retries value: 2 -&gt; Retry(total=2, connect=None, read=None, redirect=None, status=None)</msg>
<msg timestamp="20230523 14:36:19.584" level="DEBUG">Converted retries value: 2 -&gt; Retry(total=2, connect=None, read=None, redirect=None, status=None)</msg>
<msg timestamp="20230523 14:36:19.608" level="DEBUG">https://maps.googleapis.com:443 "GET /maps/api/geocode/json?address=Pangsapuri+Villamas%2C+Jalan+Muhibbah%2FKU3%2C+Sungai+Pinang%2C+42100+Klang%2C+Selangor&amp;key=AIzaSyCFnR_9wkfFiy0Xui-qf4tXXe3T5aQ0yZk HTTP/1.1" 200 None</msg>
<msg timestamp="20230523 14:36:19.609" level="DEBUG">Converted retries value: 2 -&gt; Retry(total=2, connect=None, read=None, redirect=None, status=None)</msg>
<msg timestamp="20230523 14:36:19.610" level="DEBUG">Converted retries value: 2 -&gt; Retry(total=2, connect=None, read=None, redirect=None, status=None)</msg>
<msg timestamp="20230523 14:36:19.682" level="DEBUG">https://maps.googleapis.com:443 "GET /maps/api/geocode/json?address=Jalan+Cengal+5%2F3%2C+Taman+Malawati+Jaya%2C+45000+Kuala+Selangor%2C+Selangor&amp;key=AIzaSyCFnR_9wkfFiy0Xui-qf4tXXe3T5aQ0yZk HTTP/1.1" 200 None</msg>
<msg timestamp="20230523 14:36:19.683" level="DEBUG">Converted retries value: 2 -&gt; Retry(total=2, connect=None, read=None, redirect=None, status=None)</msg>
<msg timestamp="20230523 14:36:19.684" level="DEBUG">Converted retries value: 2 -&gt; Retry(total=2, connect=None, read=None, redirect=None, status=None)</msg>
<msg timestamp="20230523 14:36:19.777" level="DEBUG">https://maps.googleapis.com:443 "GET /maps/api/geocode/json?address=Menara+Atlas%2C+Bangsar+Trade+Centre+%28Plaza+Pantai%29%2C+No.+5%2C+Jalan+4%2F83A%2C+Off+Jalan+Pantai+Baru%2C+59200%2C+Kuala+Lumpur&amp;key=AIzaSyCFnR_9wkfFiy0Xui-qf4tXXe3T5aQ0yZk HTTP/1.1" 200 None</msg>
<msg timestamp="20230523 14:36:19.779" level="DEBUG">Converted retries value: 2 -&gt; Retry(total=2, connect=None, read=None, redirect=None, status=None)</msg>
<msg timestamp="20230523 14:36:19.780" level="DEBUG">Converted retries value: 2 -&gt; Retry(total=2, connect=None, read=None, redirect=None, status=None)</msg>
<msg timestamp="20230523 14:36:19.803" level="DEBUG">https://maps.googleapis.com:443 "GET /maps/api/geocode/json?address=Tower+3%2C+Sky+Park+%40+Cyberjaya%2C+Jalan+Teknorat+1%2C+Cyber+3%2C+63000+Cyberjaya%2C+Selangor&amp;key=AIzaSyCFnR_9wkfFiy0Xui-qf4tXXe3T5aQ0yZk HTTP/1.1" 200 None</msg>
<msg timestamp="20230523 14:36:19.805" level="DEBUG">Converted retries value: 2 -&gt; Retry(total=2, connect=None, read=None, redirect=None, status=None)</msg>
<msg timestamp="20230523 14:36:19.806" level="DEBUG">Converted retries value: 2 -&gt; Retry(total=2, connect=None, read=None, redirect=None, status=None)</msg>
<msg timestamp="20230523 14:36:19.888" level="DEBUG">https://maps.googleapis.com:443 "GET /maps/api/geocode/json?address=Rumah+Pangsa+Sri+Saujana%2C+Jalan+SP+4%2F2%2C+Bandar+Saujana+Putra%2C+42610+Jenjarom%2C+Kuala+Langat%2C+Selangor&amp;key=AIzaSyCFnR_9wkfFiy0Xui-qf4tXXe3T5aQ0yZk HTTP/1.1" 200 None</msg>
<msg timestamp="20230523 14:36:19.890" level="DEBUG">Converted retries value: 2 -&gt; Retry(total=2, connect=None, read=None, redirect=None, status=None)</msg>
<msg timestamp="20230523 14:36:19.890" level="DEBUG">Converted retries value: 2 -&gt; Retry(total=2, connect=None, read=None, redirect=None, status=None)</msg>
<msg timestamp="20230523 14:36:19.952" level="DEBUG">https://maps.googleapis.com:443 "GET /maps/api/geocode/json?address=Block+F11%2C+Jalan+3%2F27A%2C+Seksyen+1%2C+Bandar+Wangsa+Maju%2C+53300%2C+Kuala+Lumpur&amp;key=AIzaSyCFnR_9wkfFiy0Xui-qf4tXXe3T5aQ0yZk HTTP/1.1" 200 None</msg>
<msg timestamp="20230523 14:36:19.954" level="DEBUG">Converted retries value: 2 -&gt; Retry(total=2, connect=None, read=None, redirect=None, status=None)</msg>
<msg timestamp="20230523 14:36:19.955" level="DEBUG">Converted retries value: 2 -&gt; Retry(total=2, connect=None, read=None, redirect=None, status=None)</msg>
<msg timestamp="20230523 14:36:20.033" level="DEBUG">https://maps.googleapis.com:443 "GET /maps/api/geocode/json?address=Soho+Kiub%2C+Jalan+Os%2C+One+South%2C+Seksyen+6%2C+Serdang+Perdana%2C+43300+Seri+Kembangan%2C+Selangor&amp;key=AIzaSyCFnR_9wkfFiy0Xui-qf4tXXe3T5aQ0yZk HTTP/1.1" 200 None</msg>
<msg timestamp="20230523 14:36:20.035" level="DEBUG">Converted retries value: 2 -&gt; Retry(total=2, connect=None, read=None, redirect=None, status=None)</msg>
<msg timestamp="20230523 14:36:20.036" level="DEBUG">Converted retries value: 2 -&gt; Retry(total=2, connect=None, read=None, redirect=None, status=None)</msg>
<msg timestamp="20230523 14:36:20.058" level="DEBUG">https://maps.googleapis.com:443 "GET /maps/api/geocode/json?address=Kondominium+Sri+Hijau%2C+Jalan+Permaisuri+1%2F6%2C+Seksyen+6%2C+Bandar+Mahkota+Cheras%2C+43000%2C+Kajang%2C+Selangor&amp;key=AIzaSyCFnR_9wkfFiy0Xui-qf4tXXe3T5aQ0yZk HTTP/1.1" 200 None</msg>
<msg timestamp="20230523 14:36:20.060" level="DEBUG">Converted retries value: 2 -&gt; Retry(total=2, connect=None, read=None, redirect=None, status=None)</msg>
<msg timestamp="20230523 14:36:20.060" level="DEBUG">Converted retries value: 2 -&gt; Retry(total=2, connect=None, read=None, redirect=None, status=None)</msg>
<msg timestamp="20230523 14:36:20.150" level="DEBUG">https://maps.googleapis.com:443 "GET /maps/api/geocode/json?address=Medan+Bukit+Indah+4%2C+Taman+Bukit+Indah%2C+68000+Ampang%2C+Selangor&amp;key=AIzaSyCFnR_9wkfFiy0Xui-qf4tXXe3T5aQ0yZk HTTP/1.1" 200 None</msg>
<msg timestamp="20230523 14:36:20.151" level="DEBUG">Converted retries value: 2 -&gt; Retry(total=2, connect=None, read=None, redirect=None, status=None)</msg>
<msg timestamp="20230523 14:36:20.152" level="DEBUG">Converted retries value: 2 -&gt; Retry(total=2, connect=None, read=None, redirect=None, status=None)</msg>
<msg timestamp="20230523 14:36:20.215" level="DEBUG">https://maps.googleapis.com:443 "GET /maps/api/geocode/json?address=Block+B%2C+Garden+Park+Condominium%2C+Jalan+SL+12%2C+Bandar+Sungai+Long%2C+43000+Kajang%2C+Selangor&amp;key=AIzaSyCFnR_9wkfFiy0Xui-qf4tXXe3T5aQ0yZk HTTP/1.1" 200 None</msg>
<msg timestamp="20230523 14:36:20.228" level="DEBUG">Converted retries value: 2 -&gt; Retry(total=2, connect=None, read=None, redirect=None, status=None)</msg>
<msg timestamp="20230523 14:36:20.228" level="DEBUG">Converted retries value: 2 -&gt; Retry(total=2, connect=None, read=None, redirect=None, status=None)</msg>
<msg timestamp="20230523 14:36:20.310" level="DEBUG">https://maps.googleapis.com:443 "GET /maps/api/geocode/json?address=Jalan+Sungai+Kapar+Indah+12%2C+Sungai+Kapar+Indah%2C+42209+Klang%2C+Selangor&amp;key=AIzaSyCFnR_9wkfFiy0Xui-qf4tXXe3T5aQ0yZk HTTP/1.1" 200 None</msg>
<msg timestamp="20230523 14:36:20.316" level="DEBUG">Converted retries value: 2 -&gt; Retry(total=2, connect=None, read=None, redirect=None, status=None)</msg>
<msg timestamp="20230523 14:36:20.317" level="DEBUG">Converted retries value: 2 -&gt; Retry(total=2, connect=None, read=None, redirect=None, status=None)</msg>
<msg timestamp="20230523 14:36:20.343" level="DEBUG">https://maps.googleapis.com:443 "GET /maps/api/geocode/json?address=Vista+Bangi%2C+Jalan+Reko%2C+43000%2C+Kajang%2C+Selangor&amp;key=AIzaSyCFnR_9wkfFiy0Xui-qf4tXXe3T5aQ0yZk HTTP/1.1" 200 None</msg>
<msg timestamp="20230523 14:36:20.346" level="DEBUG">Converted retries value: 2 -&gt; Retry(total=2, connect=None, read=None, redirect=None, status=None)</msg>
<msg timestamp="20230523 14:36:20.346" level="DEBUG">Converted retries value: 2 -&gt; Retry(total=2, connect=None, read=None, redirect=None, status=None)</msg>
<msg timestamp="20230523 14:36:20.380" level="DEBUG">https://maps.googleapis.com:443 "GET /maps/api/geocode/json?address=Cerrado+%28Block+A%29%2C+Southville+City%2C+43800+Dengkil%2C+Selangor&amp;key=AIzaSyCFnR_9wkfFiy0Xui-qf4tXXe3T5aQ0yZk HTTP/1.1" 200 None</msg>
