<?xml version="1.0" encoding="UTF-8"?>
<robot generator="Robot 7.0 (Python 3.12.2 on win32)" generated="2024-04-23T14:17:02.494542" rpa="false" schemaversion="5">
<suite id="s1" name="Main" source="C:\Users\r.a.ling\Documents\rckl-llt.github.io\Lelongtips\sherlock-dms\tests\restAPI\Main\Main.robot">
<test id="s1-t1" name="1 - Executes Main flow" line="6">
<kw name="When user runs main flow" owner="Main">
<msg time="2024-04-23T14:17:07.115601" level="TRACE">Arguments: [  ]</msg>
<msg time="2024-04-23T14:17:07.125947" level="DEBUG">Starting new HTTPS connection (1): www.lelongtips.com.my:443</msg>
<msg time="2024-04-23T14:17:10.212822" level="DEBUG">https://www.lelongtips.com.my:443 "GET /search?keyword=&amp;property_type%5B%5D=1&amp;property_type%5B%5D=4&amp;property_type%5B%5D=5&amp;property_type%5B%5D=3&amp;state=kl_sel&amp;min_price=150000&amp;max_price=1000000&amp;min_size=&amp;max_size=&amp;sort=price-asc&amp;page=1 HTTP/1.1" 200 None</msg>
<msg time="2024-04-23T14:17:10.217266" level="DEBUG">Starting new HTTPS connection (1): www.lelongtips.com.my:443</msg>
<msg time="2024-04-23T14:17:13.556621" level="DEBUG">https://www.lelongtips.com.my:443 "GET /search?keyword=&amp;property_type%5B%5D=1&amp;property_type%5B%5D=4&amp;property_type%5B%5D=5&amp;property_type%5B%5D=3&amp;state=kl_sel&amp;min_price=150000&amp;max_price=1000000&amp;min_size=&amp;max_size=&amp;sort=price-asc&amp;page=1 HTTP/1.1" 200 None</msg>
<msg time="2024-04-23T14:17:15.798192" level="DEBUG">Starting new HTTPS connection (1): www.lelongtips.com.my:443</msg>
<msg time="2024-04-23T14:17:17.828402" level="DEBUG">https://www.lelongtips.com.my:443 "GET /search?keyword=&amp;property_type%5B%5D=1&amp;property_type%5B%5D=4&amp;property_type%5B%5D=5&amp;property_type%5B%5D=3&amp;state=kl_sel&amp;min_price=150000&amp;max_price=1000000&amp;min_size=&amp;max_size=&amp;sort=price-asc&amp;page=2 HTTP/1.1" 200 None</msg>
<msg time="2024-04-23T14:17:19.982840" level="DEBUG">Starting new HTTPS connection (1): www.lelongtips.com.my:443</msg>
<msg time="2024-04-23T14:17:21.697390" level="DEBUG">https://www.lelongtips.com.my:443 "GET /search?keyword=&amp;property_type%5B%5D=1&amp;property_type%5B%5D=4&amp;property_type%5B%5D=5&amp;property_type%5B%5D=3&amp;state=kl_sel&amp;min_price=150000&amp;max_price=1000000&amp;min_size=&amp;max_size=&amp;sort=price-asc&amp;page=3 HTTP/1.1" 200 None</msg>
<msg time="2024-04-23T14:17:23.857907" level="DEBUG">Starting new HTTPS connection (1): www.lelongtips.com.my:443</msg>
<msg time="2024-04-23T14:17:25.474798" level="DEBUG">https://www.lelongtips.com.my:443 "GET /search?keyword=&amp;property_type%5B%5D=1&amp;property_type%5B%5D=4&amp;property_type%5B%5D=5&amp;property_type%5B%5D=3&amp;state=kl_sel&amp;min_price=150000&amp;max_price=1000000&amp;min_size=&amp;max_size=&amp;sort=price-asc&amp;page=4 HTTP/1.1" 200 None</msg>
<msg time="2024-04-23T14:17:27.629791" level="DEBUG">Starting new HTTPS connection (1): www.lelongtips.com.my:443</msg>
<msg time="2024-04-23T14:17:29.919010" level="DEBUG">https://www.lelongtips.com.my:443 "GET /search?keyword=&amp;property_type%5B%5D=1&amp;property_type%5B%5D=4&amp;property_type%5B%5D=5&amp;property_type%5B%5D=3&amp;state=kl_sel&amp;min_price=150000&amp;max_price=1000000&amp;min_size=&amp;max_size=&amp;sort=price-asc&amp;page=5 HTTP/1.1" 200 None</msg>
<msg time="2024-04-23T14:17:34.073478" level="DEBUG">Starting new HTTPS connection (1): www.lelongtips.com.my:443</msg>
<msg time="2024-04-23T14:17:36.001696" level="DEBUG">https://www.lelongtips.com.my:443 "GET /search?keyword=&amp;property_type%5B%5D=1&amp;property_type%5B%5D=4&amp;property_type%5B%5D=5&amp;property_type%5B%5D=3&amp;state=kl_sel&amp;min_price=150000&amp;max_price=1000000&amp;min_size=&amp;max_size=&amp;sort=price-asc&amp;page=6 HTTP/1.1" 200 None</msg>
<msg time="2024-04-23T14:17:40.200785" level="DEBUG">Starting new HTTPS connection (1): www.lelongtips.com.my:443</msg>
<msg time="2024-04-23T14:17:41.589360" level="DEBUG">https://www.lelongtips.com.my:443 "GET /search?keyword=&amp;property_type%5B%5D=1&amp;property_type%5B%5D=4&amp;property_type%5B%5D=5&amp;property_type%5B%5D=3&amp;state=kl_sel&amp;min_price=150000&amp;max_price=1000000&amp;min_size=&amp;max_size=&amp;sort=price-asc&amp;page=7 HTTP/1.1" 200 None</msg>
<msg time="2024-04-23T14:17:45.807432" level="DEBUG">Starting new HTTPS connection (1): www.lelongtips.com.my:443</msg>
<msg time="2024-04-23T14:17:47.418692" level="DEBUG">https://www.lelongtips.com.my:443 "GET /search?keyword=&amp;property_type%5B%5D=1&amp;property_type%5B%5D=4&amp;property_type%5B%5D=5&amp;property_type%5B%5D=3&amp;state=kl_sel&amp;min_price=150000&amp;max_price=1000000&amp;min_size=&amp;max_size=&amp;sort=price-asc&amp;page=8 HTTP/1.1" 200 None</msg>
<msg time="2024-04-23T14:17:50.591235" level="DEBUG">Starting new HTTPS connection (1): www.lelongtips.com.my:443</msg>
<msg time="2024-04-23T14:17:52.002218" level="DEBUG">https://www.lelongtips.com.my:443 "GET /search?keyword=&amp;property_type%5B%5D=1&amp;property_type%5B%5D=4&amp;property_type%5B%5D=5&amp;property_type%5B%5D=3&amp;state=kl_sel&amp;min_price=150000&amp;max_price=1000000&amp;min_size=&amp;max_size=&amp;sort=price-asc&amp;page=9 HTTP/1.1" 200 None</msg>
<msg time="2024-04-23T14:17:56.147584" level="DEBUG">Starting new HTTPS connection (1): www.lelongtips.com.my:443</msg>
<msg time="2024-04-23T14:17:57.828615" level="DEBUG">https://www.lelongtips.com.my:443 "GET /search?keyword=&amp;property_type%5B%5D=1&amp;property_type%5B%5D=4&amp;property_type%5B%5D=5&amp;property_type%5B%5D=3&amp;state=kl_sel&amp;min_price=150000&amp;max_price=1000000&amp;min_size=&amp;max_size=&amp;sort=price-asc&amp;page=10 HTTP/1.1" 200 None</msg>
<msg time="2024-04-23T14:18:01.980394" level="DEBUG">Starting new HTTPS connection (1): www.lelongtips.com.my:443</msg>
<msg time="2024-04-23T14:18:03.525280" level="DEBUG">https://www.lelongtips.com.my:443 "GET /search?keyword=&amp;property_type%5B%5D=1&amp;property_type%5B%5D=4&amp;property_type%5B%5D=5&amp;property_type%5B%5D=3&amp;state=kl_sel&amp;min_price=150000&amp;max_price=1000000&amp;min_size=&amp;max_size=&amp;sort=price-asc&amp;page=11 HTTP/1.1" 200 None</msg>
<msg time="2024-04-23T14:18:05.677270" level="DEBUG">Starting new HTTPS connection (1): www.lelongtips.com.my:443</msg>
<msg time="2024-04-23T14:18:07.916805" level="DEBUG">https://www.lelongtips.com.my:443 "GET /search?keyword=&amp;property_type%5B%5D=1&amp;property_type%5B%5D=4&amp;property_type%5B%5D=5&amp;property_type%5B%5D=3&amp;state=kl_sel&amp;min_price=150000&amp;max_price=1000000&amp;min_size=&amp;max_size=&amp;sort=price-asc&amp;page=12 HTTP/1.1" 200 None</msg>
<msg time="2024-04-23T14:18:10.066477" level="DEBUG">Starting new HTTPS connection (1): www.lelongtips.com.my:443</msg>
<msg time="2024-04-23T14:18:11.441970" level="DEBUG">https://www.lelongtips.com.my:443 "GET /search?keyword=&amp;property_type%5B%5D=1&amp;property_type%5B%5D=4&amp;property_type%5B%5D=5&amp;property_type%5B%5D=3&amp;state=kl_sel&amp;min_price=150000&amp;max_price=1000000&amp;min_size=&amp;max_size=&amp;sort=price-asc&amp;page=13 HTTP/1.1" 200 None</msg>
<msg time="2024-04-23T14:18:13.652041" level="DEBUG">Starting new HTTPS connection (1): www.lelongtips.com.my:443</msg>
<msg time="2024-04-23T14:18:14.952703" level="DEBUG">https://www.lelongtips.com.my:443 "GET /search?keyword=&amp;property_type%5B%5D=1&amp;property_type%5B%5D=4&amp;property_type%5B%5D=5&amp;property_type%5B%5D=3&amp;state=kl_sel&amp;min_price=150000&amp;max_price=1000000&amp;min_size=&amp;max_size=&amp;sort=price-asc&amp;page=14 HTTP/1.1" 200 None</msg>
<msg time="2024-04-23T14:18:17.109299" level="DEBUG">Starting new HTTPS connection (1): www.lelongtips.com.my:443</msg>
<msg time="2024-04-23T14:18:18.184031" level="DEBUG">https://www.lelongtips.com.my:443 "GET /search?keyword=&amp;property_type%5B%5D=1&amp;property_type%5B%5D=4&amp;property_type%5B%5D=5&amp;property_type%5B%5D=3&amp;state=kl_sel&amp;min_price=150000&amp;max_price=1000000&amp;min_size=&amp;max_size=&amp;sort=price-asc&amp;page=15 HTTP/1.1" 200 None</msg>
<msg time="2024-04-23T14:18:21.350642" level="DEBUG">Starting new HTTPS connection (1): www.lelongtips.com.my:443</msg>
<msg time="2024-04-23T14:18:22.792385" level="DEBUG">https://www.lelongtips.com.my:443 "GET /search?keyword=&amp;property_type%5B%5D=1&amp;property_type%5B%5D=4&amp;property_type%5B%5D=5&amp;property_type%5B%5D=3&amp;state=kl_sel&amp;min_price=150000&amp;max_price=1000000&amp;min_size=&amp;max_size=&amp;sort=price-asc&amp;page=16 HTTP/1.1" 200 None</msg>
<msg time="2024-04-23T14:18:25.028372" level="DEBUG">Starting new HTTPS connection (1): www.lelongtips.com.my:443</msg>
<msg time="2024-04-23T14:18:26.898052" level="DEBUG">https://www.lelongtips.com.my:443 "GET /search?keyword=&amp;property_type%5B%5D=1&amp;property_type%5B%5D=4&amp;property_type%5B%5D=5&amp;property_type%5B%5D=3&amp;state=kl_sel&amp;min_price=150000&amp;max_price=1000000&amp;min_size=&amp;max_size=&amp;sort=price-asc&amp;page=17 HTTP/1.1" 200 None</msg>
<msg time="2024-04-23T14:18:29.049554" level="DEBUG">Starting new HTTPS connection (1): www.lelongtips.com.my:443</msg>
<msg time="2024-04-23T14:18:30.363995" level="DEBUG">https://www.lelongtips.com.my:443 "GET /search?keyword=&amp;property_type%5B%5D=1&amp;property_type%5B%5D=4&amp;property_type%5B%5D=5&amp;property_type%5B%5D=3&amp;state=kl_sel&amp;min_price=150000&amp;max_price=1000000&amp;min_size=&amp;max_size=&amp;sort=price-asc&amp;page=18 HTTP/1.1" 200 None</msg>
<msg time="2024-04-23T14:18:32.536512" level="DEBUG">Starting new HTTPS connection (1): www.lelongtips.com.my:443</msg>
<msg time="2024-04-23T14:18:34.640800" level="DEBUG">https://www.lelongtips.com.my:443 "GET /search?keyword=&amp;property_type%5B%5D=1&amp;property_type%5B%5D=4&amp;property_type%5B%5D=5&amp;property_type%5B%5D=3&amp;state=kl_sel&amp;min_price=150000&amp;max_price=1000000&amp;min_size=&amp;max_size=&amp;sort=price-asc&amp;page=19 HTTP/1.1" 200 None</msg>
<msg time="2024-04-23T14:18:37.877531" level="DEBUG">Starting new HTTPS connection (1): www.lelongtips.com.my:443</msg>
<msg time="2024-04-23T14:18:39.696782" level="DEBUG">https://www.lelongtips.com.my:443 "GET /search?keyword=&amp;property_type%5B%5D=1&amp;property_type%5B%5D=4&amp;property_type%5B%5D=5&amp;property_type%5B%5D=3&amp;state=kl_sel&amp;min_price=150000&amp;max_price=1000000&amp;min_size=&amp;max_size=&amp;sort=price-asc&amp;page=20 HTTP/1.1" 200 None</msg>
<msg time="2024-04-23T14:18:42.846381" level="DEBUG">Starting new HTTPS connection (1): www.lelongtips.com.my:443</msg>
<msg time="2024-04-23T14:18:44.220440" level="DEBUG">https://www.lelongtips.com.my:443 "GET /search?keyword=&amp;property_type%5B%5D=1&amp;property_type%5B%5D=4&amp;property_type%5B%5D=5&amp;property_type%5B%5D=3&amp;state=kl_sel&amp;min_price=150000&amp;max_price=1000000&amp;min_size=&amp;max_size=&amp;sort=price-asc&amp;page=21 HTTP/1.1" 200 None</msg>
<msg time="2024-04-23T14:18:47.370476" level="DEBUG">Starting new HTTPS connection (1): www.lelongtips.com.my:443</msg>
<msg time="2024-04-23T14:18:49.059670" level="DEBUG">https://www.lelongtips.com.my:443 "GET /search?keyword=&amp;property_type%5B%5D=1&amp;property_type%5B%5D=4&amp;property_type%5B%5D=5&amp;property_type%5B%5D=3&amp;state=kl_sel&amp;min_price=150000&amp;max_price=1000000&amp;min_size=&amp;max_size=&amp;sort=price-asc&amp;page=22 HTTP/1.1" 200 None</msg>
<msg time="2024-04-23T14:18:53.226745" level="DEBUG">Starting new HTTPS connection (1): www.lelongtips.com.my:443</msg>
<msg time="2024-04-23T14:18:55.075924" level="DEBUG">https://www.lelongtips.com.my:443 "GET /search?keyword=&amp;property_type%5B%5D=1&amp;property_type%5B%5D=4&amp;property_type%5B%5D=5&amp;property_type%5B%5D=3&amp;state=kl_sel&amp;min_price=150000&amp;max_price=1000000&amp;min_size=&amp;max_size=&amp;sort=price-asc&amp;page=23 HTTP/1.1" 200 None</msg>
<msg time="2024-04-23T14:18:58.250709" level="DEBUG">Starting new HTTPS connection (1): www.lelongtips.com.my:443</msg>
<msg time="2024-04-23T14:18:59.611989" level="DEBUG">https://www.lelongtips.com.my:443 "GET /search?keyword=&amp;property_type%5B%5D=1&amp;property_type%5B%5D=4&amp;property_type%5B%5D=5&amp;property_type%5B%5D=3&amp;state=kl_sel&amp;min_price=150000&amp;max_price=1000000&amp;min_size=&amp;max_size=&amp;sort=price-asc&amp;page=24 HTTP/1.1" 200 None</msg>
<msg time="2024-04-23T14:19:02.957563" level="DEBUG">Starting new HTTPS connection (1): www.lelongtips.com.my:443</msg>
<msg time="2024-04-23T14:19:06.012003" level="DEBUG">https://www.lelongtips.com.my:443 "GET /search?keyword=&amp;property_type%5B%5D=1&amp;property_type%5B%5D=4&amp;property_type%5B%5D=5&amp;property_type%5B%5D=3&amp;state=kl_sel&amp;min_price=150000&amp;max_price=1000000&amp;min_size=&amp;max_size=&amp;sort=price-asc&amp;page=25 HTTP/1.1" 200 None</msg>
<msg time="2024-04-23T14:19:09.226443" level="DEBUG">Starting new HTTPS connection (1): www.lelongtips.com.my:443</msg>
<msg time="2024-04-23T14:19:10.372673" level="DEBUG">https://www.lelongtips.com.my:443 "GET /search?keyword=&amp;property_type%5B%5D=1&amp;property_type%5B%5D=4&amp;property_type%5B%5D=5&amp;property_type%5B%5D=3&amp;state=kl_sel&amp;min_price=150000&amp;max_price=1000000&amp;min_size=&amp;max_size=&amp;sort=price-asc&amp;page=26 HTTP/1.1" 200 None</msg>
<msg time="2024-04-23T14:19:13.531091" level="DEBUG">Starting new HTTPS connection (1): www.lelongtips.com.my:443</msg>
<msg time="2024-04-23T14:19:15.165160" level="DEBUG">https://www.lelongtips.com.my:443 "GET /search?keyword=&amp;property_type%5B%5D=1&amp;property_type%5B%5D=4&amp;property_type%5B%5D=5&amp;property_type%5B%5D=3&amp;state=kl_sel&amp;min_price=150000&amp;max_price=1000000&amp;min_size=&amp;max_size=&amp;sort=price-asc&amp;page=27 HTTP/1.1" 200 None</msg>
<msg time="2024-04-23T14:19:18.299177" level="DEBUG">Starting new HTTPS connection (1): www.lelongtips.com.my:443</msg>
<msg time="2024-04-23T14:19:20.104576" level="DEBUG">https://www.lelongtips.com.my:443 "GET /search?keyword=&amp;property_type%5B%5D=1&amp;property_type%5B%5D=4&amp;property_type%5B%5D=5&amp;property_type%5B%5D=3&amp;state=kl_sel&amp;min_price=150000&amp;max_price=1000000&amp;min_size=&amp;max_size=&amp;sort=price-asc&amp;page=28 HTTP/1.1" 200 None</msg>
<msg time="2024-04-23T14:19:24.275120" level="DEBUG">Starting new HTTPS connection (1): www.lelongtips.com.my:443</msg>
<msg time="2024-04-23T14:19:25.555386" level="DEBUG">https://www.lelongtips.com.my:443 "GET /search?keyword=&amp;property_type%5B%5D=1&amp;property_type%5B%5D=4&amp;property_type%5B%5D=5&amp;property_type%5B%5D=3&amp;state=kl_sel&amp;min_price=150000&amp;max_price=1000000&amp;min_size=&amp;max_size=&amp;sort=price-asc&amp;page=29 HTTP/1.1" 200 None</msg>
<msg time="2024-04-23T14:19:27.719631" level="DEBUG">Starting new HTTPS connection (1): www.lelongtips.com.my:443</msg>
<msg time="2024-04-23T14:19:28.950917" level="DEBUG">https://www.lelongtips.com.my:443 "GET /search?keyword=&amp;property_type%5B%5D=1&amp;property_type%5B%5D=4&amp;property_type%5B%5D=5&amp;property_type%5B%5D=3&amp;state=kl_sel&amp;min_price=150000&amp;max_price=1000000&amp;min_size=&amp;max_size=&amp;sort=price-asc&amp;page=30 HTTP/1.1" 200 None</msg>
<msg time="2024-04-23T14:19:32.099465" level="DEBUG">Starting new HTTPS connection (1): www.lelongtips.com.my:443</msg>
<msg time="2024-04-23T14:19:33.689937" level="DEBUG">https://www.lelongtips.com.my:443 "GET /search?keyword=&amp;property_type%5B%5D=1&amp;property_type%5B%5D=4&amp;property_type%5B%5D=5&amp;property_type%5B%5D=3&amp;state=kl_sel&amp;min_price=150000&amp;max_price=1000000&amp;min_size=&amp;max_size=&amp;sort=price-asc&amp;page=31 HTTP/1.1" 200 None</msg>
<msg time="2024-04-23T14:19:37.912610" level="DEBUG">Starting new HTTPS connection (1): www.lelongtips.com.my:443</msg>
<msg time="2024-04-23T14:19:40.065064" level="DEBUG">https://www.lelongtips.com.my:443 "GET /search?keyword=&amp;property_type%5B%5D=1&amp;property_type%5B%5D=4&amp;property_type%5B%5D=5&amp;property_type%5B%5D=3&amp;state=kl_sel&amp;min_price=150000&amp;max_price=1000000&amp;min_size=&amp;max_size=&amp;sort=price-asc&amp;page=32 HTTP/1.1" 200 None</msg>
<msg time="2024-04-23T14:19:43.214448" level="DEBUG">Starting new HTTPS connection (1): www.lelongtips.com.my:443</msg>
<msg time="2024-04-23T14:19:44.855585" level="DEBUG">https://www.lelongtips.com.my:443 "GET /search?keyword=&amp;property_type%5B%5D=1&amp;property_type%5B%5D=4&amp;property_type%5B%5D=5&amp;property_type%5B%5D=3&amp;state=kl_sel&amp;min_price=150000&amp;max_price=1000000&amp;min_size=&amp;max_size=&amp;sort=price-asc&amp;page=33 HTTP/1.1" 200 None</msg>
<msg time="2024-04-23T14:19:49.009803" level="DEBUG">Starting new HTTPS connection (1): www.lelongtips.com.my:443</msg>
<msg time="2024-04-23T14:19:50.487216" level="DEBUG">https://www.lelongtips.com.my:443 "GET /search?keyword=&amp;property_type%5B%5D=1&amp;property_type%5B%5D=4&amp;property_type%5B%5D=5&amp;property_type%5B%5D=3&amp;state=kl_sel&amp;min_price=150000&amp;max_price=1000000&amp;min_size=&amp;max_size=&amp;sort=price-asc&amp;page=34 HTTP/1.1" 200 None</msg>
<msg time="2024-04-23T14:19:52.638572" level="DEBUG">Starting new HTTPS connection (1): www.lelongtips.com.my:443</msg>
<msg time="2024-04-23T14:19:55.236014" level="DEBUG">https://www.lelongtips.com.my:443 "GET /search?keyword=&amp;property_type%5B%5D=1&amp;property_type%5B%5D=4&amp;property_type%5B%5D=5&amp;property_type%5B%5D=3&amp;state=kl_sel&amp;min_price=150000&amp;max_price=1000000&amp;min_size=&amp;max_size=&amp;sort=price-asc&amp;page=35 HTTP/1.1" 200 None</msg>
<msg time="2024-04-23T14:19:57.370045" level="DEBUG">Starting new HTTPS connection (1): www.lelongtips.com.my:443</msg>
<msg time="2024-04-23T14:19:58.850364" level="DEBUG">https://www.lelongtips.com.my:443 "GET /search?keyword=&amp;property_type%5B%5D=1&amp;property_type%5B%5D=4&amp;property_type%5B%5D=5&amp;property_type%5B%5D=3&amp;state=kl_sel&amp;min_price=150000&amp;max_price=1000000&amp;min_size=&amp;max_size=&amp;sort=price-asc&amp;page=36 HTTP/1.1" 200 None</msg>
<msg time="2024-04-23T14:20:01.068174" level="DEBUG">Starting new HTTPS connection (1): www.lelongtips.com.my:443</msg>
<msg time="2024-04-23T14:20:03.965171" level="DEBUG">https://www.lelongtips.com.my:443 "GET /search?keyword=&amp;property_type%5B%5D=1&amp;property_type%5B%5D=4&amp;property_type%5B%5D=5&amp;property_type%5B%5D=3&amp;state=kl_sel&amp;min_price=150000&amp;max_price=1000000&amp;min_size=&amp;max_size=&amp;sort=price-asc&amp;page=37 HTTP/1.1" 200 None</msg>
<msg time="2024-04-23T14:20:08.173524" level="DEBUG">Starting new HTTPS connection (1): www.lelongtips.com.my:443</msg>
<msg time="2024-04-23T14:20:09.502382" level="DEBUG">https://www.lelongtips.com.my:443 "GET /search?keyword=&amp;property_type%5B%5D=1&amp;property_type%5B%5D=4&amp;property_type%5B%5D=5&amp;property_type%5B%5D=3&amp;state=kl_sel&amp;min_price=150000&amp;max_price=1000000&amp;min_size=&amp;max_size=&amp;sort=price-asc&amp;page=38 HTTP/1.1" 200 None</msg>
<msg time="2024-04-23T14:20:11.639550" level="DEBUG">Starting new HTTPS connection (1): www.lelongtips.com.my:443</msg>
<msg time="2024-04-23T14:20:14.136678" level="DEBUG">https://www.lelongtips.com.my:443 "GET /search?keyword=&amp;property_type%5B%5D=1&amp;property_type%5B%5D=4&amp;property_type%5B%5D=5&amp;property_type%5B%5D=3&amp;state=kl_sel&amp;min_price=150000&amp;max_price=1000000&amp;min_size=&amp;max_size=&amp;sort=price-asc&amp;page=39 HTTP/1.1" 200 None</msg>
<msg time="2024-04-23T14:20:17.265036" level="DEBUG">Starting new HTTPS connection (1): www.lelongtips.com.my:443</msg>
<msg time="2024-04-23T14:20:19.046771" level="DEBUG">https://www.lelongtips.com.my:443 "GET /search?keyword=&amp;property_type%5B%5D=1&amp;property_type%5B%5D=4&amp;property_type%5B%5D=5&amp;property_type%5B%5D=3&amp;state=kl_sel&amp;min_price=150000&amp;max_price=1000000&amp;min_size=&amp;max_size=&amp;sort=price-asc&amp;page=40 HTTP/1.1" 200 None</msg>
<msg time="2024-04-23T14:20:21.191184" level="DEBUG">Starting new HTTPS connection (1): www.lelongtips.com.my:443</msg>
<msg time="2024-04-23T14:20:23.929746" level="DEBUG">https://www.lelongtips.com.my:443 "GET /search?keyword=&amp;property_type%5B%5D=1&amp;property_type%5B%5D=4&amp;property_type%5B%5D=5&amp;property_type%5B%5D=3&amp;state=kl_sel&amp;min_price=150000&amp;max_price=1000000&amp;min_size=&amp;max_size=&amp;sort=price-asc&amp;page=41 HTTP/1.1" 200 None</msg>
<msg time="2024-04-23T14:20:27.072389" level="DEBUG">Starting new HTTPS connection (1): www.lelongtips.com.my:443</msg>
<msg time="2024-04-23T14:20:28.460326" level="DEBUG">https://www.lelongtips.com.my:443 "GET /search?keyword=&amp;property_type%5B%5D=1&amp;property_type%5B%5D=4&amp;property_type%5B%5D=5&amp;property_type%5B%5D=3&amp;state=kl_sel&amp;min_price=150000&amp;max_price=1000000&amp;min_size=&amp;max_size=&amp;sort=price-asc&amp;page=42 HTTP/1.1" 200 None</msg>
<msg time="2024-04-23T14:20:31.611745" level="DEBUG">Starting new HTTPS connection (1): www.lelongtips.com.my:443</msg>
<msg time="2024-04-23T14:20:32.940817" level="DEBUG">https://www.lelongtips.com.my:443 "GET /search?keyword=&amp;property_type%5B%5D=1&amp;property_type%5B%5D=4&amp;property_type%5B%5D=5&amp;property_type%5B%5D=3&amp;state=kl_sel&amp;min_price=150000&amp;max_price=1000000&amp;min_size=&amp;max_size=&amp;sort=price-asc&amp;page=43 HTTP/1.1" 200 None</msg>
<msg time="2024-04-23T14:20:36.152243" level="DEBUG">Starting new HTTPS connection (1): www.lelongtips.com.my:443</msg>
<msg time="2024-04-23T14:20:37.450904" level="DEBUG">https://www.lelongtips.com.my:443 "GET /search?keyword=&amp;property_type%5B%5D=1&amp;property_type%5B%5D=4&amp;property_type%5B%5D=5&amp;property_type%5B%5D=3&amp;state=kl_sel&amp;min_price=150000&amp;max_price=1000000&amp;min_size=&amp;max_size=&amp;sort=price-asc&amp;page=44 HTTP/1.1" 200 None</msg>
<msg time="2024-04-23T14:20:41.586991" level="DEBUG">Starting new HTTPS connection (1): www.lelongtips.com.my:443</msg>
<msg time="2024-04-23T14:20:43.051051" level="DEBUG">https://www.lelongtips.com.my:443 "GET /search?keyword=&amp;property_type%5B%5D=1&amp;property_type%5B%5D=4&amp;property_type%5B%5D=5&amp;property_type%5B%5D=3&amp;state=kl_sel&amp;min_price=150000&amp;max_price=1000000&amp;min_size=&amp;max_size=&amp;sort=price-asc&amp;page=45 HTTP/1.1" 200 None</msg>
<msg time="2024-04-23T14:20:47.197060" level="DEBUG">Starting new HTTPS connection (1): www.lelongtips.com.my:443</msg>
<msg time="2024-04-23T14:20:49.110017" level="DEBUG">https://www.lelongtips.com.my:443 "GET /search?keyword=&amp;property_type%5B%5D=1&amp;property_type%5B%5D=4&amp;property_type%5B%5D=5&amp;property_type%5B%5D=3&amp;state=kl_sel&amp;min_price=150000&amp;max_price=1000000&amp;min_size=&amp;max_size=&amp;sort=price-asc&amp;page=46 HTTP/1.1" 200 None</msg>
<msg time="2024-04-23T14:20:53.273949" level="DEBUG">Starting new HTTPS connection (1): www.lelongtips.com.my:443</msg>
<msg time="2024-04-23T14:20:54.602956" level="DEBUG">https://www.lelongtips.com.my:443 "GET /search?keyword=&amp;property_type%5B%5D=1&amp;property_type%5B%5D=4&amp;property_type%5B%5D=5&amp;property_type%5B%5D=3&amp;state=kl_sel&amp;min_price=150000&amp;max_price=1000000&amp;min_size=&amp;max_size=&amp;sort=price-asc&amp;page=47 HTTP/1.1" 200 None</msg>
<msg time="2024-04-23T14:20:58.751512" level="DEBUG">Starting new HTTPS connection (1): www.lelongtips.com.my:443</msg>
<msg time="2024-04-23T14:21:00.567308" level="DEBUG">https://www.lelongtips.com.my:443 "GET /search?keyword=&amp;property_type%5B%5D=1&amp;property_type%5B%5D=4&amp;property_type%5B%5D=5&amp;property_type%5B%5D=3&amp;state=kl_sel&amp;min_price=150000&amp;max_price=1000000&amp;min_size=&amp;max_size=&amp;sort=price-asc&amp;page=48 HTTP/1.1" 200 None</msg>
<msg time="2024-04-23T14:21:03.782904" level="DEBUG">Starting new HTTPS connection (1): www.lelongtips.com.my:443</msg>
<msg time="2024-04-23T14:21:05.420410" level="DEBUG">https://www.lelongtips.com.my:443 "GET /search?keyword=&amp;property_type%5B%5D=1&amp;property_type%5B%5D=4&amp;property_type%5B%5D=5&amp;property_type%5B%5D=3&amp;state=kl_sel&amp;min_price=150000&amp;max_price=1000000&amp;min_size=&amp;max_size=&amp;sort=price-asc&amp;page=49 HTTP/1.1" 200 None</msg>
<msg time="2024-04-23T14:21:09.571827" level="DEBUG">Starting new HTTPS connection (1): www.lelongtips.com.my:443</msg>
<msg time="2024-04-23T14:21:11.292738" level="DEBUG">https://www.lelongtips.com.my:443 "GET /search?keyword=&amp;property_type%5B%5D=1&amp;property_type%5B%5D=4&amp;property_type%5B%5D=5&amp;property_type%5B%5D=3&amp;state=kl_sel&amp;min_price=150000&amp;max_price=1000000&amp;min_size=&amp;max_size=&amp;sort=price-asc&amp;page=50 HTTP/1.1" 200 None</msg>
<msg time="2024-04-23T14:21:14.424658" level="DEBUG">Starting new HTTPS connection (1): www.lelongtips.com.my:443</msg>
<msg time="2024-04-23T14:21:15.717064" level="DEBUG">https://www.lelongtips.com.my:443 "GET /search?keyword=&amp;property_type%5B%5D=1&amp;property_type%5B%5D=4&amp;property_type%5B%5D=5&amp;property_type%5B%5D=3&amp;state=kl_sel&amp;min_price=150000&amp;max_price=1000000&amp;min_size=&amp;max_size=&amp;sort=price-asc&amp;page=51 HTTP/1.1" 200 None</msg>
<msg time="2024-04-23T14:21:18.891227" level="DEBUG">Starting new HTTPS connection (1): www.lelongtips.com.my:443</msg>
<msg time="2024-04-23T14:21:20.663597" level="DEBUG">https://www.lelongtips.com.my:443 "GET /search?keyword=&amp;property_type%5B%5D=1&amp;property_type%5B%5D=4&amp;property_type%5B%5D=5&amp;property_type%5B%5D=3&amp;state=kl_sel&amp;min_price=150000&amp;max_price=1000000&amp;min_size=&amp;max_size=&amp;sort=price-asc&amp;page=52 HTTP/1.1" 200 None</msg>
<msg time="2024-04-23T14:21:22.827397" level="DEBUG">Starting new HTTPS connection (1): www.lelongtips.com.my:443</msg>
<msg time="2024-04-23T14:21:24.428915" level="DEBUG">https://www.lelongtips.com.my:443 "GET /search?keyword=&amp;property_type%5B%5D=1&amp;property_type%5B%5D=4&amp;property_type%5B%5D=5&amp;property_type%5B%5D=3&amp;state=kl_sel&amp;min_price=150000&amp;max_price=1000000&amp;min_size=&amp;max_size=&amp;sort=price-asc&amp;page=53 HTTP/1.1" 200 None</msg>
<msg time="2024-04-23T14:21:28.584031" level="DEBUG">Starting new HTTPS connection (1): www.lelongtips.com.my:443</msg>
<msg time="2024-04-23T14:21:29.923657" level="DEBUG">https://www.lelongtips.com.my:443 "GET /search?keyword=&amp;property_type%5B%5D=1&amp;property_type%5B%5D=4&amp;property_type%5B%5D=5&amp;property_type%5B%5D=3&amp;state=kl_sel&amp;min_price=150000&amp;max_price=1000000&amp;min_size=&amp;max_size=&amp;sort=price-asc&amp;page=54 HTTP/1.1" 200 None</msg>
<msg time="2024-04-23T14:21:34.116445" level="DEBUG">Starting new HTTPS connection (1): www.lelongtips.com.my:443</msg>
<msg time="2024-04-23T14:21:35.497566" level="DEBUG">https://www.lelongtips.com.my:443 "GET /search?keyword=&amp;property_type%5B%5D=1&amp;property_type%5B%5D=4&amp;property_type%5B%5D=5&amp;property_type%5B%5D=3&amp;state=kl_sel&amp;min_price=150000&amp;max_price=1000000&amp;min_size=&amp;max_size=&amp;sort=price-asc&amp;page=55 HTTP/1.1" 200 None</msg>
<msg time="2024-04-23T14:21:38.650389" level="DEBUG">Starting new HTTPS connection (1): www.lelongtips.com.my:443</msg>
<msg time="2024-04-23T14:21:40.074263" level="DEBUG">https://www.lelongtips.com.my:443 "GET /search?keyword=&amp;property_type%5B%5D=1&amp;property_type%5B%5D=4&amp;property_type%5B%5D=5&amp;property_type%5B%5D=3&amp;state=kl_sel&amp;min_price=150000&amp;max_price=1000000&amp;min_size=&amp;max_size=&amp;sort=price-asc&amp;page=56 HTTP/1.1" 200 None</msg>
<msg time="2024-04-23T14:21:43.215514" level="DEBUG">Starting new HTTPS connection (1): www.lelongtips.com.my:443</msg>
<msg time="2024-04-23T14:21:44.564759" level="DEBUG">https://www.lelongtips.com.my:443 "GET /search?keyword=&amp;property_type%5B%5D=1&amp;property_type%5B%5D=4&amp;property_type%5B%5D=5&amp;property_type%5B%5D=3&amp;state=kl_sel&amp;min_price=150000&amp;max_price=1000000&amp;min_size=&amp;max_size=&amp;sort=price-asc&amp;page=57 HTTP/1.1" 200 None</msg>
<msg time="2024-04-23T14:21:48.712968" level="DEBUG">Starting new HTTPS connection (1): www.lelongtips.com.my:443</msg>
<msg time="2024-04-23T14:21:50.132697" level="DEBUG">https://www.lelongtips.com.my:443 "GET /search?keyword=&amp;property_type%5B%5D=1&amp;property_type%5B%5D=4&amp;property_type%5B%5D=5&amp;property_type%5B%5D=3&amp;state=kl_sel&amp;min_price=150000&amp;max_price=1000000&amp;min_size=&amp;max_size=&amp;sort=price-asc&amp;page=58 HTTP/1.1" 200 None</msg>
<msg time="2024-04-23T14:21:54.287945" level="DEBUG">Starting new HTTPS connection (1): www.lelongtips.com.my:443</msg>
<msg time="2024-04-23T14:21:55.991804" level="DEBUG">https://www.lelongtips.com.my:443 "GET /search?keyword=&amp;property_type%5B%5D=1&amp;property_type%5B%5D=4&amp;property_type%5B%5D=5&amp;property_type%5B%5D=3&amp;state=kl_sel&amp;min_price=150000&amp;max_price=1000000&amp;min_size=&amp;max_size=&amp;sort=price-asc&amp;page=59 HTTP/1.1" 200 None</msg>
<msg time="2024-04-23T14:21:59.136318" level="DEBUG">Starting new HTTPS connection (1): www.lelongtips.com.my:443</msg>
<msg time="2024-04-23T14:22:00.754539" level="DEBUG">https://www.lelongtips.com.my:443 "GET /search?keyword=&amp;property_type%5B%5D=1&amp;property_type%5B%5D=4&amp;property_type%5B%5D=5&amp;property_type%5B%5D=3&amp;state=kl_sel&amp;min_price=150000&amp;max_price=1000000&amp;min_size=&amp;max_size=&amp;sort=price-asc&amp;page=60 HTTP/1.1" 200 None</msg>
<msg time="2024-04-23T14:22:03.979359" level="DEBUG">Starting new HTTPS connection (1): www.lelongtips.com.my:443</msg>
<msg time="2024-04-23T14:22:05.381770" level="DEBUG">https://www.lelongtips.com.my:443 "GET /search?keyword=&amp;property_type%5B%5D=1&amp;property_type%5B%5D=4&amp;property_type%5B%5D=5&amp;property_type%5B%5D=3&amp;state=kl_sel&amp;min_price=150000&amp;max_price=1000000&amp;min_size=&amp;max_size=&amp;sort=price-asc&amp;page=61 HTTP/1.1" 200 None</msg>
<msg time="2024-04-23T14:22:08.528798" level="DEBUG">Starting new HTTPS connection (1): www.lelongtips.com.my:443</msg>
<msg time="2024-04-23T14:22:10.026982" level="DEBUG">https://www.lelongtips.com.my:443 "GET /search?keyword=&amp;property_type%5B%5D=1&amp;property_type%5B%5D=4&amp;property_type%5B%5D=5&amp;property_type%5B%5D=3&amp;state=kl_sel&amp;min_price=150000&amp;max_price=1000000&amp;min_size=&amp;max_size=&amp;sort=price-asc&amp;page=62 HTTP/1.1" 200 None</msg>
<msg time="2024-04-23T14:22:12.174568" level="DEBUG">Starting new HTTPS connection (1): www.lelongtips.com.my:443</msg>
<msg time="2024-04-23T14:22:13.432963" level="DEBUG">https://www.lelongtips.com.my:443 "GET /search?keyword=&amp;property_type%5B%5D=1&amp;property_type%5B%5D=4&amp;property_type%5B%5D=5&amp;property_type%5B%5D=3&amp;state=kl_sel&amp;min_price=150000&amp;max_price=1000000&amp;min_size=&amp;max_size=&amp;sort=price-asc&amp;page=63 HTTP/1.1" 200 None</msg>
<msg time="2024-04-23T14:22:17.579791" level="DEBUG">Starting new HTTPS connection (1): www.lelongtips.com.my:443</msg>
<msg time="2024-04-23T14:22:19.572819" level="DEBUG">https://www.lelongtips.com.my:443 "GET /search?keyword=&amp;property_type%5B%5D=1&amp;property_type%5B%5D=4&amp;property_type%5B%5D=5&amp;property_type%5B%5D=3&amp;state=kl_sel&amp;min_price=150000&amp;max_price=1000000&amp;min_size=&amp;max_size=&amp;sort=price-asc&amp;page=64 HTTP/1.1" 200 None</msg>
<msg time="2024-04-23T14:22:21.716070" level="DEBUG">Starting new HTTPS connection (1): www.lelongtips.com.my:443</msg>
<msg time="2024-04-23T14:22:23.056872" level="DEBUG">https://www.lelongtips.com.my:443 "GET /search?keyword=&amp;property_type%5B%5D=1&amp;property_type%5B%5D=4&amp;property_type%5B%5D=5&amp;property_type%5B%5D=3&amp;state=kl_sel&amp;min_price=150000&amp;max_price=1000000&amp;min_size=&amp;max_size=&amp;sort=price-asc&amp;page=65 HTTP/1.1" 200 None</msg>
<msg time="2024-04-23T14:22:25.201659" level="DEBUG">Starting new HTTPS connection (1): www.lelongtips.com.my:443</msg>
<msg time="2024-04-23T14:22:26.902729" level="DEBUG">https://www.lelongtips.com.my:443 "GET /search?keyword=&amp;property_type%5B%5D=1&amp;property_type%5B%5D=4&amp;property_type%5B%5D=5&amp;property_type%5B%5D=3&amp;state=kl_sel&amp;min_price=150000&amp;max_price=1000000&amp;min_size=&amp;max_size=&amp;sort=price-asc&amp;page=66 HTTP/1.1" 200 None</msg>
<msg time="2024-04-23T14:22:30.117397" level="DEBUG">Starting new HTTPS connection (1): www.lelongtips.com.my:443</msg>
<msg time="2024-04-23T14:22:32.045797" level="DEBUG">https://www.lelongtips.com.my:443 "GET /search?keyword=&amp;property_type%5B%5D=1&amp;property_type%5B%5D=4&amp;property_type%5B%5D=5&amp;property_type%5B%5D=3&amp;state=kl_sel&amp;min_price=150000&amp;max_price=1000000&amp;min_size=&amp;max_size=&amp;sort=price-asc&amp;page=67 HTTP/1.1" 200 None</msg>
<msg time="2024-04-23T14:22:35.196953" level="DEBUG">Starting new HTTPS connection (1): www.lelongtips.com.my:443</msg>
<msg time="2024-04-23T14:22:38.403709" level="DEBUG">https://www.lelongtips.com.my:443 "GET /search?keyword=&amp;property_type%5B%5D=1&amp;property_type%5B%5D=4&amp;property_type%5B%5D=5&amp;property_type%5B%5D=3&amp;state=kl_sel&amp;min_price=150000&amp;max_price=1000000&amp;min_size=&amp;max_size=&amp;sort=price-asc&amp;page=68 HTTP/1.1" 200 None</msg>
<msg time="2024-04-23T14:22:41.534567" level="DEBUG">Starting new HTTPS connection (1): www.lelongtips.com.my:443</msg>
<msg time="2024-04-23T14:22:42.763170" level="DEBUG">https://www.lelongtips.com.my:443 "GET /search?keyword=&amp;property_type%5B%5D=1&amp;property_type%5B%5D=4&amp;property_type%5B%5D=5&amp;property_type%5B%5D=3&amp;state=kl_sel&amp;min_price=150000&amp;max_price=1000000&amp;min_size=&amp;max_size=&amp;sort=price-asc&amp;page=69 HTTP/1.1" 200 None</msg>
<msg time="2024-04-23T14:22:44.902636" level="DEBUG">Starting new HTTPS connection (1): www.lelongtips.com.my:443</msg>
<msg time="2024-04-23T14:22:46.565833" level="DEBUG">https://www.lelongtips.com.my:443 "GET /search?keyword=&amp;property_type%5B%5D=1&amp;property_type%5B%5D=4&amp;property_type%5B%5D=5&amp;property_type%5B%5D=3&amp;state=kl_sel&amp;min_price=150000&amp;max_price=1000000&amp;min_size=&amp;max_size=&amp;sort=price-asc&amp;page=70 HTTP/1.1" 200 None</msg>
<msg time="2024-04-23T14:22:50.724601" level="DEBUG">Starting new HTTPS connection (1): www.lelongtips.com.my:443</msg>
<msg time="2024-04-23T14:22:51.785412" level="DEBUG">https://www.lelongtips.com.my:443 "GET /search?keyword=&amp;property_type%5B%5D=1&amp;property_type%5B%5D=4&amp;property_type%5B%5D=5&amp;property_type%5B%5D=3&amp;state=kl_sel&amp;min_price=150000&amp;max_price=1000000&amp;min_size=&amp;max_size=&amp;sort=price-asc&amp;page=71 HTTP/1.1" 200 None</msg>
<msg time="2024-04-23T14:22:53.913286" level="DEBUG">Starting new HTTPS connection (1): www.lelongtips.com.my:443</msg>
<msg time="2024-04-23T14:22:55.826493" level="DEBUG">https://www.lelongtips.com.my:443 "GET /search?keyword=&amp;property_type%5B%5D=1&amp;property_type%5B%5D=4&amp;property_type%5B%5D=5&amp;property_type%5B%5D=3&amp;state=kl_sel&amp;min_price=150000&amp;max_price=1000000&amp;min_size=&amp;max_size=&amp;sort=price-asc&amp;page=72 HTTP/1.1" 200 None</msg>
<msg time="2024-04-23T14:22:58.041445" level="DEBUG">Starting new HTTPS connection (1): www.lelongtips.com.my:443</msg>
<msg time="2024-04-23T14:22:59.414482" level="DEBUG">https://www.lelongtips.com.my:443 "GET /search?keyword=&amp;property_type%5B%5D=1&amp;property_type%5B%5D=4&amp;property_type%5B%5D=5&amp;property_type%5B%5D=3&amp;state=kl_sel&amp;min_price=150000&amp;max_price=1000000&amp;min_size=&amp;max_size=&amp;sort=price-asc&amp;page=73 HTTP/1.1" 200 None</msg>
<msg time="2024-04-23T14:23:01.571377" level="DEBUG">Starting new HTTPS connection (1): www.lelongtips.com.my:443</msg>
<msg time="2024-04-23T14:23:02.723482" level="DEBUG">https://www.lelongtips.com.my:443 "GET /search?keyword=&amp;property_type%5B%5D=1&amp;property_type%5B%5D=4&amp;property_type%5B%5D=5&amp;property_type%5B%5D=3&amp;state=kl_sel&amp;min_price=150000&amp;max_price=1000000&amp;min_size=&amp;max_size=&amp;sort=price-asc&amp;page=74 HTTP/1.1" 200 None</msg>
<msg time="2024-04-23T14:23:04.869695" level="DEBUG">Starting new HTTPS connection (1): www.lelongtips.com.my:443</msg>
<msg time="2024-04-23T14:23:06.430312" level="DEBUG">https://www.lelongtips.com.my:443 "GET /search?keyword=&amp;property_type%5B%5D=1&amp;property_type%5B%5D=4&amp;property_type%5B%5D=5&amp;property_type%5B%5D=3&amp;state=kl_sel&amp;min_price=150000&amp;max_price=1000000&amp;min_size=&amp;max_size=&amp;sort=price-asc&amp;page=75 HTTP/1.1" 200 None</msg>
<msg time="2024-04-23T14:23:09.579259" level="DEBUG">Starting new HTTPS connection (1): www.lelongtips.com.my:443</msg>
<msg time="2024-04-23T14:23:11.361754" level="DEBUG">https://www.lelongtips.com.my:443 "GET /search?keyword=&amp;property_type%5B%5D=1&amp;property_type%5B%5D=4&amp;property_type%5B%5D=5&amp;property_type%5B%5D=3&amp;state=kl_sel&amp;min_price=150000&amp;max_price=1000000&amp;min_size=&amp;max_size=&amp;sort=price-asc&amp;page=76 HTTP/1.1" 200 None</msg>
<msg time="2024-04-23T14:23:13.514819" level="DEBUG">Starting new HTTPS connection (1): www.lelongtips.com.my:443</msg>
<msg time="2024-04-23T14:23:14.703666" level="DEBUG">https://www.lelongtips.com.my:443 "GET /search?keyword=&amp;property_type%5B%5D=1&amp;property_type%5B%5D=4&amp;property_type%5B%5D=5&amp;property_type%5B%5D=3&amp;state=kl_sel&amp;min_price=150000&amp;max_price=1000000&amp;min_size=&amp;max_size=&amp;sort=price-asc&amp;page=77 HTTP/1.1" 200 None</msg>
<msg time="2024-04-23T14:23:17.868534" level="DEBUG">Starting new HTTPS connection (1): www.lelongtips.com.my:443</msg>
<msg time="2024-04-23T14:23:19.450936" level="DEBUG">https://www.lelongtips.com.my:443 "GET /search?keyword=&amp;property_type%5B%5D=1&amp;property_type%5B%5D=4&amp;property_type%5B%5D=5&amp;property_type%5B%5D=3&amp;state=kl_sel&amp;min_price=150000&amp;max_price=1000000&amp;min_size=&amp;max_size=&amp;sort=price-asc&amp;page=78 HTTP/1.1" 200 None</msg>
<msg time="2024-04-23T14:23:21.671275" level="DEBUG">Starting new HTTPS connection (1): www.lelongtips.com.my:443</msg>
<msg time="2024-04-23T14:23:22.969844" level="DEBUG">https://www.lelongtips.com.my:443 "GET /search?keyword=&amp;property_type%5B%5D=1&amp;property_type%5B%5D=4&amp;property_type%5B%5D=5&amp;property_type%5B%5D=3&amp;state=kl_sel&amp;min_price=150000&amp;max_price=1000000&amp;min_size=&amp;max_size=&amp;sort=price-asc&amp;page=79 HTTP/1.1" 200 None</msg>
<msg time="2024-04-23T14:23:26.116818" level="DEBUG">Starting new HTTPS connection (1): www.lelongtips.com.my:443</msg>
<msg time="2024-04-23T14:23:27.299889" level="DEBUG">https://www.lelongtips.com.my:443 "GET /search?keyword=&amp;property_type%5B%5D=1&amp;property_type%5B%5D=4&amp;property_type%5B%5D=5&amp;property_type%5B%5D=3&amp;state=kl_sel&amp;min_price=150000&amp;max_price=1000000&amp;min_size=&amp;max_size=&amp;sort=price-asc&amp;page=80 HTTP/1.1" 200 None</msg>
<msg time="2024-04-23T14:23:30.442776" level="DEBUG">Starting new HTTPS connection (1): www.lelongtips.com.my:443</msg>
<msg time="2024-04-23T14:23:31.806196" level="DEBUG">https://www.lelongtips.com.my:443 "GET /search?keyword=&amp;property_type%5B%5D=1&amp;property_type%5B%5D=4&amp;property_type%5B%5D=5&amp;property_type%5B%5D=3&amp;state=kl_sel&amp;min_price=150000&amp;max_price=1000000&amp;min_size=&amp;max_size=&amp;sort=price-asc&amp;page=81 HTTP/1.1" 200 None</msg>
<msg time="2024-04-23T14:23:35.941261" level="DEBUG">Starting new HTTPS connection (1): www.lelongtips.com.my:443</msg>
<msg time="2024-04-23T14:23:37.314408" level="DEBUG">https://www.lelongtips.com.my:443 "GET /search?keyword=&amp;property_type%5B%5D=1&amp;property_type%5B%5D=4&amp;property_type%5B%5D=5&amp;property_type%5B%5D=3&amp;state=kl_sel&amp;min_price=150000&amp;max_price=1000000&amp;min_size=&amp;max_size=&amp;sort=price-asc&amp;page=82 HTTP/1.1" 200 None</msg>
<msg time="2024-04-23T14:23:41.460547" level="DEBUG">Starting new HTTPS connection (1): www.lelongtips.com.my:443</msg>
<msg time="2024-04-23T14:23:42.866759" level="DEBUG">https://www.lelongtips.com.my:443 "GET /search?keyword=&amp;property_type%5B%5D=1&amp;property_type%5B%5D=4&amp;property_type%5B%5D=5&amp;property_type%5B%5D=3&amp;state=kl_sel&amp;min_price=150000&amp;max_price=1000000&amp;min_size=&amp;max_size=&amp;sort=price-asc&amp;page=83 HTTP/1.1" 200 None</msg>
<msg time="2024-04-23T14:23:45.011997" level="DEBUG">Starting new HTTPS connection (1): www.lelongtips.com.my:443</msg>
<msg time="2024-04-23T14:23:46.717700" level="DEBUG">https://www.lelongtips.com.my:443 "GET /search?keyword=&amp;property_type%5B%5D=1&amp;property_type%5B%5D=4&amp;property_type%5B%5D=5&amp;property_type%5B%5D=3&amp;state=kl_sel&amp;min_price=150000&amp;max_price=1000000&amp;min_size=&amp;max_size=&amp;sort=price-asc&amp;page=84 HTTP/1.1" 200 None</msg>
<msg time="2024-04-23T14:23:50.951635" level="DEBUG">Starting new HTTPS connection (1): www.lelongtips.com.my:443</msg>
<msg time="2024-04-23T14:23:52.564687" level="DEBUG">https://www.lelongtips.com.my:443 "GET /search?keyword=&amp;property_type%5B%5D=1&amp;property_type%5B%5D=4&amp;property_type%5B%5D=5&amp;property_type%5B%5D=3&amp;state=kl_sel&amp;min_price=150000&amp;max_price=1000000&amp;min_size=&amp;max_size=&amp;sort=price-asc&amp;page=85 HTTP/1.1" 200 None</msg>
<msg time="2024-04-23T14:23:56.714964" level="DEBUG">Starting new HTTPS connection (1): www.lelongtips.com.my:443</msg>
<msg time="2024-04-23T14:23:58.319941" level="DEBUG">https://www.lelongtips.com.my:443 "GET /search?keyword=&amp;property_type%5B%5D=1&amp;property_type%5B%5D=4&amp;property_type%5B%5D=5&amp;property_type%5B%5D=3&amp;state=kl_sel&amp;min_price=150000&amp;max_price=1000000&amp;min_size=&amp;max_size=&amp;sort=price-asc&amp;page=86 HTTP/1.1" 200 None</msg>
<msg time="2024-04-23T14:24:01.494331" level="DEBUG">Starting new HTTPS connection (1): www.lelongtips.com.my:443</msg>
<msg time="2024-04-23T14:24:03.437723" level="DEBUG">https://www.lelongtips.com.my:443 "GET /search?keyword=&amp;property_type%5B%5D=1&amp;property_type%5B%5D=4&amp;property_type%5B%5D=5&amp;property_type%5B%5D=3&amp;state=kl_sel&amp;min_price=150000&amp;max_price=1000000&amp;min_size=&amp;max_size=&amp;sort=price-asc&amp;page=87 HTTP/1.1" 200 None</msg>
<msg time="2024-04-23T14:24:05.584088" level="DEBUG">Starting new HTTPS connection (1): www.lelongtips.com.my:443</msg>
<msg time="2024-04-23T14:24:06.948311" level="DEBUG">https://www.lelongtips.com.my:443 "GET /search?keyword=&amp;property_type%5B%5D=1&amp;property_type%5B%5D=4&amp;property_type%5B%5D=5&amp;property_type%5B%5D=3&amp;state=kl_sel&amp;min_price=150000&amp;max_price=1000000&amp;min_size=&amp;max_size=&amp;sort=price-asc&amp;page=88 HTTP/1.1" 200 None</msg>
<msg time="2024-04-23T14:24:09.130211" level="DEBUG">Starting new HTTPS connection (1): www.lelongtips.com.my:443</msg>
<msg time="2024-04-23T14:24:10.471959" level="DEBUG">https://www.lelongtips.com.my:443 "GET /search?keyword=&amp;property_type%5B%5D=1&amp;property_type%5B%5D=4&amp;property_type%5B%5D=5&amp;property_type%5B%5D=3&amp;state=kl_sel&amp;min_price=150000&amp;max_price=1000000&amp;min_size=&amp;max_size=&amp;sort=price-asc&amp;page=89 HTTP/1.1" 200 None</msg>
<msg time="2024-04-23T14:24:12.620473" level="DEBUG">Starting new HTTPS connection (1): www.lelongtips.com.my:443</msg>
<msg time="2024-04-23T14:24:17.026233" level="DEBUG">https://www.lelongtips.com.my:443 "GET /search?keyword=&amp;property_type%5B%5D=1&amp;property_type%5B%5D=4&amp;property_type%5B%5D=5&amp;property_type%5B%5D=3&amp;state=kl_sel&amp;min_price=150000&amp;max_price=1000000&amp;min_size=&amp;max_size=&amp;sort=price-asc&amp;page=90 HTTP/1.1" 200 None</msg>
<msg time="2024-04-23T14:24:21.236562" level="DEBUG">Starting new HTTPS connection (1): www.lelongtips.com.my:443</msg>
<msg time="2024-04-23T14:24:22.996490" level="DEBUG">https://www.lelongtips.com.my:443 "GET /search?keyword=&amp;property_type%5B%5D=1&amp;property_type%5B%5D=4&amp;property_type%5B%5D=5&amp;property_type%5B%5D=3&amp;state=kl_sel&amp;min_price=150000&amp;max_price=1000000&amp;min_size=&amp;max_size=&amp;sort=price-asc&amp;page=91 HTTP/1.1" 200 None</msg>
<msg time="2024-04-23T14:24:27.154676" level="DEBUG">Starting new HTTPS connection (1): www.lelongtips.com.my:443</msg>
<msg time="2024-04-23T14:24:28.654767" level="DEBUG">https://www.lelongtips.com.my:443 "GET /search?keyword=&amp;property_type%5B%5D=1&amp;property_type%5B%5D=4&amp;property_type%5B%5D=5&amp;property_type%5B%5D=3&amp;state=kl_sel&amp;min_price=150000&amp;max_price=1000000&amp;min_size=&amp;max_size=&amp;sort=price-asc&amp;page=92 HTTP/1.1" 200 None</msg>
<msg time="2024-04-23T14:24:31.907022" level="DEBUG">Starting new HTTPS connection (1): www.lelongtips.com.my:443</msg>
<msg time="2024-04-23T14:24:33.814544" level="DEBUG">https://www.lelongtips.com.my:443 "GET /search?keyword=&amp;property_type%5B%5D=1&amp;property_type%5B%5D=4&amp;property_type%5B%5D=5&amp;property_type%5B%5D=3&amp;state=kl_sel&amp;min_price=150000&amp;max_price=1000000&amp;min_size=&amp;max_size=&amp;sort=price-asc&amp;page=93 HTTP/1.1" 200 None</msg>
<msg time="2024-04-23T14:24:36.970924" level="DEBUG">Starting new HTTPS connection (1): www.lelongtips.com.my:443</msg>
<msg time="2024-04-23T14:24:39.075140" level="DEBUG">https://www.lelongtips.com.my:443 "GET /search?keyword=&amp;property_type%5B%5D=1&amp;property_type%5B%5D=4&amp;property_type%5B%5D=5&amp;property_type%5B%5D=3&amp;state=kl_sel&amp;min_price=150000&amp;max_price=1000000&amp;min_size=&amp;max_size=&amp;sort=price-asc&amp;page=94 HTTP/1.1" 200 None</msg>
<msg time="2024-04-23T14:24:41.219512" level="DEBUG">Starting new HTTPS connection (1): www.lelongtips.com.my:443</msg>
<msg time="2024-04-23T14:24:42.484620" level="DEBUG">https://www.lelongtips.com.my:443 "GET /search?keyword=&amp;property_type%5B%5D=1&amp;property_type%5B%5D=4&amp;property_type%5B%5D=5&amp;property_type%5B%5D=3&amp;state=kl_sel&amp;min_price=150000&amp;max_price=1000000&amp;min_size=&amp;max_size=&amp;sort=price-asc&amp;page=95 HTTP/1.1" 200 None</msg>
<msg time="2024-04-23T14:24:44.646155" level="DEBUG">Starting new HTTPS connection (1): www.lelongtips.com.my:443</msg>
<msg time="2024-04-23T14:24:47.220964" level="DEBUG">https://www.lelongtips.com.my:443 "GET /search?keyword=&amp;property_type%5B%5D=1&amp;property_type%5B%5D=4&amp;property_type%5B%5D=5&amp;property_type%5B%5D=3&amp;state=kl_sel&amp;min_price=150000&amp;max_price=1000000&amp;min_size=&amp;max_size=&amp;sort=price-asc&amp;page=96 HTTP/1.1" 200 None</msg>
<msg time="2024-04-23T14:24:50.413552" level="DEBUG">Starting new HTTPS connection (1): www.lelongtips.com.my:443</msg>
<msg time="2024-04-23T14:24:52.219687" level="DEBUG">https://www.lelongtips.com.my:443 "GET /search?keyword=&amp;property_type%5B%5D=1&amp;property_type%5B%5D=4&amp;property_type%5B%5D=5&amp;property_type%5B%5D=3&amp;state=kl_sel&amp;min_price=150000&amp;max_price=1000000&amp;min_size=&amp;max_size=&amp;sort=price-asc&amp;page=97 HTTP/1.1" 200 None</msg>
<msg time="2024-04-23T14:24:55.365798" level="DEBUG">Starting new HTTPS connection (1): www.lelongtips.com.my:443</msg>
<msg time="2024-04-23T14:24:56.543554" level="DEBUG">https://www.lelongtips.com.my:443 "GET /search?keyword=&amp;property_type%5B%5D=1&amp;property_type%5B%5D=4&amp;property_type%5B%5D=5&amp;property_type%5B%5D=3&amp;state=kl_sel&amp;min_price=150000&amp;max_price=1000000&amp;min_size=&amp;max_size=&amp;sort=price-asc&amp;page=98 HTTP/1.1" 200 None</msg>
<msg time="2024-04-23T14:24:58.689940" level="DEBUG">Starting new HTTPS connection (1): www.lelongtips.com.my:443</msg>
<msg time="2024-04-23T14:25:00.152172" level="DEBUG">https://www.lelongtips.com.my:443 "GET /search?keyword=&amp;property_type%5B%5D=1&amp;property_type%5B%5D=4&amp;property_type%5B%5D=5&amp;property_type%5B%5D=3&amp;state=kl_sel&amp;min_price=150000&amp;max_price=1000000&amp;min_size=&amp;max_size=&amp;sort=price-asc&amp;page=99 HTTP/1.1" 200 None</msg>
<msg time="2024-04-23T14:25:03.283329" level="DEBUG">Starting new HTTPS connection (1): www.lelongtips.com.my:443</msg>
<msg time="2024-04-23T14:25:04.572348" level="DEBUG">https://www.lelongtips.com.my:443 "GET /search?keyword=&amp;property_type%5B%5D=1&amp;property_type%5B%5D=4&amp;property_type%5B%5D=5&amp;property_type%5B%5D=3&amp;state=kl_sel&amp;min_price=150000&amp;max_price=1000000&amp;min_size=&amp;max_size=&amp;sort=price-asc&amp;page=100 HTTP/1.1" 200 None</msg>
<msg time="2024-04-23T14:25:08.725792" level="DEBUG">Starting new HTTPS connection (1): www.lelongtips.com.my:443</msg>
<msg time="2024-04-23T14:25:09.994367" level="DEBUG">https://www.lelongtips.com.my:443 "GET /search?keyword=&amp;property_type%5B%5D=1&amp;property_type%5B%5D=4&amp;property_type%5B%5D=5&amp;property_type%5B%5D=3&amp;state=kl_sel&amp;min_price=150000&amp;max_price=1000000&amp;min_size=&amp;max_size=&amp;sort=price-asc&amp;page=101 HTTP/1.1" 200 None</msg>
<msg time="2024-04-23T14:25:12.162201" level="DEBUG">Starting new HTTPS connection (1): www.lelongtips.com.my:443</msg>
<msg time="2024-04-23T14:25:13.749451" level="DEBUG">https://www.lelongtips.com.my:443 "GET /search?keyword=&amp;property_type%5B%5D=1&amp;property_type%5B%5D=4&amp;property_type%5B%5D=5&amp;property_type%5B%5D=3&amp;state=kl_sel&amp;min_price=150000&amp;max_price=1000000&amp;min_size=&amp;max_size=&amp;sort=price-asc&amp;page=102 HTTP/1.1" 200 None</msg>
<msg time="2024-04-23T14:25:15.959185" level="DEBUG">Starting new HTTPS connection (1): www.lelongtips.com.my:443</msg>
<msg time="2024-04-23T14:25:17.518080" level="DEBUG">https://www.lelongtips.com.my:443 "GET /search?keyword=&amp;property_type%5B%5D=1&amp;property_type%5B%5D=4&amp;property_type%5B%5D=5&amp;property_type%5B%5D=3&amp;state=kl_sel&amp;min_price=150000&amp;max_price=1000000&amp;min_size=&amp;max_size=&amp;sort=price-asc&amp;page=103 HTTP/1.1" 200 None</msg>
<msg time="2024-04-23T14:25:20.691987" level="DEBUG">Starting new HTTPS connection (1): www.lelongtips.com.my:443</msg>
<msg time="2024-04-23T14:25:21.830344" level="DEBUG">https://www.lelongtips.com.my:443 "GET /search?keyword=&amp;property_type%5B%5D=1&amp;property_type%5B%5D=4&amp;property_type%5B%5D=5&amp;property_type%5B%5D=3&amp;state=kl_sel&amp;min_price=150000&amp;max_price=1000000&amp;min_size=&amp;max_size=&amp;sort=price-asc&amp;page=104 HTTP/1.1" 200 None</msg>
<msg time="2024-04-23T14:25:25.977040" level="DEBUG">Starting new HTTPS connection (1): www.lelongtips.com.my:443</msg>
<msg time="2024-04-23T14:25:27.785196" level="DEBUG">https://www.lelongtips.com.my:443 "GET /search?keyword=&amp;property_type%5B%5D=1&amp;property_type%5B%5D=4&amp;property_type%5B%5D=5&amp;property_type%5B%5D=3&amp;state=kl_sel&amp;min_price=150000&amp;max_price=1000000&amp;min_size=&amp;max_size=&amp;sort=price-asc&amp;page=105 HTTP/1.1" 200 None</msg>
<msg time="2024-04-23T14:25:29.943253" level="DEBUG">Starting new HTTPS connection (1): www.lelongtips.com.my:443</msg>
<msg time="2024-04-23T14:25:32.706341" level="DEBUG">https://www.lelongtips.com.my:443 "GET /search?keyword=&amp;property_type%5B%5D=1&amp;property_type%5B%5D=4&amp;property_type%5B%5D=5&amp;property_type%5B%5D=3&amp;state=kl_sel&amp;min_price=150000&amp;max_price=1000000&amp;min_size=&amp;max_size=&amp;sort=price-asc&amp;page=106 HTTP/1.1" 200 None</msg>
<msg time="2024-04-23T14:25:36.857761" level="DEBUG">Starting new HTTPS connection (1): www.lelongtips.com.my:443</msg>
<msg time="2024-04-23T14:25:38.614933" level="DEBUG">https://www.lelongtips.com.my:443 "GET /search?keyword=&amp;property_type%5B%5D=1&amp;property_type%5B%5D=4&amp;property_type%5B%5D=5&amp;property_type%5B%5D=3&amp;state=kl_sel&amp;min_price=150000&amp;max_price=1000000&amp;min_size=&amp;max_size=&amp;sort=price-asc&amp;page=107 HTTP/1.1" 200 None</msg>
<msg time="2024-04-23T14:25:40.754819" level="DEBUG">Starting new HTTPS connection (1): www.lelongtips.com.my:443</msg>
<msg time="2024-04-23T14:25:43.403187" level="DEBUG">https://www.lelongtips.com.my:443 "GET /search?keyword=&amp;property_type%5B%5D=1&amp;property_type%5B%5D=4&amp;property_type%5B%5D=5&amp;property_type%5B%5D=3&amp;state=kl_sel&amp;min_price=150000&amp;max_price=1000000&amp;min_size=&amp;max_size=&amp;sort=price-asc&amp;page=108 HTTP/1.1" 200 None</msg>
<msg time="2024-04-23T14:25:45.587279" level="DEBUG">Starting new HTTPS connection (1): www.lelongtips.com.my:443</msg>
<msg time="2024-04-23T14:25:46.762890" level="DEBUG">https://www.lelongtips.com.my:443 "GET /search?keyword=&amp;property_type%5B%5D=1&amp;property_type%5B%5D=4&amp;property_type%5B%5D=5&amp;property_type%5B%5D=3&amp;state=kl_sel&amp;min_price=150000&amp;max_price=1000000&amp;min_size=&amp;max_size=&amp;sort=price-asc&amp;page=109 HTTP/1.1" 200 None</msg>
<msg time="2024-04-23T14:25:48.892880" level="DEBUG">Starting new HTTPS connection (1): www.lelongtips.com.my:443</msg>
<msg time="2024-04-23T14:25:50.160983" level="DEBUG">https://www.lelongtips.com.my:443 "GET /search?keyword=&amp;property_type%5B%5D=1&amp;property_type%5B%5D=4&amp;property_type%5B%5D=5&amp;property_type%5B%5D=3&amp;state=kl_sel&amp;min_price=150000&amp;max_price=1000000&amp;min_size=&amp;max_size=&amp;sort=price-asc&amp;page=110 HTTP/1.1" 200 None</msg>
<msg time="2024-04-23T14:25:53.287085" level="DEBUG">Starting new HTTPS connection (1): www.lelongtips.com.my:443</msg>
<msg time="2024-04-23T14:25:54.546617" level="DEBUG">https://www.lelongtips.com.my:443 "GET /search?keyword=&amp;property_type%5B%5D=1&amp;property_type%5B%5D=4&amp;property_type%5B%5D=5&amp;property_type%5B%5D=3&amp;state=kl_sel&amp;min_price=150000&amp;max_price=1000000&amp;min_size=&amp;max_size=&amp;sort=price-asc&amp;page=111 HTTP/1.1" 200 None</msg>
<msg time="2024-04-23T14:25:57.701504" level="DEBUG">Starting new HTTPS connection (1): www.lelongtips.com.my:443</msg>
<msg time="2024-04-23T14:25:59.226923" level="DEBUG">https://www.lelongtips.com.my:443 "GET /search?keyword=&amp;property_type%5B%5D=1&amp;property_type%5B%5D=4&amp;property_type%5B%5D=5&amp;property_type%5B%5D=3&amp;state=kl_sel&amp;min_price=150000&amp;max_price=1000000&amp;min_size=&amp;max_size=&amp;sort=price-asc&amp;page=112 HTTP/1.1" 200 None</msg>
<msg time="2024-04-23T14:26:02.368477" level="DEBUG">Starting new HTTPS connection (1): www.lelongtips.com.my:443</msg>
<msg time="2024-04-23T14:26:06.093370" level="DEBUG">https://www.lelongtips.com.my:443 "GET /search?keyword=&amp;property_type%5B%5D=1&amp;property_type%5B%5D=4&amp;property_type%5B%5D=5&amp;property_type%5B%5D=3&amp;state=kl_sel&amp;min_price=150000&amp;max_price=1000000&amp;min_size=&amp;max_size=&amp;sort=price-asc&amp;page=113 HTTP/1.1" 200 None</msg>
<msg time="2024-04-23T14:26:08.238327" level="DEBUG">Starting new HTTPS connection (1): www.lelongtips.com.my:443</msg>
<msg time="2024-04-23T14:26:09.949611" level="DEBUG">https://www.lelongtips.com.my:443 "GET /search?keyword=&amp;property_type%5B%5D=1&amp;property_type%5B%5D=4&amp;property_type%5B%5D=5&amp;property_type%5B%5D=3&amp;state=kl_sel&amp;min_price=150000&amp;max_price=1000000&amp;min_size=&amp;max_size=&amp;sort=price-asc&amp;page=114 HTTP/1.1" 200 None</msg>
<msg time="2024-04-23T14:26:12.154188" level="DEBUG">Starting new HTTPS connection (1): www.lelongtips.com.my:443</msg>
<msg time="2024-04-23T14:26:14.387416" level="DEBUG">https://www.lelongtips.com.my:443 "GET /search?keyword=&amp;property_type%5B%5D=1&amp;property_type%5B%5D=4&amp;property_type%5B%5D=5&amp;property_type%5B%5D=3&amp;state=kl_sel&amp;min_price=150000&amp;max_price=1000000&amp;min_size=&amp;max_size=&amp;sort=price-asc&amp;page=115 HTTP/1.1" 200 None</msg>
<msg time="2024-04-23T14:26:17.512508" level="DEBUG">Starting new HTTPS connection (1): www.lelongtips.com.my:443</msg>
<msg time="2024-04-23T14:26:19.368503" level="DEBUG">https://www.lelongtips.com.my:443 "GET /search?keyword=&amp;property_type%5B%5D=1&amp;property_type%5B%5D=4&amp;property_type%5B%5D=5&amp;property_type%5B%5D=3&amp;state=kl_sel&amp;min_price=150000&amp;max_price=1000000&amp;min_size=&amp;max_size=&amp;sort=price-asc&amp;page=116 HTTP/1.1" 200 None</msg>
<msg time="2024-04-23T14:26:22.493990" level="DEBUG">Starting new HTTPS connection (1): www.lelongtips.com.my:443</msg>
<msg time="2024-04-23T14:26:25.002148" level="DEBUG">https://www.lelongtips.com.my:443 "GET /search?keyword=&amp;property_type%5B%5D=1&amp;property_type%5B%5D=4&amp;property_type%5B%5D=5&amp;property_type%5B%5D=3&amp;state=kl_sel&amp;min_price=150000&amp;max_price=1000000&amp;min_size=&amp;max_size=&amp;sort=price-asc&amp;page=117 HTTP/1.1" 200 None</msg>
<msg time="2024-04-23T14:26:28.180716" level="DEBUG">Starting new HTTPS connection (1): www.lelongtips.com.my:443</msg>
<msg time="2024-04-23T14:26:30.707355" level="DEBUG">https://www.lelongtips.com.my:443 "GET /search?keyword=&amp;property_type%5B%5D=1&amp;property_type%5B%5D=4&amp;property_type%5B%5D=5&amp;property_type%5B%5D=3&amp;state=kl_sel&amp;min_price=150000&amp;max_price=1000000&amp;min_size=&amp;max_size=&amp;sort=price-asc&amp;page=118 HTTP/1.1" 200 None</msg>
<msg time="2024-04-23T14:26:34.837813" level="DEBUG">Starting new HTTPS connection (1): www.lelongtips.com.my:443</msg>
<msg time="2024-04-23T14:26:37.052618" level="DEBUG">https://www.lelongtips.com.my:443 "GET /search?keyword=&amp;property_type%5B%5D=1&amp;property_type%5B%5D=4&amp;property_type%5B%5D=5&amp;property_type%5B%5D=3&amp;state=kl_sel&amp;min_price=150000&amp;max_price=1000000&amp;min_size=&amp;max_size=&amp;sort=price-asc&amp;page=119 HTTP/1.1" 200 None</msg>
<msg time="2024-04-23T14:26:39.179506" level="DEBUG">Starting new HTTPS connection (1): www.lelongtips.com.my:443</msg>
<msg time="2024-04-23T14:26:41.351751" level="DEBUG">https://www.lelongtips.com.my:443 "GET /search?keyword=&amp;property_type%5B%5D=1&amp;property_type%5B%5D=4&amp;property_type%5B%5D=5&amp;property_type%5B%5D=3&amp;state=kl_sel&amp;min_price=150000&amp;max_price=1000000&amp;min_size=&amp;max_size=&amp;sort=price-asc&amp;page=120 HTTP/1.1" 200 None</msg>
<msg time="2024-04-23T14:26:44.526977" level="DEBUG">Starting new HTTPS connection (1): www.lelongtips.com.my:443</msg>
<msg time="2024-04-23T14:26:48.026390" level="DEBUG">https://www.lelongtips.com.my:443 "GET /search?keyword=&amp;property_type%5B%5D=1&amp;property_type%5B%5D=4&amp;property_type%5B%5D=5&amp;property_type%5B%5D=3&amp;state=kl_sel&amp;min_price=150000&amp;max_price=1000000&amp;min_size=&amp;max_size=&amp;sort=price-asc&amp;page=121 HTTP/1.1" 200 None</msg>
<msg time="2024-04-23T14:26:51.128544" level="DEBUG">Starting new HTTPS connection (1): www.lelongtips.com.my:443</msg>
<msg time="2024-04-23T14:26:52.807974" level="DEBUG">https://www.lelongtips.com.my:443 "GET /search?keyword=&amp;property_type%5B%5D=1&amp;property_type%5B%5D=4&amp;property_type%5B%5D=5&amp;property_type%5B%5D=3&amp;state=kl_sel&amp;min_price=150000&amp;max_price=1000000&amp;min_size=&amp;max_size=&amp;sort=price-asc&amp;page=122 HTTP/1.1" 200 None</msg>
<msg time="2024-04-23T14:26:55.927685" level="DEBUG">Starting new HTTPS connection (1): www.lelongtips.com.my:443</msg>
<msg time="2024-04-23T14:26:59.223725" level="DEBUG">https://www.lelongtips.com.my:443 "GET /search?keyword=&amp;property_type%5B%5D=1&amp;property_type%5B%5D=4&amp;property_type%5B%5D=5&amp;property_type%5B%5D=3&amp;state=kl_sel&amp;min_price=150000&amp;max_price=1000000&amp;min_size=&amp;max_size=&amp;sort=price-asc&amp;page=123 HTTP/1.1" 200 None</msg>
<msg time="2024-04-23T14:27:01.382054" level="DEBUG">Starting new HTTPS connection (1): www.lelongtips.com.my:443</msg>
<msg time="2024-04-23T14:27:03.505588" level="DEBUG">https://www.lelongtips.com.my:443 "GET /search?keyword=&amp;property_type%5B%5D=1&amp;property_type%5B%5D=4&amp;property_type%5B%5D=5&amp;property_type%5B%5D=3&amp;state=kl_sel&amp;min_price=150000&amp;max_price=1000000&amp;min_size=&amp;max_size=&amp;sort=price-asc&amp;page=124 HTTP/1.1" 200 None</msg>
<msg time="2024-04-23T14:27:05.642126" level="DEBUG">Starting new HTTPS connection (1): www.lelongtips.com.my:443</msg>
<msg time="2024-04-23T14:27:07.578059" level="DEBUG">https://www.lelongtips.com.my:443 "GET /search?keyword=&amp;property_type%5B%5D=1&amp;property_type%5B%5D=4&amp;property_type%5B%5D=5&amp;property_type%5B%5D=3&amp;state=kl_sel&amp;min_price=150000&amp;max_price=1000000&amp;min_size=&amp;max_size=&amp;sort=price-asc&amp;page=125 HTTP/1.1" 200 None</msg>
<msg time="2024-04-23T14:27:09.700383" level="DEBUG">Starting new HTTPS connection (1): www.lelongtips.com.my:443</msg>
<msg time="2024-04-23T14:27:11.228216" level="DEBUG">https://www.lelongtips.com.my:443 "GET /search?keyword=&amp;property_type%5B%5D=1&amp;property_type%5B%5D=4&amp;property_type%5B%5D=5&amp;property_type%5B%5D=3&amp;state=kl_sel&amp;min_price=150000&amp;max_price=1000000&amp;min_size=&amp;max_size=&amp;sort=price-asc&amp;page=126 HTTP/1.1" 200 None</msg>
<msg time="2024-04-23T14:27:15.421573" level="DEBUG">Starting new HTTPS connection (1): www.lelongtips.com.my:443</msg>
<msg time="2024-04-23T14:27:16.765156" level="DEBUG">https://www.lelongtips.com.my:443 "GET /search?keyword=&amp;property_type%5B%5D=1&amp;property_type%5B%5D=4&amp;property_type%5B%5D=5&amp;property_type%5B%5D=3&amp;state=kl_sel&amp;min_price=150000&amp;max_price=1000000&amp;min_size=&amp;max_size=&amp;sort=price-asc&amp;page=127 HTTP/1.1" 200 None</msg>
<msg time="2024-04-23T14:27:19.896592" level="DEBUG">Starting new HTTPS connection (1): www.lelongtips.com.my:443</msg>
<msg time="2024-04-23T14:27:21.637689" level="DEBUG">https://www.lelongtips.com.my:443 "GET /search?keyword=&amp;property_type%5B%5D=1&amp;property_type%5B%5D=4&amp;property_type%5B%5D=5&amp;property_type%5B%5D=3&amp;state=kl_sel&amp;min_price=150000&amp;max_price=1000000&amp;min_size=&amp;max_size=&amp;sort=price-asc&amp;page=128 HTTP/1.1" 200 None</msg>
<msg time="2024-04-23T14:27:24.759089" level="DEBUG">Starting new HTTPS connection (1): www.lelongtips.com.my:443</msg>
<msg time="2024-04-23T14:27:26.102318" level="DEBUG">https://www.lelongtips.com.my:443 "GET /search?keyword=&amp;property_type%5B%5D=1&amp;property_type%5B%5D=4&amp;property_type%5B%5D=5&amp;property_type%5B%5D=3&amp;state=kl_sel&amp;min_price=150000&amp;max_price=1000000&amp;min_size=&amp;max_size=&amp;sort=price-asc&amp;page=129 HTTP/1.1" 200 None</msg>
<msg time="2024-04-23T14:27:28.225993" level="DEBUG">Starting new HTTPS connection (1): www.lelongtips.com.my:443</msg>
<msg time="2024-04-23T14:27:29.571782" level="DEBUG">https://www.lelongtips.com.my:443 "GET /search?keyword=&amp;property_type%5B%5D=1&amp;property_type%5B%5D=4&amp;property_type%5B%5D=5&amp;property_type%5B%5D=3&amp;state=kl_sel&amp;min_price=150000&amp;max_price=1000000&amp;min_size=&amp;max_size=&amp;sort=price-asc&amp;page=130 HTTP/1.1" 200 None</msg>
<msg time="2024-04-23T14:27:31.698051" level="DEBUG">Starting new HTTPS connection (1): www.lelongtips.com.my:443</msg>
<msg time="2024-04-23T14:27:32.962051" level="DEBUG">https://www.lelongtips.com.my:443 "GET /search?keyword=&amp;property_type%5B%5D=1&amp;property_type%5B%5D=4&amp;property_type%5B%5D=5&amp;property_type%5B%5D=3&amp;state=kl_sel&amp;min_price=150000&amp;max_price=1000000&amp;min_size=&amp;max_size=&amp;sort=price-asc&amp;page=131 HTTP/1.1" 200 None</msg>
<msg time="2024-04-23T14:27:36.111441" level="DEBUG">Starting new HTTPS connection (1): www.lelongtips.com.my:443</msg>
<msg time="2024-04-23T14:27:37.888160" level="DEBUG">https://www.lelongtips.com.my:443 "GET /search?keyword=&amp;property_type%5B%5D=1&amp;property_type%5B%5D=4&amp;property_type%5B%5D=5&amp;property_type%5B%5D=3&amp;state=kl_sel&amp;min_price=150000&amp;max_price=1000000&amp;min_size=&amp;max_size=&amp;sort=price-asc&amp;page=132 HTTP/1.1" 200 None</msg>
<msg time="2024-04-23T14:27:40.015979" level="DEBUG">Starting new HTTPS connection (1): www.lelongtips.com.my:443</msg>
<msg time="2024-04-23T14:27:41.431888" level="DEBUG">https://www.lelongtips.com.my:443 "GET /search?keyword=&amp;property_type%5B%5D=1&amp;property_type%5B%5D=4&amp;property_type%5B%5D=5&amp;property_type%5B%5D=3&amp;state=kl_sel&amp;min_price=150000&amp;max_price=1000000&amp;min_size=&amp;max_size=&amp;sort=price-asc&amp;page=133 HTTP/1.1" 200 None</msg>
<msg time="2024-04-23T14:27:44.619182" level="DEBUG">Starting new HTTPS connection (1): www.lelongtips.com.my:443</msg>
<msg time="2024-04-23T14:27:46.274319" level="DEBUG">https://www.lelongtips.com.my:443 "GET /search?keyword=&amp;property_type%5B%5D=1&amp;property_type%5B%5D=4&amp;property_type%5B%5D=5&amp;property_type%5B%5D=3&amp;state=kl_sel&amp;min_price=150000&amp;max_price=1000000&amp;min_size=&amp;max_size=&amp;sort=price-asc&amp;page=134 HTTP/1.1" 200 None</msg>
<msg time="2024-04-23T14:27:48.388796" level="DEBUG">Starting new HTTPS connection (1): www.lelongtips.com.my:443</msg>
<msg time="2024-04-23T14:27:50.211614" level="DEBUG">https://www.lelongtips.com.my:443 "GET /search?keyword=&amp;property_type%5B%5D=1&amp;property_type%5B%5D=4&amp;property_type%5B%5D=5&amp;property_type%5B%5D=3&amp;state=kl_sel&amp;min_price=150000&amp;max_price=1000000&amp;min_size=&amp;max_size=&amp;sort=price-asc&amp;page=135 HTTP/1.1" 200 None</msg>
<msg time="2024-04-23T14:27:54.339084" level="DEBUG">Starting new HTTPS connection (1): www.lelongtips.com.my:443</msg>
<msg time="2024-04-23T14:27:55.946832" level="DEBUG">https://www.lelongtips.com.my:443 "GET /search?keyword=&amp;property_type%5B%5D=1&amp;property_type%5B%5D=4&amp;property_type%5B%5D=5&amp;property_type%5B%5D=3&amp;state=kl_sel&amp;min_price=150000&amp;max_price=1000000&amp;min_size=&amp;max_size=&amp;sort=price-asc&amp;page=136 HTTP/1.1" 200 None</msg>
<msg time="2024-04-23T14:28:00.082595" level="DEBUG">Starting new HTTPS connection (1): www.lelongtips.com.my:443</msg>
<msg time="2024-04-23T14:28:01.408814" level="DEBUG">https://www.lelongtips.com.my:443 "GET /search?keyword=&amp;property_type%5B%5D=1&amp;property_type%5B%5D=4&amp;property_type%5B%5D=5&amp;property_type%5B%5D=3&amp;state=kl_sel&amp;min_price=150000&amp;max_price=1000000&amp;min_size=&amp;max_size=&amp;sort=price-asc&amp;page=137 HTTP/1.1" 200 None</msg>
<msg time="2024-04-23T14:28:04.537739" level="DEBUG">Starting new HTTPS connection (1): www.lelongtips.com.my:443</msg>
<msg time="2024-04-23T14:28:06.310342" level="DEBUG">https://www.lelongtips.com.my:443 "GET /search?keyword=&amp;property_type%5B%5D=1&amp;property_type%5B%5D=4&amp;property_type%5B%5D=5&amp;property_type%5B%5D=3&amp;state=kl_sel&amp;min_price=150000&amp;max_price=1000000&amp;min_size=&amp;max_size=&amp;sort=price-asc&amp;page=138 HTTP/1.1" 200 None</msg>
<msg time="2024-04-23T14:28:08.437433" level="DEBUG">Starting new HTTPS connection (1): www.lelongtips.com.my:443</msg>
<msg time="2024-04-23T14:28:11.182915" level="DEBUG">https://www.lelongtips.com.my:443 "GET /search?keyword=&amp;property_type%5B%5D=1&amp;property_type%5B%5D=4&amp;property_type%5B%5D=5&amp;property_type%5B%5D=3&amp;state=kl_sel&amp;min_price=150000&amp;max_price=1000000&amp;min_size=&amp;max_size=&amp;sort=price-asc&amp;page=139 HTTP/1.1" 200 None</msg>
<msg time="2024-04-23T14:28:14.376354" level="DEBUG">Starting new HTTPS connection (1): www.lelongtips.com.my:443</msg>
<msg time="2024-04-23T14:28:15.615176" level="DEBUG">https://www.lelongtips.com.my:443 "GET /search?keyword=&amp;property_type%5B%5D=1&amp;property_type%5B%5D=4&amp;property_type%5B%5D=5&amp;property_type%5B%5D=3&amp;state=kl_sel&amp;min_price=150000&amp;max_price=1000000&amp;min_size=&amp;max_size=&amp;sort=price-asc&amp;page=140 HTTP/1.1" 200 None</msg>
<msg time="2024-04-23T14:28:18.749341" level="DEBUG">Starting new HTTPS connection (1): www.lelongtips.com.my:443</msg>
<msg time="2024-04-23T14:28:20.254319" level="DEBUG">https://www.lelongtips.com.my:443 "GET /search?keyword=&amp;property_type%5B%5D=1&amp;property_type%5B%5D=4&amp;property_type%5B%5D=5&amp;property_type%5B%5D=3&amp;state=kl_sel&amp;min_price=150000&amp;max_price=1000000&amp;min_size=&amp;max_size=&amp;sort=price-asc&amp;page=141 HTTP/1.1" 200 None</msg>
<msg time="2024-04-23T14:28:24.448357" level="DEBUG">Starting new HTTPS connection (1): www.lelongtips.com.my:443</msg>
<msg time="2024-04-23T14:28:26.869377" level="DEBUG">https://www.lelongtips.com.my:443 "GET /search?keyword=&amp;property_type%5B%5D=1&amp;property_type%5B%5D=4&amp;property_type%5B%5D=5&amp;property_type%5B%5D=3&amp;state=kl_sel&amp;min_price=150000&amp;max_price=1000000&amp;min_size=&amp;max_size=&amp;sort=price-asc&amp;page=142 HTTP/1.1" 200 None</msg>
<msg time="2024-04-23T14:28:29.992967" level="DEBUG">Starting new HTTPS connection (1): www.lelongtips.com.my:443</msg>
<msg time="2024-04-23T14:28:31.983213" level="DEBUG">https://www.lelongtips.com.my:443 "GET /search?keyword=&amp;property_type%5B%5D=1&amp;property_type%5B%5D=4&amp;property_type%5B%5D=5&amp;property_type%5B%5D=3&amp;state=kl_sel&amp;min_price=150000&amp;max_price=1000000&amp;min_size=&amp;max_size=&amp;sort=price-asc&amp;page=143 HTTP/1.1" 200 None</msg>
<msg time="2024-04-23T14:28:36.125748" level="DEBUG">Starting new HTTPS connection (1): www.lelongtips.com.my:443</msg>
<msg time="2024-04-23T14:28:38.225615" level="DEBUG">https://www.lelongtips.com.my:443 "GET /search?keyword=&amp;property_type%5B%5D=1&amp;property_type%5B%5D=4&amp;property_type%5B%5D=5&amp;property_type%5B%5D=3&amp;state=kl_sel&amp;min_price=150000&amp;max_price=1000000&amp;min_size=&amp;max_size=&amp;sort=price-asc&amp;page=144 HTTP/1.1" 200 None</msg>
<msg time="2024-04-23T14:28:42.349196" level="DEBUG">Starting new HTTPS connection (1): www.lelongtips.com.my:443</msg>
<msg time="2024-04-23T14:28:43.823246" level="DEBUG">https://www.lelongtips.com.my:443 "GET /search?keyword=&amp;property_type%5B%5D=1&amp;property_type%5B%5D=4&amp;property_type%5B%5D=5&amp;property_type%5B%5D=3&amp;state=kl_sel&amp;min_price=150000&amp;max_price=1000000&amp;min_size=&amp;max_size=&amp;sort=price-asc&amp;page=145 HTTP/1.1" 200 None</msg>
<msg time="2024-04-23T14:28:47.035332" level="DEBUG">Starting new HTTPS connection (1): www.lelongtips.com.my:443</msg>
<msg time="2024-04-23T14:28:48.475085" level="DEBUG">https://www.lelongtips.com.my:443 "GET /search?keyword=&amp;property_type%5B%5D=1&amp;property_type%5B%5D=4&amp;property_type%5B%5D=5&amp;property_type%5B%5D=3&amp;state=kl_sel&amp;min_price=150000&amp;max_price=1000000&amp;min_size=&amp;max_size=&amp;sort=price-asc&amp;page=146 HTTP/1.1" 200 None</msg>
<msg time="2024-04-23T14:28:52.609648" level="DEBUG">Starting new HTTPS connection (1): www.lelongtips.com.my:443</msg>
<msg time="2024-04-23T14:28:53.869008" level="DEBUG">https://www.lelongtips.com.my:443 "GET /search?keyword=&amp;property_type%5B%5D=1&amp;property_type%5B%5D=4&amp;property_type%5B%5D=5&amp;property_type%5B%5D=3&amp;state=kl_sel&amp;min_price=150000&amp;max_price=1000000&amp;min_size=&amp;max_size=&amp;sort=price-asc&amp;page=147 HTTP/1.1" 200 None</msg>
<msg time="2024-04-23T14:28:57.994054" level="DEBUG">Starting new HTTPS connection (1): www.lelongtips.com.my:443</msg>
<msg time="2024-04-23T14:28:59.170452" level="DEBUG">https://www.lelongtips.com.my:443 "GET /search?keyword=&amp;property_type%5B%5D=1&amp;property_type%5B%5D=4&amp;property_type%5B%5D=5&amp;property_type%5B%5D=3&amp;state=kl_sel&amp;min_price=150000&amp;max_price=1000000&amp;min_size=&amp;max_size=&amp;sort=price-asc&amp;page=148 HTTP/1.1" 200 None</msg>
<msg time="2024-04-23T14:29:02.300705" level="DEBUG">Starting new HTTPS connection (1): www.lelongtips.com.my:443</msg>
<msg time="2024-04-23T14:29:03.798380" level="DEBUG">https://www.lelongtips.com.my:443 "GET /search?keyword=&amp;property_type%5B%5D=1&amp;property_type%5B%5D=4&amp;property_type%5B%5D=5&amp;property_type%5B%5D=3&amp;state=kl_sel&amp;min_price=150000&amp;max_price=1000000&amp;min_size=&amp;max_size=&amp;sort=price-asc&amp;page=149 HTTP/1.1" 200 None</msg>
<msg time="2024-04-23T14:29:05.914513" level="DEBUG">Starting new HTTPS connection (1): www.lelongtips.com.my:443</msg>
<msg time="2024-04-23T14:29:07.221821" level="DEBUG">https://www.lelongtips.com.my:443 "GET /search?keyword=&amp;property_type%5B%5D=1&amp;property_type%5B%5D=4&amp;property_type%5B%5D=5&amp;property_type%5B%5D=3&amp;state=kl_sel&amp;min_price=150000&amp;max_price=1000000&amp;min_size=&amp;max_size=&amp;sort=price-asc&amp;page=150 HTTP/1.1" 200 None</msg>
<msg time="2024-04-23T14:29:09.345626" level="DEBUG">Starting new HTTPS connection (1): www.lelongtips.com.my:443</msg>
<msg time="2024-04-23T14:29:11.359887" level="DEBUG">https://www.lelongtips.com.my:443 "GET /search?keyword=&amp;property_type%5B%5D=1&amp;property_type%5B%5D=4&amp;property_type%5B%5D=5&amp;property_type%5B%5D=3&amp;state=kl_sel&amp;min_price=150000&amp;max_price=1000000&amp;min_size=&amp;max_size=&amp;sort=price-asc&amp;page=151 HTTP/1.1" 200 None</msg>
<msg time="2024-04-23T14:29:13.591804" level="DEBUG">Starting new HTTPS connection (1): www.lelongtips.com.my:443</msg>
<msg time="2024-04-23T14:29:14.904876" level="DEBUG">https://www.lelongtips.com.my:443 "GET /search?keyword=&amp;property_type%5B%5D=1&amp;property_type%5B%5D=4&amp;property_type%5B%5D=5&amp;property_type%5B%5D=3&amp;state=kl_sel&amp;min_price=150000&amp;max_price=1000000&amp;min_size=&amp;max_size=&amp;sort=price-asc&amp;page=152 HTTP/1.1" 200 None</msg>
<msg time="2024-04-23T14:29:18.065131" level="DEBUG">Starting new HTTPS connection (1): www.lelongtips.com.my:443</msg>
<msg time="2024-04-23T14:29:19.786440" level="DEBUG">https://www.lelongtips.com.my:443 "GET /search?keyword=&amp;property_type%5B%5D=1&amp;property_type%5B%5D=4&amp;property_type%5B%5D=5&amp;property_type%5B%5D=3&amp;state=kl_sel&amp;min_price=150000&amp;max_price=1000000&amp;min_size=&amp;max_size=&amp;sort=price-asc&amp;page=153 HTTP/1.1" 200 None</msg>
<msg time="2024-04-23T14:29:23.907537" level="DEBUG">Starting new HTTPS connection (1): www.lelongtips.com.my:443</msg>
<msg time="2024-04-23T14:29:25.333799" level="DEBUG">https://www.lelongtips.com.my:443 "GET /search?keyword=&amp;property_type%5B%5D=1&amp;property_type%5B%5D=4&amp;property_type%5B%5D=5&amp;property_type%5B%5D=3&amp;state=kl_sel&amp;min_price=150000&amp;max_price=1000000&amp;min_size=&amp;max_size=&amp;sort=price-asc&amp;page=154 HTTP/1.1" 200 None</msg>
<msg time="2024-04-23T14:29:27.461601" level="DEBUG">Starting new HTTPS connection (1): www.lelongtips.com.my:443</msg>
<msg time="2024-04-23T14:29:28.737000" level="DEBUG">https://www.lelongtips.com.my:443 "GET /search?keyword=&amp;property_type%5B%5D=1&amp;property_type%5B%5D=4&amp;property_type%5B%5D=5&amp;property_type%5B%5D=3&amp;state=kl_sel&amp;min_price=150000&amp;max_price=1000000&amp;min_size=&amp;max_size=&amp;sort=price-asc&amp;page=155 HTTP/1.1" 200 None</msg>
<msg time="2024-04-23T14:29:32.878516" level="DEBUG">Starting new HTTPS connection (1): www.lelongtips.com.my:443</msg>
<msg time="2024-04-23T14:29:34.158952" level="DEBUG">https://www.lelongtips.com.my:443 "GET /search?keyword=&amp;property_type%5B%5D=1&amp;property_type%5B%5D=4&amp;property_type%5B%5D=5&amp;property_type%5B%5D=3&amp;state=kl_sel&amp;min_price=150000&amp;max_price=1000000&amp;min_size=&amp;max_size=&amp;sort=price-asc&amp;page=156 HTTP/1.1" 200 None</msg>
<msg time="2024-04-23T14:29:36.332547" level="DEBUG">Starting new HTTPS connection (1): www.lelongtips.com.my:443</msg>
<msg time="2024-04-23T14:29:37.778229" level="DEBUG">https://www.lelongtips.com.my:443 "GET /search?keyword=&amp;property_type%5B%5D=1&amp;property_type%5B%5D=4&amp;property_type%5B%5D=5&amp;property_type%5B%5D=3&amp;state=kl_sel&amp;min_price=150000&amp;max_price=1000000&amp;min_size=&amp;max_size=&amp;sort=price-asc&amp;page=157 HTTP/1.1" 200 None</msg>
<msg time="2024-04-23T14:29:41.914587" level="DEBUG">Starting new HTTPS connection (1): www.lelongtips.com.my:443</msg>
<msg time="2024-04-23T14:29:43.225072" level="DEBUG">https://www.lelongtips.com.my:443 "GET /search?keyword=&amp;property_type%5B%5D=1&amp;property_type%5B%5D=4&amp;property_type%5B%5D=5&amp;property_type%5B%5D=3&amp;state=kl_sel&amp;min_price=150000&amp;max_price=1000000&amp;min_size=&amp;max_size=&amp;sort=price-asc&amp;page=158 HTTP/1.1" 200 None</msg>
<msg time="2024-04-23T14:29:45.424582" level="DEBUG">Starting new HTTPS connection (1): www.lelongtips.com.my:443</msg>
<msg time="2024-04-23T14:29:46.752390" level="DEBUG">https://www.lelongtips.com.my:443 "GET /search?keyword=&amp;property_type%5B%5D=1&amp;property_type%5B%5D=4&amp;property_type%5B%5D=5&amp;property_type%5B%5D=3&amp;state=kl_sel&amp;min_price=150000&amp;max_price=1000000&amp;min_size=&amp;max_size=&amp;sort=price-asc&amp;page=159 HTTP/1.1" 200 None</msg>
<msg time="2024-04-23T14:29:49.890144" level="DEBUG">Starting new HTTPS connection (1): www.lelongtips.com.my:443</msg>
<msg time="2024-04-23T14:29:51.158779" level="DEBUG">https://www.lelongtips.com.my:443 "GET /search?keyword=&amp;property_type%5B%5D=1&amp;property_type%5B%5D=4&amp;property_type%5B%5D=5&amp;property_type%5B%5D=3&amp;state=kl_sel&amp;min_price=150000&amp;max_price=1000000&amp;min_size=&amp;max_size=&amp;sort=price-asc&amp;page=160 HTTP/1.1" 200 None</msg>
<msg time="2024-04-23T14:29:53.283566" level="DEBUG">Starting new HTTPS connection (1): www.lelongtips.com.my:443</msg>
<msg time="2024-04-23T14:29:55.127446" level="DEBUG">https://www.lelongtips.com.my:443 "GET /search?keyword=&amp;property_type%5B%5D=1&amp;property_type%5B%5D=4&amp;property_type%5B%5D=5&amp;property_type%5B%5D=3&amp;state=kl_sel&amp;min_price=150000&amp;max_price=1000000&amp;min_size=&amp;max_size=&amp;sort=price-asc&amp;page=161 HTTP/1.1" 200 None</msg>
<msg time="2024-04-23T14:29:58.247921" level="DEBUG">Starting new HTTPS connection (1): www.lelongtips.com.my:443</msg>
<msg time="2024-04-23T14:30:00.431178" level="DEBUG">https://www.lelongtips.com.my:443 "GET /search?keyword=&amp;property_type%5B%5D=1&amp;property_type%5B%5D=4&amp;property_type%5B%5D=5&amp;property_type%5B%5D=3&amp;state=kl_sel&amp;min_price=150000&amp;max_price=1000000&amp;min_size=&amp;max_size=&amp;sort=price-asc&amp;page=162 HTTP/1.1" 200 None</msg>
<msg time="2024-04-23T14:30:04.559290" level="DEBUG">Starting new HTTPS connection (1): www.lelongtips.com.my:443</msg>
<msg time="2024-04-23T14:30:06.093542" level="DEBUG">https://www.lelongtips.com.my:443 "GET /search?keyword=&amp;property_type%5B%5D=1&amp;property_type%5B%5D=4&amp;property_type%5B%5D=5&amp;property_type%5B%5D=3&amp;state=kl_sel&amp;min_price=150000&amp;max_price=1000000&amp;min_size=&amp;max_size=&amp;sort=price-asc&amp;page=163 HTTP/1.1" 200 None</msg>
<msg time="2024-04-23T14:30:10.222867" level="DEBUG">Starting new HTTPS connection (1): www.lelongtips.com.my:443</msg>
<msg time="2024-04-23T14:30:11.511923" level="DEBUG">https://www.lelongtips.com.my:443 "GET /search?keyword=&amp;property_type%5B%5D=1&amp;property_type%5B%5D=4&amp;property_type%5B%5D=5&amp;property_type%5B%5D=3&amp;state=kl_sel&amp;min_price=150000&amp;max_price=1000000&amp;min_size=&amp;max_size=&amp;sort=price-asc&amp;page=164 HTTP/1.1" 200 None</msg>
<msg time="2024-04-23T14:30:15.704773" level="DEBUG">Starting new HTTPS connection (1): www.lelongtips.com.my:443</msg>
<msg time="2024-04-23T14:30:17.116665" level="DEBUG">https://www.lelongtips.com.my:443 "GET /search?keyword=&amp;property_type%5B%5D=1&amp;property_type%5B%5D=4&amp;property_type%5B%5D=5&amp;property_type%5B%5D=3&amp;state=kl_sel&amp;min_price=150000&amp;max_price=1000000&amp;min_size=&amp;max_size=&amp;sort=price-asc&amp;page=165 HTTP/1.1" 200 None</msg>
<msg time="2024-04-23T14:30:20.242318" level="DEBUG">Starting new HTTPS connection (1): www.lelongtips.com.my:443</msg>
[...]
<msg time="2024-04-23T14:43:14.011584" level="DEBUG">Converted retries value: 2 -&gt; Retry(total=2, connect=None, read=None, redirect=None, status=None)</msg>
<msg time="2024-04-23T14:43:14.011584" level="DEBUG">Converted retries value: 2 -&gt; Retry(total=2, connect=None, read=None, redirect=None, status=None)</msg>
<msg time="2024-04-23T14:43:14.013203" level="DEBUG">Starting new HTTPS connection (1): www.lelongtips.com.my:443</msg>
<msg time="2024-04-23T14:43:15.109436" level="DEBUG">https://www.lelongtips.com.my:443 "GET /property/VERIU1VtdFJ5bUVLakY2QkNBTHFJUT09/Lelong-Auction-2-Storey-Terrace-House-Intermediate-Low-Cost-5-min-to-Econsave-Jenjarom-7-min-to-Lotus-s-Jenjarom-in-Taman-Seri-Jarum-Selangor-for-RM225000 HTTP/1.1" 200 None</msg>
<msg time="2024-04-23T14:43:15.180572" level="DEBUG">Converted retries value: 2 -&gt; Retry(total=2, connect=None, read=None, redirect=None, status=None)</msg>
<msg time="2024-04-23T14:43:15.180572" level="DEBUG">Converted retries value: 2 -&gt; Retry(total=2, connect=None, read=None, redirect=None, status=None)</msg>
<msg time="2024-04-23T14:43:15.204669" level="DEBUG">Converted retries value: 2 -&gt; Retry(total=2, connect=None, read=None, redirect=None, status=None)</msg>
<msg time="2024-04-23T14:43:15.204669" level="DEBUG">Converted retries value: 2 -&gt; Retry(total=2, connect=None, read=None, redirect=None, status=None)</msg>
<msg time="2024-04-23T14:43:15.223053" level="DEBUG">Converted retries value: 2 -&gt; Retry(total=2, connect=None, read=None, redirect=None, status=None)</msg>
<msg time="2024-04-23T14:43:15.223705" level="DEBUG">Converted retries value: 2 -&gt; Retry(total=2, connect=None, read=None, redirect=None, status=None)</msg>
<msg time="2024-04-23T14:43:15.234975" level="DEBUG">Converted retries value: 2 -&gt; Retry(total=2, connect=None, read=None, redirect=None, status=None)</msg>
<msg time="2024-04-23T14:43:15.240119" level="DEBUG">Converted retries value: 2 -&gt; Retry(total=2, connect=None, read=None, redirect=None, status=None)</msg>
<msg time="2024-04-23T14:43:15.257652" level="DEBUG">Converted retries value: 2 -&gt; Retry(total=2, connect=None, read=None, redirect=None, status=None)</msg>
<msg time="2024-04-23T14:43:15.257652" level="DEBUG">Converted retries value: 2 -&gt; Retry(total=2, connect=None, read=None, redirect=None, status=None)</msg>
<msg time="2024-04-23T14:43:15.281060" level="DEBUG">Converted retries value: 2 -&gt; Retry(total=2, connect=None, read=None, redirect=None, status=None)</msg>
<msg time="2024-04-23T14:43:15.281060" level="DEBUG">Converted retries value: 2 -&gt; Retry(total=2, connect=None, read=None, redirect=None, status=None)</msg>
<msg time="2024-04-23T14:43:15.300379" level="DEBUG">Converted retries value: 2 -&gt; Retry(total=2, connect=None, read=None, redirect=None, status=None)</msg>
<msg time="2024-04-23T14:43:15.300379" level="DEBUG">Converted retries value: 2 -&gt; Retry(total=2, connect=None, read=None, redirect=None, status=None)</msg>
<msg time="2024-04-23T14:43:15.315256" level="DEBUG">Converted retries value: 2 -&gt; Retry(total=2, connect=None, read=None, redirect=None, status=None)</msg>
<msg time="2024-04-23T14:43:15.320366" level="DEBUG">Converted retries value: 2 -&gt; Retry(total=2, connect=None, read=None, redirect=None, status=None)</msg>
<msg time="2024-04-23T14:43:15.321480" level="DEBUG">Starting new HTTPS connection (1): www.lelongtips.com.my:443</msg>
<msg time="2024-04-23T14:43:16.359545" level="DEBUG">https://www.lelongtips.com.my:443 "GET /property/dlFYbGV3US9pSW1mMzFhUlg0RnYvdz09/Lelong-Auction-2-Storey-Terrace-House-in-Bandar-Baru-Bangi-Selangor-for-RM230000 HTTP/1.1" 200 None</msg>
<msg time="2024-04-23T14:43:16.422996" level="DEBUG">Converted retries value: 2 -&gt; Retry(total=2, connect=None, read=None, redirect=None, status=None)</msg>
<msg time="2024-04-23T14:43:16.422996" level="DEBUG">Converted retries value: 2 -&gt; Retry(total=2, connect=None, read=None, redirect=None, status=None)</msg>
<msg time="2024-04-23T14:43:16.439114" level="DEBUG">Converted retries value: 2 -&gt; Retry(total=2, connect=None, read=None, redirect=None, status=None)</msg>
<msg time="2024-04-23T14:43:16.439114" level="DEBUG">Converted retries value: 2 -&gt; Retry(total=2, connect=None, read=None, redirect=None, status=None)</msg>
<msg time="2024-04-23T14:43:16.455243" level="DEBUG">Converted retries value: 2 -&gt; Retry(total=2, connect=None, read=None, redirect=None, status=None)</msg>
<msg time="2024-04-23T14:43:16.455243" level="DEBUG">Converted retries value: 2 -&gt; Retry(total=2, connect=None, read=None, redirect=None, status=None)</msg>
<msg time="2024-04-23T14:43:16.471061" level="DEBUG">Converted retries value: 2 -&gt; Retry(total=2, connect=None, read=None, redirect=None, status=None)</msg>
<msg time="2024-04-23T14:43:16.471061" level="DEBUG">Converted retries value: 2 -&gt; Retry(total=2, connect=None, read=None, redirect=None, status=None)</msg>
<msg time="2024-04-23T14:43:16.487560" level="DEBUG">Converted retries value: 2 -&gt; Retry(total=2, connect=None, read=None, redirect=None, status=None)</msg>
<msg time="2024-04-23T14:43:16.487560" level="DEBUG">Converted retries value: 2 -&gt; Retry(total=2, connect=None, read=None, redirect=None, status=None)</msg>
<msg time="2024-04-23T14:43:16.503158" level="DEBUG">Converted retries value: 2 -&gt; Retry(total=2, connect=None, read=None, redirect=None, status=None)</msg>
<msg time="2024-04-23T14:43:16.503158" level="DEBUG">Converted retries value: 2 -&gt; Retry(total=2, connect=None, read=None, redirect=None, status=None)</msg>
<msg time="2024-04-23T14:43:16.518809" level="DEBUG">Converted retries value: 2 -&gt; Retry(total=2, connect=None, read=None, redirect=None, status=None)</msg>
<msg time="2024-04-23T14:43:16.518809" level="DEBUG">Converted retries value: 2 -&gt; Retry(total=2, connect=None, read=None, redirect=None, status=None)</msg>
<msg time="2024-04-23T14:43:16.538827" level="DEBUG">Converted retries value: 2 -&gt; Retry(total=2, connect=None, read=None, redirect=None, status=None)</msg>
<msg time="2024-04-23T14:43:16.538827" level="DEBUG">Converted retries value: 2 -&gt; Retry(total=2, connect=None, read=None, redirect=None, status=None)</msg>
<msg time="2024-04-23T14:43:16.550753" level="DEBUG">Converted retries value: 2 -&gt; Retry(total=2, connect=None, read=None, redirect=None, status=None)</msg>
<msg time="2024-04-23T14:43:16.550753" level="DEBUG">Converted retries value: 2 -&gt; Retry(total=2, connect=None, read=None, redirect=None, status=None)</msg>
<msg time="2024-04-23T14:43:16.574144" level="DEBUG">Converted retries value: 2 -&gt; Retry(total=2, connect=None, read=None, redirect=None, status=None)</msg>
<msg time="2024-04-23T14:43:16.574144" level="DEBUG">Converted retries value: 2 -&gt; Retry(total=2, connect=None, read=None, redirect=None, status=None)</msg>
<msg time="2024-04-23T14:43:16.589817" level="DEBUG">Converted retries value: 2 -&gt; Retry(total=2, connect=None, read=None, redirect=None, status=None)</msg>
<msg time="2024-04-23T14:43:16.589817" level="DEBUG">Converted retries value: 2 -&gt; Retry(total=2, connect=None, read=None, redirect=None, status=None)</msg>
<msg time="2024-04-23T14:43:16.604267" level="DEBUG">Converted retries value: 2 -&gt; Retry(total=2, connect=None, read=None, redirect=None, status=None)</msg>
<msg time="2024-04-23T14:43:16.604267" level="DEBUG">Converted retries value: 2 -&gt; Retry(total=2, connect=None, read=None, redirect=None, status=None)</msg>
<msg time="2024-04-23T14:43:16.625594" level="DEBUG">Converted retries value: 2 -&gt; Retry(total=2, connect=None, read=None, redirect=None, status=None)</msg>
<msg time="2024-04-23T14:43:16.625594" level="DEBUG">Converted retries value: 2 -&gt; Retry(total=2, connect=None, read=None, redirect=None, status=None)</msg>
<msg time="2024-04-23T14:43:16.644696" level="DEBUG">Converted retries value: 2 -&gt; Retry(total=2, connect=None, read=None, redirect=None, status=None)</msg>
<msg time="2024-04-23T14:43:16.644696" level="DEBUG">Converted retries value: 2 -&gt; Retry(total=2, connect=None, read=None, redirect=None, status=None)</msg>
<msg time="2024-04-23T14:43:16.663382" level="DEBUG">Converted retries value: 2 -&gt; Retry(total=2, connect=None, read=None, redirect=None, status=None)</msg>
<msg time="2024-04-23T14:43:16.663382" level="DEBUG">Converted retries value: 2 -&gt; Retry(total=2, connect=None, read=None, redirect=None, status=None)</msg>
<msg time="2024-04-23T14:43:16.679803" level="DEBUG">Converted retries value: 2 -&gt; Retry(total=2, connect=None, read=None, redirect=None, status=None)</msg>
<msg time="2024-04-23T14:43:16.679803" level="DEBUG">Converted retries value: 2 -&gt; Retry(total=2, connect=None, read=None, redirect=None, status=None)</msg>
<msg time="2024-04-23T14:43:16.695401" level="DEBUG">Converted retries value: 2 -&gt; Retry(total=2, connect=None, read=None, redirect=None, status=None)</msg>
<msg time="2024-04-23T14:43:16.695401" level="DEBUG">Converted retries value: 2 -&gt; Retry(total=2, connect=None, read=None, redirect=None, status=None)</msg>
<msg time="2024-04-23T14:43:16.711559" level="DEBUG">Converted retries value: 2 -&gt; Retry(total=2, connect=None, read=None, redirect=None, status=None)</msg>
<msg time="2024-04-23T14:43:16.711559" level="DEBUG">Converted retries value: 2 -&gt; Retry(total=2, connect=None, read=None, redirect=None, status=None)</msg>
<msg time="2024-04-23T14:43:16.729995" level="DEBUG">Converted retries value: 2 -&gt; Retry(total=2, connect=None, read=None, redirect=None, status=None)</msg>
<msg time="2024-04-23T14:43:16.729995" level="DEBUG">Converted retries value: 2 -&gt; Retry(total=2, connect=None, read=None, redirect=None, status=None)</msg>
<msg time="2024-04-23T14:43:16.743148" level="DEBUG">Converted retries value: 2 -&gt; Retry(total=2, connect=None, read=None, redirect=None, status=None)</msg>
<msg time="2024-04-23T14:43:16.743148" level="DEBUG">Converted retries value: 2 -&gt; Retry(total=2, connect=None, read=None, redirect=None, status=None)</msg>
<msg time="2024-04-23T14:43:16.765440" level="DEBUG">Converted retries value: 2 -&gt; Retry(total=2, connect=None, read=None, redirect=None, status=None)</msg>
<msg time="2024-04-23T14:43:16.765440" level="DEBUG">Converted retries value: 2 -&gt; Retry(total=2, connect=None, read=None, redirect=None, status=None)</msg>
<msg time="2024-04-23T14:43:16.785509" level="DEBUG">Converted retries value: 2 -&gt; Retry(total=2, connect=None, read=None, redirect=None, status=None)</msg>
<msg time="2024-04-23T14:43:16.785509" level="DEBUG">Converted retries value: 2 -&gt; Retry(total=2, connect=None, read=None, redirect=None, status=None)</msg>
<msg time="2024-04-23T14:43:16.800451" level="DEBUG">Converted retries value: 2 -&gt; Retry(total=2, connect=None, read=None, redirect=None, status=None)</msg>
<msg time="2024-04-23T14:43:16.800451" level="DEBUG">Converted retries value: 2 -&gt; Retry(total=2, connect=None, read=None, redirect=None, status=None)</msg>
<msg time="2024-04-23T14:43:16.815708" level="DEBUG">Converted retries value: 2 -&gt; Retry(total=2, connect=None, read=None, redirect=None, status=None)</msg>
<msg time="2024-04-23T14:43:16.815708" level="DEBUG">Converted retries value: 2 -&gt; Retry(total=2, connect=None, read=None, redirect=None, status=None)</msg>
<msg time="2024-04-23T14:43:16.830910" level="DEBUG">Converted retries value: 2 -&gt; Retry(total=2, connect=None, read=None, redirect=None, status=None)</msg>
<msg time="2024-04-23T14:43:16.836023" level="DEBUG">Converted retries value: 2 -&gt; Retry(total=2, connect=None, read=None, redirect=None, status=None)</msg>
<msg time="2024-04-23T14:43:16.850805" level="DEBUG">Converted retries value: 2 -&gt; Retry(total=2, connect=None, read=None, redirect=None, status=None)</msg>
<msg time="2024-04-23T14:43:16.850805" level="DEBUG">Converted retries value: 2 -&gt; Retry(total=2, connect=None, read=None, redirect=None, status=None)</msg>
<msg time="2024-04-23T14:43:16.867789" level="DEBUG">Converted retries value: 2 -&gt; Retry(total=2, connect=None, read=None, redirect=None, status=None)</msg>
<msg time="2024-04-23T14:43:16.867789" level="DEBUG">Converted retries value: 2 -&gt; Retry(total=2, connect=None, read=None, redirect=None, status=None)</msg>
<msg time="2024-04-23T14:43:16.870934" level="DEBUG">Starting new HTTPS connection (1): www.lelongtips.com.my:443</msg>
<msg time="2024-04-23T14:43:17.907929" level="DEBUG">https://www.lelongtips.com.my:443 "GET /property/QW5rTG5wMVN0ZVBoSWw3NGdBM2dVQT09/Lelong-Auction-Freehold-2-Storey-Terrace-House-Intermediate-3-min-to-Sky-Mirror-Rainbow-Jetty-6-min-walk-to-SJK-C-Chung-Wah-in-Taman-Senohong-Selangor-for-RM234000 HTTP/1.1" 200 None</msg>
<msg time="2024-04-23T14:43:17.973733" level="DEBUG">Converted retries value: 2 -&gt; Retry(total=2, connect=None, read=None, redirect=None, status=None)</msg>
<msg time="2024-04-23T14:43:17.973733" level="DEBUG">Converted retries value: 2 -&gt; Retry(total=2, connect=None, read=None, redirect=None, status=None)</msg>
<msg time="2024-04-23T14:43:17.988537" level="DEBUG">Converted retries value: 2 -&gt; Retry(total=2, connect=None, read=None, redirect=None, status=None)</msg>
<msg time="2024-04-23T14:43:17.988537" level="DEBUG">Converted retries value: 2 -&gt; Retry(total=2, connect=None, read=None, redirect=None, status=None)</msg>
<msg time="2024-04-23T14:43:17.988537" level="DEBUG">Starting new HTTPS connection (1): www.lelongtips.com.my:443</msg>
<msg time="2024-04-23T14:43:19.247427" level="DEBUG">https://www.lelongtips.com.my:443 "GET /property/MGI2dTk0MTFldTdVMGVoRndzZGU0UT09/Lelong-Auction-1-Storey-Terrace-House-in-Taman-Seri-Impian-Selangor-for-RM234900 HTTP/1.1" 200 None</msg>
<msg time="2024-04-23T14:43:19.331909" level="DEBUG">Converted retries value: 2 -&gt; Retry(total=2, connect=None, read=None, redirect=None, status=None)</msg>
<msg time="2024-04-23T14:43:19.331909" level="DEBUG">Converted retries value: 2 -&gt; Retry(total=2, connect=None, read=None, redirect=None, status=None)</msg>
<msg time="2024-04-23T14:43:19.347479" level="DEBUG">Converted retries value: 2 -&gt; Retry(total=2, connect=None, read=None, redirect=None, status=None)</msg>
<msg time="2024-04-23T14:43:19.347479" level="DEBUG">Converted retries value: 2 -&gt; Retry(total=2, connect=None, read=None, redirect=None, status=None)</msg>
<msg time="2024-04-23T14:43:19.347479" level="DEBUG">Starting new HTTPS connection (1): www.lelongtips.com.my:443</msg>
<msg time="2024-04-23T14:43:20.345027" level="DEBUG">https://www.lelongtips.com.my:443 "GET /property/b0tkMnZBbHNwL2w3YjF6Vi9Rd0FKUT09/Lelong-Auction-2-5-Storey-Cluster-House-in-Taman-Setapak-Jaya-Kuala-Lumpur-for-RM235000 HTTP/1.1" 200 None</msg>
<msg time="2024-04-23T14:43:20.399747" level="DEBUG">Converted retries value: 2 -&gt; Retry(total=2, connect=None, read=None, redirect=None, status=None)</msg>
<msg time="2024-04-23T14:43:20.399747" level="DEBUG">Converted retries value: 2 -&gt; Retry(total=2, connect=None, read=None, redirect=None, status=None)</msg>
<msg time="2024-04-23T14:43:20.415073" level="DEBUG">Converted retries value: 2 -&gt; Retry(total=2, connect=None, read=None, redirect=None, status=None)</msg>
<msg time="2024-04-23T14:43:20.415073" level="DEBUG">Converted retries value: 2 -&gt; Retry(total=2, connect=None, read=None, redirect=None, status=None)</msg>
<msg time="2024-04-23T14:43:20.435139" level="DEBUG">Converted retries value: 2 -&gt; Retry(total=2, connect=None, read=None, redirect=None, status=None)</msg>
<msg time="2024-04-23T14:43:20.435139" level="DEBUG">Converted retries value: 2 -&gt; Retry(total=2, connect=None, read=None, redirect=None, status=None)</msg>
<msg time="2024-04-23T14:43:20.460482" level="DEBUG">Converted retries value: 2 -&gt; Retry(total=2, connect=None, read=None, redirect=None, status=None)</msg>
<msg time="2024-04-23T14:43:20.460482" level="DEBUG">Converted retries value: 2 -&gt; Retry(total=2, connect=None, read=None, redirect=None, status=None)</msg>
<msg time="2024-04-23T14:43:20.475446" level="DEBUG">Converted retries value: 2 -&gt; Retry(total=2, connect=None, read=None, redirect=None, status=None)</msg>
<msg time="2024-04-23T14:43:20.475446" level="DEBUG">Converted retries value: 2 -&gt; Retry(total=2, connect=None, read=None, redirect=None, status=None)</msg>
<msg time="2024-04-23T14:43:20.495497" level="DEBUG">Converted retries value: 2 -&gt; Retry(total=2, connect=None, read=None, redirect=None, status=None)</msg>
<msg time="2024-04-23T14:43:20.495497" level="DEBUG">Converted retries value: 2 -&gt; Retry(total=2, connect=None, read=None, redirect=None, status=None)</msg>
<msg time="2024-04-23T14:43:20.513048" level="DEBUG">Converted retries value: 2 -&gt; Retry(total=2, connect=None, read=None, redirect=None, status=None)</msg>
<msg time="2024-04-23T14:43:20.513048" level="DEBUG">Converted retries value: 2 -&gt; Retry(total=2, connect=None, read=None, redirect=None, status=None)</msg>
<msg time="2024-04-23T14:43:20.525566" level="DEBUG">Converted retries value: 2 -&gt; Retry(total=2, connect=None, read=None, redirect=None, status=None)</msg>
<msg time="2024-04-23T14:43:20.525566" level="DEBUG">Converted retries value: 2 -&gt; Retry(total=2, connect=None, read=None, redirect=None, status=None)</msg>
<msg time="2024-04-23T14:43:20.547781" level="DEBUG">Converted retries value: 2 -&gt; Retry(total=2, connect=None, read=None, redirect=None, status=None)</msg>
<msg time="2024-04-23T14:43:20.547781" level="DEBUG">Converted retries value: 2 -&gt; Retry(total=2, connect=None, read=None, redirect=None, status=None)</msg>
<msg time="2024-04-23T14:43:20.547781" level="DEBUG">Starting new HTTPS connection (1): www.lelongtips.com.my:443</msg>
<msg time="2024-04-23T14:43:21.582963" level="DEBUG">https://www.lelongtips.com.my:443 "GET /property/WWplRnRJV2hsRFcyRy93YnpBSFltZz09/Lelong-Auction-2-Storey-Pre-war-Shop-House-in-Bestari-Jaya-Selangor-for-RM240000 HTTP/1.1" 200 None</msg>
<msg time="2024-04-23T14:43:21.646636" level="DEBUG">Converted retries value: 2 -&gt; Retry(total=2, connect=None, read=None, redirect=None, status=None)</msg>
<msg time="2024-04-23T14:43:21.646636" level="DEBUG">Converted retries value: 2 -&gt; Retry(total=2, connect=None, read=None, redirect=None, status=None)</msg>
<msg time="2024-04-23T14:43:21.663299" level="DEBUG">Converted retries value: 2 -&gt; Retry(total=2, connect=None, read=None, redirect=None, status=None)</msg>
<msg time="2024-04-23T14:43:21.663299" level="DEBUG">Converted retries value: 2 -&gt; Retry(total=2, connect=None, read=None, redirect=None, status=None)</msg>
<msg time="2024-04-23T14:43:21.663299" level="DEBUG">Starting new HTTPS connection (1): www.lelongtips.com.my:443</msg>
<msg time="2024-04-23T14:43:22.851343" level="DEBUG">https://www.lelongtips.com.my:443 "GET /property/enVlLzhWYS95VThGSnY0SDhyVVhrdz09/Lelong-Auction-20-2-Storey-Terrace-House-Intermediate-Behind-Bandar-Tasik-Puteri-Shop-Lots-4-min-to-SMK-Bandar-Tasik-Puteri-in-Rawang-Selangor-for-RM240000 HTTP/1.1" 200 None</msg>
<msg time="2024-04-23T14:43:22.932295" level="DEBUG">Converted retries value: 2 -&gt; Retry(total=2, connect=None, read=None, redirect=None, status=None)</msg>
<msg time="2024-04-23T14:43:22.932295" level="DEBUG">Converted retries value: 2 -&gt; Retry(total=2, connect=None, read=None, redirect=None, status=None)</msg>
<msg time="2024-04-23T14:43:22.952287" level="DEBUG">Converted retries value: 2 -&gt; Retry(total=2, connect=None, read=None, redirect=None, status=None)</msg>
<msg time="2024-04-23T14:43:22.952287" level="DEBUG">Converted retries value: 2 -&gt; Retry(total=2, connect=None, read=None, redirect=None, status=None)</msg>
<msg time="2024-04-23T14:43:22.958519" level="DEBUG">Starting new HTTPS connection (1): www.lelongtips.com.my:443</msg>
